# Elapsed time   CPU (%)     Real (MB)   Virtual (MB)
       0.000        0.000       35.188      543.121
       0.010        0.000       35.492      545.371
       0.018        0.000       36.312      545.391
       0.027        0.000       36.312      545.391
       0.034        0.000       36.312      545.391
       0.042        0.000       37.082      545.832
       0.050        0.000       38.113      546.055
       0.059        0.000       38.672      546.055
       0.067        0.000       40.406      546.914
       0.075        0.000       41.867      548.168
       0.084        0.000       42.074      550.168
       0.092        0.000       42.797      553.422
       0.101        0.000       42.797      553.422
       0.109        0.000       43.660      553.422
       0.118        0.000       44.320      553.422
       0.126        0.000       45.082      553.672
       0.134        0.000       46.086      553.672
       0.143        0.000       46.848      554.922
       0.151        0.000       47.355      554.922
       0.160        0.000       48.188      554.922
       0.168        0.000       49.215      554.922
       0.176        0.000       51.508      557.344
       0.185        0.000       51.715      557.250
       0.194        0.000       52.004      557.250
       0.202        0.000       52.180      557.250
       0.211        0.000       54.676      854.387
       0.221        0.000       54.852      854.387
       0.230        0.000       81.266     1259.297
       0.243        0.000       84.305     1387.746
       0.256        0.000       86.152     1389.438
       0.269        0.000       90.297     1390.863
       0.283        0.000       90.547     1393.113
       0.296        0.000       91.863     1393.410
       0.309        0.000       92.691     1393.691
       0.323        0.000       94.836     1394.012
       0.336        0.000       96.883     1395.594
       0.350        0.000       97.004     1396.125
       0.363        0.000       97.410     1396.125
       0.377        0.000       99.910     1402.121
       0.391        0.000      105.582     1404.180
       0.404        0.000      111.496     1414.660
       0.419        0.000      121.027     1436.160
       0.433        0.000      121.906     1438.750
       0.448        0.000      125.059     1439.242
       0.462        0.000      135.832     1439.328
       0.476        0.000      150.285     1449.695
       0.491        0.000      153.891     1453.844
       0.505        0.000      160.594     1460.094
       0.519        0.000      166.402     1465.344
       0.534        0.000      166.660     1465.594
       0.548        0.000      165.785     1469.137
       0.563        0.000      168.684     1470.438
       0.577        0.000      176.227     1476.141
       0.596        0.000      180.910     1477.805
       0.611        0.000      189.520     1484.086
       0.626        0.000      191.367     1486.391
       0.640        0.000      197.809     1492.824
       0.655        0.000      200.129     1494.762
       0.669        0.000      207.348     1502.414
       0.683        0.000      209.531     1504.277
       0.697        0.000      215.719     1510.824
       0.712        0.000      218.555     1513.277
       0.726        0.000      224.742     1519.816
       0.740        0.000      228.609     1522.902
       0.755        0.000      234.281     1528.566
       0.769        0.000      234.371     1529.328
       0.783        0.000      235.914     1530.512
       0.798        0.000      235.914     1530.871
       0.811        0.000      210.934     1504.633
       0.826        0.000      211.965     1505.938
       0.840        0.000      215.000     1509.188
       0.855        0.000      216.031     1510.438
       0.870        0.000      221.703     1516.359
       0.884        0.000      224.023     1518.812
       0.896        0.000      230.727     1524.984
       0.910        0.000      231.758     1525.629
       0.923        0.000      232.531     1526.895
       0.938        0.000      231.438     1530.109
       0.953        0.000      234.016     1532.559
       0.965        0.000      235.820     1533.848
       0.979        0.000      242.523     1536.039
       0.992        0.000      244.328     1538.707
       1.006        0.000      250.766     1544.762
       1.020        0.000      253.086     1546.953
       1.033        0.000      258.758     1553.250
       1.048        0.000      261.594     1555.570
       1.061        0.000      266.492     1560.336
       1.076        0.000      269.523     1562.734
       1.092        0.000      284.445     1577.484
       1.111        0.000      291.922     1584.648
       1.131        0.000      300.172     1592.398
       1.154        0.000      300.305     1592.148
       1.174        0.000      292.391     1583.898
       1.196        0.000      303.727     1596.645
       1.216        0.000      311.203     1603.898
       1.235        0.000      311.672     1604.281
       1.257        0.000      320.691     1613.289
       1.278        0.000      321.461     1613.289
       1.298        0.000      321.270     1617.156
       1.316        0.000      322.238     1617.453
       1.335        0.000      323.770     1618.457
       1.353        0.000      324.777     1618.707
       1.368        0.000      330.172     1618.957
       1.382        0.000      330.938     1620.117
       1.397        0.000      332.988     1622.117
       1.411        0.000      333.238     1622.117
       1.426        0.000      335.301     1624.617
       1.445        0.000      337.617     1626.934
       1.460        0.000      337.867     1627.184
       1.474        0.000      341.734     1631.934
       1.490        0.000      344.312     1634.184
       1.505        0.000      346.375     1635.934
       1.519        0.000      349.469     1638.812
       1.533        0.000      351.531     1641.312
       1.548        0.000      354.109     1643.312
       1.562        0.000      356.430     1645.812
       1.576        0.000      358.750     1647.812
       1.590        0.000      360.812     1650.062
       1.603        0.000      363.906     1653.812
       1.617        0.000      367.258     1656.312
       1.632        0.000      369.320     1658.812
       1.646        0.000      372.930     1662.316
       1.660        0.000      375.250     1664.316
       1.674        0.000      377.570     1667.066
       1.689        0.000      379.633     1668.816
       1.703        0.000      382.211     1671.316
       1.718        0.000      384.531     1673.566
       1.732        0.000      386.594     1675.566
       1.746        0.000      390.977     1679.816
       1.762        0.000      393.293     1682.566
       1.776        0.000      394.312     1683.512
       1.790        0.000      402.301     1691.922
       1.810        0.000      405.148     1694.422
       1.831        0.000      405.402     1694.422
       1.853        0.000      411.070     1699.672
       1.874        0.000      407.492     1696.367
       1.894        0.000      407.750     1696.367
       1.915        0.000      407.750     1696.367
       1.935        0.000      408.008     1696.367
       1.953        0.000      408.262     1696.367
       1.973        0.000      408.262     1696.367
       1.994        0.000      408.262     1696.367
       2.015        0.000      408.262     1696.367
       2.033        0.000      408.457     1696.625
       2.048        0.000      408.715     1696.754
       2.063        0.000      400.168     1691.133
       2.078        0.000      393.504     1684.598
       2.094        0.000      394.020     1685.113
       2.109        0.000      395.051     1686.273
       2.123        0.000      399.434     1688.211
       2.137        0.000      401.496     1689.371
       2.152        0.000      403.559     1691.434
       2.166        0.000      404.590     1692.594
       2.180        0.000      406.652     1694.656
       2.194        0.000      408.715     1697.562
       2.208        0.000      410.004     1698.727
       2.222        0.000      411.551     1701.008
       2.236        0.000      413.613     1703.070
       2.250        0.000      419.250     1708.602
       2.264        0.000      421.312     1710.668
       2.278        0.000      427.242     1716.699
       2.292        0.000      427.758     1716.699
       2.306        0.000      431.480     1720.090
       2.321        0.000      443.598     1733.090
       2.336        0.000      457.262     1746.090
       2.351        0.000      469.379     1758.340
       2.366        0.000      482.785     1771.840
       2.382        0.000      486.910     1775.840
       2.397        0.000      487.941     1776.840
       2.411        0.000      488.715     1777.590
       2.427        0.000      488.715     1777.590
       2.442        0.000      430.449     1716.840
       2.462        0.000      434.004     1716.840
       2.489        0.000      434.125     1716.926
       2.507        0.000      434.039     1716.840
       2.521        0.000      434.520     1717.621
       2.536        0.000      434.129     1717.145
       2.551        0.000      433.992     1716.887
       2.566        0.000      434.137     1716.840
       2.581        0.000      434.305     1716.840
       2.596        0.000      434.207     1732.840
       2.612        0.000      435.102     1732.840
       2.627        0.000      441.805     1732.840
       2.642        0.000      450.055     1732.840
       2.657        0.000      450.055     1732.840
       2.672        0.000      450.055     1732.840
       2.687        0.000      450.055     1732.840
       2.702        0.000      450.055     1732.840
       2.717        0.000      450.055     1732.840
       2.732        0.000      450.055     1732.840
       2.746        0.000      450.055     1732.840
       2.762        0.000      450.055     1732.840
       2.777        0.000      450.055     1732.840
       2.791        0.000      450.055     1732.840
       2.806        0.000      450.055     1732.840
       2.823        0.000      450.055     1732.840
       2.839        0.000      450.055     1732.840
       2.856        0.000      450.055     1732.840
       2.873        0.000      450.055     1732.840
       2.890        0.000      450.055     1732.840
       2.906        0.000      450.055     1732.840
       2.923        0.000      450.055     1732.840
       2.939        0.000      450.055     1732.840
       2.956        0.000      450.055     1732.840
       2.972        0.000      450.055     1732.840
       2.987        0.000      450.055     1732.840
       3.001        0.000      450.055     1732.840
       3.016        0.000      450.055     1732.840
       3.030        0.000      450.055     1732.840
       3.045        0.000      450.055     1732.840
       3.059        0.000      450.055     1732.840
       3.074        0.000      450.055     1732.840
       3.088        0.000      450.055     1732.840
       3.103        0.000      450.055     1732.840
       3.117        0.000      450.668     1733.590
       3.132        0.000      450.195     1733.090
       3.147        0.000      450.195     1733.250
       3.162        0.000      450.195     1733.250
       3.177        0.000      450.250     1733.336
       3.192        0.000      450.383     1733.250
       3.206        0.000      450.637     1733.566
       3.221        0.000      450.637     1733.566
       3.236        0.000      450.637     1733.566
       3.251        0.000      450.637     1733.566
       3.265        0.000      450.637     1733.566
       3.280        0.000      450.637     1733.566
       3.294        0.000      451.121     1734.195
       3.309        0.000      451.121     1734.195
       3.324        0.000      451.121     1734.195
       3.339        0.000      451.121     1734.195
       3.354        0.000      451.121     1734.195
       3.369        0.000      451.121     1734.195
       3.384        0.000      451.121     1734.195
       3.399        0.000      451.121     1734.195
       3.414        0.000      451.121     1734.195
       3.429        0.000      451.121     1734.195
       3.444        0.000      451.121     1734.195
       3.458        0.000      451.121     1734.195
       3.473        0.000      451.121     1734.195
       3.488        0.000      452.391     1735.449
       3.503        0.000      452.391     1735.449
       3.517        0.000      452.391     1735.449
       3.532        0.000      452.391     1735.449
       3.547        0.000      452.391     1735.449
       3.562        0.000      452.391     1735.449
       3.577        0.000      452.391     1735.449
       3.592        0.000      452.391     1735.449
       3.606        0.000      452.391     1735.449
       3.621        0.000      452.391     1735.449
       3.636        0.000      452.391     1735.449
       3.651        0.000      452.391     1735.449
       3.665        0.000      452.391     1735.449
       3.680        0.000      452.391     1735.449
       3.695        0.000      452.391     1735.449
       3.710        0.000      452.586     1735.449
       3.724        0.000      452.605     1735.754
       3.738        0.000      452.605     1735.449
       3.754        0.000      454.141     1736.359
       3.769        0.000      452.902     1735.816
       3.783        0.000      453.309     1736.207
       3.798        0.000      453.309     1736.207
       3.813        0.000      453.023     1735.746
       3.827        0.000      452.781     1735.496
       3.842        0.000      452.801     1735.496
       3.857        0.000      452.773     1735.449
       3.872        0.000      452.773     1735.449
       3.886        0.000      452.773     1735.449
       3.901        0.000      452.773     1735.449
       3.916        0.000      452.773     1735.449
       3.930        0.000      452.773     1735.449
       3.945        0.000      452.773     1735.449
       3.960        0.000      452.773     1735.449
       3.974        0.000      452.773     1735.449
       3.989        0.000      452.773     1735.449
       4.003        0.000      452.773     1735.449
       4.018        0.000      452.773     1735.449
       4.032        0.000      452.773     1735.449
       4.047        0.000      452.773     1735.449
       4.061        0.000      452.773     1735.449
       4.076        0.000      452.773     1735.449
       4.090        0.000      452.773     1735.449
       4.105        0.000      452.773     1735.449
       4.120        0.000      452.773     1735.449
       4.135        0.000      452.773     1735.449
       4.151        0.000      452.773     1735.449
       4.167        0.000      452.773     1735.449
       4.183        0.000      452.773     1735.449
       4.198        0.000      452.773     1735.449
       4.214        0.000      452.773     1735.449
       4.229        0.000      452.773     1735.449
       4.245        0.000      452.773     1735.449
       4.260        0.000      452.773     1735.449
       4.276        0.000      452.773     1735.449
       4.291        0.000      453.262     1736.078
       4.307        0.000      453.262     1736.078
       4.322        0.000      453.262     1736.078
       4.336        0.000      453.262     1736.078
       4.350        0.000      453.262     1736.078
       4.364        0.000      453.262     1736.078
       4.379        0.000      453.262     1736.078
       4.393        0.000      453.262     1736.078
       4.407        0.000      453.262     1736.078
       4.421        0.000      453.520     1736.395
       4.436        0.000      453.520     1736.395
       4.450        0.000      453.520     1736.395
       4.464        0.000      453.520     1736.395
       4.478        0.000      453.777     1736.555
       4.493        0.000      453.777     1736.555
       4.507        0.000      453.777     1736.555
       4.521        0.000      453.777     1736.805
       4.535        0.000      453.777     1736.805
       4.549        0.000       84.605      874.852
       4.564        0.000       84.605      874.852
       4.581        0.000        2.004        6.688
