# Elapsed time   CPU (%)     Real (MB)   Virtual (MB)
       0.000        0.000       39.793      545.406
       0.012        0.000       39.793      545.406
       0.023        0.000       40.562      545.848
       0.033        0.000       41.727      546.055
       0.045        0.000       43.699      546.930
       0.057        0.000       44.797      548.184
       0.069        0.000       45.477      553.184
       0.081        0.000       46.641      553.438
       0.093        0.000       47.094      553.438
       0.105        0.000       48.613      553.688
       0.117        0.000       49.730      553.938
       0.129        0.000       50.746      554.938
       0.141        0.000       52.352      554.938
       0.153        0.000       54.152      556.980
       0.166        0.000       54.668      557.082
       0.178        0.000       54.957      557.332
       0.190        0.000       55.133      845.598
       0.202        0.000       57.305      855.469
       0.216        0.000       58.340      855.469
       0.229        0.000       61.633      855.719
       0.242        0.000       92.105     1390.281
       0.268        0.000      204.883     3012.297
       0.333        0.000      228.469     3026.773
       0.399        0.000      190.449     2492.242
       0.437        0.000       95.621     1394.691
       0.474        0.000      204.309     3009.340
       0.519        0.000      223.379     3019.645
       0.573        0.000      188.762     2491.828
       0.622        0.000      170.410     2474.980
       0.675        0.000      211.082     3010.375
       0.747        0.000      227.395     3025.746
       0.813        0.000      137.336     1934.008
       0.865        0.000      168.090     2470.375
       0.909        0.000      214.816     3014.625
       0.953        0.000      231.113     3026.602
       1.009        0.000      148.223     1939.539
       1.050        0.000      132.938     1931.480
       1.099        0.000      216.395     3017.895
       1.169        0.000      146.273     1938.949
       1.241        0.000      181.113     2481.641
       1.300        0.000      186.137     2484.445
       1.356        0.000      183.148     2483.879
       1.412        0.000      184.625     2483.547
       1.472        0.000      224.062     3028.812
       1.540        0.000      146.043     1937.129
       1.580        0.000      174.965     2472.941
       1.627        0.000      172.645     2472.035
       1.683        0.000      220.754     3018.340
       1.754        0.000      147.137     1939.551
       1.809        0.000      135.270     1933.844
       1.856        0.000      207.953     3010.195
       1.904        0.000      225.434     3020.199
       1.948        0.000      193.109     2491.363
       1.998        0.000      179.527     2476.141
       2.055        0.000      183.344     2476.309
       2.118        0.000      188.102     2489.332
       2.188        0.000      176.066     2475.484
       2.246        0.000      188.465     2479.594
       2.317        0.000      142.598     1940.301
       2.381        0.000      213.910     3012.930
       2.454        0.000      235.312     3028.035
       2.526        0.000      102.074     1392.441
       2.592        0.000      218.055     3015.070
       2.663        0.000      193.832     2486.816
       2.734        0.000      144.746     1942.516
       2.782        0.000      176.273     2473.797
       2.826        0.000      224.129     3017.742
       2.874        0.000      191.227     2484.809
       2.932        0.000      174.199     2472.555
       2.994        0.000      178.727     2476.344
       3.064        0.000      189.547     2478.840
       3.135        0.000      100.902     1394.941
       3.200        0.000      212.945     3014.293
       3.260        0.000      229.711     3024.805
       3.309        0.000      194.922     2486.617
       3.357        0.000      100.078     1392.648
       3.398        0.000      205.500     3007.406
       3.443        0.000      221.051     3016.914
       3.491        0.000      233.387     3028.477
       3.541        0.000      109.352     1397.926
       3.574        0.000      169.035     2465.180
       3.625        0.000      219.078     3015.438
       3.694        0.000      193.977     2486.492
       3.763        0.000      145.926     1942.801
       3.822        0.000      179.375     2475.941
       3.864        0.000      224.902     3023.859
       3.908        0.000      187.793     2478.676
       3.951        0.000      145.293     1936.848
       3.998        0.000      180.312     2475.617
       4.070        0.000      186.500     2478.523
       4.142        0.000      145.398     1938.070
       4.212        0.000      138.180     1931.949
       4.280        0.000      223.273     3022.199
       4.353        0.000      185.004     2478.977
       4.426        0.000      142.047     1934.719
       4.481        0.000      218.383     3014.906
       4.527        0.000      188.258     2478.738
       4.580        0.000      183.777     2480.945
       4.628        0.000      181.430     2481.254
       4.664        0.000      181.602     2476.160
       4.716        0.000      186.453     2484.781
       4.788        0.000      143.895     1935.957
       4.847        0.000      184.383     2476.262
       4.918        0.000      185.754     2481.379
       4.984        0.000      172.598     2470.816
       5.057        0.000      223.523     3018.945
       5.128        0.000      110.309     1397.930
       5.196        0.000      170.812     2473.293
       5.267        0.000      219.891     3017.859
       5.324        0.000      146.520     1938.641
       5.374        0.000      175.293     2472.828
       5.423        0.000      172.793     2471.363
       5.471        0.000      216.051     3016.336
       5.518        0.000      187.461     2480.309
       5.571        0.000      143.332     1937.129
       5.627        0.000      177.234     2472.844
       5.683        0.000      186.547     2478.133
       5.757        0.000      144.262     1936.664
       5.831        0.000      179.391     2476.395
       5.904        0.000      184.492     2475.594
       5.973        0.000      145.621     1936.777
       6.046        0.000      219.691     3015.004
       6.096        0.000      184.422     2483.973
       6.146        0.000      181.488     2484.301
       6.202        0.000      137.625     1934.496
       6.263        0.000      221.578     3017.613
       6.335        0.000      194.180     2486.727
       6.395        0.000      146.281     1937.414
       6.437        0.000      175.504     2471.414
       6.486        0.000      221.199     3015.488
       6.536        0.000      190.484     2485.234
       6.589        0.000      217.492     3017.855
       6.637        0.000      141.895     1935.320
       6.688        0.000      185.473     2476.301
       6.725        0.000      190.938     2485.188
       6.759        0.000      107.887     1397.363
       6.790        0.000      109.180     1398.449
       6.811        0.000      110.035     1398.742
       6.830        0.000       46.566      851.863
       6.851        0.000        1.754        6.688
