# Elapsed time   CPU (%)     Real (MB)   Virtual (MB)
       0.000        0.000       35.941      548.648
       0.010        0.000       36.258      551.141
       0.020        0.000       37.258      551.395
       0.030        0.000       38.805      551.645
       0.040        0.000       39.574      552.145
       0.050        0.000       39.840      552.145
       0.060        0.000       41.363      553.129
       0.070        0.000       42.348      553.438
       0.081        0.000       42.348      553.438
       0.090        0.000       42.348      553.438
       0.099        0.000       42.809      553.691
       0.109        0.000       43.316      558.820
       0.119        0.000       43.883      558.820
       0.129        0.000       44.652      558.820
       0.138        0.000       47.176      559.871
       0.149        0.000       47.941      559.590
       0.160        0.000       48.438      559.590
       0.170        0.000       49.723      559.590
       0.180        0.000       51.008      560.840
       0.191        0.000       51.285      560.840
       0.201        0.000       51.406      560.840
       0.212        0.000       51.586      561.090
       0.222        0.000       52.457      561.840
       0.233        0.000       52.793      561.949
       0.243        0.000       52.879      561.949
       0.254        0.000       54.035      571.340
       0.264        0.000       54.227      571.340
       0.274        0.000       54.398      571.340
       0.285        0.000       54.645      571.340
       0.295        0.000       55.953      571.617
       0.305        0.000       58.625      603.934
       0.316        0.000       61.914      614.395
       0.332        0.000       59.508      605.102
       0.346        0.000       59.840      605.414
       0.361        0.000       59.945      605.414
       0.377        0.000       61.199      605.453
       0.393        0.000       62.711      605.832
       0.408        0.000       64.445      605.949
       0.424        0.000       65.176      607.328
       0.441        0.000       65.363      607.328
       0.457        0.000       67.172      607.328
       0.473        0.000       69.754      609.078
       0.490        0.000       69.949      609.078
       0.507        0.000       69.949      609.078
       0.525        0.000       70.172      609.078
       0.543        0.000       72.203      626.578
       0.560        0.000       72.457      626.828
       0.576        0.000       72.695      626.828
       0.593        0.000       72.695      627.078
       0.609        0.000       73.965      627.078
       0.625        0.000       75.266      627.152
       0.641        0.000       76.160      627.402
       0.657        0.000       80.648      627.492
       0.674        0.000       83.730      629.121
       0.691        0.000       89.656      629.371
       0.707        0.000       95.055      634.621
       0.724        0.000       95.781      634.621
       0.741        0.000      100.520      639.371
       0.759        0.000      100.754      639.375
       0.777        0.000      100.750      639.375
       0.793        0.000      100.750      639.375
       0.810        0.000      100.750      639.375
       0.827        0.000      100.750      639.375
       0.843        0.000      100.750      639.375
       0.860        0.000      100.750      639.375
       0.877        0.000      101.488      639.688
       0.893        0.000      100.855      639.375
       0.910        0.000      100.855      639.375
       0.926        0.000      100.855      639.375
       0.943        0.000      101.027      639.375
       0.959        0.000      101.027      639.375
       0.976        0.000      101.027      639.375
       0.992        0.000      101.027      639.375
       1.008        0.000      101.027      639.375
       1.024        0.000      101.027      639.375
       1.040        0.000      101.051      639.375
       1.057        0.000      101.051      639.375
       1.073        0.000      101.051      639.375
       1.089        0.000      101.051      639.375
       1.105        0.000      101.051      639.375
       1.121        0.000      101.051      639.375
       1.137        0.000      101.051      639.875
       1.157        0.000      101.051      639.875
       1.173        0.000      101.531      640.875
       1.189        0.000      101.727      641.125
       1.205        0.000      101.980      641.125
       1.221        0.000      102.137      641.375
       1.237        0.000      102.395      641.375
       1.253        0.000      102.898      642.375
       1.270        0.000      103.414      642.625
       1.285        0.000      103.672      642.625
       1.301        0.000      104.445      643.375
       1.317        0.000      104.445      643.375
       1.334        0.000      104.445      644.125
       1.349        0.000      105.543      644.125
       1.363        0.000      105.516      644.875
       1.378        0.000      106.023      645.125
       1.392        0.000      106.023      645.125
       1.407        0.000      106.793      645.875
       1.421        0.000      106.793      645.875
       1.436        0.000      107.309      646.375
       1.451        0.000      108.082      647.625
       1.466        0.000      108.082      647.625
       1.481        0.000      108.598      647.625
       1.496        0.000      108.539      647.625
       1.511        0.000      109.051      648.375
       1.527        0.000      109.824      648.875
       1.542        0.000      109.824      648.875
       1.557        0.000      110.340      649.625
       1.573        0.000      110.598      649.625
       1.588        0.000      110.855      650.375
       1.603        0.000      111.887      651.125
       1.618        0.000      111.887      651.125
       1.634        0.000      112.145      651.125
       1.649        0.000      112.145      651.125
       1.664        0.000      113.176      652.375
       1.679        0.000      113.434      652.625
       1.694        0.000      113.691      652.625
       1.709        0.000      114.277      653.375
       1.724        0.000      114.277      653.375
       1.739        0.000      115.020      654.125
       1.754        0.000      115.277      654.625
       1.769        0.000      115.531      654.625
       1.784        0.000      116.039      655.375
       1.800        0.000      116.117      654.625
       1.818        0.000      116.117      654.625
       1.833        0.000      116.117      654.625
       1.848        0.000      116.117      654.875
       1.863        0.000      116.117      654.875
       1.878        0.000      116.117      654.875
       1.893        0.000      116.117      654.875
       1.908        0.000      116.117      654.875
       1.923        0.000      116.117      654.875
       1.938        0.000      116.117      654.875
       1.953        0.000      116.363      655.875
       1.969        0.000      117.133      656.375
       1.984        0.000      117.133      656.375
       1.999        0.000      117.391      656.625
       2.014        0.000      117.391      656.625
       2.029        0.000      118.164      657.125
       2.044        0.000      118.422      657.875
       2.059        0.000      118.422      657.875
       2.075        0.000      118.887      658.125
       2.090        0.000      119.090      658.125
       2.105        0.000      119.605      658.625
       2.120        0.000      120.121      659.375
       2.135        0.000      120.121      659.375
       2.150        0.000      120.379      659.625
       2.165        0.000      120.379      659.625
       2.180        0.000      120.895      659.875
       2.195        0.000      121.410      660.625
       2.210        0.000      121.410      660.625
       2.224        0.000      121.926      661.125
       2.240        0.000      121.926      661.125
       2.254        0.000      122.441      661.625
       2.269        0.000      122.957      662.125
       2.284        0.000      122.957      662.125
       2.299        0.000      123.730      662.625
       2.314        0.000      123.730      662.625
       2.329        0.000      123.988      663.125
       2.344        0.000      124.504      663.875
       2.360        0.000      124.504      663.875
       2.375        0.000      125.020      664.125
       2.390        0.000      125.020      664.125
       2.405        0.000      125.277      664.375
       2.420        0.000      126.051      665.625
       2.435        0.000      126.051      665.625
       2.451        0.000      126.566      665.625
       2.466        0.000      126.566      665.625
       2.481        0.000      127.082      666.375
       2.497        0.000      127.340      666.875
       2.511        0.000      127.340      666.875
       2.526        0.000      127.855      667.125
       2.541        0.000      127.855      667.125
       2.556        0.000      128.371      667.125
       2.571        0.000      128.887      668.375
       2.586        0.000      129.145      668.375
       2.601        0.000      129.402      668.625
       2.616        0.000      129.402      668.625
       2.630        0.000      129.918      669.375
       2.645        0.000      130.434      669.875
       2.660        0.000      130.691      669.875
       2.674        0.000      130.949      670.125
       2.689        0.000      131.207      670.125
       2.704        0.000      131.465      670.625
       2.718        0.000      131.980      671.125
       2.733        0.000      131.980      671.125
       2.748        0.000      132.496      671.875
       2.763        0.000      132.496      671.875
       2.777        0.000      133.012      671.875
       2.792        0.000      133.527      672.625
       2.807        0.000      133.527      672.625
       2.821        0.000      134.043      672.875
       2.836        0.000      134.043      672.875
       2.851        0.000      134.301      673.875
       2.866        0.000      135.074      673.875
       2.881        0.000      135.074      673.875
       2.896        0.000      135.332      674.875
       2.910        0.000      135.590      674.875
       2.925        0.000      135.848      674.875
       2.940        0.000      136.363      675.625
       2.955        0.000      136.621      675.625
       2.969        0.000      137.137      676.125
       2.984        0.000      137.137      676.125
       2.999        0.000      137.395      676.375
       3.014        0.000      137.910      677.375
       3.029        0.000      137.910      677.375
       3.043        0.000      138.684      677.375
       3.061        0.000      138.691      676.875
       3.081        0.000      139.434      677.129
       3.096        0.000      139.434      677.129
       3.113        0.000      139.559      677.129
       3.131        0.000      139.559      677.129
       3.146        0.000      139.559      677.129
       3.161        0.000      139.812      677.379
       3.177        0.000      139.812      677.379
       3.192        0.000      139.812      677.379
       3.208        0.000      139.812      677.379
       3.224        0.000      139.812      677.629
       3.239        0.000      139.812      677.629
       3.254        0.000      139.812      677.629
       3.270        0.000      139.812      677.629
       3.286        0.000      139.812      677.629
       3.302        0.000      139.812      677.629
       3.317        0.000      139.812      677.629
       3.333        0.000      139.812      677.629
       3.349        0.000      139.812      677.629
       3.364        0.000      139.812      677.629
       3.381        0.000      139.812      677.629
       3.397        0.000      139.812      677.629
       3.412        0.000      139.945      677.629
       3.428        0.000      139.945      677.629
       3.444        0.000      139.945      677.629
       3.460        0.000      139.945      677.629
       3.477        0.000      139.945      677.629
       3.493        0.000      139.945      677.629
       3.509        0.000      139.945      677.629
       3.525        0.000      139.945      677.629
       3.542        0.000      139.945      677.629
       3.558        0.000      139.945      677.629
       3.574        0.000      139.945      678.129
       3.590        0.000      139.953      678.129
       3.607        0.000      139.953      678.129
       3.623        0.000      139.953      678.129
       3.639        0.000      140.207      678.129
       3.655        0.000      140.203      678.129
       3.671        0.000      140.203      678.129
       3.686        0.000      140.203      678.129
       3.702        0.000      140.203      678.129
       3.718        0.000      140.203      678.129
       3.734        0.000      140.203      678.129
       3.751        0.000      140.203      678.129
       3.767        0.000      140.203      678.129
       3.783        0.000      140.457      678.629
       3.799        0.000      140.457      678.629
       3.815        0.000      140.457      678.629
       3.831        0.000      140.691      678.629
       3.847        0.000      140.691      678.629
       3.863        0.000      140.691      678.629
       3.878        0.000      140.691      678.629
       3.894        0.000      140.691      678.629
       3.910        0.000      140.691      678.629
       3.926        0.000      140.691      678.629
       3.942        0.000      140.691      678.629
       3.958        0.000      140.977      678.629
       3.975        0.000      140.977      679.879
       3.991        0.000      140.977      679.879
       4.008        0.000      140.977      679.879
       4.024        0.000      140.977      679.879
       4.041        0.000      140.977      679.879
       4.058        0.000      140.977      679.879
       4.074        0.000      141.730      680.879
       4.090        0.000      141.730      680.879
       4.106        0.000      141.730      680.879
       4.121        0.000      141.730      680.879
       4.136        0.000      141.730      680.879
       4.152        0.000      142.242      681.129
       4.168        0.000      142.242      681.129
       4.183        0.000      142.242      681.129
       4.199        0.000      142.242      681.129
       4.214        0.000      142.602      681.129
       4.230        0.000      142.602      681.129
       4.245        0.000      143.371      682.129
       4.261        0.000      143.703      682.129
       4.276        0.000      143.703      682.129
       4.292        0.000      143.703      682.129
       4.308        0.000      143.914      682.129
       4.323        0.000      144.684      683.129
       4.339        0.000      144.684      683.129
       4.354        0.000      144.902      683.129
       4.370        0.000      144.902      683.129
       4.385        0.000      145.090      683.129
       4.401        0.000      145.090      684.129
       4.417        0.000      145.090      684.129
       4.433        0.000      145.090      684.129
       4.448        0.000      145.305      684.129
       4.464        0.000      145.305      684.129
       4.480        0.000      146.320      685.035
       4.496        0.000      146.621      684.879
       4.512        0.000      146.621      684.879
       4.531        0.000      146.621      684.879
       4.547        0.000      146.621      684.879
       4.563        0.000      147.387      685.629
       4.580        0.000      147.453      685.629
       4.596        0.000      147.453      685.629
       4.612        0.000      147.453      685.629
       4.630        0.000      147.453      685.629
       4.646        0.000      147.695      686.379
       4.662        0.000      147.695      686.379
       4.679        0.000      147.695      686.379
       4.695        0.000      147.695      686.379
       4.710        0.000      148.070      686.379
       4.725        0.000      148.586      687.129
       4.741        0.000      148.586      687.129
       4.757        0.000      148.586      687.129
       4.773        0.000      148.586      687.129
       4.788        0.000      148.859      687.129
       4.803        0.000      149.117      688.129
       4.819        0.000      149.117      688.129
       4.834        0.000      149.117      688.129
       4.850        0.000      149.117      688.129
       4.865        0.000      149.879      688.379
       4.881        0.000      149.879      688.379
       4.896        0.000      149.879      688.379
       4.912        0.000      149.879      688.379
       4.927        0.000      150.137      688.379
       4.943        0.000      150.395      689.379
       4.958        0.000      150.395      689.379
       4.974        0.000      150.395      689.379
       4.989        0.000      150.395      689.379
       5.004        0.000      151.516      689.879
       5.020        0.000      151.586      689.879
       5.035        0.000      151.586      689.879
       5.051        0.000      151.586      689.879
       5.066        0.000      151.586      689.879
       5.082        0.000      152.102      690.629
       5.098        0.000      152.102      690.629
       5.113        0.000      152.102      690.629
       5.129        0.000      152.102      690.629
       5.144        0.000      152.867      691.629
       5.165        0.000      152.867      691.629
       5.181        0.000      152.867      691.629
       5.196        0.000      153.383      692.133
       5.212        0.000      154.156      692.605
       5.228        0.000      154.156      692.605
       5.244        0.000      154.156      692.605
       5.260        0.000      154.410      692.855
       5.276        0.000      154.922      693.605
       5.291        0.000      154.922      693.605
       5.306        0.000      154.922      693.605
       5.321        0.000      155.438      694.105
       5.336        0.000      155.438      694.105
       5.352        0.000      155.695      694.105
       5.366        0.000      155.820      694.105
       5.385        0.000      156.336      695.105
       5.400        0.000      156.336      695.105
       5.416        0.000      156.336      695.105
       5.431        0.000      156.336      695.105
       5.447        0.000      157.359      695.355
       5.463        0.000      157.570      695.355
       5.479        0.000      157.570      695.355
       5.494        0.000      157.570      696.355
       5.510        0.000      157.871      696.355
       5.527        0.000      157.871      696.355
       5.543        0.000      157.871      696.355
       5.558        0.000      158.645      697.105
       5.573        0.000      158.645      697.105
       5.588        0.000      158.645      697.105
       5.603        0.000      159.152      697.605
       5.618        0.000      159.152      697.605
       5.633        0.000      159.152      697.605
       5.648        0.000      159.152      697.605
       5.663        0.000      159.668      698.355
       5.678        0.000      159.668      698.355
       5.694        0.000      159.926      698.355
       5.709        0.000      160.441      698.855
       5.724        0.000      160.441      698.855
       5.739        0.000      160.441      698.855
       5.754        0.000      161.473      699.855
       5.770        0.000      161.473      699.855
       5.785        0.000      161.473      699.855
       5.800        0.000      161.988      700.355
       5.815        0.000      161.988      700.355
       5.830        0.000      162.234      700.355
       5.846        0.000      162.750      701.105
       5.861        0.000      162.750      701.105
       5.876        0.000      162.750      701.105
       5.892        0.000      163.266      701.855
       5.908        0.000      163.266      701.855
       5.923        0.000      163.266      701.855
       5.939        0.000      164.039      702.355
       5.954        0.000      164.039      702.355
       5.970        0.000      164.812      703.105
       5.986        0.000      164.812      703.105
       6.001        0.000      164.812      703.105
       6.016        0.000      165.328      703.855
       6.031        0.000      165.328      703.855
       6.045        0.000      166.359      704.855
       6.061        0.000      166.359      704.855
       6.077        0.000      166.359      704.855
       6.092        0.000      167.133      705.355
       6.109        0.000      167.133      705.355
       6.124        0.000      167.391      705.855
       6.140        0.000      167.391      705.855
       6.156        0.000      168.422      707.105
       6.176        0.000      168.422      707.105
       6.200        0.000      168.129      706.098
       6.220        0.000      168.129      706.098
       6.237        0.000      168.129      706.098
       6.253        0.000      168.504      706.098
       6.269        0.000      168.504      706.098
       6.285        0.000      168.504      706.098
       6.301        0.000      168.504      706.098
       6.317        0.000      168.504      706.098
       6.333        0.000      169.020      706.539
       6.348        0.000      169.020      706.539
       6.364        0.000      169.020      706.539
       6.380        0.000      169.020      706.539
       6.396        0.000      169.020      706.539
       6.412        0.000      169.273      707.789
       6.428        0.000      169.273      707.789
       6.444        0.000      169.527      708.539
       6.460        0.000      170.551      708.789
       6.476        0.000      171.582      709.789
       6.493        0.000      171.957      710.539
       6.509        0.000      172.473      711.039
       6.527        0.000      173.504      711.539
       6.543        0.000      174.422      712.539
       6.560        0.000       92.992      662.652
       6.571        0.000        1.844        9.512
