FAIL issue/results-node/result-ava-64-tests/test62-ava.spec.js
  ● Test suite failed to run

    TypeError: require(...).getRunner is not a function

      at Object.<anonymous> (node_modules/ava/lib/worker/main.js:2:40)

FAIL issue/results-node/result-ava-64-tests/test8-ava.spec.js
  ● Test suite failed to run

    TypeError: require(...).getRunner is not a function

      at Object.<anonymous> (node_modules/ava/lib/worker/main.js:2:40)

FAIL issue/results-node/result-ava-64-tests/test3-ava.spec.js
  ● Test suite failed to run

    TypeError: require(...).getRunner is not a function

      at Object.<anonymous> (node_modules/ava/lib/worker/main.js:2:40)

FAIL issue/results-node/result-ava-64-tests/test13-ava.spec.js
  ● Test suite failed to run

    TypeError: require(...).getRunner is not a function

      at Object.<anonymous> (node_modules/ava/lib/worker/main.js:2:40)

FAIL issue/results-node/result-ava-64-tests/test48-ava.spec.js
  ● Test suite failed to run

    TypeError: require(...).getRunner is not a function

      at Object.<anonymous> (node_modules/ava/lib/worker/main.js:2:40)

FAIL issue/results-node/result-ava-64-tests/test31-ava.spec.js
  ● Test suite failed to run

    TypeError: require(...).getRunner is not a function

      at Object.<anonymous> (node_modules/ava/lib/worker/main.js:2:40)

FAIL issue/results-node/result-ava-64-tests/test9-ava.spec.js
  ● Test suite failed to run

    TypeError: require(...).getRunner is not a function

      at Object.<anonymous> (node_modules/ava/lib/worker/main.js:2:40)

FAIL issue/results-node/result-ava-64-tests/test32-ava.spec.js
  ● Test suite failed to run

    TypeError: require(...).getRunner is not a function

      at Object.<anonymous> (node_modules/ava/lib/worker/main.js:2:40)

FAIL issue/results-node/result-ava-64-tests/test60-ava.spec.js
  ● Test suite failed to run

    TypeError: require(...).getRunner is not a function

      at Object.<anonymous> (node_modules/ava/lib/worker/main.js:2:40)

FAIL issue/results-node/result-ava-64-tests/test11-ava.spec.js
  ● Test suite failed to run

    TypeError: require(...).getRunner is not a function

      at Object.<anonymous> (node_modules/ava/lib/worker/main.js:2:40)

FAIL issue/results-node/result-ava-64-tests/test22-ava.spec.js
  ● Test suite failed to run

    TypeError: require(...).getRunner is not a function

      at Object.<anonymous> (node_modules/ava/lib/worker/main.js:2:40)

FAIL issue/results-node/result-ava-64-tests/test45-ava.spec.js
  ● Test suite failed to run

    TypeError: require(...).getRunner is not a function

      at Object.<anonymous> (node_modules/ava/lib/worker/main.js:2:40)

FAIL issue/results-node/result-ava-64-tests/test2-ava.spec.js
  ● Test suite failed to run

    TypeError: require(...).getRunner is not a function

      at Object.<anonymous> (node_modules/ava/lib/worker/main.js:2:40)

FAIL issue/results-node/result-ava-64-tests/test15-ava.spec.js
  ● Test suite failed to run

    TypeError: require(...).getRunner is not a function

      at Object.<anonymous> (node_modules/ava/lib/worker/main.js:2:40)

FAIL issue/results-node/result-ava-64-tests/test28-ava.spec.js
  ● Test suite failed to run

    TypeError: require(...).getRunner is not a function

      at Object.<anonymous> (node_modules/ava/lib/worker/main.js:2:40)

FAIL issue/results-node/result-ava-64-tests/test57-ava.spec.js
  ● Test suite failed to run

    TypeError: require(...).getRunner is not a function

      at Object.<anonymous> (node_modules/ava/lib/worker/main.js:2:40)

FAIL issue/results-node/result-ava-64-tests/test61-ava.spec.js
  ● Test suite failed to run

    TypeError: require(...).getRunner is not a function

      at Object.<anonymous> (node_modules/ava/lib/worker/main.js:2:40)

FAIL issue/results-node/result-ava-64-tests/test53-ava.spec.js
  ● Test suite failed to run

    TypeError: require(...).getRunner is not a function

      at Object.<anonymous> (node_modules/ava/lib/worker/main.js:2:40)

FAIL issue/results-node/result-ava-64-tests/test19-ava.spec.js
  ● Test suite failed to run

    TypeError: require(...).getRunner is not a function

      at Object.<anonymous> (node_modules/ava/lib/worker/main.js:2:40)

FAIL issue/results-node/result-ava-64-tests/test21-ava.spec.js
  ● Test suite failed to run

    TypeError: require(...).getRunner is not a function

      at Object.<anonymous> (node_modules/ava/lib/worker/main.js:2:40)

FAIL issue/results-node/result-ava-64-tests/test30-ava.spec.js
  ● Test suite failed to run

    TypeError: require(...).getRunner is not a function

      at Object.<anonymous> (node_modules/ava/lib/worker/main.js:2:40)

FAIL issue/results-node/result-ava-64-tests/test34-ava.spec.js
  ● Test suite failed to run

    TypeError: require(...).getRunner is not a function

      at Object.<anonymous> (node_modules/ava/lib/worker/main.js:2:40)

FAIL issue/results-node/result-ava-64-tests/test33-ava.spec.js
  ● Test suite failed to run

    TypeError: require(...).getRunner is not a function

      at Object.<anonymous> (node_modules/ava/lib/worker/main.js:2:40)

FAIL issue/results-node/result-ava-64-tests/test26-ava.spec.js
  ● Test suite failed to run

    TypeError: require(...).getRunner is not a function

      at Object.<anonymous> (node_modules/ava/lib/worker/main.js:2:40)

FAIL issue/results-node/result-ava-64-tests/test38-ava.spec.js
  ● Test suite failed to run

    TypeError: require(...).getRunner is not a function

      at Object.<anonymous> (node_modules/ava/lib/worker/main.js:2:40)

FAIL issue/results-node/result-ava-64-tests/test39-ava.spec.js
  ● Test suite failed to run

    TypeError: require(...).getRunner is not a function

      at Object.<anonymous> (node_modules/ava/lib/worker/main.js:2:40)

FAIL issue/results-node/result-ava-64-tests/test27-ava.spec.js
  ● Test suite failed to run

    TypeError: require(...).getRunner is not a function

      at Object.<anonymous> (node_modules/ava/lib/worker/main.js:2:40)

FAIL issue/results-node/result-ava-64-tests/test1-ava.spec.js
  ● Test suite failed to run

    TypeError: require(...).getRunner is not a function

      at Object.<anonymous> (node_modules/ava/lib/worker/main.js:2:40)

FAIL issue/results-node/result-ava-64-tests/test54-ava.spec.js
  ● Test suite failed to run

    TypeError: require(...).getRunner is not a function

      at Object.<anonymous> (node_modules/ava/lib/worker/main.js:2:40)

FAIL issue/results-node/result-ava-64-tests/test16-ava.spec.js
  ● Test suite failed to run

    TypeError: require(...).getRunner is not a function

      at Object.<anonymous> (node_modules/ava/lib/worker/main.js:2:40)

FAIL issue/results-node/result-ava-64-tests/test52-ava.spec.js
  ● Test suite failed to run

    TypeError: require(...).getRunner is not a function

      at Object.<anonymous> (node_modules/ava/lib/worker/main.js:2:40)

FAIL issue/results-node/result-ava-64-tests/test42-ava.spec.js
  ● Test suite failed to run

    TypeError: require(...).getRunner is not a function

      at Object.<anonymous> (node_modules/ava/lib/worker/main.js:2:40)

FAIL issue/results-node/result-ava-64-tests/test18-ava.spec.js
  ● Test suite failed to run

    TypeError: require(...).getRunner is not a function

      at Object.<anonymous> (node_modules/ava/lib/worker/main.js:2:40)

FAIL issue/results-node/result-ava-64-tests/test51-ava.spec.js
  ● Test suite failed to run

    TypeError: require(...).getRunner is not a function

      at Object.<anonymous> (node_modules/ava/lib/worker/main.js:2:40)

FAIL issue/results-node/result-ava-64-tests/test40-ava.spec.js
  ● Test suite failed to run

    TypeError: require(...).getRunner is not a function

      at Object.<anonymous> (node_modules/ava/lib/worker/main.js:2:40)

FAIL issue/results-node/result-ava-64-tests/test41-ava.spec.js
  ● Test suite failed to run

    TypeError: require(...).getRunner is not a function

      at Object.<anonymous> (node_modules/ava/lib/worker/main.js:2:40)

FAIL issue/results-node/result-ava-64-tests/test46-ava.spec.js
  ● Test suite failed to run

    TypeError: require(...).getRunner is not a function

      at Object.<anonymous> (node_modules/ava/lib/worker/main.js:2:40)

FAIL issue/results-node/result-ava-64-tests/test20-ava.spec.js
  ● Test suite failed to run

    TypeError: require(...).getRunner is not a function

      at Object.<anonymous> (node_modules/ava/lib/worker/main.js:2:40)

FAIL issue/results-node/result-ava-64-tests/test10-ava.spec.js
  ● Test suite failed to run

    TypeError: require(...).getRunner is not a function

      at Object.<anonymous> (node_modules/ava/lib/worker/main.js:2:40)

FAIL issue/results-node/result-ava-64-tests/test4-ava.spec.js
  ● Test suite failed to run

    TypeError: require(...).getRunner is not a function

      at Object.<anonymous> (node_modules/ava/lib/worker/main.js:2:40)

FAIL issue/results-node/result-ava-64-tests/test29-ava.spec.js
  ● Test suite failed to run

    TypeError: require(...).getRunner is not a function

      at Object.<anonymous> (node_modules/ava/lib/worker/main.js:2:40)

FAIL issue/results-node/result-ava-64-tests/test50-ava.spec.js
  ● Test suite failed to run

    TypeError: require(...).getRunner is not a function

      at Object.<anonymous> (node_modules/ava/lib/worker/main.js:2:40)

FAIL issue/results-node/result-ava-64-tests/test58-ava.spec.js
  ● Test suite failed to run

    TypeError: require(...).getRunner is not a function

      at Object.<anonymous> (node_modules/ava/lib/worker/main.js:2:40)

FAIL issue/results-node/result-ava-64-tests/test5-ava.spec.js
  ● Test suite failed to run

    TypeError: require(...).getRunner is not a function

      at Object.<anonymous> (node_modules/ava/lib/worker/main.js:2:40)

FAIL issue/results-node/result-ava-64-tests/test36-ava.spec.js
  ● Test suite failed to run

    TypeError: require(...).getRunner is not a function

      at Object.<anonymous> (node_modules/ava/lib/worker/main.js:2:40)

FAIL issue/results-node/result-ava-64-tests/test12-ava.spec.js
  ● Test suite failed to run

    TypeError: require(...).getRunner is not a function

      at Object.<anonymous> (node_modules/ava/lib/worker/main.js:2:40)

FAIL issue/results-node/result-ava-64-tests/test59-ava.spec.js
  ● Test suite failed to run

    TypeError: require(...).getRunner is not a function

      at Object.<anonymous> (node_modules/ava/lib/worker/main.js:2:40)

FAIL issue/results-node/result-ava-64-tests/test14-ava.spec.js
  ● Test suite failed to run

    TypeError: require(...).getRunner is not a function

      at Object.<anonymous> (node_modules/ava/lib/worker/main.js:2:40)

FAIL issue/results-node/result-ava-64-tests/test64-ava.spec.js
  ● Test suite failed to run

    TypeError: require(...).getRunner is not a function

      at Object.<anonymous> (node_modules/ava/lib/worker/main.js:2:40)

FAIL issue/results-node/result-ava-64-tests/test25-ava.spec.js
  ● Test suite failed to run

    TypeError: require(...).getRunner is not a function

      at Object.<anonymous> (node_modules/ava/lib/worker/main.js:2:40)

FAIL issue/results-node/result-ava-64-tests/test35-ava.spec.js
  ● Test suite failed to run

    TypeError: require(...).getRunner is not a function

      at Object.<anonymous> (node_modules/ava/lib/worker/main.js:2:40)

FAIL issue/results-node/result-ava-64-tests/test47-ava.spec.js
  ● Test suite failed to run

    TypeError: require(...).getRunner is not a function

      at Object.<anonymous> (node_modules/ava/lib/worker/main.js:2:40)

FAIL issue/results-node/result-ava-64-tests/test56-ava.spec.js
  ● Test suite failed to run

    TypeError: require(...).getRunner is not a function

      at Object.<anonymous> (node_modules/ava/lib/worker/main.js:2:40)

FAIL issue/results-node/result-ava-64-tests/test43-ava.spec.js
  ● Test suite failed to run

    TypeError: require(...).getRunner is not a function

      at Object.<anonymous> (node_modules/ava/lib/worker/main.js:2:40)

FAIL issue/results-node/result-ava-64-tests/test63-ava.spec.js
  ● Test suite failed to run

    TypeError: require(...).getRunner is not a function

      at Object.<anonymous> (node_modules/ava/lib/worker/main.js:2:40)

FAIL issue/results-node/result-ava-64-tests/test7-ava.spec.js
  ● Test suite failed to run

    TypeError: require(...).getRunner is not a function

      at Object.<anonymous> (node_modules/ava/lib/worker/main.js:2:40)

FAIL issue/results-node/result-ava-64-tests/test6-ava.spec.js
  ● Test suite failed to run

    TypeError: require(...).getRunner is not a function

      at Object.<anonymous> (node_modules/ava/lib/worker/main.js:2:40)

FAIL issue/results-node/result-ava-64-tests/test37-ava.spec.js
  ● Test suite failed to run

    TypeError: require(...).getRunner is not a function

      at Object.<anonymous> (node_modules/ava/lib/worker/main.js:2:40)

FAIL issue/results-node/result-ava-64-tests/test24-ava.spec.js
  ● Test suite failed to run

    TypeError: require(...).getRunner is not a function

      at Object.<anonymous> (node_modules/ava/lib/worker/main.js:2:40)

FAIL issue/results-node/result-ava-64-tests/test17-ava.spec.js
  ● Test suite failed to run

    TypeError: require(...).getRunner is not a function

      at Object.<anonymous> (node_modules/ava/lib/worker/main.js:2:40)

FAIL issue/results-node/result-ava-64-tests/test49-ava.spec.js
  ● Test suite failed to run

    TypeError: require(...).getRunner is not a function

      at Object.<anonymous> (node_modules/ava/lib/worker/main.js:2:40)

FAIL issue/results-node/result-ava-64-tests/test44-ava.spec.js
  ● Test suite failed to run

    TypeError: require(...).getRunner is not a function

      at Object.<anonymous> (node_modules/ava/lib/worker/main.js:2:40)

FAIL issue/results-node/result-ava-64-tests/test23-ava.spec.js
  ● Test suite failed to run

    TypeError: require(...).getRunner is not a function

      at Object.<anonymous> (node_modules/ava/lib/worker/main.js:2:40)

FAIL issue/results-node/result-ava-64-tests/test55-ava.spec.js
  ● Test suite failed to run

    TypeError: require(...).getRunner is not a function

      at Object.<anonymous> (node_modules/ava/lib/worker/main.js:2:40)

Summary of all failing tests
FAIL issue/results-node/result-ava-64-tests/test62-ava.spec.js
  ● Test suite failed to run

    TypeError: require(...).getRunner is not a function

      at Object.<anonymous> (node_modules/ava/lib/worker/main.js:2:40)

FAIL issue/results-node/result-ava-64-tests/test8-ava.spec.js
  ● Test suite failed to run

    TypeError: require(...).getRunner is not a function

      at Object.<anonymous> (node_modules/ava/lib/worker/main.js:2:40)

FAIL issue/results-node/result-ava-64-tests/test3-ava.spec.js
  ● Test suite failed to run

    TypeError: require(...).getRunner is not a function

      at Object.<anonymous> (node_modules/ava/lib/worker/main.js:2:40)

FAIL issue/results-node/result-ava-64-tests/test13-ava.spec.js
  ● Test suite failed to run

    TypeError: require(...).getRunner is not a function

      at Object.<anonymous> (node_modules/ava/lib/worker/main.js:2:40)

FAIL issue/results-node/result-ava-64-tests/test48-ava.spec.js
  ● Test suite failed to run

    TypeError: require(...).getRunner is not a function

      at Object.<anonymous> (node_modules/ava/lib/worker/main.js:2:40)

FAIL issue/results-node/result-ava-64-tests/test31-ava.spec.js
  ● Test suite failed to run

    TypeError: require(...).getRunner is not a function

      at Object.<anonymous> (node_modules/ava/lib/worker/main.js:2:40)

FAIL issue/results-node/result-ava-64-tests/test9-ava.spec.js
  ● Test suite failed to run

    TypeError: require(...).getRunner is not a function

      at Object.<anonymous> (node_modules/ava/lib/worker/main.js:2:40)

FAIL issue/results-node/result-ava-64-tests/test32-ava.spec.js
  ● Test suite failed to run

    TypeError: require(...).getRunner is not a function

      at Object.<anonymous> (node_modules/ava/lib/worker/main.js:2:40)

FAIL issue/results-node/result-ava-64-tests/test60-ava.spec.js
  ● Test suite failed to run

    TypeError: require(...).getRunner is not a function

      at Object.<anonymous> (node_modules/ava/lib/worker/main.js:2:40)

FAIL issue/results-node/result-ava-64-tests/test11-ava.spec.js
  ● Test suite failed to run

    TypeError: require(...).getRunner is not a function

      at Object.<anonymous> (node_modules/ava/lib/worker/main.js:2:40)

FAIL issue/results-node/result-ava-64-tests/test22-ava.spec.js
  ● Test suite failed to run

    TypeError: require(...).getRunner is not a function

      at Object.<anonymous> (node_modules/ava/lib/worker/main.js:2:40)

FAIL issue/results-node/result-ava-64-tests/test45-ava.spec.js
  ● Test suite failed to run

    TypeError: require(...).getRunner is not a function

      at Object.<anonymous> (node_modules/ava/lib/worker/main.js:2:40)

FAIL issue/results-node/result-ava-64-tests/test2-ava.spec.js
  ● Test suite failed to run

    TypeError: require(...).getRunner is not a function

      at Object.<anonymous> (node_modules/ava/lib/worker/main.js:2:40)

FAIL issue/results-node/result-ava-64-tests/test15-ava.spec.js
  ● Test suite failed to run

    TypeError: require(...).getRunner is not a function

      at Object.<anonymous> (node_modules/ava/lib/worker/main.js:2:40)

FAIL issue/results-node/result-ava-64-tests/test28-ava.spec.js
  ● Test suite failed to run

    TypeError: require(...).getRunner is not a function

      at Object.<anonymous> (node_modules/ava/lib/worker/main.js:2:40)

FAIL issue/results-node/result-ava-64-tests/test57-ava.spec.js
  ● Test suite failed to run

    TypeError: require(...).getRunner is not a function

      at Object.<anonymous> (node_modules/ava/lib/worker/main.js:2:40)

FAIL issue/results-node/result-ava-64-tests/test61-ava.spec.js
  ● Test suite failed to run

    TypeError: require(...).getRunner is not a function

      at Object.<anonymous> (node_modules/ava/lib/worker/main.js:2:40)

FAIL issue/results-node/result-ava-64-tests/test53-ava.spec.js
  ● Test suite failed to run

    TypeError: require(...).getRunner is not a function

      at Object.<anonymous> (node_modules/ava/lib/worker/main.js:2:40)

FAIL issue/results-node/result-ava-64-tests/test19-ava.spec.js
  ● Test suite failed to run

    TypeError: require(...).getRunner is not a function

      at Object.<anonymous> (node_modules/ava/lib/worker/main.js:2:40)

FAIL issue/results-node/result-ava-64-tests/test21-ava.spec.js
  ● Test suite failed to run

    TypeError: require(...).getRunner is not a function

      at Object.<anonymous> (node_modules/ava/lib/worker/main.js:2:40)

FAIL issue/results-node/result-ava-64-tests/test30-ava.spec.js
  ● Test suite failed to run

    TypeError: require(...).getRunner is not a function

      at Object.<anonymous> (node_modules/ava/lib/worker/main.js:2:40)

FAIL issue/results-node/result-ava-64-tests/test34-ava.spec.js
  ● Test suite failed to run

    TypeError: require(...).getRunner is not a function

      at Object.<anonymous> (node_modules/ava/lib/worker/main.js:2:40)

FAIL issue/results-node/result-ava-64-tests/test33-ava.spec.js
  ● Test suite failed to run

    TypeError: require(...).getRunner is not a function

      at Object.<anonymous> (node_modules/ava/lib/worker/main.js:2:40)

FAIL issue/results-node/result-ava-64-tests/test26-ava.spec.js
  ● Test suite failed to run

    TypeError: require(...).getRunner is not a function

      at Object.<anonymous> (node_modules/ava/lib/worker/main.js:2:40)

FAIL issue/results-node/result-ava-64-tests/test38-ava.spec.js
  ● Test suite failed to run

    TypeError: require(...).getRunner is not a function

      at Object.<anonymous> (node_modules/ava/lib/worker/main.js:2:40)

FAIL issue/results-node/result-ava-64-tests/test39-ava.spec.js
  ● Test suite failed to run

    TypeError: require(...).getRunner is not a function

      at Object.<anonymous> (node_modules/ava/lib/worker/main.js:2:40)

FAIL issue/results-node/result-ava-64-tests/test27-ava.spec.js
  ● Test suite failed to run

    TypeError: require(...).getRunner is not a function

      at Object.<anonymous> (node_modules/ava/lib/worker/main.js:2:40)

FAIL issue/results-node/result-ava-64-tests/test1-ava.spec.js
  ● Test suite failed to run

    TypeError: require(...).getRunner is not a function

      at Object.<anonymous> (node_modules/ava/lib/worker/main.js:2:40)

FAIL issue/results-node/result-ava-64-tests/test54-ava.spec.js
  ● Test suite failed to run

    TypeError: require(...).getRunner is not a function

      at Object.<anonymous> (node_modules/ava/lib/worker/main.js:2:40)

FAIL issue/results-node/result-ava-64-tests/test16-ava.spec.js
  ● Test suite failed to run

    TypeError: require(...).getRunner is not a function

      at Object.<anonymous> (node_modules/ava/lib/worker/main.js:2:40)

FAIL issue/results-node/result-ava-64-tests/test52-ava.spec.js
  ● Test suite failed to run

    TypeError: require(...).getRunner is not a function

      at Object.<anonymous> (node_modules/ava/lib/worker/main.js:2:40)

FAIL issue/results-node/result-ava-64-tests/test42-ava.spec.js
  ● Test suite failed to run

    TypeError: require(...).getRunner is not a function

      at Object.<anonymous> (node_modules/ava/lib/worker/main.js:2:40)

FAIL issue/results-node/result-ava-64-tests/test18-ava.spec.js
  ● Test suite failed to run

    TypeError: require(...).getRunner is not a function

      at Object.<anonymous> (node_modules/ava/lib/worker/main.js:2:40)

FAIL issue/results-node/result-ava-64-tests/test51-ava.spec.js
  ● Test suite failed to run

    TypeError: require(...).getRunner is not a function

      at Object.<anonymous> (node_modules/ava/lib/worker/main.js:2:40)

FAIL issue/results-node/result-ava-64-tests/test40-ava.spec.js
  ● Test suite failed to run

    TypeError: require(...).getRunner is not a function

      at Object.<anonymous> (node_modules/ava/lib/worker/main.js:2:40)

FAIL issue/results-node/result-ava-64-tests/test41-ava.spec.js
  ● Test suite failed to run

    TypeError: require(...).getRunner is not a function

      at Object.<anonymous> (node_modules/ava/lib/worker/main.js:2:40)

FAIL issue/results-node/result-ava-64-tests/test46-ava.spec.js
  ● Test suite failed to run

    TypeError: require(...).getRunner is not a function

      at Object.<anonymous> (node_modules/ava/lib/worker/main.js:2:40)

FAIL issue/results-node/result-ava-64-tests/test20-ava.spec.js
  ● Test suite failed to run

    TypeError: require(...).getRunner is not a function

      at Object.<anonymous> (node_modules/ava/lib/worker/main.js:2:40)

FAIL issue/results-node/result-ava-64-tests/test10-ava.spec.js
  ● Test suite failed to run

    TypeError: require(...).getRunner is not a function

      at Object.<anonymous> (node_modules/ava/lib/worker/main.js:2:40)

FAIL issue/results-node/result-ava-64-tests/test4-ava.spec.js
  ● Test suite failed to run

    TypeError: require(...).getRunner is not a function

      at Object.<anonymous> (node_modules/ava/lib/worker/main.js:2:40)

FAIL issue/results-node/result-ava-64-tests/test29-ava.spec.js
  ● Test suite failed to run

    TypeError: require(...).getRunner is not a function

      at Object.<anonymous> (node_modules/ava/lib/worker/main.js:2:40)

FAIL issue/results-node/result-ava-64-tests/test50-ava.spec.js
  ● Test suite failed to run

    TypeError: require(...).getRunner is not a function

      at Object.<anonymous> (node_modules/ava/lib/worker/main.js:2:40)

FAIL issue/results-node/result-ava-64-tests/test58-ava.spec.js
  ● Test suite failed to run

    TypeError: require(...).getRunner is not a function

      at Object.<anonymous> (node_modules/ava/lib/worker/main.js:2:40)

FAIL issue/results-node/result-ava-64-tests/test5-ava.spec.js
  ● Test suite failed to run

    TypeError: require(...).getRunner is not a function

      at Object.<anonymous> (node_modules/ava/lib/worker/main.js:2:40)

FAIL issue/results-node/result-ava-64-tests/test36-ava.spec.js
  ● Test suite failed to run

    TypeError: require(...).getRunner is not a function

      at Object.<anonymous> (node_modules/ava/lib/worker/main.js:2:40)

FAIL issue/results-node/result-ava-64-tests/test12-ava.spec.js
  ● Test suite failed to run

    TypeError: require(...).getRunner is not a function

      at Object.<anonymous> (node_modules/ava/lib/worker/main.js:2:40)

FAIL issue/results-node/result-ava-64-tests/test59-ava.spec.js
  ● Test suite failed to run

    TypeError: require(...).getRunner is not a function

      at Object.<anonymous> (node_modules/ava/lib/worker/main.js:2:40)

FAIL issue/results-node/result-ava-64-tests/test14-ava.spec.js
  ● Test suite failed to run

    TypeError: require(...).getRunner is not a function

      at Object.<anonymous> (node_modules/ava/lib/worker/main.js:2:40)

FAIL issue/results-node/result-ava-64-tests/test64-ava.spec.js
  ● Test suite failed to run

    TypeError: require(...).getRunner is not a function

      at Object.<anonymous> (node_modules/ava/lib/worker/main.js:2:40)

FAIL issue/results-node/result-ava-64-tests/test25-ava.spec.js
  ● Test suite failed to run

    TypeError: require(...).getRunner is not a function

      at Object.<anonymous> (node_modules/ava/lib/worker/main.js:2:40)

FAIL issue/results-node/result-ava-64-tests/test35-ava.spec.js
  ● Test suite failed to run

    TypeError: require(...).getRunner is not a function

      at Object.<anonymous> (node_modules/ava/lib/worker/main.js:2:40)

FAIL issue/results-node/result-ava-64-tests/test47-ava.spec.js
  ● Test suite failed to run

    TypeError: require(...).getRunner is not a function

      at Object.<anonymous> (node_modules/ava/lib/worker/main.js:2:40)

FAIL issue/results-node/result-ava-64-tests/test56-ava.spec.js
  ● Test suite failed to run

    TypeError: require(...).getRunner is not a function

      at Object.<anonymous> (node_modules/ava/lib/worker/main.js:2:40)

FAIL issue/results-node/result-ava-64-tests/test43-ava.spec.js
  ● Test suite failed to run

    TypeError: require(...).getRunner is not a function

      at Object.<anonymous> (node_modules/ava/lib/worker/main.js:2:40)

FAIL issue/results-node/result-ava-64-tests/test63-ava.spec.js
  ● Test suite failed to run

    TypeError: require(...).getRunner is not a function

      at Object.<anonymous> (node_modules/ava/lib/worker/main.js:2:40)

FAIL issue/results-node/result-ava-64-tests/test7-ava.spec.js
  ● Test suite failed to run

    TypeError: require(...).getRunner is not a function

      at Object.<anonymous> (node_modules/ava/lib/worker/main.js:2:40)

FAIL issue/results-node/result-ava-64-tests/test6-ava.spec.js
  ● Test suite failed to run

    TypeError: require(...).getRunner is not a function

      at Object.<anonymous> (node_modules/ava/lib/worker/main.js:2:40)

FAIL issue/results-node/result-ava-64-tests/test37-ava.spec.js
  ● Test suite failed to run

    TypeError: require(...).getRunner is not a function

      at Object.<anonymous> (node_modules/ava/lib/worker/main.js:2:40)

FAIL issue/results-node/result-ava-64-tests/test24-ava.spec.js
  ● Test suite failed to run

    TypeError: require(...).getRunner is not a function

      at Object.<anonymous> (node_modules/ava/lib/worker/main.js:2:40)

FAIL issue/results-node/result-ava-64-tests/test17-ava.spec.js
  ● Test suite failed to run

    TypeError: require(...).getRunner is not a function

      at Object.<anonymous> (node_modules/ava/lib/worker/main.js:2:40)

FAIL issue/results-node/result-ava-64-tests/test49-ava.spec.js
  ● Test suite failed to run

    TypeError: require(...).getRunner is not a function

      at Object.<anonymous> (node_modules/ava/lib/worker/main.js:2:40)

FAIL issue/results-node/result-ava-64-tests/test44-ava.spec.js
  ● Test suite failed to run

    TypeError: require(...).getRunner is not a function

      at Object.<anonymous> (node_modules/ava/lib/worker/main.js:2:40)

FAIL issue/results-node/result-ava-64-tests/test23-ava.spec.js
  ● Test suite failed to run

    TypeError: require(...).getRunner is not a function

      at Object.<anonymous> (node_modules/ava/lib/worker/main.js:2:40)

FAIL issue/results-node/result-ava-64-tests/test55-ava.spec.js
  ● Test suite failed to run

    TypeError: require(...).getRunner is not a function

      at Object.<anonymous> (node_modules/ava/lib/worker/main.js:2:40)


Test Suites: 64 failed, 64 total
Tests:       0 total
Snapshots:   0 total
Time:        3.368 s
