# Elapsed time   CPU (%)     Real (MB)   Virtual (MB)
       0.000        0.000       38.168      551.078
       0.011        0.000       39.211      551.352
       0.020        0.000       41.008      552.352
       0.031        0.000       41.457      552.359
       0.041        0.000       41.609      552.406
       0.051        0.000       43.219      553.402
       0.061        0.000       43.547      553.402
       0.071        0.000       43.547      553.402
       0.080        0.000       43.547      553.402
       0.089        0.000       43.645      553.402
       0.098        0.000       44.816      558.832
       0.108        0.000       45.668      559.094
       0.118        0.000       46.438      559.094
       0.129        0.000       48.867      559.988
       0.139        0.000       50.164      560.488
       0.149        0.000       50.926      560.488
       0.159        0.000       52.211      560.488
       0.169        0.000       52.910      561.488
       0.179        0.000       53.508      561.488
       0.189        0.000       53.617      561.488
       0.199        0.000       53.793      561.738
       0.209        0.000       54.797      562.988
       0.220        0.000       55.066      562.988
       0.230        0.000       55.152      562.988
       0.240        0.000       56.387      571.988
       0.250        0.000       56.598      571.988
       0.260        0.000       56.824      572.238
       0.271        0.000       57.332      572.238
       0.280        0.000       58.398      572.488
       0.290        0.000       59.152      604.754
       0.301        0.000       62.395      615.000
       0.318        0.000       59.664      605.566
       0.333        0.000       60.008      605.816
       0.348        0.000       60.156      605.816
       0.363        0.000       61.234      605.816
       0.379        0.000       62.766      605.906
       0.395        0.000       64.828      607.035
       0.410        0.000       65.004      607.035
       0.426        0.000       65.137      607.035
       0.442        0.000       67.168      607.285
       0.458        0.000       69.246      609.035
       0.474        0.000       69.246      609.035
       0.490        0.000       69.488      609.035
       0.505        0.000       69.895      609.285
       0.521        0.000       71.406      626.785
       0.537        0.000       71.922      626.816
       0.553        0.000       72.180      627.066
       0.568        0.000       73.438      627.625
       0.584        0.000       74.230      627.508
       0.600        0.000       75.496      627.508
       0.616        0.000       77.691      627.781
       0.632        0.000       81.105      627.781
       0.649        0.000       82.785      629.031
       0.665        0.000       85.867      629.031
       0.682        0.000       88.441      629.031
       0.698        0.000       90.754      629.031
       0.714        0.000       95.098      634.281
       0.731        0.000       95.355      634.281
       0.747        0.000       95.605      634.281
       0.763        0.000      101.020      640.531
       0.779        0.000      101.277      640.531
       0.797        0.000      101.855      645.785
       0.814        0.000      101.871      645.785
       0.831        0.000      107.508      645.785
       0.847        0.000      107.508      645.785
       0.863        0.000      107.656      645.785
       0.880        0.000      108.574      646.078
       0.896        0.000      107.703      645.797
       0.913        0.000      107.895      645.797
       0.929        0.000      107.895      645.797
       0.945        0.000      107.586      645.797
       0.962        0.000      108.582      646.109
       0.979        0.000      107.863      645.922
       0.995        0.000      107.863      645.922
       1.012        0.000      108.121      645.922
       1.029        0.000      107.863      645.922
       1.045        0.000      107.863      645.922
       1.062        0.000      107.863      645.922
       1.079        0.000      107.863      645.922
       1.096        0.000      107.863      645.922
       1.114        0.000      107.863      645.922
       1.131        0.000      107.863      645.922
       1.148        0.000      107.863      645.922
       1.164        0.000      108.012      645.922
       1.181        0.000      108.012      645.922
       1.198        0.000      108.012      645.922
       1.215        0.000      108.012      645.922
       1.231        0.000      108.012      645.922
       1.247        0.000      108.012      645.922
       1.264        0.000      108.012      645.922
       1.280        0.000      108.012      645.922
       1.297        0.000      108.012      645.922
       1.313        0.000      108.012      645.922
       1.329        0.000      108.012      645.922
       1.345        0.000      108.012      645.922
       1.361        0.000      108.012      645.922
       1.377        0.000      108.012      645.922
       1.394        0.000      108.012      645.922
       1.409        0.000      108.012      645.922
       1.425        0.000      108.012      645.922
       1.441        0.000      108.012      645.922
       1.457        0.000      108.012      645.922
       1.473        0.000      108.012      645.922
       1.489        0.000      108.012      645.922
       1.505        0.000      108.012      645.922
       1.522        0.000      107.930      645.922
       1.538        0.000      108.156      646.305
       1.554        0.000      108.656      647.473
       1.571        0.000      110.277      648.234
       1.587        0.000      109.598      647.922
       1.604        0.000      109.598      647.922
       1.620        0.000      115.672      654.426
       1.636        0.000      115.977      654.426
       1.652        0.000      115.977      654.426
       1.662        0.000        1.828        9.512
