# Elapsed time   CPU (%)     Real (MB)   Virtual (MB)
       0.000        0.000       36.391      551.121
       0.011        0.000       38.082      551.625
       0.021        0.000       39.113      552.375
       0.032        0.000       39.508      552.410
       0.042        0.000       41.191      553.141
       0.052        0.000       41.395      553.391
       0.062        0.000       42.344      558.570
       0.073        0.000       42.961      558.844
       0.085        0.000       44.574      559.141
       0.096        0.000       46.566      560.008
       0.108        0.000       46.586      559.703
       0.123        0.000       47.609      559.703
       0.134        0.000       49.668      561.203
       0.144        0.000       50.160      561.203
       0.155        0.000       50.281      561.203
       0.167        0.000       50.461      561.453
       0.178        0.000       51.082      561.953
       0.190        0.000       51.332      561.953
       0.201        0.000       51.559      561.953
       0.213        0.000       52.480      571.453
       0.225        0.000       52.918      571.457
       0.236        0.000       53.391      571.758
       0.247        0.000       53.691      571.457
       0.257        0.000       57.223      603.973
       0.268        0.000       60.500      614.207
       0.286        0.000       61.070      614.578
       0.303        0.000       58.441      605.227
       0.319        0.000      155.000     2221.648
       0.377        0.000       61.309      605.480
       0.413        0.000       68.391      608.574
       0.451        0.000      100.922     1145.812
       0.488        0.000      215.902     2775.730
       0.537        0.000      222.422     2777.625
       0.578        0.000      226.160     2784.938
       0.622        0.000      237.930     2802.730
       0.684        0.000      253.820     2811.184
       0.747        0.000      260.816     2816.102
       0.790        0.000      265.367     2843.711
       0.832        0.000      276.359     2846.590
       0.877        0.000      287.723     2859.156
       0.927        0.000      298.934     2860.234
       0.970        0.000      315.730     2870.949
       1.032        0.000      322.992     2873.766
       1.098        0.000      328.434     2911.762
       1.167        0.000      355.836     2933.797
       1.235        0.000      378.141     2954.430
       1.299        0.000      418.066     2974.906
       1.368        0.000      430.949     2980.047
       1.431        0.000      452.402     2997.973
       1.477        0.000      454.719     3000.293
       1.521        0.000      460.535     3003.543
       1.574        0.000      470.430     3013.258
       1.628        0.000      479.164     3020.750
       1.672        0.000      481.758     3022.000
       1.715        0.000      484.391     3024.887
       1.764        0.000      506.074     3047.051
       1.825        0.000      512.953     3051.551
       1.892        0.000      518.473     3056.551
       1.960        0.000      534.355     3074.051
       2.029        0.000      539.156     3077.785
       2.081        0.000      539.859     3079.281
       2.124        0.000      541.602     3079.934
       2.163        0.000      547.270     3085.934
       2.209        0.000      547.645     3086.180
       2.251        0.000      548.707     3086.746
       2.294        0.000      552.215     3089.805
       2.349        0.000      553.875     3091.730
       2.399        0.000      554.609     3091.730
       2.467        0.000      556.316     3092.305
       2.529        0.000      558.680     3093.805
       2.590        0.000      562.270     3097.805
       2.653        0.000      566.789     3102.098
       2.697        0.000      570.391     3105.848
       2.738        0.000      577.352     3112.348
       2.801        0.000      579.148     3113.848
       2.850        0.000      585.730     3121.344
       2.895        0.000      591.656     3127.098
       2.938        0.000      598.348     3133.348
       2.981        0.000      602.191     3137.598
       3.023        0.000      610.012     3145.348
       3.068        0.000      615.676     3151.848
       3.110        0.000      622.734     3158.348
       3.152        0.000      624.766     3160.098
       3.192        0.000      632.703     3167.977
       3.237        0.000      644.809     3180.477
       3.281        0.000      646.871     3182.727
       3.321        0.000      659.336     3194.727
       3.367        0.000      662.625     3197.031
       3.415        0.000      674.797     3209.531
       3.461        0.000      686.957     3222.750
       3.509        0.000      692.305     3225.000
       3.556        0.000      697.449     3231.496
       3.597        0.000      706.824     3240.250
       3.643        0.000      715.328     3248.750
       3.700        0.000      717.129     3250.000
       3.734        0.000      109.195     1167.812
       3.767        0.000       69.414      609.238
       3.779        0.000       69.523      609.238
       3.790        0.000       70.012      609.238
       3.801        0.000       70.281      609.238
       3.812        0.000       70.285      609.238
       3.822        0.000       70.285      609.238
       3.833        0.000        1.895        9.512
