# Elapsed time   CPU (%)     Real (MB)   Virtual (MB)
       0.000        0.000       35.324      543.066
       0.009        0.000       35.574      545.316
       0.018        0.000       36.234      545.316
       0.027        0.000       36.234      545.316
       0.035        0.000       36.234      545.316
       0.044        0.000       37.152      545.816
       0.052        0.000       37.895      546.012
       0.061        0.000       38.691      546.012
       0.070        0.000       39.977      547.266
       0.079        0.000       40.203      547.266
       0.088        0.000       41.211      552.770
       0.097        0.000       42.281      552.770
       0.106        0.000       42.371      552.832
       0.114        0.000       42.984      553.230
       0.123        0.000       43.352      553.012
       0.132        0.000       44.223      553.059
       0.141        0.000       45.457      554.262
       0.150        0.000       46.215      555.000
       0.159        0.000       48.406      555.000
       0.169        0.000       48.465      555.000
       0.178        0.000       50.266      556.500
       0.187        0.000       51.293      557.043
       0.196        0.000       51.793      557.293
       0.205        0.000       51.793      557.543
       0.214        0.000       52.062      557.543
       0.223        0.000       55.527      855.930
       0.233        0.000       56.102      855.930
       0.242        0.000       82.387     1260.840
       0.257        0.000       85.414     1389.289
       0.270        0.000       87.262     1390.980
       0.284        0.000       91.289     1392.387
       0.297        0.000       91.539     1394.637
       0.311        0.000       93.199     1394.953
       0.324        0.000       94.117     1395.270
       0.339        0.000       96.523     1396.023
       0.353        0.000       98.234     1397.172
       0.366        0.000       98.172     1397.668
       0.380        0.000       98.578     1397.668
       0.393        0.000      100.676     1403.359
       0.407        0.000      108.148     1415.043
       0.427        0.000      117.141     1417.207
       0.443        0.000      123.656     1440.426
       0.463        0.000      130.207     1441.188
       0.480        0.000      140.246     1440.980
       0.496        0.000      153.652     1450.898
       0.516        0.000      159.484     1454.188
       0.535        0.000      164.887     1458.219
       0.550        0.000      167.262     1460.168
       0.563        0.000      173.961     1467.344
       0.578        0.000      177.312     1469.922
       0.591        0.000      182.211     1475.816
       0.610        0.000      182.508     1480.340
       0.628        0.000      186.574     1480.613
       0.643        0.000      189.410     1481.844
       0.659        0.000      193.016     1486.039
       0.672        0.000      196.109     1489.395
       0.686        0.000      202.039     1495.441
       0.700        0.000      204.875     1498.020
       0.713        0.000      210.547     1503.438
       0.727        0.000      217.508     1510.379
       0.741        0.000      218.023     1510.766
       0.756        0.000      217.598     1509.781
       0.770        0.000      218.316     1509.781
       0.785        0.000      220.602     1512.531
       0.800        0.000      229.617     1522.031
       0.816        0.000      238.383     1530.281
       0.833        0.000      238.641     1530.473
       0.850        0.000      236.070     1527.723
       0.866        0.000      236.070     1527.723
       0.880        0.000      236.070     1527.723
       0.894        0.000      236.137     1528.008
       0.909        0.000      237.664     1528.477
       0.923        0.000      237.711     1528.633
       0.938        0.000      237.359     1528.199
       0.952        0.000      237.617     1528.699
       0.966        0.000      238.633     1529.699
       0.981        0.000      241.453     1532.766
       0.995        0.000      243.766     1534.766
       1.009        0.000      246.082     1536.766
       1.024        0.000      248.918     1541.012
       1.038        0.000      252.270     1543.516
       1.052        0.000      255.363     1546.645
       1.066        0.000      257.426     1549.145
       1.080        0.000      260.004     1551.145
       1.094        0.000      262.066     1553.395
       1.108        0.000      264.625     1555.461
       1.122        0.000      266.941     1558.629
       1.137        0.000      278.059     1569.188
       1.152        0.000      278.059     1569.188
       1.168        0.000      274.605     1564.914
       1.184        0.000      274.863     1564.914
       1.200        0.000      274.863     1564.914
       1.216        0.000      275.879     1565.996
       1.231        0.000      276.910     1567.027
       1.247        0.000      279.480     1569.234
       1.261        0.000      281.742     1571.297
       1.277        0.000      282.516     1572.070
       1.300        0.000      283.289     1573.203
       1.321        0.000      274.312     1570.094
       1.341        0.000      276.117     1571.773
       1.356        0.000      277.406     1573.191
       1.372        0.000      284.363     1573.934
       1.387        0.000      285.254     1574.062
       1.409        0.000      293.926     1583.062
       1.426        0.000      293.574     1583.312
       1.440        0.000      298.164     1583.312
       1.456        0.000      298.535     1583.430
       1.471        0.000      298.574     1583.336
       1.487        0.000      298.590     1583.336
       1.502        0.000      298.578     1583.336
       1.517        0.000      298.578     1583.336
       1.533        0.000      298.578     1583.336
       1.548        0.000      298.723     1599.336
       1.564        0.000      299.719     1599.336
       1.579        0.000      306.605     1599.336
       1.595        0.000      313.051     1599.336
       1.610        0.000      314.598     1599.336
       1.625        0.000      314.598     1599.336
       1.640        0.000      314.598     1599.336
       1.656        0.000      314.598     1599.336
       1.671        0.000      314.598     1599.336
       1.686        0.000      314.598     1599.336
       1.701        0.000      314.598     1599.336
       1.717        0.000      314.598     1599.336
       1.732        0.000      314.598     1599.336
       1.747        0.000      314.598     1599.336
       1.762        0.000      314.598     1599.336
       1.777        0.000      314.598     1599.336
       1.792        0.000      314.598     1599.336
       1.807        0.000      314.598     1599.336
       1.823        0.000      314.824     1599.336
       1.838        0.000      314.855     1599.555
       1.854        0.000      314.734     1599.422
       1.869        0.000      314.883     1599.496
       1.885        0.000      314.883     1599.496
       1.900        0.000      314.883     1599.496
       1.917        0.000      315.121     1599.812
       1.932        0.000      315.219     1599.812
       1.948        0.000      315.219     1599.812
       1.963        0.000      315.219     1599.812
       1.979        0.000      315.219     1599.812
       1.994        0.000      315.219     1599.812
       2.009        0.000      315.219     1599.812
       2.025        0.000      315.992     1600.441
       2.040        0.000      315.992     1600.441
       2.056        0.000      315.992     1600.441
       2.072        0.000      315.992     1600.441
       2.086        0.000      315.992     1600.441
       2.100        0.000      315.992     1600.441
       2.113        0.000      315.992     1600.441
       2.127        0.000      316.172     1600.441
       2.141        0.000      316.172     1600.441
       2.154        0.000      316.172     1600.441
       2.167        0.000      316.172     1600.441
       2.180        0.000      316.617     1600.820
       2.197        0.000      316.617     1600.820
       2.211        0.000      316.590     1600.977
       2.224        0.000      316.215     1600.496
       2.237        0.000      316.191     1600.457
       2.251        0.000      316.191     1600.457
       2.264        0.000      316.176     1600.441
       2.277        0.000      316.309     1600.441
       2.291        0.000      316.309     1600.441
       2.304        0.000      316.309     1600.441
       2.318        0.000      316.309     1600.441
       2.331        0.000      316.309     1600.441
       2.344        0.000      316.309     1600.441
       2.358        0.000      316.309     1600.441
       2.371        0.000      316.309     1600.441
       2.385        0.000      316.309     1600.441
       2.398        0.000      316.309     1600.441
       2.412        0.000      316.309     1600.441
       2.425        0.000      316.309     1600.441
       2.439        0.000      316.309     1600.441
       2.452        0.000      316.496     1600.758
       2.466        0.000      316.496     1600.758
       2.479        0.000      316.496     1600.758
       2.493        0.000      316.496     1600.758
       2.507        0.000      316.496     1600.758
       2.520        0.000      316.750     1600.918
       2.534        0.000      316.750     1600.918
       2.548        0.000      316.750     1601.168
       2.561        0.000      316.750     1601.168
       2.575        0.000      316.750     1601.168
       2.588        0.000       83.684      873.785
       2.602        0.000       37.469      856.762
       2.611        0.000        2.000        6.688
