FAIL issue/results-node/result-ava-4-tests/test4-ava.spec.js
  ● Test suite failed to run

    TypeError: require(...).getRunner is not a function

      at Object.<anonymous> (node_modules/ava/lib/worker/main.js:2:40)

FAIL issue/results-node/result-ava-4-tests/test2-ava.spec.js
  ● Test suite failed to run

    TypeError: require(...).getRunner is not a function

      at Object.<anonymous> (node_modules/ava/lib/worker/main.js:2:40)

FAIL issue/results-node/result-ava-4-tests/test1-ava.spec.js
  ● Test suite failed to run

    TypeError: require(...).getRunner is not a function

      at Object.<anonymous> (node_modules/ava/lib/worker/main.js:2:40)

FAIL issue/results-node/result-ava-4-tests/test3-ava.spec.js
  ● Test suite failed to run

    TypeError: require(...).getRunner is not a function

      at Object.<anonymous> (node_modules/ava/lib/worker/main.js:2:40)

Test Suites: 4 failed, 4 total
Tests:       0 total
Snapshots:   0 total
Time:        0.933 s
