PASS issue/results-node/result-jest-128-tests/test126-jest.spec.js
PASS issue/results-node/result-jest-128-tests/test100-jest.spec.js
PASS issue/results-node/result-jest-128-tests/test106-jest.spec.js
PASS issue/results-node/result-jest-128-tests/test89-jest.spec.js
PASS issue/results-node/result-jest-128-tests/test11-jest.spec.js
PASS issue/results-node/result-jest-128-tests/test95-jest.spec.js
PASS issue/results-node/result-jest-128-tests/test82-jest.spec.js
PASS issue/results-node/result-jest-128-tests/test90-jest.spec.js
PASS issue/results-node/result-jest-128-tests/test121-jest.spec.js
PASS issue/results-node/result-jest-128-tests/test34-jest.spec.js
PASS issue/results-node/result-jest-128-tests/test55-jest.spec.js
PASS issue/results-node/result-jest-128-tests/test4-jest.spec.js
PASS issue/results-node/result-jest-128-tests/test79-jest.spec.js
PASS issue/results-node/result-jest-128-tests/test8-jest.spec.js
PASS issue/results-node/result-jest-128-tests/test88-jest.spec.js
PASS issue/results-node/result-jest-128-tests/test120-jest.spec.js
PASS issue/results-node/result-jest-128-tests/test113-jest.spec.js
PASS issue/results-node/result-jest-128-tests/test14-jest.spec.js
PASS issue/results-node/result-jest-128-tests/test103-jest.spec.js
PASS issue/results-node/result-jest-128-tests/test2-jest.spec.js
PASS issue/results-node/result-jest-128-tests/test83-jest.spec.js
PASS issue/results-node/result-jest-128-tests/test75-jest.spec.js
PASS issue/results-node/result-jest-128-tests/test60-jest.spec.js
PASS issue/results-node/result-jest-128-tests/test32-jest.spec.js
PASS issue/results-node/result-jest-128-tests/test78-jest.spec.js
PASS issue/results-node/result-jest-128-tests/test23-jest.spec.js
PASS issue/results-node/result-jest-128-tests/test53-jest.spec.js
PASS issue/results-node/result-jest-128-tests/test84-jest.spec.js
PASS issue/results-node/result-jest-128-tests/test104-jest.spec.js
PASS issue/results-node/result-jest-128-tests/test51-jest.spec.js
PASS issue/results-node/result-jest-128-tests/test128-jest.spec.js
PASS issue/results-node/result-jest-128-tests/test1-jest.spec.js
PASS issue/results-node/result-jest-128-tests/test72-jest.spec.js
PASS issue/results-node/result-jest-128-tests/test116-jest.spec.js
PASS issue/results-node/result-jest-128-tests/test94-jest.spec.js
PASS issue/results-node/result-jest-128-tests/test20-jest.spec.js
PASS issue/results-node/result-jest-128-tests/test127-jest.spec.js
PASS issue/results-node/result-jest-128-tests/test36-jest.spec.js
PASS issue/results-node/result-jest-128-tests/test117-jest.spec.js
PASS issue/results-node/result-jest-128-tests/test52-jest.spec.js
PASS issue/results-node/result-jest-128-tests/test6-jest.spec.js
PASS issue/results-node/result-jest-128-tests/test21-jest.spec.js
PASS issue/results-node/result-jest-128-tests/test41-jest.spec.js
PASS issue/results-node/result-jest-128-tests/test70-jest.spec.js
PASS issue/results-node/result-jest-128-tests/test62-jest.spec.js
PASS issue/results-node/result-jest-128-tests/test38-jest.spec.js
PASS issue/results-node/result-jest-128-tests/test39-jest.spec.js
PASS issue/results-node/result-jest-128-tests/test123-jest.spec.js
PASS issue/results-node/result-jest-128-tests/test61-jest.spec.js
PASS issue/results-node/result-jest-128-tests/test28-jest.spec.js
PASS issue/results-node/result-jest-128-tests/test71-jest.spec.js
PASS issue/results-node/result-jest-128-tests/test69-jest.spec.js
PASS issue/results-node/result-jest-128-tests/test87-jest.spec.js
PASS issue/results-node/result-jest-128-tests/test19-jest.spec.js
PASS issue/results-node/result-jest-128-tests/test66-jest.spec.js
PASS issue/results-node/result-jest-128-tests/test48-jest.spec.js
PASS issue/results-node/result-jest-128-tests/test37-jest.spec.js
PASS issue/results-node/result-jest-128-tests/test125-jest.spec.js
PASS issue/results-node/result-jest-128-tests/test42-jest.spec.js
PASS issue/results-node/result-jest-128-tests/test111-jest.spec.js
PASS issue/results-node/result-jest-128-tests/test102-jest.spec.js
PASS issue/results-node/result-jest-128-tests/test124-jest.spec.js
PASS issue/results-node/result-jest-128-tests/test105-jest.spec.js
PASS issue/results-node/result-jest-128-tests/test118-jest.spec.js
PASS issue/results-node/result-jest-128-tests/test56-jest.spec.js
PASS issue/results-node/result-jest-128-tests/test7-jest.spec.js
PASS issue/results-node/result-jest-128-tests/test46-jest.spec.js
PASS issue/results-node/result-jest-128-tests/test40-jest.spec.js
PASS issue/results-node/result-jest-128-tests/test64-jest.spec.js
PASS issue/results-node/result-jest-128-tests/test24-jest.spec.js
PASS issue/results-node/result-jest-128-tests/test108-jest.spec.js
PASS issue/results-node/result-jest-128-tests/test77-jest.spec.js
PASS issue/results-node/result-jest-128-tests/test109-jest.spec.js
PASS issue/results-node/result-jest-128-tests/test35-jest.spec.js
PASS issue/results-node/result-jest-128-tests/test31-jest.spec.js
PASS issue/results-node/result-jest-128-tests/test44-jest.spec.js
PASS issue/results-node/result-jest-128-tests/test3-jest.spec.js
PASS issue/results-node/result-jest-128-tests/test110-jest.spec.js
PASS issue/results-node/result-jest-128-tests/test43-jest.spec.js
PASS issue/results-node/result-jest-128-tests/test80-jest.spec.js
PASS issue/results-node/result-jest-128-tests/test119-jest.spec.js
PASS issue/results-node/result-jest-128-tests/test67-jest.spec.js
PASS issue/results-node/result-jest-128-tests/test92-jest.spec.js
PASS issue/results-node/result-jest-128-tests/test27-jest.spec.js
PASS issue/results-node/result-jest-128-tests/test45-jest.spec.js
PASS issue/results-node/result-jest-128-tests/test59-jest.spec.js
PASS issue/results-node/result-jest-128-tests/test74-jest.spec.js
PASS issue/results-node/result-jest-128-tests/test96-jest.spec.js
PASS issue/results-node/result-jest-128-tests/test98-jest.spec.js
PASS issue/results-node/result-jest-128-tests/test115-jest.spec.js
PASS issue/results-node/result-jest-128-tests/test49-jest.spec.js
PASS issue/results-node/result-jest-128-tests/test18-jest.spec.js
PASS issue/results-node/result-jest-128-tests/test29-jest.spec.js
PASS issue/results-node/result-jest-128-tests/test58-jest.spec.js
PASS issue/results-node/result-jest-128-tests/test25-jest.spec.js
PASS issue/results-node/result-jest-128-tests/test9-jest.spec.js
PASS issue/results-node/result-jest-128-tests/test65-jest.spec.js
PASS issue/results-node/result-jest-128-tests/test63-jest.spec.js
PASS issue/results-node/result-jest-128-tests/test12-jest.spec.js
PASS issue/results-node/result-jest-128-tests/test107-jest.spec.js
PASS issue/results-node/result-jest-128-tests/test15-jest.spec.js
PASS issue/results-node/result-jest-128-tests/test114-jest.spec.js
PASS issue/results-node/result-jest-128-tests/test54-jest.spec.js
PASS issue/results-node/result-jest-128-tests/test26-jest.spec.js
PASS issue/results-node/result-jest-128-tests/test50-jest.spec.js
PASS issue/results-node/result-jest-128-tests/test76-jest.spec.js
PASS issue/results-node/result-jest-128-tests/test112-jest.spec.js
PASS issue/results-node/result-jest-128-tests/test91-jest.spec.js
PASS issue/results-node/result-jest-128-tests/test101-jest.spec.js
PASS issue/results-node/result-jest-128-tests/test30-jest.spec.js
PASS issue/results-node/result-jest-128-tests/test47-jest.spec.js
PASS issue/results-node/result-jest-128-tests/test13-jest.spec.js
PASS issue/results-node/result-jest-128-tests/test17-jest.spec.js
PASS issue/results-node/result-jest-128-tests/test5-jest.spec.js
PASS issue/results-node/result-jest-128-tests/test97-jest.spec.js
PASS issue/results-node/result-jest-128-tests/test10-jest.spec.js
PASS issue/results-node/result-jest-128-tests/test93-jest.spec.js
PASS issue/results-node/result-jest-128-tests/test122-jest.spec.js
PASS issue/results-node/result-jest-128-tests/test86-jest.spec.js
PASS issue/results-node/result-jest-128-tests/test22-jest.spec.js
PASS issue/results-node/result-jest-128-tests/test81-jest.spec.js
PASS issue/results-node/result-jest-128-tests/test33-jest.spec.js
PASS issue/results-node/result-jest-128-tests/test99-jest.spec.js
PASS issue/results-node/result-jest-128-tests/test57-jest.spec.js
PASS issue/results-node/result-jest-128-tests/test68-jest.spec.js
PASS issue/results-node/result-jest-128-tests/test16-jest.spec.js
PASS issue/results-node/result-jest-128-tests/test85-jest.spec.js
PASS issue/results-node/result-jest-128-tests/test73-jest.spec.js

Test Suites: 128 passed, 128 total
Tests:       128 passed, 128 total
Snapshots:   0 total
Time:        4.645s
