# Elapsed time   CPU (%)     Real (MB)   Virtual (MB)
       0.000        0.000       36.055      545.566
       0.012        0.000       36.988      545.816
       0.024        0.000       39.043      546.766
       0.035        0.000       39.363      546.766
       0.047        0.000       40.637      547.770
       0.058        0.000       41.129      548.043
       0.070        0.000       42.938      553.793
       0.081        0.000       43.746      553.297
       0.093        0.000       45.020      553.297
       0.105        0.000       46.578      554.383
       0.116        0.000       47.148      554.465
       0.128        0.000       47.836      554.465
       0.140        0.000       49.320      554.715
       0.152        0.000       50.934      555.926
       0.170        0.000       51.262      555.926
       0.182        0.000       52.195      557.316
       0.194        0.000       52.469      557.316
       0.205        0.000       52.699      557.816
       0.217        0.000       54.113      567.266
       0.230        0.000       57.520      578.539
       0.249        0.000       57.840      578.621
       0.267        0.000       58.621      602.785
       0.285        0.000       61.441      602.785
       0.305        0.000      183.535     2746.879
       0.351        0.000       65.559      602.785
       0.396        0.000       71.281      604.551
       0.439        0.000       78.344      620.961
       0.482        0.000       83.641      623.711
       0.532        0.000       95.453      624.441
       0.572        0.000      124.898     1159.883
       0.609        0.000      235.164     2780.043
       0.655        0.000      249.438     2784.426
       0.702        0.000      259.750     2795.008
       0.755        0.000      274.465     2814.484
       0.825        0.000      289.773     2839.125
       0.897        0.000      305.227     2861.227
       0.964        0.000      314.008     2864.281
       1.009        0.000      332.035     2870.094
       1.076        0.000      346.512     2878.047
       1.148        0.000      351.070     2898.543
       1.218        0.000      365.035     2934.520
       1.289        0.000      384.496     2954.148
       1.356        0.000      404.230     2960.543
       1.410        0.000      422.539     2968.828
       1.454        0.000      447.770     2987.828
       1.500        0.000      455.109     2988.859
       1.547        0.000      470.043     2999.516
       1.598        0.000      480.840     3007.922
       1.644        0.000      483.668     3008.922
       1.690        0.000      485.473     3010.172
       1.734        0.000      491.684     3017.922
       1.784        0.000      493.746     3019.172
       1.827        0.000      501.562     3027.398
       1.877        0.000      504.773     3029.430
       1.930        0.000      510.684     3035.680
       1.982        0.000      519.395     3045.070
       2.041        0.000      526.574     3051.883
       2.106        0.000      528.160     3052.797
       2.181        0.000      527.973     3052.301
       2.251        0.000      528.766     3052.711
       2.323        0.000      528.766     3052.711
       2.395        0.000      530.348     3053.094
       2.467        0.000      531.473     3053.531
       2.539        0.000      531.730     3053.531
       2.611        0.000      533.258     3054.281
       2.683        0.000      535.766     3056.379
       2.742        0.000      536.527     3056.770
       2.786        0.000      538.332     3058.270
       2.831        0.000      546.293     3066.770
       2.878        0.000      553.480     3074.062
       2.941        0.000      558.625     3080.062
       3.013        0.000      570.902     3092.562
       3.085        0.000      578.832     3100.094
       3.158        0.000      586.699     3109.344
       3.204        0.000      593.660     3115.473
       3.249        0.000      595.832     3117.012
       3.290        0.000      598.402     3119.512
       3.333        0.000      607.680     3129.895
       3.377        0.000      616.801     3140.168
       3.427        0.000      618.852     3141.418
       3.472        0.000      621.688     3143.797
       3.515        0.000      633.344     3155.844
       3.582        0.000      642.750     3165.102
       3.643        0.000      645.832     3167.777
       3.688        0.000      648.426     3170.289
       3.735        0.000      659.246     3180.336
       3.787        0.000      669.543     3190.336
       3.836        0.000      671.492     3192.227
       3.883        0.000      677.219     3198.828
       3.932        0.000      682.887     3204.328
       3.978        0.000      685.457     3206.078
       4.022        0.000      695.754     3216.977
       4.088        0.000      706.574     3228.727
       4.158        0.000      700.578     3222.805
       4.226        0.000      702.898     3223.805
       4.286        0.000      708.938     3229.938
       4.334        0.000      710.992     3232.141
       4.382        0.000      702.324     3222.637
       4.453        0.000      663.906     3182.879
       4.517        0.000      664.004     3183.191
       4.589        0.000      664.004     3183.191
       4.645        0.000      664.004     3183.191
       4.689        0.000      664.004     3183.191
       4.735        0.000      664.609     3183.191
       4.781        0.000      664.297     3183.320
       4.848        0.000      664.297     3183.320
       4.922        0.000      664.297     3183.320
       4.993        0.000      664.031     3183.320
       5.065        0.000      663.797     3183.320
       5.133        0.000      663.797     3183.320
       5.208        0.000      664.059     3183.320
       5.279        0.000      664.059     3183.320
       5.343        0.000      664.574     3183.320
       5.389        0.000      664.574     3183.320
       5.433        0.000      664.574     3183.484
       5.479        0.000      664.758     3183.648
       5.525        0.000      665.270     3183.941
       5.571        0.000      665.270     3183.941
       5.616        0.000      665.270     3184.105
       5.660        0.000      665.508     3184.246
       5.706        0.000      665.508     3184.246
       5.754        0.000      665.508     3184.246
       5.799        0.000      665.508     3184.246
       5.842        0.000      665.508     3184.410
       5.886        0.000      666.789     3185.660
       5.942        0.000      665.109     3183.660
       5.988        0.000      665.109     3183.910
       6.031        0.000      665.441     3184.410
       6.079        0.000      663.438     3182.410
       6.128        0.000      662.902     3181.410
       6.177        0.000      663.156     3181.410
       6.222        0.000      663.156     3181.410
       6.265        0.000      663.410     3181.660
       6.308        0.000      663.188     3181.660
       6.356        0.000      663.957     3182.910
       6.414        0.000      664.000     3182.574
       6.459        0.000      664.512     3183.230
       6.505        0.000      663.840     3182.387
       6.553        0.000      663.840     3182.387
       6.596        0.000      663.840     3182.387
       6.640        0.000      663.840     3182.387
       6.686        0.000      663.840     3182.387
       6.730        0.000      663.840     3182.387
       6.774        0.000      663.844     3182.387
       6.824        0.000      664.023     3182.387
       6.897        0.000      664.023     3182.387
       6.968        0.000      664.023     3182.387
       7.039        0.000      666.516     3183.898
       7.107        0.000      664.492     3182.910
       7.179        0.000      664.496     3182.910
       7.238        0.000      664.664     3183.047
       7.298        0.000      664.664     3183.047
       7.342        0.000      665.172     3183.047
       7.391        0.000      665.414     3183.047
       7.438        0.000      665.969     3183.297
       7.488        0.000      665.969     3183.547
       7.534        0.000      667.613     3185.430
       7.580        0.000      668.129     3185.430
       7.625        0.000      669.156     3186.422
       7.671        0.000      670.957     3188.672
       7.715        0.000      672.742     3190.156
       7.759        0.000      677.305     3195.203
       7.807        0.000      677.695     3195.812
       7.859        0.000      678.465     3196.250
       7.907        0.000      676.688     3195.219
       7.955        0.000      677.609     3195.375
       8.000        0.000      678.379     3196.375
       8.058        0.000      679.055     3196.875
       8.131        0.000      682.910     3201.375
       8.179        0.000      681.426     3199.348
       8.228        0.000      681.570     3199.348
       8.275        0.000      681.570     3199.348
       8.319        0.000      640.293     3197.098
       8.377        0.000      640.293     3197.340
       8.449        0.000      640.430     3197.340
       8.519        0.000      639.668     3196.332
       8.574        0.000      639.668     3196.645
       8.618        0.000      639.840     3196.645
       8.665        0.000      639.840     3196.645
       8.710        0.000      639.840     3196.645
       8.757        0.000      639.840     3196.645
       8.801        0.000      639.840     3196.645
       8.851        0.000      639.840     3196.645
       8.898        0.000      639.840     3196.645
       8.944        0.000      636.727     3192.645
       8.993        0.000      636.727     3192.645
       9.040        0.000      636.727     3192.645
       9.087        0.000      636.727     3192.645
       9.131        0.000      636.727     3192.645
       9.175        0.000      636.727     3192.645
       9.220        0.000      636.727     3192.645
       9.265        0.000      637.105     3192.645
       9.314        0.000      637.105     3192.645
       9.357        0.000      637.105     3192.645
       9.401        0.000      636.766     3192.645
       9.448        0.000      636.766     3192.645
       9.494        0.000      637.277     3192.645
       9.551        0.000      636.805     3192.895
       9.623        0.000      637.055     3192.895
       9.696        0.000      634.121     3190.086
       9.768        0.000      634.375     3190.086
       9.842        0.000      634.848     3190.086
       9.912        0.000      631.941     3186.406
       9.986        0.000      631.992     3186.562
      10.058        0.000      632.336     3186.562
      10.132        0.000      632.594     3186.562
      10.203        0.000      632.594     3186.562
      10.276        0.000      632.594     3187.062
      10.335        0.000      633.309     3187.562
      10.376        0.000      633.496     3187.656
      10.423        0.000      634.766     3188.156
      10.467        0.000      638.426     3192.812
      10.514        0.000      637.992     3191.801
      10.563        0.000      637.992     3191.801
      10.609        0.000      637.992     3191.801
      10.655        0.000      637.992     3191.801
      10.698        0.000      638.250     3191.801
      10.746        0.000      638.250     3191.801
      10.791        0.000      638.250     3191.801
      10.839        0.000      638.500     3192.164
      10.886        0.000      638.500     3192.293
      10.932        0.000      639.262     3192.656
      10.979        0.000      638.988     3192.656
      11.027        0.000      638.988     3192.656
      11.072        0.000      639.246     3192.656
      11.118        0.000      639.496     3193.020
      11.164        0.000      639.496     3193.020
      11.210        0.000      637.930     3191.910
      11.271        0.000      638.117     3191.910
      11.321        0.000      636.344     3190.883
      11.386        0.000      636.645     3190.883
      11.445        0.000      636.680     3190.883
      11.489        0.000      636.680     3191.133
      11.535        0.000      636.680     3191.133
      11.580        0.000      636.918     3191.133
      11.625        0.000      637.273     3191.383
      11.670        0.000      637.770     3191.383
      11.717        0.000      638.027     3191.383
      11.777        0.000      629.074     3182.387
      11.824        0.000      629.168     3182.387
      11.868        0.000      628.594     3181.871
      11.913        0.000      628.594     3182.000
      11.958        0.000      628.883     3182.000
      12.004        0.000      629.395     3182.156
      12.051        0.000      629.680     3182.156
      12.097        0.000      629.930     3182.520
      12.143        0.000      629.930     3182.520
      12.189        0.000      630.145     3182.520
      12.235        0.000      630.402     3182.520
      12.280        0.000      630.660     3182.520
      12.327        0.000      630.660     3182.520
      12.372        0.000      630.660     3182.520
      12.420        0.000      630.660     3182.520
      12.465        0.000      630.660     3182.520
      12.511        0.000      630.660     3182.520
      12.556        0.000      630.660     3182.770
      12.601        0.000      630.234     3182.656
      12.649        0.000      630.750     3182.906
      12.694        0.000      631.008     3182.906
      12.740        0.000      628.668     3180.410
      12.808        0.000      628.926     3180.410
      12.880        0.000      631.961     3184.039
      12.954        0.000      636.320     3188.789
      13.026        0.000      635.422     3187.289
      13.101        0.000      635.422     3187.289
      13.173        0.000      635.422     3187.289
      13.246        0.000      635.422     3187.289
      13.318        0.000      635.422     3187.289
      13.370        0.000      635.391     3187.289
      13.419        0.000      635.391     3187.289
      13.471        0.000      635.645     3187.289
      13.544        0.000      637.660     3188.789
      13.615        0.000      638.176     3189.289
      13.658        0.000      638.691     3190.039
      13.701        0.000      642.297     3194.289
      13.747        0.000      643.070     3194.539
      13.793        0.000      643.844     3195.289
      13.837        0.000      642.977     3194.078
      13.885        0.000      642.977     3194.078
      13.931        0.000      642.977     3194.078
      13.976        0.000      643.270     3194.078
      14.025        0.000      643.270     3194.078
      14.079        0.000      643.270     3194.078
      14.153        0.000      643.270     3194.078
      14.225        0.000      643.270     3194.078
      14.274        0.000      642.594     3194.078
      14.342        0.000      642.211     3194.078
      14.401        0.000      642.211     3194.078
      14.455        0.000      642.211     3194.078
      14.500        0.000      641.465     3194.578
      14.548        0.000      641.531     3194.578
      14.592        0.000      641.699     3194.828
      14.642        0.000      641.699     3194.828
      14.689        0.000      642.980     3196.328
      14.746        0.000      643.496     3196.578
      14.815        0.000      643.809     3196.328
      14.889        0.000      645.043     3196.328
      14.961        0.000      644.676     3195.773
      15.035        0.000      644.930     3195.930
      15.108        0.000      644.930     3195.930
      15.179        0.000      644.930     3195.930
      15.222        0.000      644.930     3195.930
      15.267        0.000      644.930     3196.086
      15.314        0.000      645.184     3196.086
      15.361        0.000      645.184     3196.086
      15.412        0.000      645.797     3196.633
      15.475        0.000      645.797     3196.883
      15.519        0.000      645.375     3198.414
      15.586        0.000      645.375     3198.414
      15.634        0.000      645.375     3198.414
      15.681        0.000      645.375     3198.414
      15.726        0.000      645.375     3198.414
      15.772        0.000      645.375     3198.414
      15.821        0.000      645.375     3198.414
      15.865        0.000      646.043     3198.414
      15.911        0.000      646.297     3198.414
      15.957        0.000      646.297     3198.414
      16.004        0.000      646.297     3198.414
      16.048        0.000      646.297     3198.414
      16.096        0.000      646.297     3198.414
      16.144        0.000      646.805     3198.414
      16.192        0.000      646.805     3198.414
      16.237        0.000      646.840     3198.414
      16.285        0.000      650.141     3202.711
      16.331        0.000      649.129     3200.961
      16.382        0.000      649.129     3200.961
      16.428        0.000      649.129     3200.961
      16.474        0.000      649.387     3200.961
      16.519        0.000      649.387     3200.961
      16.563        0.000      649.387     3200.961
      16.608        0.000      649.387     3201.211
      16.653        0.000      649.652     3201.211
      16.700        0.000      648.938     3201.461
      16.746        0.000      649.195     3201.461
      16.791        0.000      649.480     3202.828
      16.855        0.000      650.516     3206.156
      16.920        0.000      650.566     3206.766
      16.993        0.000      651.301     3207.516
      17.066        0.000      651.688     3207.766
      17.127        0.000      651.945     3208.266
      17.173        0.000      652.691     3208.766
      17.218        0.000      653.207     3209.516
      17.258        0.000      100.598     1196.055
      17.289        0.000       52.867      618.691
      17.301        0.000       52.867      618.691
      17.312        0.000       52.867      618.691
      17.323        0.000       52.867      618.691
      17.333        0.000       52.867      618.691
      17.343        0.000        1.785        6.688
