# Elapsed time   CPU (%)     Real (MB)   Virtual (MB)
       0.000        0.000       38.137      545.566
       0.013        0.000       39.328      545.816
       0.026        0.000       41.012      546.773
       0.039        0.000       41.457      547.023
       0.051        0.000       43.141      548.027
       0.066        0.000       43.141      548.027
       0.079        0.000       46.129      554.012
       0.092        0.000       46.773      554.012
       0.104        0.000       47.793      554.012
       0.116        0.000       48.359      554.426
       0.129        0.000       48.891      554.426
       0.141        0.000       50.027      554.426
       0.154        0.000       51.906      555.734
       0.166        0.000       52.371      555.926
       0.178        0.000       52.656      555.926
       0.191        0.000       53.707      557.316
       0.203        0.000       53.902      557.316
       0.216        0.000       54.152      557.816
       0.227        0.000       59.293      578.418
       0.248        0.000       59.523      578.703
       0.266        0.000       57.355      569.859
       0.283        0.000       62.773      604.961
       0.302        0.000       66.430      604.691
       0.322        0.000       99.047     1139.504
       0.353        0.000      195.117     2755.793
       0.416        0.000       71.918      604.691
       0.459        0.000       73.691      604.941
       0.495        0.000       77.684      622.441
       0.536        0.000       88.660      626.191
       0.572        0.000       99.285      626.191
       0.613        0.000      106.672      636.941
       0.655        0.000      113.355      643.191
       0.695        0.000      161.266     1697.512
       0.748        0.000      237.719     2782.203
       0.797        0.000      248.887     2785.859
       0.843        0.000      255.996     2804.395
       0.893        0.000      267.539     2812.234
       0.950        0.000      281.020     2819.539
       1.004        0.000      291.543     2850.469
       1.076        0.000      308.980     2863.355
       1.148        0.000      324.418     2869.207
       1.219        0.000      338.727     2874.574
       1.287        0.000      344.977     2895.637
       1.339        0.000      348.293     2898.047
       1.381        0.000      356.438     2915.547
       1.427        0.000      373.762     2950.043
       1.488        0.000      396.582     2957.543
       1.550        0.000      410.590     2961.824
       1.596        0.000      444.668     2983.973
       1.665        0.000      462.918     2994.730
       1.720        0.000      474.922     3003.871
       1.770        0.000      476.723     3005.621
       1.815        0.000      479.301     3007.871
       1.860        0.000      481.363     3009.621
       1.905        0.000      492.152     3022.871
       1.978        0.000      497.359     3025.223
       2.051        0.000      509.914     3035.816
       2.129        0.000      521.633     3047.949
       2.202        0.000      519.793     3045.609
       2.279        0.000      518.562     3044.117
       2.341        0.000      518.867     3043.871
       2.388        0.000      519.195     3044.023
       2.433        0.000      519.195     3044.023
       2.479        0.000      519.195     3044.168
       2.523        0.000      519.449     3044.168
       2.567        0.000      520.094     3043.812
       2.622        0.000      520.094     3043.812
       2.695        0.000      520.516     3043.969
       2.771        0.000      522.500     3045.719
       2.845        0.000      525.566     3049.000
       2.913        0.000      526.848     3049.500
       2.960        0.000      531.207     3054.879
       3.012        0.000      535.566     3059.875
       3.087        0.000      546.320     3070.879
       3.161        0.000      550.770     3074.023
       3.235        0.000      568.121     3092.656
       3.307        0.000      572.742     3095.707
       3.380        0.000      580.453     3103.602
       3.450        0.000      593.609     3118.238
       3.521        0.000      596.441     3120.238
       3.576        0.000      598.758     3122.488
       3.622        0.000      611.648     3136.633
       3.671        0.000      614.648     3138.383
       3.726        0.000      621.078     3144.668
       3.777        0.000      627.891     3151.957
       3.831        0.000      637.570     3162.508
       3.881        0.000      640.324     3163.898
       3.929        0.000      647.020     3172.543
       4.004        0.000      661.453     3186.699
       4.073        0.000      655.613     3178.695
       4.123        0.000      657.875     3180.445
       4.170        0.000      663.023     3186.945
       4.221        0.000      668.160     3192.195
       4.286        0.000      675.633     3197.945
       4.361        0.000      682.070     3204.695
       4.436        0.000      673.328     3195.902
       4.510        0.000      639.469     3160.711
       4.565        0.000      639.633     3160.867
       4.608        0.000      639.766     3160.867
       4.653        0.000      639.766     3160.867
       4.696        0.000      639.727     3160.996
       4.756        0.000      639.750     3161.402
       4.831        0.000      638.625     3161.402
       4.904        0.000      638.625     3161.402
       4.979        0.000      638.625     3161.402
       5.053        0.000      638.973     3161.402
       5.129        0.000      638.977     3161.402
       5.202        0.000      639.023     3161.402
       5.277        0.000      640.766     3163.012
       5.350        0.000      641.277     3163.512
       5.410        0.000      644.875     3167.762
       5.451        0.000      645.391     3167.762
       5.495        0.000      645.648     3168.262
       5.539        0.000      646.680     3169.012
       5.586        0.000      647.195     3169.512
       5.631        0.000      650.820     3173.230
       5.689        0.000      651.594     3173.793
       5.745        0.000      652.363     3174.457
       5.791        0.000      653.395     3174.707
       5.837        0.000      654.355     3175.621
       5.884        0.000      658.215     3180.121
       5.932        0.000      654.219     3175.352
       5.981        0.000      654.219     3175.352
       6.026        0.000      654.738     3175.016
       6.095        0.000      654.738     3175.016
       6.141        0.000      654.738     3175.016
       6.185        0.000      656.242     3176.766
       6.238        0.000      653.695     3175.016
       6.292        0.000      651.086     3172.266
       6.340        0.000      650.902     3172.266
       6.401        0.000      650.902     3172.266
       6.447        0.000      650.902     3172.266
       6.495        0.000      650.922     3172.266
       6.546        0.000      650.922     3172.266
       6.592        0.000      650.922     3172.266
       6.640        0.000      650.922     3172.266
       6.686        0.000      650.922     3172.266
       6.731        0.000      648.480     3172.266
       6.783        0.000      647.566     3172.266
       6.830        0.000      647.566     3172.266
       6.876        0.000      647.566     3172.266
       6.921        0.000      647.566     3172.266
       6.969        0.000      647.566     3172.266
       7.036        0.000      647.566     3172.266
       7.107        0.000      647.566     3172.266
       7.161        0.000      647.566     3172.266
       7.205        0.000      647.820     3172.266
       7.252        0.000      647.820     3172.266
       7.299        0.000      649.176     3173.031
       7.356        0.000      648.379     3173.031
       7.401        0.000      648.379     3173.031
       7.448        0.000      648.145     3172.508
       7.499        0.000      647.789     3172.664
       7.545        0.000      647.789     3172.820
       7.590        0.000      648.305     3172.820
       7.639        0.000      648.555     3173.320
       7.686        0.000      649.363     3174.109
       7.738        0.000      649.879     3175.109
       7.785        0.000      655.016     3180.109
       7.836        0.000      656.602     3182.109
       7.883        0.000      657.375     3183.109
       7.927        0.000      656.969     3182.602
       7.996        0.000      662.891     3189.094
       8.070        0.000      659.512     3184.430
       8.145        0.000      664.207     3189.199
       8.207        0.000      662.602     3187.539
       8.264        0.000      664.336     3188.938
       8.339        0.000      665.352     3189.930
       8.412        0.000      669.734     3194.430
       8.486        0.000      666.676     3190.766
       8.549        0.000      666.406     3190.062
       8.594        0.000      666.406     3190.191
       8.639        0.000      666.406     3190.348
       8.683        0.000      666.406     3190.348
       8.727        0.000      666.406     3190.484
       8.775        0.000      666.406     3190.484
       8.820        0.000      631.480     3187.234
       8.871        0.000      631.480     3187.234
       8.915        0.000      631.480     3187.234
       8.963        0.000      631.480     3187.234
       9.009        0.000      631.480     3187.234
       9.052        0.000      631.480     3187.234
       9.096        0.000      631.480     3187.234
       9.142        0.000      631.484     3187.234
       9.189        0.000      631.484     3187.234
       9.233        0.000      631.898     3187.234
       9.281        0.000      631.898     3187.234
       9.327        0.000      631.898     3187.234
       9.371        0.000      631.898     3187.234
       9.417        0.000      631.898     3187.234
       9.466        0.000      631.898     3187.234
       9.510        0.000      631.898     3187.234
       9.554        0.000      632.152     3187.234
       9.601        0.000      632.078     3187.234
       9.647        0.000      632.078     3187.234
       9.692        0.000      631.203     3186.145
       9.740        0.000      631.203     3186.145
       9.788        0.000      633.758     3189.145
       9.833        0.000      631.648     3187.523
       9.885        0.000      631.844     3187.523
       9.930        0.000      632.102     3187.523
       9.998        0.000      631.816     3186.766
      10.072        0.000      631.863     3186.766
      10.120        0.000      632.043     3186.766
      10.165        0.000      632.555     3186.766
      10.211        0.000      632.148     3186.766
      10.255        0.000      632.250     3186.766
      10.301        0.000      632.250     3186.766
      10.350        0.000      632.250     3186.766
      10.396        0.000      632.250     3186.766
      10.441        0.000      631.441     3185.984
      10.495        0.000      631.441     3185.984
      10.540        0.000      631.441     3185.984
      10.584        0.000      631.359     3185.832
      10.629        0.000      631.359     3185.832
      10.676        0.000      631.359     3185.988
      10.723        0.000      631.359     3185.988
      10.771        0.000      631.664     3185.988
      10.832        0.000      631.664     3185.988
      10.891        0.000      632.105     3185.988
      10.935        0.000      632.105     3185.988
      10.982        0.000      632.105     3185.988
      11.044        0.000      632.105     3185.988
      11.099        0.000      631.621     3185.988
      11.147        0.000      631.320     3186.352
      11.193        0.000      631.578     3186.730
      11.238        0.000      631.578     3186.730
      11.284        0.000      631.824     3186.980
      11.329        0.000      631.824     3186.980
      11.375        0.000      632.566     3187.344
      11.426        0.000      626.363     3180.848
      11.474        0.000      626.363     3180.848
      11.520        0.000      625.840     3180.848
      11.568        0.000      625.840     3180.848
      11.614        0.000      625.840     3181.098
      11.663        0.000      628.152     3183.598
      11.736        0.000      628.988     3184.465
      11.810        0.000      629.672     3184.965
      11.860        0.000      630.188     3185.711
      11.905        0.000      634.051     3189.965
      11.952        0.000      630.543     3185.461
      12.004        0.000      630.367     3185.242
      12.051        0.000      630.516     3185.555
      12.095        0.000      630.773     3185.555
      12.140        0.000      631.543     3185.555
      12.184        0.000      629.535     3183.309
      12.236        0.000      629.789     3183.309
      12.296        0.000      629.043     3183.309
      12.354        0.000      629.043     3183.309
      12.400        0.000      628.863     3183.461
      12.448        0.000      628.863     3183.461
      12.493        0.000      628.863     3183.461
      12.540        0.000      629.121     3183.461
      12.588        0.000      629.121     3183.461
      12.638        0.000      629.379     3183.461
      12.703        0.000      629.453     3183.605
      12.754        0.000      629.453     3183.605
      12.818        0.000      629.453     3183.605
      12.894        0.000      630.227     3183.605
      12.965        0.000      630.227     3183.605
      13.012        0.000      630.227     3183.855
      13.059        0.000      630.469     3183.855
      13.106        0.000      630.984     3184.855
      13.151        0.000      634.863     3189.355
      13.198        0.000      635.637     3190.105
      13.245        0.000      635.066     3188.605
      13.299        0.000      635.066     3188.605
      13.346        0.000      635.066     3188.605
      13.393        0.000      635.066     3188.605
      13.439        0.000      634.773     3188.461
      13.485        0.000      634.773     3188.742
      13.533        0.000      635.020     3188.992
      13.580        0.000      634.328     3188.992
      13.627        0.000      634.586     3189.242
      13.672        0.000      634.844     3189.492
      13.720        0.000      634.844     3189.742
      13.768        0.000      635.613     3189.992
      13.816        0.000      636.129     3190.742
      13.861        0.000      640.480     3195.492
      13.908        0.000      642.820     3197.992
      13.975        0.000      642.473     3196.492
      14.052        0.000      641.207     3195.309
      14.125        0.000      641.613     3195.465
      14.200        0.000      641.613     3195.465
      14.271        0.000      641.613     3195.465
      14.343        0.000      640.848     3194.949
      14.414        0.000      640.898     3194.625
      14.463        0.000      641.414     3195.078
      14.510        0.000      641.414     3195.078
      14.560        0.000      641.449     3195.078
      14.636        0.000      641.449     3195.078
      14.711        0.000      641.695     3195.078
      14.786        0.000      641.945     3195.078
      14.860        0.000      642.199     3195.078
      14.936        0.000      642.703     3195.328
      15.009        0.000      642.934     3196.855
      15.057        0.000      642.934     3196.855
      15.106        0.000      643.188     3196.855
      15.155        0.000      643.188     3196.855
      15.199        0.000      643.176     3196.566
      15.248        0.000      643.434     3196.723
      15.294        0.000      643.688     3196.879
      15.342        0.000      645.004     3197.336
      15.387        0.000      644.508     3196.758
      15.435        0.000      644.508     3196.914
      15.480        0.000      644.508     3196.914
      15.527        0.000      645.258     3197.512
      15.579        0.000      645.258     3197.512
      15.622        0.000      645.516     3197.512
      15.666        0.000      645.070     3197.059
      15.711        0.000      646.828     3199.059
      15.760        0.000      645.629     3197.309
      15.811        0.000      645.629     3197.309
      15.856        0.000      645.723     3197.309
      15.902        0.000      646.980     3199.371
      15.973        0.000      647.398     3199.168
      16.047        0.000      647.398     3199.168
      16.122        0.000      646.398     3199.168
      16.197        0.000      646.398     3199.168
      16.273        0.000      647.418     3199.168
      16.347        0.000      647.887     3199.715
      16.423        0.000      647.887     3199.715
      16.494        0.000      647.887     3199.715
      16.540        0.000      648.109     3199.715
      16.585        0.000      648.367     3199.715
      16.629        0.000      648.367     3199.715
      16.680        0.000      649.066     3201.012
      16.726        0.000      649.516     3201.512
      16.775        0.000      650.031     3201.762
      16.821        0.000      653.656     3206.012
      16.888        0.000      651.875     3204.152
      16.939        0.000      652.062     3204.152
      16.984        0.000      651.516     3204.152
      17.035        0.000      651.516     3204.152
      17.087        0.000      651.516     3204.402
      17.133        0.000      651.516     3204.402
      17.185        0.000      651.770     3204.652
      17.253        0.000      651.770     3204.652
      17.298        0.000      651.770     3204.652
      17.345        0.000      652.523     3205.449
      17.389        0.000      651.492     3205.594
      17.437        0.000      651.492     3206.094
      17.484        0.000      651.949     3206.094
      17.530        0.000      652.207     3206.094
      17.577        0.000      652.680     3207.094
      17.625        0.000      653.102     3207.594
      17.688        0.000      653.875     3210.984
      17.739        0.000      653.875     3211.234
      17.783        0.000      654.133     3211.234
      17.837        0.000      657.215     3215.484
      17.899        0.000      656.062     3213.766
      17.950        0.000      656.898     3214.078
      17.996        0.000      657.402     3215.328
      18.044        0.000      658.359     3216.246
      18.100        0.000      660.266     3216.496
      18.146        0.000      662.512     3217.004
      18.193        0.000      665.602     3220.004
      18.240        0.000      666.625     3220.254
      18.289        0.000      666.625     3220.504
      18.339        0.000      667.141     3220.754
      18.385        0.000      668.688     3223.004
      18.432        0.000      669.203     3223.254
      18.482        0.000      669.910     3223.504
      18.530        0.000      670.684     3223.754
      18.576        0.000      670.941     3224.254
      18.621        0.000      673.004     3226.754
      18.670        0.000      673.469     3226.891
      18.716        0.000      674.242     3227.891
      18.765        0.000      674.422     3228.141
      18.815        0.000      674.680     3228.391
      18.862        0.000      678.547     3232.641
      18.910        0.000      678.320     3232.641
      18.957        0.000      678.242     3232.766
      19.005        0.000      679.016     3233.516
      19.051        0.000      679.223     3234.016
      19.097        0.000      683.332     3237.766
      19.147        0.000      684.613     3240.266
      19.202        0.000      685.188     3239.547
      19.277        0.000      689.094     3243.875
      19.352        0.000      689.352     3244.031
      19.396        0.000      689.867     3244.281
      19.440        0.000      690.383     3245.031
      19.488        0.000      690.898     3245.281
      19.535        0.000      695.023     3249.531
      19.581        0.000      696.348     3250.070
      19.629        0.000      697.633     3251.820
      19.677        0.000      700.418     3253.270
      19.732        0.000      703.816     3257.770
      19.783        0.000      704.074     3257.770
      19.830        0.000      705.594     3258.398
      19.882        0.000      706.219     3259.148
      19.930        0.000      706.988     3259.648
      19.976        0.000      711.113     3263.898
      20.022        0.000      711.629     3264.148
      20.067        0.000      711.887     3264.648
      20.113        0.000      712.660     3265.148
      20.158        0.000      712.402     3265.648
      20.210        0.000      716.672     3269.898
      20.265        0.000      717.445     3270.297
      20.309        0.000      717.961     3270.797
      20.353        0.000      718.477     3271.547
      20.401        0.000      723.633     3276.297
      20.470        0.000      725.180     3277.453
      20.548        0.000      725.949     3278.453
      20.603        0.000      730.074     3282.840
      20.651        0.000      730.848     3283.340
      20.696        0.000      731.621     3284.242
      20.742        0.000      736.262     3288.492
      20.802        0.000      737.293     3289.898
      20.864        0.000      738.066     3290.398
      20.913        0.000      742.191     3295.555
      20.960        0.000      743.414     3295.805
      21.007        0.000      743.930     3296.555
      21.052        0.000      749.344     3303.055
      21.103        0.000      750.332     3302.555
      21.155        0.000      751.621     3303.434
      21.202        0.000      752.137     3303.934
      21.248        0.000      756.777     3308.320
      21.298        0.000      757.707     3309.070
      21.346        0.000      758.223     3309.820
      21.391        0.000      762.602     3314.570
      21.441        0.000      762.633     3314.820
      21.486        0.000      763.922     3315.840
      21.534        0.000      764.297     3316.473
      21.582        0.000      768.164     3321.223
      21.644        0.000      768.723     3321.605
      21.695        0.000      769.496     3322.355
      21.740        0.000      773.562     3327.105
      21.792        0.000      774.336     3327.605
      21.867        0.000      776.273     3329.355
      21.943        0.000      777.789     3330.605
      22.019        0.000      782.172     3334.855
      22.094        0.000      783.223     3335.605
      22.168        0.000      784.254     3336.508
      22.242        0.000      788.379     3340.758
      22.292        0.000      788.895     3341.414
      22.339        0.000      789.410     3341.914
      22.386        0.000      790.441     3342.414
      22.439        0.000      791.098     3343.414
      22.487        0.000      795.223     3348.070
      22.534        0.000      796.102     3348.320
      22.581        0.000      796.637     3348.820
      22.631        0.000      797.152     3349.570
      22.676        0.000      797.664     3350.070
      22.721        0.000      801.227     3353.832
      22.768        0.000      802.000     3354.613
      22.813        0.000      803.801     3356.520
      22.861        0.000      804.344     3356.770
      22.908        0.000      806.438     3359.668
      22.952        0.000      809.289     3362.168
      23.022        0.000      810.578     3362.668
      23.094        0.000      811.352     3363.668
      23.161        0.000      814.961     3367.918
      23.205        0.000      815.734     3368.559
      23.253        0.000      816.766     3369.059
      23.299        0.000      817.219     3369.309
      23.348        0.000      817.992     3370.199
      23.394        0.000      822.633     3375.008
      23.443        0.000      823.914     3375.824
      23.489        0.000      824.430     3376.324
      23.535        0.000      824.945     3377.074
      23.582        0.000      825.715     3377.574
      23.630        0.000      829.926     3381.574
      23.681        0.000      830.441     3382.074
      23.727        0.000      831.215     3382.574
      23.777        0.000      831.695     3383.074
      23.830        0.000      836.594     3388.574
      23.880        0.000      837.746     3389.160
      23.955        0.000      839.016     3390.660
      24.016        0.000      839.789     3391.910
      24.072        0.000      843.082     3396.410
      24.136        0.000      843.887     3397.160
      24.181        0.000      844.918     3398.297
      24.229        0.000      850.043     3403.863
      24.276        0.000      850.559     3403.863
      24.324        0.000      852.105     3404.863
      24.370        0.000      856.230     3409.613
      24.418        0.000      858.285     3410.820
      24.465        0.000      858.250     3410.781
      24.525        0.000      861.602     3415.094
      24.601        0.000      801.785     3354.043
      24.676        0.000      802.285     3354.043
      24.753        0.000      803.570     3355.293
      24.822        0.000      802.973     3353.891
      24.868        0.000      803.723     3354.203
      24.914        0.000      803.723     3354.203
      24.961        0.000      804.238     3354.203
      25.006        0.000      804.238     3354.203
      25.052        0.000      805.488     3355.020
      25.101        0.000      805.488     3355.020
      25.146        0.000      806.258     3355.020
      25.207        0.000      806.258     3355.164
      25.252        0.000      806.258     3355.164
      25.298        0.000      806.523     3355.305
      25.350        0.000      806.523     3355.305
      25.395        0.000      805.781     3355.305
      25.441        0.000      805.781     3355.305
      25.486        0.000      805.781     3355.305
      25.551        0.000      805.781     3355.305
      25.596        0.000      805.781     3355.305
      25.643        0.000      806.543     3355.555
      25.688        0.000      806.543     3355.555
      25.731        0.000      806.543     3355.555
      25.777        0.000      806.543     3355.805
      25.824        0.000      807.312     3356.805
      25.871        0.000      807.566     3356.805
      25.929        0.000      808.082     3357.555
      25.993        0.000      805.430     3356.969
      26.055        0.000      805.430     3356.969
      26.099        0.000      805.430     3356.969
      26.143        0.000      806.766     3358.719
      26.190        0.000      807.535     3359.219
      26.238        0.000      807.793     3359.469
      26.284        0.000      810.887     3359.969
      26.329        0.000      812.434     3361.469
      26.374        0.000      813.207     3361.969
      26.432        0.000      816.043     3365.219
      26.507        0.000      817.074     3365.469
      26.581        0.000      818.105     3366.598
      26.656        0.000      819.941     3369.348
      26.731        0.000      821.289     3370.598
      26.807        0.000      824.898     3374.250
      26.883        0.000      826.180     3376.250
      26.958        0.000      830.531     3380.387
      27.034        0.000      755.871     3304.887
      27.110        0.000      757.059     3305.887
      27.183        0.000      757.832     3306.637
      27.231        0.000      762.211     3310.930
      27.281        0.000      762.727     3311.180
      27.328        0.000      764.008     3312.180
      27.403        0.000      766.586     3315.180
      27.453        0.000      768.391     3317.430
      27.500        0.000      769.680     3317.824
      27.544        0.000      770.195     3318.824
      27.591        0.000      774.320     3323.719
      27.636        0.000      775.352     3323.719
      27.681        0.000      776.125     3324.469
      27.729        0.000      776.898     3325.219
      27.776        0.000      781.531     3329.969
      27.838        0.000      774.613     3322.270
      27.911        0.000      774.645     3323.020
      27.983        0.000      778.770     3327.656
      28.050        0.000      779.285     3327.656
      28.097        0.000      780.059     3328.406
      28.142        0.000      780.574     3328.785
      28.188        0.000      781.348     3329.285
      28.233        0.000      785.883     3334.285
      28.292        0.000      786.914     3334.441
      28.367        0.000      787.688     3335.441
      28.440        0.000      791.812     3340.441
      28.509        0.000      792.582     3340.598
      28.556        0.000      793.613     3341.348
      28.601        0.000      794.387     3341.848
      28.648        0.000      798.512     3346.598
      28.706        0.000      799.285     3347.098
      28.758        0.000      800.059     3348.098
      28.805        0.000      804.699     3352.746
      28.859        0.000      768.504     3315.746
      28.913        0.000      770.215     3317.648
      28.960        0.000      774.340     3322.148
      29.008        0.000      775.113     3322.789
      29.053        0.000      776.359     3323.539
      29.105        0.000      776.766     3323.539
      29.154        0.000      780.922     3328.168
      29.226        0.000      782.211     3329.668
      29.302        0.000      782.727     3330.168
      29.348        0.000      786.543     3335.562
      29.398        0.000      787.316     3335.562
      29.444        0.000      788.086     3336.062
      29.490        0.000      791.180     3339.961
      29.534        0.000      794.523     3341.961
      29.584        0.000      794.781     3342.211
      29.630        0.000      795.555     3342.961
      29.676        0.000      796.328     3343.711
      29.721        0.000      800.969     3348.711
      29.786        0.000      806.223     3354.246
      29.859        0.000      808.031     3355.996
      29.933        0.000      811.645     3359.129
      30.007        0.000      812.672     3360.129
      30.069        0.000      816.797     3365.031
      30.116        0.000      817.828     3365.031
      30.161        0.000      818.602     3365.531
      30.208        0.000      819.117     3366.281
      30.258        0.000      823.500     3371.281
      30.315        0.000      824.531     3371.281
      30.389        0.000      825.305     3372.188
      30.464        0.000      825.336     3372.938
      30.538        0.000      829.461     3377.574
      30.612        0.000      830.492     3378.324
      30.685        0.000      835.715     3383.859
      30.764        0.000      836.480     3384.109
      30.821        0.000      829.039     3376.613
      30.870        0.000      829.555     3377.113
      30.917        0.000      830.324     3377.613
      30.963        0.000      834.188     3382.863
      31.014        0.000      834.738     3383.121
      31.090        0.000      835.215     3385.621
      31.150        0.000      835.988     3386.770
      31.195        0.000      840.684     3391.520
      31.243        0.000      841.203     3391.660
      31.287        0.000      841.969     3392.660
      31.347        0.000      842.742     3393.410
      31.395        0.000      847.383     3398.160
      31.444        0.000      848.352     3398.410
      31.490        0.000      849.383     3399.562
      31.535        0.000      854.262     3404.562
      31.582        0.000      859.957     3408.445
      31.655        0.000      862.531     3410.695
      31.728        0.000      870.289     3419.336
      31.809        0.000      875.945     3428.336
      31.881        0.000      877.293     3429.586
      31.954        0.000      881.160     3433.086
      32.030        0.000      885.953     3438.586
      32.087        0.000      887.648     3439.719
      32.134        0.000      893.062     3444.719
      32.181        0.000      899.762     3448.719
      32.228        0.000      901.051     3449.766
      32.274        0.000      907.617     3455.824
      32.340        0.000      914.574     3463.273
      32.413        0.000      916.895     3465.680
      32.460        0.000      922.047     3471.180
      32.507        0.000      923.852     3472.680
      32.552        0.000      931.840     3480.430
      32.600        0.000      934.688     3484.324
      32.646        0.000      941.012     3490.012
      32.697        0.000      870.965     3419.254
      32.753        0.000      876.121     3424.406
      32.828        0.000      878.398     3425.664
      32.902        0.000      889.070     3436.223
      32.977        0.000      891.641     3437.723
      33.053        0.000      892.273     3439.125
      33.115        0.000      893.816     3440.875
      33.162        0.000      897.684     3445.020
      33.208        0.000      903.613     3449.648
      33.277        0.000      910.055     3455.789
      33.354        0.000      911.602     3456.539
      33.407        0.000      916.938     3462.238
      33.468        0.000      919.000     3463.988
      33.537        0.000      920.805     3465.738
      33.582        0.000      928.281     3473.637
      33.630        0.000      929.828     3474.137
      33.678        0.000      930.602     3475.020
      33.724        0.000      931.891     3476.270
      33.769        0.000      936.273     3481.422
      33.822        0.000      941.172     3486.223
      33.868        0.000      928.637     3486.410
      33.911        0.000       56.641      620.941
      33.940        0.000       57.965      621.418
      33.951        0.000       57.965      621.418
      33.961        0.000       57.965      621.418
      33.971        0.000       57.965      621.418
      33.981        0.000       57.965      621.418
      33.992        0.000       57.965      621.418
      34.002        0.000        1.820        6.688
