PASS issue/results-node/result-jest-256-tests/test100-jest.spec.js
PASS issue/results-node/result-jest-256-tests/test126-jest.spec.js
PASS issue/results-node/result-jest-256-tests/test89-jest.spec.js
PASS issue/results-node/result-jest-256-tests/test11-jest.spec.js
PASS issue/results-node/result-jest-256-tests/test106-jest.spec.js
PASS issue/results-node/result-jest-256-tests/test90-jest.spec.js
PASS issue/results-node/result-jest-256-tests/test236-jest.spec.js
PASS issue/results-node/result-jest-256-tests/test249-jest.spec.js
PASS issue/results-node/result-jest-256-tests/test244-jest.spec.js
PASS issue/results-node/result-jest-256-tests/test95-jest.spec.js
PASS issue/results-node/result-jest-256-tests/test207-jest.spec.js
PASS issue/results-node/result-jest-256-tests/test168-jest.spec.js
PASS issue/results-node/result-jest-256-tests/test167-jest.spec.js
PASS issue/results-node/result-jest-256-tests/test82-jest.spec.js
PASS issue/results-node/result-jest-256-tests/test216-jest.spec.js
PASS issue/results-node/result-jest-256-tests/test55-jest.spec.js
PASS issue/results-node/result-jest-256-tests/test121-jest.spec.js
PASS issue/results-node/result-jest-256-tests/test4-jest.spec.js
PASS issue/results-node/result-jest-256-tests/test34-jest.spec.js
PASS issue/results-node/result-jest-256-tests/test79-jest.spec.js
PASS issue/results-node/result-jest-256-tests/test196-jest.spec.js
PASS issue/results-node/result-jest-256-tests/test247-jest.spec.js
PASS issue/results-node/result-jest-256-tests/test165-jest.spec.js
PASS issue/results-node/result-jest-256-tests/test8-jest.spec.js
PASS issue/results-node/result-jest-256-tests/test184-jest.spec.js
PASS issue/results-node/result-jest-256-tests/test150-jest.spec.js
PASS issue/results-node/result-jest-256-tests/test88-jest.spec.js
PASS issue/results-node/result-jest-256-tests/test161-jest.spec.js
PASS issue/results-node/result-jest-256-tests/test149-jest.spec.js
PASS issue/results-node/result-jest-256-tests/test113-jest.spec.js
PASS issue/results-node/result-jest-256-tests/test255-jest.spec.js
PASS issue/results-node/result-jest-256-tests/test120-jest.spec.js
PASS issue/results-node/result-jest-256-tests/test199-jest.spec.js
PASS issue/results-node/result-jest-256-tests/test241-jest.spec.js
PASS issue/results-node/result-jest-256-tests/test234-jest.spec.js
PASS issue/results-node/result-jest-256-tests/test14-jest.spec.js
PASS issue/results-node/result-jest-256-tests/test103-jest.spec.js
PASS issue/results-node/result-jest-256-tests/test171-jest.spec.js
PASS issue/results-node/result-jest-256-tests/test83-jest.spec.js
PASS issue/results-node/result-jest-256-tests/test2-jest.spec.js
PASS issue/results-node/result-jest-256-tests/test75-jest.spec.js
PASS issue/results-node/result-jest-256-tests/test176-jest.spec.js
PASS issue/results-node/result-jest-256-tests/test205-jest.spec.js
PASS issue/results-node/result-jest-256-tests/test146-jest.spec.js
PASS issue/results-node/result-jest-256-tests/test192-jest.spec.js
PASS issue/results-node/result-jest-256-tests/test60-jest.spec.js
PASS issue/results-node/result-jest-256-tests/test185-jest.spec.js
PASS issue/results-node/result-jest-256-tests/test232-jest.spec.js
PASS issue/results-node/result-jest-256-tests/test209-jest.spec.js
PASS issue/results-node/result-jest-256-tests/test155-jest.spec.js
PASS issue/results-node/result-jest-256-tests/test78-jest.spec.js
PASS issue/results-node/result-jest-256-tests/test32-jest.spec.js
PASS issue/results-node/result-jest-256-tests/test23-jest.spec.js
PASS issue/results-node/result-jest-256-tests/test53-jest.spec.js
PASS issue/results-node/result-jest-256-tests/test84-jest.spec.js
PASS issue/results-node/result-jest-256-tests/test235-jest.spec.js
PASS issue/results-node/result-jest-256-tests/test240-jest.spec.js
PASS issue/results-node/result-jest-256-tests/test104-jest.spec.js
PASS issue/results-node/result-jest-256-tests/test233-jest.spec.js
PASS issue/results-node/result-jest-256-tests/test237-jest.spec.js
PASS issue/results-node/result-jest-256-tests/test136-jest.spec.js
PASS issue/results-node/result-jest-256-tests/test251-jest.spec.js
PASS issue/results-node/result-jest-256-tests/test158-jest.spec.js
PASS issue/results-node/result-jest-256-tests/test179-jest.spec.js
PASS issue/results-node/result-jest-256-tests/test128-jest.spec.js
PASS issue/results-node/result-jest-256-tests/test51-jest.spec.js
PASS issue/results-node/result-jest-256-tests/test195-jest.spec.js
PASS issue/results-node/result-jest-256-tests/test230-jest.spec.js
PASS issue/results-node/result-jest-256-tests/test162-jest.spec.js
PASS issue/results-node/result-jest-256-tests/test1-jest.spec.js
PASS issue/results-node/result-jest-256-tests/test116-jest.spec.js
PASS issue/results-node/result-jest-256-tests/test151-jest.spec.js
PASS issue/results-node/result-jest-256-tests/test144-jest.spec.js
PASS issue/results-node/result-jest-256-tests/test72-jest.spec.js
PASS issue/results-node/result-jest-256-tests/test20-jest.spec.js
PASS issue/results-node/result-jest-256-tests/test175-jest.spec.js
PASS issue/results-node/result-jest-256-tests/test223-jest.spec.js
PASS issue/results-node/result-jest-256-tests/test94-jest.spec.js
PASS issue/results-node/result-jest-256-tests/test221-jest.spec.js
PASS issue/results-node/result-jest-256-tests/test127-jest.spec.js
PASS issue/results-node/result-jest-256-tests/test36-jest.spec.js
PASS issue/results-node/result-jest-256-tests/test52-jest.spec.js
PASS issue/results-node/result-jest-256-tests/test117-jest.spec.js
PASS issue/results-node/result-jest-256-tests/test6-jest.spec.js
PASS issue/results-node/result-jest-256-tests/test41-jest.spec.js
PASS issue/results-node/result-jest-256-tests/test21-jest.spec.js
PASS issue/results-node/result-jest-256-tests/test256-jest.spec.js
PASS issue/results-node/result-jest-256-tests/test38-jest.spec.js
PASS issue/results-node/result-jest-256-tests/test70-jest.spec.js
PASS issue/results-node/result-jest-256-tests/test129-jest.spec.js
PASS issue/results-node/result-jest-256-tests/test219-jest.spec.js
PASS issue/results-node/result-jest-256-tests/test62-jest.spec.js
PASS issue/results-node/result-jest-256-tests/test180-jest.spec.js
PASS issue/results-node/result-jest-256-tests/test39-jest.spec.js
PASS issue/results-node/result-jest-256-tests/test123-jest.spec.js
PASS issue/results-node/result-jest-256-tests/test245-jest.spec.js
PASS issue/results-node/result-jest-256-tests/test61-jest.spec.js
PASS issue/results-node/result-jest-256-tests/test147-jest.spec.js
PASS issue/results-node/result-jest-256-tests/test71-jest.spec.js
PASS issue/results-node/result-jest-256-tests/test69-jest.spec.js
PASS issue/results-node/result-jest-256-tests/test28-jest.spec.js
PASS issue/results-node/result-jest-256-tests/test87-jest.spec.js
PASS issue/results-node/result-jest-256-tests/test166-jest.spec.js
PASS issue/results-node/result-jest-256-tests/test143-jest.spec.js
PASS issue/results-node/result-jest-256-tests/test19-jest.spec.js
PASS issue/results-node/result-jest-256-tests/test191-jest.spec.js
PASS issue/results-node/result-jest-256-tests/test66-jest.spec.js
PASS issue/results-node/result-jest-256-tests/test37-jest.spec.js
PASS issue/results-node/result-jest-256-tests/test193-jest.spec.js
PASS issue/results-node/result-jest-256-tests/test156-jest.spec.js
PASS issue/results-node/result-jest-256-tests/test111-jest.spec.js
PASS issue/results-node/result-jest-256-tests/test125-jest.spec.js
PASS issue/results-node/result-jest-256-tests/test48-jest.spec.js
PASS issue/results-node/result-jest-256-tests/test42-jest.spec.js
PASS issue/results-node/result-jest-256-tests/test124-jest.spec.js
PASS issue/results-node/result-jest-256-tests/test118-jest.spec.js
PASS issue/results-node/result-jest-256-tests/test102-jest.spec.js
PASS issue/results-node/result-jest-256-tests/test105-jest.spec.js
PASS issue/results-node/result-jest-256-tests/test137-jest.spec.js
PASS issue/results-node/result-jest-256-tests/test181-jest.spec.js
PASS issue/results-node/result-jest-256-tests/test7-jest.spec.js
PASS issue/results-node/result-jest-256-tests/test208-jest.spec.js
PASS issue/results-node/result-jest-256-tests/test177-jest.spec.js
PASS issue/results-node/result-jest-256-tests/test194-jest.spec.js
PASS issue/results-node/result-jest-256-tests/test56-jest.spec.js
PASS issue/results-node/result-jest-256-tests/test189-jest.spec.js
PASS issue/results-node/result-jest-256-tests/test40-jest.spec.js
PASS issue/results-node/result-jest-256-tests/test24-jest.spec.js
PASS issue/results-node/result-jest-256-tests/test46-jest.spec.js
PASS issue/results-node/result-jest-256-tests/test108-jest.spec.js
PASS issue/results-node/result-jest-256-tests/test64-jest.spec.js
PASS issue/results-node/result-jest-256-tests/test77-jest.spec.js
PASS issue/results-node/result-jest-256-tests/test225-jest.spec.js
PASS issue/results-node/result-jest-256-tests/test109-jest.spec.js
PASS issue/results-node/result-jest-256-tests/test217-jest.spec.js
PASS issue/results-node/result-jest-256-tests/test35-jest.spec.js
PASS issue/results-node/result-jest-256-tests/test31-jest.spec.js
PASS issue/results-node/result-jest-256-tests/test183-jest.spec.js
PASS issue/results-node/result-jest-256-tests/test212-jest.spec.js
PASS issue/results-node/result-jest-256-tests/test231-jest.spec.js
PASS issue/results-node/result-jest-256-tests/test141-jest.spec.js
PASS issue/results-node/result-jest-256-tests/test44-jest.spec.js
PASS issue/results-node/result-jest-256-tests/test173-jest.spec.js
PASS issue/results-node/result-jest-256-tests/test210-jest.spec.js
PASS issue/results-node/result-jest-256-tests/test246-jest.spec.js
PASS issue/results-node/result-jest-256-tests/test198-jest.spec.js
PASS issue/results-node/result-jest-256-tests/test3-jest.spec.js
PASS issue/results-node/result-jest-256-tests/test43-jest.spec.js
PASS issue/results-node/result-jest-256-tests/test135-jest.spec.js
PASS issue/results-node/result-jest-256-tests/test253-jest.spec.js
PASS issue/results-node/result-jest-256-tests/test203-jest.spec.js
PASS issue/results-node/result-jest-256-tests/test110-jest.spec.js
PASS issue/results-node/result-jest-256-tests/test248-jest.spec.js
PASS issue/results-node/result-jest-256-tests/test80-jest.spec.js
PASS issue/results-node/result-jest-256-tests/test119-jest.spec.js
PASS issue/results-node/result-jest-256-tests/test204-jest.spec.js
PASS issue/results-node/result-jest-256-tests/test67-jest.spec.js
PASS issue/results-node/result-jest-256-tests/test187-jest.spec.js
PASS issue/results-node/result-jest-256-tests/test92-jest.spec.js
PASS issue/results-node/result-jest-256-tests/test227-jest.spec.js
PASS issue/results-node/result-jest-256-tests/test59-jest.spec.js
PASS issue/results-node/result-jest-256-tests/test27-jest.spec.js
PASS issue/results-node/result-jest-256-tests/test45-jest.spec.js
PASS issue/results-node/result-jest-256-tests/test190-jest.spec.js
PASS issue/results-node/result-jest-256-tests/test252-jest.spec.js
PASS issue/results-node/result-jest-256-tests/test145-jest.spec.js
PASS issue/results-node/result-jest-256-tests/test226-jest.spec.js
PASS issue/results-node/result-jest-256-tests/test188-jest.spec.js
PASS issue/results-node/result-jest-256-tests/test152-jest.spec.js
PASS issue/results-node/result-jest-256-tests/test74-jest.spec.js
PASS issue/results-node/result-jest-256-tests/test174-jest.spec.js
PASS issue/results-node/result-jest-256-tests/test201-jest.spec.js
PASS issue/results-node/result-jest-256-tests/test96-jest.spec.js
PASS issue/results-node/result-jest-256-tests/test98-jest.spec.js
PASS issue/results-node/result-jest-256-tests/test115-jest.spec.js
PASS issue/results-node/result-jest-256-tests/test213-jest.spec.js
PASS issue/results-node/result-jest-256-tests/test178-jest.spec.js
PASS issue/results-node/result-jest-256-tests/test49-jest.spec.js
PASS issue/results-node/result-jest-256-tests/test18-jest.spec.js
PASS issue/results-node/result-jest-256-tests/test153-jest.spec.js
PASS issue/results-node/result-jest-256-tests/test214-jest.spec.js
PASS issue/results-node/result-jest-256-tests/test29-jest.spec.js
PASS issue/results-node/result-jest-256-tests/test160-jest.spec.js
PASS issue/results-node/result-jest-256-tests/test25-jest.spec.js
PASS issue/results-node/result-jest-256-tests/test58-jest.spec.js
PASS issue/results-node/result-jest-256-tests/test9-jest.spec.js
PASS issue/results-node/result-jest-256-tests/test65-jest.spec.js
PASS issue/results-node/result-jest-256-tests/test138-jest.spec.js
PASS issue/results-node/result-jest-256-tests/test63-jest.spec.js
PASS issue/results-node/result-jest-256-tests/test107-jest.spec.js
PASS issue/results-node/result-jest-256-tests/test139-jest.spec.js
PASS issue/results-node/result-jest-256-tests/test169-jest.spec.js
PASS issue/results-node/result-jest-256-tests/test15-jest.spec.js
PASS issue/results-node/result-jest-256-tests/test202-jest.spec.js
PASS issue/results-node/result-jest-256-tests/test159-jest.spec.js
PASS issue/results-node/result-jest-256-tests/test238-jest.spec.js
PASS issue/results-node/result-jest-256-tests/test242-jest.spec.js
PASS issue/results-node/result-jest-256-tests/test12-jest.spec.js
PASS issue/results-node/result-jest-256-tests/test54-jest.spec.js
PASS issue/results-node/result-jest-256-tests/test170-jest.spec.js
PASS issue/results-node/result-jest-256-tests/test218-jest.spec.js
PASS issue/results-node/result-jest-256-tests/test164-jest.spec.js
PASS issue/results-node/result-jest-256-tests/test215-jest.spec.js
PASS issue/results-node/result-jest-256-tests/test250-jest.spec.js
PASS issue/results-node/result-jest-256-tests/test157-jest.spec.js
PASS issue/results-node/result-jest-256-tests/test114-jest.spec.js
PASS issue/results-node/result-jest-256-tests/test182-jest.spec.js
PASS issue/results-node/result-jest-256-tests/test142-jest.spec.js
PASS issue/results-node/result-jest-256-tests/test26-jest.spec.js
PASS issue/results-node/result-jest-256-tests/test228-jest.spec.js
PASS issue/results-node/result-jest-256-tests/test50-jest.spec.js
PASS issue/results-node/result-jest-256-tests/test76-jest.spec.js
PASS issue/results-node/result-jest-256-tests/test112-jest.spec.js
PASS issue/results-node/result-jest-256-tests/test211-jest.spec.js
PASS issue/results-node/result-jest-256-tests/test197-jest.spec.js
PASS issue/results-node/result-jest-256-tests/test239-jest.spec.js
PASS issue/results-node/result-jest-256-tests/test131-jest.spec.js
PASS issue/results-node/result-jest-256-tests/test91-jest.spec.js
PASS issue/results-node/result-jest-256-tests/test47-jest.spec.js
PASS issue/results-node/result-jest-256-tests/test220-jest.spec.js
PASS issue/results-node/result-jest-256-tests/test229-jest.spec.js
PASS issue/results-node/result-jest-256-tests/test30-jest.spec.js
PASS issue/results-node/result-jest-256-tests/test101-jest.spec.js
PASS issue/results-node/result-jest-256-tests/test13-jest.spec.js
PASS issue/results-node/result-jest-256-tests/test224-jest.spec.js
PASS issue/results-node/result-jest-256-tests/test154-jest.spec.js
PASS issue/results-node/result-jest-256-tests/test17-jest.spec.js
PASS issue/results-node/result-jest-256-tests/test5-jest.spec.js
PASS issue/results-node/result-jest-256-tests/test132-jest.spec.js
PASS issue/results-node/result-jest-256-tests/test10-jest.spec.js
PASS issue/results-node/result-jest-256-tests/test140-jest.spec.js
PASS issue/results-node/result-jest-256-tests/test97-jest.spec.js
PASS issue/results-node/result-jest-256-tests/test200-jest.spec.js
PASS issue/results-node/result-jest-256-tests/test93-jest.spec.js
PASS issue/results-node/result-jest-256-tests/test130-jest.spec.js
PASS issue/results-node/result-jest-256-tests/test254-jest.spec.js
PASS issue/results-node/result-jest-256-tests/test243-jest.spec.js
PASS issue/results-node/result-jest-256-tests/test206-jest.spec.js
PASS issue/results-node/result-jest-256-tests/test134-jest.spec.js
PASS issue/results-node/result-jest-256-tests/test122-jest.spec.js
PASS issue/results-node/result-jest-256-tests/test86-jest.spec.js
PASS issue/results-node/result-jest-256-tests/test22-jest.spec.js
PASS issue/results-node/result-jest-256-tests/test186-jest.spec.js
PASS issue/results-node/result-jest-256-tests/test148-jest.spec.js
PASS issue/results-node/result-jest-256-tests/test33-jest.spec.js
PASS issue/results-node/result-jest-256-tests/test81-jest.spec.js
PASS issue/results-node/result-jest-256-tests/test99-jest.spec.js
PASS issue/results-node/result-jest-256-tests/test57-jest.spec.js
PASS issue/results-node/result-jest-256-tests/test68-jest.spec.js
PASS issue/results-node/result-jest-256-tests/test16-jest.spec.js
PASS issue/results-node/result-jest-256-tests/test172-jest.spec.js
PASS issue/results-node/result-jest-256-tests/test222-jest.spec.js
PASS issue/results-node/result-jest-256-tests/test73-jest.spec.js
PASS issue/results-node/result-jest-256-tests/test85-jest.spec.js
PASS issue/results-node/result-jest-256-tests/test133-jest.spec.js
PASS issue/results-node/result-jest-256-tests/test163-jest.spec.js

Test Suites: 256 passed, 256 total
Tests:       256 passed, 256 total
Snapshots:   0 total
Time:        8.683s
