# Elapsed time   CPU (%)     Real (MB)   Virtual (MB)
       0.000        0.000       37.809      545.410
       0.012        0.000       37.809      545.410
       0.022        0.000       38.324      545.723
       0.032        0.000       39.453      546.055
       0.044        0.000       40.820      546.055
       0.055        0.000       41.594      547.309
       0.066        0.000       42.559      552.309
       0.077        0.000       43.641      552.562
       0.089        0.000       44.211      552.633
       0.100        0.000       45.336      552.969
       0.111        0.000       47.035      553.527
       0.122        0.000       48.062      555.133
       0.134        0.000       50.340      555.207
       0.146        0.000       50.758      555.207
       0.158        0.000       52.547      557.250
       0.170        0.000       53.371      557.289
       0.181        0.000       53.652      557.539
       0.193        0.000       54.871      567.039
       0.204        0.000       55.516      855.176
       0.217        0.000       57.062      855.426
       0.231        0.000       60.344      855.676
       0.243        0.000       63.941      856.426
       0.256        0.000       65.262      856.426
       0.268        0.000       65.637      856.426
       0.279        0.000      154.035     2463.266
       0.314        0.000      202.582     3010.652
       0.356        0.000      218.879     3018.645
       0.405        0.000      187.168     2487.117
       0.453        0.000      177.699     2481.688
       0.490        0.000      163.371     2469.988
       0.539        0.000      207.828     3011.754
       0.582        0.000      217.836     3018.477
       0.630        0.000      187.402     2478.699
       0.677        0.000      212.898     3025.750
       0.721        0.000      166.570     2469.164
       0.761        0.000      218.285     3017.305
       0.809        0.000      228.680     3026.426
       0.858        0.000      149.871     1944.758
       0.900        0.000      179.328     2477.156
       0.946        0.000      178.223     2474.637
       1.007        0.000      229.465     3020.980
       1.071        0.000      105.484     1396.863
       1.111        0.000      208.062     3009.039
       1.157        0.000      179.000     2474.824
       1.206        0.000      220.316     3015.820
       1.254        0.000      142.828     1937.523
       1.311        0.000      172.770     2475.477
       1.357        0.000      212.402     3013.582
       1.403        0.000      184.129     2479.191
       1.452        0.000      135.086     1932.570
       1.500        0.000      210.398     3015.254
       1.546        0.000      182.793     2478.453
       1.598        0.000      219.410     3028.156
       1.648        0.000       99.645     1395.898
       1.695        0.000      208.852     3014.781
       1.760        0.000      224.391     3021.125
       1.810        0.000      149.203     1945.734
       1.858        0.000      166.816     2468.012
       1.900        0.000      170.699     2473.777
       1.953        0.000      213.645     3013.055
       2.007        0.000      226.730     3027.422
       2.063        0.000      105.961     1398.848
       2.121        0.000      171.785     2474.387
       2.196        0.000      220.793     3017.824
       2.273        0.000      233.137     3028.746
       2.332        0.000      182.043     2487.098
       2.373        0.000      132.895     1932.707
       2.414        0.000      208.434     3014.414
       2.462        0.000      223.957     3021.633
       2.513        0.000      191.094     2493.457
       2.561        0.000      143.941     1935.684
       2.599        0.000      172.895     2472.105
       2.646        0.000      217.090     3013.883
       2.697        0.000      234.453     3028.398
       2.761        0.000      109.969     1399.449
       2.817        0.000      171.137     2474.199
       2.871        0.000      219.996     3016.898
       2.923        0.000      233.719     3029.617
       2.978        0.000       98.832     1409.566
       3.044        0.000      208.008     3029.695
       3.115        0.000      230.875     3044.297
       3.189        0.000      228.422     3052.066
       3.247        0.000      103.781     1412.824
       3.282        0.000      217.426     3033.234
       3.355        0.000      192.969     2502.801
       3.429        0.000      146.379     1954.590
       3.490        0.000      174.344     2492.727
       3.539        0.000      215.887     3034.492
       3.583        0.000      187.898     2503.219
       3.635        0.000      180.609     2497.531
       3.674        0.000      179.625     2496.195
       3.712        0.000      213.969     3028.918
       3.779        0.000      232.938     3043.973
       3.853        0.000      107.719     1414.887
       3.902        0.000      217.871     3038.164
       3.963        0.000      219.652     3031.766
       4.009        0.000      188.602     2507.020
       4.070        0.000      138.547     1949.402
       4.109        0.000      216.656     3028.004
       4.155        0.000      184.684     2493.039
       4.209        0.000      230.586     3042.980
       4.255        0.000      232.926     3046.918
       4.326        0.000      144.555     1951.660
       4.388        0.000      231.281     3035.973
       4.461        0.000      159.637     1963.176
       4.530        0.000      171.824     2487.742
       4.599        0.000      223.078     3031.707
       4.660        0.000      237.078     3040.473
       4.709        0.000      117.316     1420.879
       4.756        0.000      133.902     1943.816
       4.787        0.000      212.984     3027.039
       4.833        0.000      227.000     3033.781
       4.881        0.000      239.117     3039.539
       4.932        0.000      160.957     1963.094
       4.980        0.000      141.867     1946.504
       5.020        0.000      211.195     3024.793
       5.066        0.000      226.250     3035.512
       5.115        0.000      198.801     2502.715
       5.164        0.000      230.297     3041.090
       5.230        0.000      224.305     3027.855
       5.302        0.000      243.613     3044.023
       5.373        0.000      120.910     1415.191
       5.423        0.000      187.941     2488.379
       5.487        0.000      235.621     3034.055
       5.562        0.000      205.555     2498.379
       5.616        0.000      202.094     2507.859
       5.665        0.000      185.125     2486.238
       5.708        0.000      230.148     3038.012
       5.762        0.000      197.590     2494.074
       5.804        0.000      197.102     2496.035
       5.856        0.000      238.902     3046.926
       5.901        0.000      158.844     1954.672
       5.933        0.000      192.477     2488.824
       5.988        0.000      239.488     3034.492
       6.047        0.000      209.938     2503.832
       6.095        0.000      161.535     1957.793
       6.153        0.000      226.254     3027.812
       6.225        0.000      244.453     3038.496
       6.297        0.000      165.570     1954.887
       6.357        0.000      184.527     2488.273
       6.416        0.000      234.914     3035.246
       6.478        0.000      206.570     2502.969
       6.549        0.000      195.684     2493.926
       6.608        0.000      199.621     2494.215
       6.660        0.000      236.738     3034.645
       6.703        0.000      159.031     1955.000
       6.757        0.000      187.195     2491.160
       6.816        0.000      232.520     3040.941
       6.864        0.000      201.957     2497.754
       6.905        0.000      199.480     2501.703
       6.953        0.000      153.707     1952.176
       6.999        0.000      239.055     3038.676
       7.070        0.000      164.062     1955.285
       7.133        0.000      194.285     2493.672
       7.194        0.000      195.820     2500.262
       7.262        0.000      234.434     3035.082
       7.333        0.000      167.121     1957.047
       7.405        0.000      204.090     2501.113
       7.479        0.000      202.336     2497.371
       7.534        0.000      159.551     1954.848
       7.596        0.000      200.066     2495.023
       7.670        0.000      160.168     1955.438
       7.742        0.000      183.504     2487.203
       7.788        0.000      231.328     3036.773
       7.835        0.000      232.711     3031.805
       7.901        0.000      206.715     2502.812
       7.976        0.000      196.141     2494.340
       8.050        0.000      199.395     2496.680
       8.118        0.000      159.012     1954.879
       8.190        0.000      198.594     2494.535
       8.265        0.000      200.270     2502.512
       8.337        0.000      152.660     1950.062
       8.395        0.000      192.488     2492.473
       8.470        0.000      244.184     3044.098
       8.544        0.000      159.016     1952.629
       8.604        0.000      184.117     2489.164
       8.652        0.000      224.996     3030.137
       8.702        0.000      198.477     2496.750
       8.766        0.000      158.477     1954.840
       8.832        0.000      224.781     3032.309
       8.877        0.000      198.773     2493.863
       8.928        0.000      241.656     3041.312
       8.975        0.000      203.176     2496.641
       9.017        0.000      202.211     2501.523
       9.063        0.000      190.387     2490.875
       9.100        0.000      195.477     2494.078
       9.148        0.000      199.891     2493.895
       9.215        0.000      154.895     1952.883
       9.289        0.000      238.207     3037.562
       9.363        0.000      167.723     1957.977
       9.428        0.000      152.320     1952.594
       9.476        0.000      230.734     3034.461
       9.549        0.000      204.691     2504.070
       9.625        0.000      200.414     2502.871
       9.687        0.000      157.926     1954.641
       9.744        0.000      198.855     2500.586
       9.817        0.000      200.258     2493.504
       9.873        0.000      197.699     2500.293
       9.926        0.000      187.539     2490.652
       9.969        0.000      190.223     2494.121
      10.017        0.000      235.652     3042.027
      10.069        0.000      200.219     2497.133
      10.111        0.000      156.754     1952.621
      10.158        0.000      189.965     2491.488
      10.228        0.000      232.445     3039.777
      10.283        0.000      198.633     2497.004
      10.327        0.000      201.512     2503.043
      10.378        0.000      197.492     2499.195
      10.420        0.000      195.277     2495.344
      10.464        0.000      192.344     2491.898
      10.512        0.000      192.664     2494.312
      10.566        0.000      235.590     3034.242
      10.613        0.000      202.543     2502.629
      10.663        0.000      160.680     1954.465
      10.722        0.000      196.543     2493.617
      10.793        0.000      245.652     3050.059
      10.865        0.000      165.094     1961.680
      10.911        0.000      194.883     2494.707
      10.965        0.000      238.727     3042.500
      11.013        0.000      203.934     2503.383
      11.055        0.000      199.945     2500.746
      11.102        0.000      225.086     3035.559
      11.149        0.000      229.457     3032.555
      11.200        0.000      238.953     3043.035
      11.251        0.000      163.699     1958.137
      11.296        0.000      232.812     3044.465
      11.346        0.000      188.031     2488.746
      11.386        0.000      235.609     3032.305
      11.436        0.000      204.988     2497.961
      11.493        0.000      204.059     2502.852
      11.542        0.000      196.266     2491.961
      11.580        0.000      197.762     2492.359
      11.628        0.000      196.801     2492.195
      11.680        0.000      234.750     3039.273
      11.725        0.000      231.457     3033.672
      11.776        0.000      156.445     1954.961
      11.826        0.000      229.871     3036.395
      11.877        0.000      195.090     2500.402
      11.917        0.000      197.672     2495.305
      11.978        0.000      242.539     3044.309
      12.040        0.000      164.738     1961.930
      12.093        0.000      197.023     2494.281
      12.144        0.000      194.648     2493.273
      12.192        0.000      236.281     3035.504
      12.242        0.000      158.941     1956.699
      12.296        0.000      191.836     2491.902
      12.354        0.000      200.156     2496.695
      12.429        0.000      207.254     2504.066
      12.502        0.000      195.410     2492.633
      12.562        0.000      193.609     2491.637
      12.611        0.000      236.727     3037.434
      12.656        0.000      247.941     3050.652
      12.705        0.000      200.277     2500.516
      12.755        0.000      157.238     1953.715
      12.817        0.000      244.039     3038.152
      12.892        0.000      168.762     1964.141
      12.965        0.000      145.918     1949.566
      13.006        0.000      217.762     3027.770
      13.057        0.000      236.281     3037.055
      13.112        0.000      209.406     2502.762
      13.180        0.000      189.109     2494.984
      13.225        0.000      191.617     2493.348
      13.276        0.000      237.215     3033.824
      13.326        0.000      204.160     2498.461
      13.379        0.000      156.047     1953.570
      13.428        0.000      228.227     3037.516
      13.476        0.000      229.695     3030.867
      13.525        0.000      244.566     3038.445
      13.577        0.000      169.707     1958.996
      13.638        0.000      151.328     1951.078
      13.698        0.000      228.504     3034.312
      13.752        0.000      245.355     3042.043
      13.808        0.000      167.715     1965.141
      13.860        0.000      187.824     2490.289
      13.932        0.000      233.824     3034.367
      13.980        0.000      249.453     3046.137
      14.032        0.000      168.977     1959.266
      14.077        0.000      199.539     2501.512
      14.127        0.000      229.031     3032.270
      14.183        0.000      198.969     2501.211
      14.233        0.000      199.547     2493.707
      14.287        0.000      204.500     2502.883
      14.355        0.000      199.457     2494.832
      14.405        0.000      201.352     2501.188
      14.461        0.000      204.137     2498.078
      14.521        0.000      204.133     2502.500
      14.592        0.000      202.016     2498.156
      14.640        0.000      159.215     1956.359
      14.697        0.000      194.770     2491.828
      14.761        0.000      241.000     3042.590
      14.828        0.000      205.996     2500.914
      14.869        0.000      164.355     1962.250
      14.920        0.000      198.066     2489.824
      14.962        0.000      240.246     3040.957
      15.008        0.000      201.059     2497.875
      15.063        0.000      204.586     2504.113
      15.135        0.000      197.027     2495.652
      15.208        0.000      205.352     2498.047
      15.280        0.000      204.848     2501.793
      15.350        0.000      194.637     2491.039
      15.424        0.000      241.668     3037.648
      15.483        0.000      163.895     1957.523
      15.539        0.000      239.461     3040.160
      15.584        0.000      164.934     1955.652
      15.643        0.000      202.492     2498.027
      15.717        0.000      202.496     2504.465
      15.784        0.000      158.023     1954.641
      15.845        0.000      238.766     3043.508
      15.918        0.000      209.020     2507.004
      15.978        0.000      120.180     1415.043
      16.021        0.000      224.977     3025.145
      16.068        0.000      237.664     3036.758
      16.117        0.000      207.848     2500.242
      16.170        0.000      163.180     1962.934
      16.242        0.000      186.895     2486.793
      16.280        0.000      232.801     3035.172
      16.329        0.000      204.242     2498.004
      16.382        0.000      199.742     2495.680
      16.432        0.000      198.453     2499.695
      16.484        0.000      224.129     3031.113
      16.532        0.000      241.820     3040.008
      16.582        0.000      207.699     2505.043
      16.631        0.000      186.559     2489.156
      16.682        0.000      187.711     2493.301
      16.733        0.000      235.660     3037.023
      16.783        0.000      246.887     3051.711
      16.836        0.000      125.559     1418.410
      16.884        0.000      187.188     2487.930
      16.928        0.000      229.523     3030.848
      16.977        0.000      245.996     3038.562
      17.028        0.000      165.680     1957.332
      17.077        0.000      193.883     2492.820
      17.125        0.000      196.438     2496.258
      17.197        0.000      199.980     2502.355
      17.273        0.000      202.281     2498.254
      17.334        0.000      209.988     2504.742
      17.401        0.000      197.488     2493.969
      17.462        0.000      194.461     2492.848
      17.512        0.000      237.422     3042.660
      17.558        0.000      205.906     2504.230
      17.610        0.000      201.094     2495.992
      17.650        0.000      200.660     2502.180
      17.699        0.000      227.062     3032.043
      17.747        0.000      241.137     3043.812
      17.797        0.000      161.602     1956.750
      17.843        0.000      194.562     2495.430
      17.905        0.000      202.414     2495.355
      17.969        0.000      242.887     3046.258
      18.016        0.000      164.973     1956.719
      18.064        0.000      198.164     2495.957
      18.132        0.000      196.598     2495.988
      18.185        0.000      241.859     3045.770
      18.233        0.000      205.816     2504.559
      18.273        0.000      161.582     1956.715
      18.332        0.000      200.957     2496.676
      18.407        0.000      205.172     2503.852
      18.480        0.000      196.996     2498.379
      18.528        0.000      194.047     2492.969
      18.568        0.000      240.324     3041.184
      18.621        0.000      208.055     2499.887
      18.664        0.000      208.484     2509.551
      18.717        0.000      157.910     1952.211
      18.756        0.000      232.723     3035.172
      18.802        0.000      246.312     3044.930
      18.855        0.000      168.398     1959.969
      18.903        0.000      197.406     2499.402
      18.954        0.000      192.691     2494.059
      18.999        0.000      239.910     3035.402
      19.047        0.000      205.172     2499.609
      19.094        0.000      162.012     1954.270
      19.140        0.000      194.969     2494.789
      19.212        0.000      243.031     3045.492
      19.283        0.000      208.012     2510.555
      19.338        0.000      158.180     1957.211
      19.392        0.000      195.816     2494.652
      19.448        0.000      240.633     3037.145
      19.501        0.000      207.574     2510.301
      19.550        0.000      156.016     1953.145
      19.594        0.000      230.105     3040.988
      19.642        0.000      193.559     2494.914
      19.687        0.000      239.398     3040.371
      19.733        0.000      208.531     2507.727
      19.786        0.000      160.074     1963.352
      19.844        0.000      231.984     3035.676
      19.917        0.000      211.805     2502.324
      19.992        0.000      162.484     1963.121
      20.049        0.000      191.906     2491.922
      20.093        0.000      234.754     3036.641
      20.144        0.000      206.160     2499.250
      20.192        0.000      248.434     3046.996
      20.245        0.000      122.879     1416.277
      20.283        0.000      230.715     3032.582
      20.333        0.000      240.402     3042.238
      20.381        0.000      210.738     2502.469
      20.441        0.000      120.988     1415.875
      20.501        0.000      236.066     3035.637
      20.572        0.000      255.340     3048.711
      20.645        0.000      172.180     1965.922
      20.688        0.000      189.781     2493.840
      20.746        0.000      246.570     3041.023
      20.821        0.000      171.555     1971.719
      20.892        0.000      115.750     1411.539
      20.921        0.000      224.562     3027.867
      20.966        0.000      237.715     3034.633
      21.019        0.000      252.984     3043.777
      21.070        0.000      215.340     2513.551
      21.113        0.000      148.371     1948.309
      21.152        0.000      225.598     3028.105
      21.197        0.000      239.586     3036.922
      21.245        0.000      252.480     3044.016
      21.298        0.000      127.965     1424.242
      21.349        0.000      183.848     2486.129
      21.395        0.000      226.949     3031.859
      21.443        0.000      242.152     3041.656
      21.495        0.000      168.406     1960.480
      21.546        0.000      195.617     2497.500
      21.599        0.000      232.867     3033.520
      21.671        0.000      255.836     3043.797
      21.746        0.000      130.184     1424.691
      21.820        0.000      180.266     2487.828
      21.858        0.000      227.898     3034.195
      21.904        0.000      243.383     3040.711
      21.954        0.000      210.629     2507.742
      22.006        0.000      161.727     1963.727
      22.051        0.000      232.285     3033.562
      22.121        0.000      208.793     2499.688
      22.196        0.000      161.961     1963.285
      22.270        0.000      190.086     2491.934
      22.328        0.000      232.973     3036.281
      22.377        0.000      248.945     3048.336
      22.429        0.000      168.375     1966.383
      22.469        0.000      192.184     2496.363
      22.507        0.000      190.223     2494.465
      22.549        0.000      234.410     3036.840
      22.598        0.000      204.293     2499.793
      22.646        0.000      199.816     2502.316
      22.699        0.000      199.867     2502.879
      22.754        0.000      197.395     2497.023
      22.799        0.000      199.984     2499.105
      22.856        0.000      159.062     1956.430
      22.931        0.000      238.031     3044.402
      23.005        0.000      164.270     1958.926
      23.056        0.000      234.156     3038.652
      23.102        0.000      160.316     1955.828
      23.155        0.000      239.426     3035.398
      23.202        0.000      250.629     3050.906
      23.253        0.000      204.918     2496.691
      23.314        0.000      160.910     1956.609
      23.374        0.000      242.977     3044.633
      23.446        0.000      165.594     1958.566
      23.510        0.000      204.602     2499.230
      23.584        0.000      207.281     2505.699
      23.638        0.000      160.949     1955.406
      23.704        0.000      194.906     2495.562
      23.779        0.000      246.281     3047.961
      23.853        0.000      128.992     1419.473
      23.905        0.000      192.887     2495.008
      23.980        0.000      239.484     3036.766
      24.040        0.000      163.039     1958.426
      24.096        0.000      235.207     3039.152
      24.142        0.000      194.727     2493.324
      24.211        0.000      247.348     3051.328
      24.286        0.000      167.891     1958.551
      24.321        0.000      203.871     2503.707
      24.395        0.000      237.938     3038.551
      24.471        0.000      207.734     2507.449
      24.545        0.000      205.758     2506.758
      24.591        0.000      163.145     1955.695
      24.632        0.000      237.176     3036.926
      24.680        0.000      202.754     2497.754
      24.727        0.000      248.324     3041.902
      24.774        0.000      169.555     1959.637
      24.824        0.000      194.090     2491.969
      24.874        0.000      189.984     2495.281
      24.919        0.000      236.074     3037.109
      24.970        0.000      249.973     3058.988
      25.043        0.000      127.922     1419.156
      25.073        0.000      225.941     3032.527
      25.119        0.000      192.625     2494.887
      25.169        0.000      238.445     3037.418
      25.218        0.000      252.156     3048.211
      25.275        0.000      129.570     1419.516
      25.330        0.000      191.898     2494.719
      25.403        0.000      247.324     3041.941
      25.478        0.000      168.496     1966.785
      25.540        0.000      155.336     1955.641
      25.607        0.000      236.527     3038.660
      25.681        0.000      209.004     2508.113
      25.755        0.000      162.184     1963.906
      25.809        0.000      196.102     2494.621
      25.872        0.000      196.410     2496.746
      25.925        0.000      242.809     3043.250
      25.976        0.000      207.449     2506.516
      26.030        0.000      163.695     1958.410
      26.086        0.000      201.566     2498.043
      26.161        0.000      205.910     2506.102
      26.236        0.000      196.914     2500.566
      26.279        0.000      197.137     2497.863
      26.322        0.000      197.480     2497.262
      26.374        0.000      239.363     3045.168
      26.423        0.000      207.164     2506.203
      26.467        0.000      206.512     2512.043
      26.536        0.000      161.660     1958.648
      26.577        0.000      232.070     3041.332
      26.624        0.000      199.234     2497.809
      26.667        0.000      204.191     2499.828
      26.721        0.000      204.793     2503.746
      26.777        0.000      196.219     2500.812
      26.825        0.000      193.520     2496.043
      26.868        0.000      237.566     3037.898
      26.921        0.000      208.441     2502.523
      26.972        0.000      163.973     1962.215
      27.035        0.000      223.461     3026.645
      27.089        0.000      244.922     3043.777
      27.166        0.000      211.594     2503.051
      27.227        0.000      123.855     1417.828
      27.294        0.000      227.336     3031.566
      27.343        0.000      196.973     2497.348
      27.395        0.000      237.648     3037.359
      27.440        0.000      203.105     2500.949
      27.486        0.000      198.387     2502.156
      27.532        0.000      224.594     3029.703
      27.578        0.000      197.707     2495.445
      27.625        0.000      244.387     3037.023
      27.681        0.000      210.383     2506.465
      27.737        0.000      159.391     1956.027
      27.794        0.000      196.508     2496.910
      27.869        0.000      203.480     2500.648
      27.944        0.000      162.711     1956.402
      28.005        0.000      160.027     1953.984
      28.058        0.000      243.383     3045.348
      28.132        0.000      210.836     2508.812
      28.195        0.000      165.941     1965.082
      28.253        0.000      197.008     2495.113
      28.301        0.000      239.004     3043.137
      28.353        0.000      235.395     3036.578
      28.405        0.000      205.234     2505.223
      28.451        0.000      204.773     2503.660
      28.506        0.000      164.000     1964.379
      28.535        0.000      126.961     1417.906
      28.564        0.000      127.895     1419.238
      28.581        0.000      129.172     1420.047
      28.598        0.000       87.125      878.250
      28.616        0.000        1.785        6.688
