# Elapsed time   CPU (%)     Real (MB)   Virtual (MB)
       0.000        0.000       37.715      548.648
       0.010        0.000       37.973      551.141
       0.020        0.000       39.055      551.395
       0.030        0.000       40.574      551.645
       0.039        0.000       41.336      552.395
       0.049        0.000       41.773      552.414
       0.059        0.000       43.055      552.586
       0.069        0.000       44.418      553.445
       0.079        0.000       44.379      553.383
       0.088        0.000       44.379      553.383
       0.097        0.000       44.379      553.383
       0.106        0.000       45.145      558.812
       0.116        0.000       45.914      559.102
       0.125        0.000       46.211      559.102
       0.135        0.000       47.500      559.102
       0.145        0.000       49.301      560.516
       0.155        0.000       49.832      560.062
       0.166        0.000       50.594      560.062
       0.176        0.000       51.879      560.062
       0.186        0.000       52.770      561.312
       0.196        0.000       53.297      561.312
       0.206        0.000       53.430      561.312
       0.216        0.000       53.848      561.562
       0.227        0.000       54.578      562.562
       0.238        0.000       54.828      562.562
       0.248        0.000       55.312      571.562
       0.258        0.000       55.766      571.812
       0.268        0.000       56.215      571.812
       0.278        0.000       56.215      571.812
       0.288        0.000       56.969      571.812
       0.298        0.000       58.031      572.062
       0.308        0.000       58.918      604.328
       0.319        0.000       62.090      614.578
       0.334        0.000       59.406      605.211
       0.349        0.000       59.766      605.477
       0.364        0.000       59.941      605.477
       0.379        0.000       60.934      605.477
       0.394        0.000       62.586      605.762
       0.409        0.000       64.848      607.316
       0.425        0.000       65.059      607.316
       0.440        0.000       65.164      607.316
       0.455        0.000       66.957      607.316
       0.471        0.000       69.379      609.316
       0.486        0.000       69.633      609.316
       0.502        0.000       69.891      609.316
       0.517        0.000       70.086      609.316
       0.532        0.000       72.297      627.125
       0.548        0.000       72.730      627.125
       0.564        0.000       72.730      627.125
       0.579        0.000       72.840      627.375
       0.594        0.000       73.598      627.375
       0.609        0.000       74.793      627.375
       0.625        0.000       75.832      627.691
       0.640        0.000       78.750      627.691
       0.656        0.000       82.023      628.941
       0.672        0.000       83.289      628.941
       0.688        0.000       86.383      628.941
       0.704        0.000       88.520      628.977
       0.719        0.000       92.602      631.977
       0.735        0.000       94.664      633.977
       0.752        0.000       94.918      633.977
       0.767        0.000       95.172      633.977
       0.783        0.000      100.840      640.227
       0.799        0.000      101.328      645.977
       0.816        0.000      101.562      645.977
       0.832        0.000      101.562      645.977
       0.848        0.000      101.562      645.977
       0.864        0.000      101.562      645.977
       0.879        0.000      101.723      646.328
       0.894        0.000      101.723      646.328
       0.910        0.000      103.500      646.328
       0.926        0.000      106.078      646.328
       0.941        0.000      114.035      653.578
       0.957        0.000      115.324      654.078
       0.973        0.000      115.324      654.078
       0.989        0.000      115.582      654.078
       1.004        0.000      116.355      654.852
       1.019        0.000      120.223      659.102
       1.035        0.000      120.223      659.102
       1.051        0.000      120.480      659.102
       1.067        0.000      120.738      659.352
       1.082        0.000      126.926      666.352
       1.099        0.000      127.184      666.352
       1.114        0.000      127.441      666.352
       1.129        0.000      127.699      666.352
       1.145        0.000      132.855      671.602
       1.161        0.000      132.855      671.602
       1.177        0.000      133.887      672.383
       1.192        0.000      134.145      672.633
       1.207        0.000      139.887      679.133
       1.224        0.000      140.145      679.133
       1.242        0.000      139.578      683.258
       1.259        0.000      139.578      683.258
       1.274        0.000      139.578      683.258
       1.290        0.000      139.578      683.258
       1.306        0.000      139.578      683.258
       1.321        0.000      140.828      685.258
       1.337        0.000      142.633      685.258
       1.352        0.000      145.211      685.258
       1.368        0.000      153.977      693.258
       1.383        0.000      154.234      693.258
       1.400        0.000      154.492      693.258
       1.415        0.000      154.492      693.258
       1.430        0.000      154.750      693.508
       1.445        0.000      160.164      699.180
       1.462        0.000      160.422      699.180
       1.477        0.000      160.680      699.180
       1.492        0.000      167.125      706.180
       1.508        0.000      167.125      706.180
       1.524        0.000      167.383      706.180
       1.540        0.000      167.641      706.180
       1.555        0.000      167.898      706.180
       1.570        0.000      172.797      711.930
       1.586        0.000      172.797      711.930
       1.602        0.000      173.055      711.930
       1.617        0.000      179.242      717.930
       1.633        0.000      179.500      717.930
       1.649        0.000      179.758      717.930
       1.663        0.000      180.016      717.930
       1.678        0.000      182.336      721.180
       1.694        0.000      185.430      723.680
       1.710        0.000      185.430      723.680
       1.725        0.000      185.688      723.930
       1.740        0.000      190.844      729.680
       1.756        0.000      191.789      729.930
       1.780        0.000      192.047      729.930
       1.798        0.000      191.348      735.398
       1.815        0.000      191.598      735.398
       1.831        0.000      191.855      735.398
       1.846        0.000      191.855      735.398
       1.861        0.000      193.918      737.148
       1.876        0.000      194.172      737.648
       1.892        0.000      195.219      738.898
       1.908        0.000      197.797      738.898
       1.923        0.000      200.117      739.148
       1.938        0.000      208.363      746.648
       1.954        0.000      208.621      746.648
       1.969        0.000      208.621      746.648
       1.985        0.000      208.879      746.648
       2.000        0.000      211.715      750.148
       2.015        0.000      213.520      751.898
       2.031        0.000      213.777      751.898
       2.046        0.000      214.035      751.898
       2.061        0.000      219.965      758.648
       2.077        0.000      220.223      758.648
       2.093        0.000      220.480      758.648
       2.108        0.000      220.480      758.648
       2.123        0.000      222.801      761.148
       2.138        0.000      226.152      764.148
       2.154        0.000      226.410      764.148
       2.169        0.000      226.410      764.148
       2.185        0.000      232.082      770.398
       2.200        0.000      232.340      770.398
       2.216        0.000      232.340      770.398
       2.231        0.000      232.598      770.398
       2.246        0.000      236.465      774.398
       2.261        0.000      238.270      776.398
       2.278        0.000      238.270      776.398
       2.293        0.000      238.527      776.398
       2.308        0.000      242.137      780.398
       2.324        0.000      244.457      782.398
       2.340        0.000      244.715      782.398
       2.355        0.000      244.973      782.398
       2.370        0.000      246.777      785.027
       2.385        0.000      250.645      788.027
       2.402        0.000      250.902      788.277
       2.417        0.000      250.902      788.527
       2.432        0.000      252.191      790.277
       2.447        0.000      259.410      797.152
       2.464        0.000      259.410      797.152
       2.479        0.000      259.668      797.152
       2.494        0.000      259.926      797.402
       2.509        0.000      266.539      803.223
       2.526        0.000      266.539      803.223
       2.543        0.000      266.797      803.223
       2.561        0.000      266.797      803.223
       2.579        0.000      264.312      806.301
       2.597        0.000      264.312      806.301
       2.614        0.000      264.312      806.301
       2.630        0.000      264.785      806.566
       2.646        0.000      268.008      809.719
       2.662        0.000      277.027      813.719
       2.678        0.000      277.027      813.719
       2.694        0.000      277.027      813.719
       2.709        0.000      277.496      813.758
       2.725        0.000      278.586      814.383
       2.741        0.000      277.707      813.852
       2.757        0.000      277.965      813.852
       2.773        0.000      277.965      813.852
       2.789        0.000      278.223      813.852
       2.806        0.000      278.781      814.070
       2.823        0.000      278.129      813.758
       2.843        0.000      278.129      813.758
       2.860        0.000      278.129      813.758
       2.877        0.000      278.648      813.758
       2.893        0.000      278.184      813.758
       2.911        0.000      278.184      813.758
       2.927        0.000      278.184      813.758
       2.943        0.000      278.184      813.758
       2.959        0.000      278.184      813.758
       2.975        0.000      278.184      813.758
       2.990        0.000      278.184      813.758
       3.006        0.000      278.184      813.758
       3.022        0.000      278.469      813.820
       3.039        0.000      278.469      813.820
       3.055        0.000      278.469      813.820
       3.071        0.000      278.469      813.820
       3.087        0.000      278.469      813.820
       3.103        0.000      278.469      813.820
       3.120        0.000      278.469      813.820
       3.136        0.000      278.469      813.820
       3.152        0.000      278.469      813.820
       3.168        0.000      278.469      813.820
       3.184        0.000      278.469      813.820
       3.200        0.000      278.469      813.820
       3.215        0.000      278.469      813.820
       3.232        0.000      278.469      813.820
       3.248        0.000      278.469      813.820
       3.264        0.000      278.469      813.820
       3.281        0.000      278.469      813.820
       3.297        0.000      278.469      813.820
       3.314        0.000      278.469      814.070
       3.330        0.000      278.469      814.070
       3.346        0.000      278.469      814.070
       3.362        0.000      278.469      814.570
       3.378        0.000      278.469      814.570
       3.394        0.000      278.469      814.570
       3.410        0.000      278.469      814.570
       3.426        0.000      278.469      814.570
       3.442        0.000      278.469      814.820
       3.458        0.000      278.469      814.820
       3.474        0.000      278.703      814.820
       3.490        0.000      278.703      814.820
       3.506        0.000      278.703      814.820
       3.523        0.000      278.703      815.070
       3.539        0.000      278.703      815.070
       3.555        0.000      278.703      815.070
       3.572        0.000      278.703      815.070
       3.588        0.000      278.703      815.070
       3.604        0.000      278.703      815.070
       3.621        0.000      278.703      815.070
       3.637        0.000      278.703      815.070
       3.653        0.000      278.703      815.070
       3.669        0.000      278.703      815.070
       3.685        0.000      278.703      815.070
       3.702        0.000      278.703      815.070
       3.718        0.000      278.703      815.070
       3.734        0.000      278.703      815.070
       3.751        0.000      278.703      815.070
       3.767        0.000      278.703      815.070
       3.783        0.000      278.703      815.070
       3.799        0.000      278.703      815.070
       3.815        0.000      278.703      815.070
       3.830        0.000      278.703      815.070
       3.846        0.000      278.703      815.070
       3.862        0.000      278.703      815.070
       3.877        0.000      278.703      815.070
       3.893        0.000      278.703      815.070
       3.908        0.000      278.703      815.070
       3.924        0.000      278.703      815.070
       3.940        0.000      278.703      815.070
       3.955        0.000      278.703      815.070
       3.971        0.000      278.703      815.070
       3.987        0.000      278.703      815.070
       4.002        0.000      278.703      815.070
       4.018        0.000      278.703      815.070
       4.033        0.000      278.703      815.070
       4.049        0.000      278.703      815.070
       4.065        0.000      278.703      815.070
       4.081        0.000      278.703      815.070
       4.097        0.000      278.703      815.070
       4.112        0.000      278.703      815.070
       4.128        0.000      278.703      815.070
       4.144        0.000      278.703      815.070
       4.159        0.000      278.703      815.070
       4.175        0.000      278.703      815.070
       4.191        0.000      278.703      815.070
       4.207        0.000      278.703      815.070
       4.223        0.000      278.703      815.070
       4.239        0.000      278.703      815.070
       4.255        0.000      278.703      815.070
       4.270        0.000      278.703      815.070
       4.286        0.000      278.703      815.070
       4.302        0.000      278.703      815.070
       4.318        0.000      278.703      815.070
       4.333        0.000      278.957      815.070
       4.349        0.000      278.957      815.070
       4.364        0.000      279.215      815.070
       4.380        0.000      279.215      815.070
       4.396        0.000      279.215      815.070
       4.411        0.000      279.215      815.070
       4.427        0.000      279.215      815.070
       4.443        0.000      279.215      815.070
       4.459        0.000      279.215      815.070
       4.475        0.000      279.215      815.070
       4.491        0.000      279.215      815.070
       4.507        0.000      279.215      815.070
       4.523        0.000      279.215      815.070
       4.540        0.000      279.215      815.070
       4.556        0.000      279.215      815.070
       4.572        0.000      279.215      815.070
       4.588        0.000      279.215      815.070
       4.604        0.000      279.215      815.070
       4.621        0.000      279.215      815.070
       4.637        0.000      279.215      815.070
       4.653        0.000      279.215      815.070
       4.670        0.000      279.215      815.070
       4.686        0.000      279.215      815.070
       4.703        0.000      279.215      815.070
       4.719        0.000      279.215      815.070
       4.737        0.000      279.215      815.070
       4.756        0.000      279.215      815.070
       4.771        0.000      279.215      815.070
       4.786        0.000      279.215      815.070
       4.800        0.000      279.215      815.070
       4.815        0.000      279.215      815.070
       4.830        0.000      279.215      815.070
       4.845        0.000      279.215      815.070
       4.860        0.000      279.215      815.070
       4.875        0.000      279.215      815.070
       4.890        0.000      279.215      815.070
       4.906        0.000      279.215      815.070
       4.921        0.000      279.215      815.320
       4.936        0.000      279.215      815.320
       4.951        0.000      279.215      815.320
       4.966        0.000      279.215      815.320
       4.981        0.000      279.215      815.320
       4.996        0.000      279.215      815.320
       5.011        0.000      279.215      815.820
       5.026        0.000      279.215      815.820
       5.040        0.000      279.473      815.820
       5.055        0.000      279.473      815.820
       5.070        0.000      279.473      815.820
       5.085        0.000      279.473      815.820
       5.100        0.000      279.473      815.820
       5.115        0.000      279.473      815.820
       5.130        0.000      279.473      815.820
       5.145        0.000      279.473      815.820
       5.160        0.000      279.473      815.820
       5.175        0.000      279.473      815.820
       5.190        0.000      279.473      815.820
       5.205        0.000      279.473      815.820
       5.220        0.000      279.473      815.820
       5.235        0.000      279.473      815.820
       5.250        0.000      279.473      815.820
       5.265        0.000      279.473      815.820
       5.280        0.000      279.473      815.820
       5.296        0.000      279.473      815.820
       5.311        0.000      279.473      815.820
       5.326        0.000      279.473      815.820
       5.341        0.000      279.473      815.820
       5.356        0.000      279.473      815.820
       5.371        0.000      279.473      815.820
       5.385        0.000      279.473      815.820
       5.400        0.000      279.473      816.320
       5.415        0.000      279.887      816.320
       5.430        0.000      279.887      816.320
       5.446        0.000      279.887      816.320
       5.461        0.000      279.887      816.320
       5.476        0.000      279.887      816.320
       5.491        0.000      280.141      816.320
       5.506        0.000      280.141      816.320
       5.521        0.000      280.141      816.320
       5.536        0.000      280.141      816.320
       5.551        0.000      280.141      816.320
       5.566        0.000      280.141      816.320
       5.581        0.000      280.141      816.320
       5.596        0.000      280.141      816.320
       5.611        0.000      280.141      816.320
       5.626        0.000      280.141      816.320
       5.641        0.000      280.141      816.320
       5.656        0.000      280.391      816.320
       5.671        0.000      280.391      816.320
       5.686        0.000      280.391      816.320
       5.701        0.000      280.391      816.320
       5.716        0.000      280.391      816.320
       5.730        0.000      280.391      816.320
       5.745        0.000      280.391      816.320
       5.760        0.000      280.391      816.320
       5.775        0.000      280.391      816.320
       5.790        0.000      280.391      816.320
       5.805        0.000      280.391      816.320
       5.820        0.000      280.391      816.320
       5.835        0.000      280.391      816.320
       5.850        0.000      280.391      816.320
       5.865        0.000      280.391      816.320
       5.880        0.000      280.391      816.320
       5.895        0.000      280.391      816.320
       5.909        0.000      280.391      816.320
       5.924        0.000      280.391      816.320
       5.939        0.000      280.391      816.320
       5.954        0.000      280.391      816.320
       5.969        0.000      280.391      816.320
       5.984        0.000      280.391      816.320
       5.999        0.000      280.391      816.320
       6.013        0.000      280.391      816.320
       6.028        0.000      280.391      816.320
       6.043        0.000      280.391      816.320
       6.059        0.000      280.391      816.320
       6.075        0.000      280.391      816.320
       6.091        0.000      280.391      816.320
       6.107        0.000      280.391      816.320
       6.122        0.000      280.391      816.320
       6.138        0.000      280.391      816.320
       6.153        0.000      280.391      816.320
       6.168        0.000      280.648      816.320
       6.183        0.000      280.648      816.320
       6.198        0.000      280.648      816.320
       6.213        0.000      280.648      816.320
       6.229        0.000      280.648      816.320
       6.244        0.000      280.648      816.320
       6.259        0.000      280.648      816.320
       6.274        0.000      280.648      816.320
       6.289        0.000      280.648      816.320
       6.304        0.000      280.648      816.320
       6.319        0.000      280.648      816.320
       6.334        0.000      280.648      816.320
       6.348        0.000      280.648      816.320
       6.363        0.000      280.648      816.320
       6.378        0.000      280.648      816.320
       6.393        0.000      280.648      816.320
       6.407        0.000      280.648      816.320
       6.422        0.000      280.648      816.320
       6.437        0.000      280.648      816.320
       6.452        0.000      280.648      816.320
       6.466        0.000      280.648      816.320
       6.481        0.000      280.648      816.320
       6.496        0.000      280.648      816.320
       6.510        0.000      280.648      816.320
       6.525        0.000      280.648      816.320
       6.541        0.000      280.648      816.570
       6.555        0.000      280.648      816.570
       6.571        0.000      280.648      816.570
       6.588        0.000      280.648      816.570
       6.604        0.000      280.648      816.570
       6.619        0.000      280.648      816.570
       6.634        0.000      280.648      816.570
       6.649        0.000      280.906      816.570
       6.664        0.000      280.906      816.820
       6.679        0.000      280.906      816.820
       6.694        0.000      280.906      816.820
       6.709        0.000      280.906      816.820
       6.724        0.000      280.906      816.820
       6.739        0.000      280.906      816.820
       6.754        0.000      280.906      816.820
       6.769        0.000      280.906      816.820
       6.785        0.000      280.906      816.820
       6.800        0.000      280.906      816.820
       6.815        0.000      280.906      816.820
       6.830        0.000      280.906      816.820
       6.845        0.000      280.906      816.820
       6.859        0.000      280.906      816.820
       6.875        0.000      280.906      816.820
       6.890        0.000      280.906      816.820
       6.905        0.000      280.906      816.820
       6.920        0.000      280.906      817.070
       6.936        0.000      280.906      817.070
       6.951        0.000      280.906      817.070
       6.966        0.000      280.906      817.070
       6.981        0.000      280.906      817.070
       6.996        0.000      280.906      817.070
       7.011        0.000      280.906      817.070
       7.026        0.000      280.906      817.070
       7.041        0.000      280.906      817.070
       7.056        0.000      281.164      817.070
       7.071        0.000      281.164      817.070
       7.087        0.000      281.164      817.070
       7.102        0.000      281.164      817.070
       7.117        0.000      281.164      817.070
       7.133        0.000      281.164      817.070
       7.148        0.000      281.164      817.070
       7.163        0.000      281.164      817.070
       7.179        0.000      281.422      817.070
       7.194        0.000      281.422      817.070
       7.210        0.000      281.422      817.070
       7.225        0.000      281.422      817.070
       7.240        0.000      281.422      817.070
       7.255        0.000      281.422      817.070
       7.270        0.000      281.422      817.070
       7.285        0.000      281.422      817.070
       7.301        0.000      281.422      817.070
       7.316        0.000      281.676      817.070
       7.331        0.000      281.676      817.070
       7.345        0.000      281.676      817.070
       7.360        0.000      281.676      817.070
       7.375        0.000      281.676      817.070
       7.390        0.000      281.676      817.070
       7.405        0.000      281.676      817.070
       7.420        0.000      281.676      818.070
       7.435        0.000      281.676      818.070
       7.450        0.000      281.676      818.070
       7.464        0.000      281.676      818.070
       7.480        0.000      281.676      818.070
       7.494        0.000      281.676      818.070
       7.509        0.000      281.676      818.070
       7.525        0.000      281.676      818.070
       7.540        0.000      281.676      818.070
       7.554        0.000      281.676      818.070
       7.569        0.000      281.676      818.070
       7.584        0.000      281.676      818.070
       7.600        0.000      281.676      818.070
       7.615        0.000      281.676      818.070
       7.630        0.000      281.930      818.070
       7.645        0.000      281.930      818.070
       7.659        0.000      281.930      818.070
       7.674        0.000      281.930      818.070
       7.689        0.000      281.930      818.070
       7.704        0.000      281.930      818.070
       7.719        0.000      281.930      818.070
       7.734        0.000      281.930      818.070
       7.749        0.000      281.930      818.070
       7.763        0.000      281.930      818.070
       7.778        0.000      281.930      818.070
       7.793        0.000      281.930      818.070
       7.808        0.000      281.930      818.070
       7.823        0.000      281.930      818.070
       7.838        0.000      281.930      818.070
       7.852        0.000      281.930      818.070
       7.867        0.000      281.930      818.070
       7.882        0.000      281.930      818.070
       7.897        0.000      281.930      818.070
       7.912        0.000      281.930      818.070
       7.927        0.000      281.930      818.070
       7.942        0.000      281.930      818.070
       7.956        0.000      281.930      818.070
       7.971        0.000      281.930      818.070
       7.986        0.000      281.930      818.070
       8.001        0.000      281.930      818.070
       8.015        0.000      281.930      818.070
       8.030        0.000      281.930      818.070
       8.045        0.000      281.930      818.070
       8.060        0.000      281.930      818.070
       8.074        0.000      281.930      818.070
       8.089        0.000      281.930      818.070
       8.104        0.000      281.930      818.070
       8.118        0.000      281.930      818.070
       8.133        0.000      282.188      818.070
       8.148        0.000      282.188      818.070
       8.162        0.000      282.188      818.070
       8.177        0.000      282.188      818.070
       8.192        0.000      282.188      818.070
       8.207        0.000      282.188      818.070
       8.222        0.000      282.188      818.070
       8.238        0.000      282.188      818.070
       8.252        0.000      282.188      818.070
       8.267        0.000      282.188      818.070
       8.282        0.000      282.188      818.070
       8.297        0.000      282.188      818.070
       8.312        0.000      282.188      818.070
       8.327        0.000      282.188      818.070
       8.342        0.000      282.188      818.070
       8.356        0.000      282.188      818.070
       8.371        0.000      282.188      818.070
       8.386        0.000      282.188      818.070
       8.401        0.000      282.188      818.070
       8.415        0.000      282.188      818.070
       8.430        0.000      282.188      818.070
       8.445        0.000      282.188      818.070
       8.460        0.000      282.188      818.070
       8.474        0.000      282.188      818.070
       8.488        0.000      282.188      818.070
       8.502        0.000      282.188      818.070
       8.516        0.000      282.188      818.070
       8.530        0.000      282.188      818.070
       8.545        0.000      282.188      818.070
       8.559        0.000      282.188      818.070
       8.573        0.000      282.188      818.070
       8.588        0.000      282.188      818.070
       8.602        0.000      282.188      818.070
       8.617        0.000      282.188      818.070
       8.632        0.000      282.188      818.070
       8.647        0.000      282.188      818.070
       8.662        0.000      282.188      818.070
       8.676        0.000      282.188      818.070
       8.690        0.000      282.188      818.070
       8.705        0.000      282.188      818.070
       8.719        0.000      282.188      818.070
       8.734        0.000      282.188      818.070
       8.748        0.000      282.188      818.320
       8.763        0.000      282.188      818.320
       8.777        0.000      282.445      818.320
       8.792        0.000      282.445      818.320
       8.807        0.000      282.445      818.320
       8.821        0.000      282.445      818.320
       8.836        0.000      282.445      818.320
       8.850        0.000      282.445      818.320
       8.865        0.000      282.703      818.320
       8.880        0.000      282.703      818.320
       8.894        0.000      282.703      818.320
       8.909        0.000      282.703      818.320
       8.924        0.000      282.703      818.320
       8.939        0.000      282.703      818.320
       8.954        0.000      282.703      818.320
       8.969        0.000      282.703      818.320
       8.983        0.000      282.703      818.320
       8.998        0.000      282.703      818.320
       9.013        0.000      282.703      818.320
       9.028        0.000      282.703      818.570
       9.043        0.000      282.703      818.570
       9.058        0.000      282.703      818.570
       9.073        0.000      282.703      818.570
       9.087        0.000      282.703      818.570
       9.102        0.000      282.703      818.570
       9.117        0.000      282.961      818.570
       9.132        0.000      282.961      818.570
       9.146        0.000      282.961      818.570
       9.161        0.000      282.961      818.570
       9.176        0.000      282.961      818.570
       9.191        0.000      282.961      818.570
       9.205        0.000      282.961      818.570
       9.221        0.000      282.961      818.570
       9.236        0.000      282.961      818.570
       9.251        0.000      282.961      818.570
       9.266        0.000      282.961      818.570
       9.281        0.000      282.961      818.570
       9.296        0.000      282.961      818.570
       9.312        0.000      282.961      818.570
       9.328        0.000      282.961      818.570
       9.344        0.000      282.961      818.820
       9.360        0.000      282.961      818.820
       9.376        0.000      282.961      818.820
       9.391        0.000      282.961      818.820
       9.406        0.000      282.961      818.820
       9.421        0.000      283.219      818.820
       9.436        0.000      283.219      818.820
       9.451        0.000      283.219      819.320
       9.466        0.000      283.219      819.320
       9.481        0.000      283.219      819.320
       9.496        0.000      283.219      819.320
       9.511        0.000      283.219      819.320
       9.526        0.000      283.219      819.320
       9.541        0.000      283.219      819.320
       9.556        0.000      283.219      819.320
       9.571        0.000      283.219      819.320
       9.586        0.000      283.219      819.320
       9.601        0.000      283.219      819.320
       9.616        0.000      283.219      819.320
       9.630        0.000      283.219      819.320
       9.645        0.000      283.219      819.320
       9.660        0.000      283.219      819.320
       9.674        0.000      283.477      819.320
       9.689        0.000      283.477      819.320
       9.703        0.000      283.477      819.320
       9.718        0.000      283.477      819.320
       9.732        0.000      283.477      819.320
       9.746        0.000      283.477      819.320
       9.761        0.000      283.477      819.320
       9.775        0.000      283.477      819.320
       9.790        0.000      283.477      819.320
       9.804        0.000      283.477      819.320
       9.819        0.000      283.477      819.320
       9.833        0.000      283.477      819.320
       9.848        0.000      283.477      819.320
       9.862        0.000      283.734      819.320
       9.877        0.000      283.734      819.320
       9.891        0.000      283.734      819.320
       9.906        0.000      283.734      819.320
       9.920        0.000      283.734      819.320
       9.935        0.000      283.734      819.320
       9.950        0.000      283.734      819.320
       9.964        0.000      283.734      819.320
       9.979        0.000      283.734      819.320
       9.994        0.000      283.734      819.320
      10.008        0.000      283.734      819.320
      10.023        0.000      283.734      819.320
      10.037        0.000      283.734      819.320
      10.051        0.000      283.734      819.320
      10.066        0.000      283.734      819.320
      10.081        0.000      283.734      819.320
      10.095        0.000      283.734      819.320
      10.110        0.000      283.734      819.320
      10.124        0.000      283.734      819.320
      10.139        0.000      283.734      819.320
      10.153        0.000      283.734      819.320
      10.168        0.000      283.734      819.320
      10.182        0.000      283.734      819.320
      10.197        0.000      283.734      819.320
      10.211        0.000      284.184      819.570
      10.227        0.000      293.207      828.734
      10.242        0.000      309.234      845.070
      10.258        0.000      320.062      855.090
      10.274        0.000      320.340      855.238
      10.290        0.000      331.855      866.582
      10.306        0.000      335.723      870.082
      10.322        0.000      341.395      876.211
      10.337        0.000      352.223      887.090
      10.353        0.000      358.523      893.480
      10.369        0.000      362.566      897.738
      10.384        0.000      363.742      898.277
      10.399        0.000      364.117      898.688
      10.414        0.000      363.672      898.531
      10.429        0.000      363.621      898.758
      10.444        0.000      364.203      899.293
      10.459        0.000      364.207      899.152
      10.474        0.000      364.207      899.152
      10.488        0.000      366.262      901.152
      10.504        0.000      366.520      901.152
      10.520        0.000      366.777      901.152
      10.536        0.000      368.582      903.156
      10.552        0.000      368.840      903.332
      10.569        0.000      369.613      903.332
      10.585        0.000      364.543      898.320
      10.602        0.000      364.543      898.320
      10.619        0.000      364.543      898.320
      10.635        0.000      364.543      898.320
      10.650        0.000      365.285      899.332
      10.665        0.000      365.285      899.332
      10.680        0.000      365.285      899.332
      10.695        0.000      366.316      900.082
      10.710        0.000      370.375      904.086
      10.725        0.000      370.375      904.086
      10.739        0.000      370.375      904.086
      10.754        0.000      370.891      904.727
      10.769        0.000      370.891      904.727
      10.783        0.000      370.891      904.727
      10.798        0.000      370.891      904.727
      10.813        0.000      370.891      904.727
      10.828        0.000      370.891      904.727
      10.843        0.000      370.891      904.727
      10.857        0.000      370.582      904.727
      10.872        0.000      370.582      904.727
      10.887        0.000      371.098      905.312
      10.902        0.000      371.098      905.312
      10.917        0.000      371.098      905.312
      10.932        0.000      371.098      905.312
      10.947        0.000      379.148      913.316
      10.962        0.000      379.148      913.316
      10.977        0.000      379.148      913.316
      10.991        0.000      379.148      913.316
      11.006        0.000      379.148      913.316
      11.020        0.000      379.148      913.316
      11.035        0.000      379.148      913.316
      11.050        0.000      379.148      913.316
      11.064        0.000      379.148      913.316
      11.079        0.000      379.148      913.316
      11.093        0.000      379.922      914.191
      11.108        0.000      379.922      914.191
      11.123        0.000      379.922      914.191
      11.137        0.000      379.922      914.191
      11.152        0.000      380.949      915.191
      11.166        0.000      380.949      915.191
      11.181        0.000      380.949      915.191
      11.196        0.000      380.949      915.191
      11.210        0.000      382.234      916.441
      11.226        0.000      382.234      916.441
      11.240        0.000      382.234      916.441
      11.255        0.000      383.781      918.191
      11.270        0.000      383.781      918.191
      11.285        0.000      384.039      918.191
      11.299        0.000      384.039      918.191
      11.314        0.000      385.324      919.441
      11.330        0.000      385.324      919.441
      11.345        0.000      385.324      919.441
      11.360        0.000      386.613      921.191
      11.376        0.000      386.871      921.191
      11.391        0.000      386.871      921.191
      11.406        0.000      388.418      923.504
      11.420        0.000      405.484      940.008
      11.437        0.000      405.484      940.008
      11.452        0.000      405.484      940.008
      11.467        0.000      405.484      940.008
      11.482        0.000      405.484      940.008
      11.497        0.000      405.484      940.008
      11.511        0.000      407.031      941.258
      11.527        0.000      407.152      941.508
      11.537        0.000      337.707      904.008
      11.547        0.000      165.570      731.871
      11.558        0.000        1.828        9.512
