# Elapsed time   CPU (%)     Real (MB)   Virtual (MB)
       0.000        0.000       37.996      545.316
       0.013        0.000       38.930      545.816
       0.025        0.000       40.984      546.770
       0.037        0.000       41.086      546.426
       0.049        0.000       42.359      547.430
       0.061        0.000       43.086      547.805
       0.073        0.000       45.121      553.781
       0.085        0.000       46.660      554.035
       0.097        0.000       47.934      554.035
       0.109        0.000       48.641      554.602
       0.122        0.000       49.160      554.445
       0.134        0.000       50.344      554.445
       0.146        0.000       52.469      555.984
       0.159        0.000       52.945      556.156
       0.171        0.000       53.148      556.156
       0.183        0.000       54.102      557.297
       0.196        0.000       54.285      557.297
       0.208        0.000       55.258      567.176
       0.221        0.000       59.320      578.039
       0.243        0.000       59.762      578.426
       0.261        0.000       57.754      601.824
       0.279        0.000       58.355      601.824
       0.299        0.000      188.727     2745.918
       0.351        0.000       65.320      603.441
       0.389        0.000       74.449      603.695
       0.434        0.000       75.824      621.941
       0.471        0.000      137.145     1693.246
       0.507        0.000      217.207     2777.516
       0.552        0.000      232.000     2783.098
       0.602        0.000      241.703     2797.633
       0.650        0.000      261.035     2815.836
       0.721        0.000      275.879     2847.211
       0.793        0.000      291.930     2861.043
       0.859        0.000      305.102     2862.066
       0.910        0.000      318.297     2869.281
       0.963        0.000      327.582     2874.652
       1.026        0.000      333.707     2912.277
       1.089        0.000      350.254     2929.879
       1.140        0.000      363.512     2932.258
       1.196        0.000      378.699     2956.664
       1.243        0.000      396.484     2957.914
       1.288        0.000      425.516     2977.445
       1.351        0.000      445.453     2990.359
       1.424        0.000      460.371     3003.109
       1.495        0.000      464.578     3005.016
       1.566        0.000      473.316     3014.016
       1.616        0.000      476.125     3015.766
       1.659        0.000      479.969     3018.742
       1.706        0.000      490.465     3029.324
       1.765        0.000      499.859     3039.324
       1.812        0.000      502.422     3040.324
       1.856        0.000      505.039     3042.234
       1.915        0.000      510.547     3048.234
       1.967        0.000      513.441     3050.238
       2.024        0.000      513.574     3049.492
       2.091        0.000      514.008     3049.996
       2.162        0.000      514.410     3049.996
       2.234        0.000      514.645     3049.996
       2.280        0.000      514.574     3049.996
       2.322        0.000      514.574     3049.996
       2.377        0.000      514.828     3049.996
       2.422        0.000      516.852     3051.996
       2.468        0.000      517.367     3052.496
       2.513        0.000      521.148     3056.746
       2.580        0.000      526.301     3061.246
       2.652        0.000      529.133     3064.246
       2.723        0.000      537.484     3073.746
       2.777        0.000      539.543     3074.746
       2.820        0.000      545.184     3080.496
       2.867        0.000      546.629     3081.996
       2.914        0.000      555.105     3090.496
       2.961        0.000      563.867     3099.996
       3.009        0.000      566.445     3101.746
       3.055        0.000      575.973     3112.652
       3.111        0.000      578.371     3114.152
       3.160        0.000      583.863     3119.902
       3.204        0.000      590.289     3125.652
       3.250        0.000      593.625     3127.949
       3.295        0.000      602.645     3139.105
       3.340        0.000      609.785     3144.277
       3.383        0.000      616.680     3149.934
       3.432        0.000      618.730     3151.684
       3.472        0.000      625.156     3158.531
       3.522        0.000      636.527     3169.918
       3.591        0.000      644.738     3176.945
       3.663        0.000      654.332     3188.898
       3.732        0.000      664.117     3198.648
       3.786        0.000      668.527     3201.238
       3.834        0.000      670.992     3204.738
       3.878        0.000      661.621     3194.344
       3.945        0.000      664.094     3195.953
       3.992        0.000      670.270     3202.203
       4.057        0.000      680.578     3212.480
       4.124        0.000      663.871     3194.992
       4.172        0.000      664.645     3195.992
       4.215        0.000      669.977     3201.277
       4.261        0.000      655.762     3187.137
       4.312        0.000      656.691     3187.656
       4.357        0.000      657.207     3187.906
       4.400        0.000      657.484     3188.406
       4.445        0.000      658.512     3189.156
       4.501        0.000      662.293     3193.406
       4.554        0.000      663.066     3193.406
       4.599        0.000      642.695     3172.738
       4.658        0.000      642.848     3172.738
       4.705        0.000      642.848     3172.738
       4.750        0.000      642.859     3172.738
       4.797        0.000      642.883     3172.738
       4.841        0.000      642.883     3172.738
       4.887        0.000      642.883     3172.738
       4.934        0.000      642.883     3172.738
       4.979        0.000      643.152     3172.738
       5.028        0.000      643.152     3172.738
       5.074        0.000      643.406     3172.902
       5.117        0.000      643.652     3173.031
       5.164        0.000      643.652     3173.031
       5.208        0.000      643.652     3173.031
       5.250        0.000      643.652     3173.031
       5.297        0.000      643.652     3173.031
       5.340        0.000      643.652     3173.281
       5.387        0.000      644.152     3173.781
       5.431        0.000      644.926     3174.945
       5.474        0.000      647.871     3177.109
       5.530        0.000      648.102     3177.109
       5.580        0.000      648.254     3177.273
       5.631        0.000      648.254     3177.273
       5.678        0.000      648.254     3177.523
       5.724        0.000      648.473     3177.523
       5.768        0.000      649.219     3177.523
       5.813        0.000      651.621     3181.023
       5.861        0.000      652.641     3181.773
       5.905        0.000      646.586     3175.020
       5.955        0.000      644.816     3173.582
       6.013        0.000      645.016     3173.832
       6.087        0.000      645.016     3173.832
       6.135        0.000      645.266     3174.082
       6.206        0.000      645.266     3174.082
       6.276        0.000      636.270     3165.059
       6.346        0.000      636.270     3165.059
       6.418        0.000      635.875     3165.059
       6.486        0.000      635.910     3165.059
       6.554        0.000      635.984     3165.059
       6.611        0.000      635.984     3165.059
       6.655        0.000      635.984     3165.059
       6.699        0.000      635.984     3165.059
       6.745        0.000      635.992     3165.059
       6.797        0.000      635.125     3164.977
       6.868        0.000      635.090     3164.844
       6.939        0.000      635.344     3165.660
       7.013        0.000      637.371     3166.645
       7.085        0.000      637.574     3166.895
       7.137        0.000      637.895     3167.145
       7.203        0.000      638.281     3167.277
       7.250        0.000      638.281     3167.777
       7.296        0.000      638.309     3168.027
       7.346        0.000      638.824     3168.027
       7.392        0.000      639.926     3169.512
       7.436        0.000      640.875     3169.762
       7.483        0.000      641.133     3170.262
       7.527        0.000      645.574     3175.262
       7.574        0.000      649.938     3179.762
       7.625        0.000      647.176     3176.324
       7.694        0.000      651.816     3181.574
       7.765        0.000      648.844     3178.520
       7.835        0.000      649.355     3178.676
       7.889        0.000      650.078     3179.176
       7.934        0.000      650.852     3179.926
       7.985        0.000      654.719     3184.176
       8.033        0.000      654.977     3184.176
       8.077        0.000      655.750     3184.926
       8.123        0.000      656.508     3185.426
       8.171        0.000      653.730     3182.266
       8.241        0.000      652.984     3181.508
       8.292        0.000      650.457     3179.164
       8.339        0.000      625.488     3178.164
       8.386        0.000      625.488     3178.164
       8.430        0.000      625.488     3178.164
       8.472        0.000      625.488     3178.164
       8.515        0.000      625.703     3178.164
       8.556        0.000      625.961     3178.164
       8.600        0.000      625.961     3178.164
       8.641        0.000      625.961     3178.414
       8.681        0.000      626.199     3178.414
       8.726        0.000      626.199     3178.664
       8.769        0.000      626.445     3178.664
       8.815        0.000      626.703     3178.664
       8.860        0.000      626.957     3178.914
       8.903        0.000      626.957     3178.914
       8.950        0.000      624.328     3176.414
       9.000        0.000      627.438     3179.652
       9.051        0.000      627.535     3179.652
       9.094        0.000      563.633     3170.637
       9.138        0.000       52.719      618.191
       9.154        0.000       52.719      618.191
       9.167        0.000       52.719      618.191
       9.178        0.000        1.762        6.688
