# Elapsed time   CPU (%)     Real (MB)   Virtual (MB)
       0.000        0.000       35.176      542.930
       0.012        0.000       35.426      545.336
       0.024        0.000       35.805      545.180
       0.036        0.000       35.805      545.180
       0.047        0.000       36.367      545.234
       0.058        0.000       37.488      546.195
       0.069        0.000       37.859      546.227
       0.081        0.000       38.352      546.227
       0.092        0.000       39.262      547.070
       0.104        0.000       39.262      547.070
       0.115        0.000       39.473      547.070
       0.126        0.000       40.664      552.324
       0.138        0.000       41.590      552.379
       0.151        0.000       42.121      552.605
       0.162        0.000       42.633      553.070
       0.173        0.000       43.680      553.043
       0.185        0.000       44.750      553.379
       0.197        0.000       45.266      554.379
       0.208        0.000       45.773      554.379
       0.218        0.000       47.629      555.145
       0.230        0.000       48.434      555.078
       0.241        0.000       50.227      557.281
       0.252        0.000       50.566      557.281
       0.263        0.000       50.566      557.281
       0.274        0.000       50.855      557.281
       0.284        0.000       53.031      589.297
       0.296        0.000       53.160      853.645
       0.308        0.000       79.008     1258.582
       0.325        0.000       82.500     1386.895
       0.341        0.000       84.488     1388.969
       0.357        0.000       88.316     1390.141
       0.374        0.000       88.566     1392.391
       0.391        0.000       90.016     1392.703
       0.408        0.000       91.945     1393.145
       0.426        0.000       93.840     1394.156
       0.446        0.000       95.988     1395.398
       0.464        0.000       96.910     1400.898
       0.480        0.000      103.348     1402.898
       0.499        0.000      109.391     1412.875
       0.521        0.000      119.230     1435.305
       0.543        0.000      124.777     1437.621
       0.565        0.000      129.988     1439.508
       0.585        0.000      135.621     1440.859
       0.605        0.000      139.328     1441.184
       0.625        0.000      148.605     1442.926
       0.645        0.000      155.043     1450.523
       0.667        0.000      158.125     1452.840
       0.687        0.000      167.812     1461.719
       0.710        0.000      170.023     1464.219
       0.730        0.000      175.500     1467.910
       0.753        0.000      178.594     1472.949
       0.777        0.000      181.164     1475.516
       0.800        0.000      181.383     1475.676
       0.818        0.000      182.379     1475.676
       0.837        0.000      182.340     1475.676
       0.860        0.000      185.418     1479.855
       0.878        0.000      194.699     1488.895
       0.896        0.000      197.531     1491.410
       0.915        0.000      197.594     1494.523
       0.939        0.000      197.566     1494.066
       0.961        0.000      201.750     1494.066
       0.981        0.000      201.777     1494.207
       1.002        0.000      202.148     1494.199
       1.025        0.000      202.391     1493.949
       1.045        0.000      202.512     1494.262
       1.064        0.000      202.176     1493.793
       1.085        0.000      202.359     1494.262
       1.107        0.000      202.172     1494.121
       1.129        0.000      202.613     1510.121
       1.148        0.000      203.480     1510.121
       1.168        0.000      210.441     1510.121
       1.187        0.000      218.656     1510.121
       1.207        0.000      219.766     1510.977
       1.227        0.000      219.426     1510.977
       1.247        0.000      219.273     1510.590
       1.267        0.000      219.273     1510.590
       1.288        0.000      219.504     1510.848
       1.308        0.000      219.465     1510.668
       1.327        0.000      219.465     1510.797
       1.347        0.000      219.465     1510.797
       1.366        0.000      219.426     1511.105
       1.386        0.000      219.227     1511.105
       1.406        0.000      221.031     1512.293
       1.428        0.000      219.355     1511.566
       1.448        0.000      220.430     1512.008
       1.471        0.000      220.688     1512.008
       1.492        0.000      220.688     1512.008
       1.510        0.000      220.688     1512.008
       1.526        0.000      220.688     1512.168
       1.545        0.000      220.910     1512.168
       1.563        0.000      220.910     1512.418
       1.583        0.000      220.910     1512.418
       1.605        0.000       82.129      872.797
       1.626        0.000        1.855        6.562
