# Elapsed time   CPU (%)     Real (MB)   Virtual (MB)
       0.000        0.000       36.762      542.703
       0.011        0.000       37.414      545.203
       0.023        0.000       38.672      545.453
       0.035        0.000       39.301      545.703
       0.047        0.000       39.816      545.703
       0.059        0.000       41.012      546.469
       0.070        0.000       40.902      546.219
       0.083        0.000       42.195      546.801
       0.095        0.000       42.195      546.801
       0.106        0.000       42.195      546.801
       0.117        0.000       43.156      547.816
       0.128        0.000       43.402      548.070
       0.139        0.000       44.691      553.574
       0.151        0.000       45.730      553.699
       0.163        0.000       46.547      553.715
       0.175        0.000       47.320      553.715
       0.188        0.000       48.746      554.430
       0.200        0.000       49.020      554.430
       0.211        0.000       49.148      554.430
       0.222        0.000       50.340      554.680
       0.233        0.000       51.262      554.680
       0.244        0.000       52.293      555.930
       0.256        0.000       52.422      555.930
       0.267        0.000       52.535      555.930
       0.278        0.000       52.812      556.242
       0.289        0.000       52.801      555.930
       0.300        0.000       53.902      557.930
       0.312        0.000       54.121      557.930
       0.324        0.000       54.410      558.180
       0.336        0.000       57.961      576.340
       0.356        0.000       58.305      576.570
       0.374        0.000       55.777      599.238
       0.392        0.000       80.867     1004.145
       0.423        0.000      115.938     1669.516
       0.514        0.000       61.590      601.020
       0.592        0.000       68.914      604.270
       0.646        0.000       70.047      605.098
       0.698        0.000       73.754      624.129
       0.751        0.000       74.398      624.129
       0.805        0.000       78.945      625.379
       0.860        0.000       85.668      627.516
       0.916        0.000       89.969      633.570
       0.984        0.000       90.027      633.570
       1.040        0.000       90.027      633.820
       1.096        0.000       90.223      633.820
       1.152        0.000       93.484      635.320
       1.210        0.000       97.598      635.320
       1.265        0.000      106.004      640.320
       1.322        0.000      109.852      643.570
       1.379        0.000      115.219      649.070
       1.436        0.000      119.586      653.570
       1.491        0.000      120.832      654.570
       1.548        0.000      121.094      654.570
       1.602        0.000      121.594      655.570
       1.652        0.000      122.520      656.320
       1.706        0.000      122.273      655.320
       1.780        0.000      122.273      655.320
       1.841        0.000      122.273      655.320
       1.895        0.000      122.273      655.320
       1.954        0.000      122.527      655.320
       2.010        0.000      122.527      655.320
       2.065        0.000      122.527      655.320
       2.120        0.000      122.527      655.320
       2.173        0.000      122.527      655.320
       2.234        0.000      122.785      655.320
       2.301        0.000      122.785      655.320
       2.354        0.000      122.785      655.320
       2.414        0.000      122.785      655.320
       2.475        0.000      122.785      655.570
       2.528        0.000      123.141      656.820
       2.581        0.000      123.633      657.820
       2.632        0.000      124.918      658.570
       2.682        0.000      125.176      659.070
       2.733        0.000      125.949      659.570
       2.785        0.000      127.223      660.570
       2.842        0.000      128.254      661.320
       2.900        0.000      128.512      662.320
       2.959        0.000      129.543      662.570
       3.021        0.000      130.316      664.070
       3.078        0.000      131.348      664.570
       3.135        0.000      132.121      665.570
       3.193        0.000      132.637      666.070
       3.251        0.000      133.668      667.070
       3.309        0.000      134.184      667.820
       3.365        0.000      134.695      668.320
       3.424        0.000      135.723      669.320
       3.482        0.000      135.980      669.570
       3.540        0.000      137.270      671.070
       3.597        0.000      138.301      671.820
       3.675        0.000      139.590      673.070
       3.739        0.000      140.105      674.070
       3.807        0.000      140.875      674.570
       3.872        0.000      141.789      674.320
       3.935        0.000      141.789      674.320
       3.990        0.000      142.035      675.570
       4.047        0.000      142.273      675.820
       4.102        0.000      143.039      676.570
       4.156        0.000      143.551      676.820
       4.211        0.000      144.324      677.570
       4.265        0.000      144.582      678.320
       4.320        0.000      145.355      678.820
       4.377        0.000      146.387      679.570
       4.435        0.000      146.645      680.070
       4.492        0.000      147.418      680.820
       4.549        0.000      147.934      681.320
       4.604        0.000      148.449      681.820
       4.661        0.000      149.223      682.820
       4.717        0.000      149.738      683.070
       4.773        0.000      150.254      684.070
       4.829        0.000      150.770      684.320
       4.884        0.000      151.801      684.820
       4.938        0.000      151.801      685.570
       4.994        0.000      152.707      686.320
       5.062        0.000      153.738      686.820
       5.122        0.000      154.254      687.320
       5.176        0.000      154.770      688.070
       5.232        0.000      155.801      688.820
       5.297        0.000      156.316      689.820
       5.359        0.000      156.574      690.070
       5.414        0.000      157.090      691.070
       5.474        0.000      158.379      691.570
       5.531        0.000      158.637      691.820
       5.585        0.000      159.152      692.820
       5.642        0.000      159.926      693.320
       5.706        0.000      160.441      694.570
       5.763        0.000      162.246      696.070
       5.822        0.000      162.504      696.070
       5.877        0.000      162.762      696.570
       5.928        0.000      164.051      697.320
       5.979        0.000      164.297      697.320
       6.035        0.000      164.297      697.320
       6.090        0.000      164.297      697.320
       6.146        0.000      164.551      698.070
       6.202        0.000      164.551      698.070
       6.257        0.000      164.551      698.070
       6.313        0.000      164.793      698.070
       6.368        0.000      164.793      698.070
       6.426        0.000      168.387      701.320
       6.483        0.000      168.645      701.320
       6.541        0.000      168.645      701.570
       6.597        0.000      168.645      701.570
       6.653        0.000      168.645      701.570
       6.711        0.000      168.645      701.570
       6.769        0.000      168.645      701.570
       6.828        0.000      168.645      701.570
       6.887        0.000      168.645      701.570
       6.941        0.000      168.645      701.570
       6.995        0.000      168.645      701.570
       7.064        0.000      172.883      705.570
       7.139        0.000      172.883      707.070
       7.211        0.000      172.957      707.320
       7.263        0.000      172.957      707.320
       7.319        0.000      172.957      707.320
       7.376        0.000      173.195      707.320
       7.436        0.000      173.453      707.320
       7.503        0.000      173.543      707.320
       7.571        0.000      173.543      707.320
       7.638        0.000      173.543      707.320
       7.698        0.000      173.801      707.320
       7.759        0.000      173.801      707.320
       7.815        0.000      173.801      707.320
       7.870        0.000      173.801      707.320
       7.925        0.000      173.801      707.320
       7.980        0.000      175.285      707.570
       8.045        0.000      175.543      707.570
       8.110        0.000      175.543      707.793
       8.168        0.000      176.566      708.797
       8.235        0.000      176.566      708.797
       8.290        0.000      176.820      709.797
       8.347        0.000      176.820      709.797
       8.404        0.000      176.820      709.797
       8.464        0.000      177.070      709.797
       8.523        0.000      180.422      713.297
       8.582        0.000      180.422      713.297
       8.637        0.000      180.672      713.297
       8.691        0.000      180.672      713.297
       8.754        0.000      184.281      717.047
       8.820        0.000      184.539      717.047
       8.877        0.000      188.148      720.547
       8.934        0.000      188.148      720.547
       8.992        0.000      192.270      725.238
       9.051        0.000      192.527      725.238
       9.104        0.000      196.387      728.738
       9.159        0.000      200.164      732.488
       9.196        0.000       85.898      650.133
       9.208        0.000        1.867        6.562
       9.213        0.000        0.000        0.000
