# Elapsed time   CPU (%)     Real (MB)   Virtual (MB)
       0.000        0.000       35.410      545.199
       0.012        0.000       35.664      545.199
       0.023        0.000       35.664      545.199
       0.034        0.000       36.199      545.230
       0.046        0.000       37.074      546.168
       0.057        0.000       38.129      546.195
       0.069        0.000       39.141      546.449
       0.080        0.000       39.574      547.070
       0.092        0.000       40.039      547.457
       0.103        0.000       40.941      552.324
       0.118        0.000       41.914      552.422
       0.132        0.000       42.309      552.789
       0.146        0.000       43.934      552.883
       0.160        0.000       45.141      553.371
       0.175        0.000       45.652      554.000
       0.189        0.000       46.477      554.000
       0.201        0.000       49.605      555.016
       0.217        0.000       49.789      555.809
       0.230        0.000       51.277      557.516
       0.243        0.000       51.535      557.516
       0.255        0.000       51.805      557.516
       0.266        0.000       54.000      845.531
       0.279        0.000       54.070      854.402
       0.298        0.000       79.277     1323.309
       0.318        0.000       81.941     1387.969
       0.335        0.000       83.730     1390.062
       0.352        0.000       87.258     1390.848
       0.368        0.000       87.602     1393.152
       0.384        0.000       89.031     1393.465
       0.401        0.000       90.508     1393.652
       0.417        0.000       92.410     1394.898
       0.434        0.000       93.953     1395.895
       0.451        0.000       95.348     1401.398
       0.469        0.000      102.121     1403.648
       0.489        0.000      104.367     1413.059
       0.507        0.000      112.090     1415.125
       0.525        0.000      117.500     1435.750
       0.547        0.000      119.086     1438.164
       0.565        0.000      125.078     1438.008
       0.582        0.000      135.879     1439.020
       0.604        0.000      149.809     1448.805
       0.635        0.000      152.824     1450.395
       0.656        0.000      154.211     1451.957
       0.674        0.000      159.176     1456.684
       0.694        0.000      163.320     1460.035
       0.716        0.000      169.250     1466.082
       0.735        0.000      176.211     1473.398
       0.755        0.000      176.727     1474.043
       0.778        0.000      176.746     1478.660
       0.798        0.000      182.930     1479.777
       0.819        0.000      185.250     1482.098
       0.838        0.000      189.887     1486.934
       0.856        0.000      196.332     1493.609
       0.875        0.000      199.426     1496.316
       0.892        0.000      203.809     1500.969
       0.911        0.000      205.355     1502.516
       0.929        0.000      212.059     1509.062
       0.948        0.000      212.316     1509.254
       0.968        0.000      212.055     1508.828
       0.989        0.000      213.281     1508.828
       1.012        0.000      222.262     1518.082
       1.038        0.000      233.344     1528.832
       1.066        0.000      233.629     1528.773
       1.094        0.000      233.898     1528.430
       1.123        0.000      236.598     1529.938
       1.152        0.000      235.816     1531.098
       1.180        0.000      243.801     1539.098
       1.203        0.000      252.051     1547.477
       1.222        0.000      256.434     1551.227
       1.241        0.000      259.258     1554.359
       1.260        0.000      273.695     1568.359
       1.282        0.000      275.238     1569.609
       1.304        0.000      275.754     1570.359
       1.326        0.000      277.727     1579.086
       1.348        0.000      284.164     1579.086
       1.373        0.000      285.711     1580.426
       1.395        0.000      287.000     1581.457
       1.414        0.000      288.797     1582.750
       1.434        0.000      291.066     1585.199
       1.451        0.000      293.129     1587.492
       1.470        0.000      295.707     1589.812
       1.488        0.000      296.996     1591.102
       1.510        0.000      298.723     1591.859
       1.533        0.000      299.238     1591.859
       1.555        0.000      299.238     1591.859
       1.574        0.000      302.844     1595.871
       1.597        0.000      297.047     1589.121
       1.626        0.000      300.418     1589.121
       1.651        0.000      301.848     1589.371
       1.668        0.000      301.707     1589.371
       1.692        0.000      301.680     1589.371
       1.720        0.000      301.836     1589.371
       1.738        0.000      301.730     1589.371
       1.758        0.000      301.730     1589.371
       1.777        0.000      301.742     1589.371
       1.796        0.000      301.695     1589.371
       1.815        0.000      301.934     1605.371
       1.833        0.000      305.113     1605.371
       1.857        0.000      310.012     1605.371
       1.875        0.000      316.973     1605.371
       1.893        0.000      317.746     1605.371
       1.910        0.000      317.746     1605.371
       1.929        0.000      317.746     1605.371
       1.948        0.000      317.746     1605.371
       1.968        0.000      317.746     1605.371
       1.987        0.000      317.746     1605.371
       2.006        0.000      317.746     1605.371
       2.025        0.000      317.746     1605.371
       2.044        0.000      317.746     1605.371
       2.065        0.000      317.746     1605.371
       2.085        0.000      317.961     1605.371
       2.104        0.000      318.086     1605.371
       2.123        0.000      318.094     1605.430
       2.141        0.000      318.035     1605.531
       2.160        0.000      318.035     1605.531
       2.178        0.000      318.016     1605.531
       2.197        0.000      318.270     1605.848
       2.216        0.000      318.270     1605.848
       2.234        0.000      318.270     1605.848
       2.252        0.000      318.270     1605.848
       2.271        0.000      318.270     1605.848
       2.291        0.000      318.270     1605.848
       2.314        0.000      318.270     1605.848
       2.337        0.000      318.270     1605.848
       2.359        0.000      318.750     1606.477
       2.380        0.000      318.750     1606.477
       2.406        0.000      318.750     1606.477
       2.433        0.000      318.750     1606.477
       2.461        0.000      318.750     1606.477
       2.490        0.000      318.750     1606.477
       2.512        0.000      318.969     1606.477
       2.530        0.000      318.969     1606.477
       2.548        0.000      318.984     1606.477
       2.567        0.000      320.734     1607.699
       2.587        0.000      320.180     1607.426
       2.610        0.000      319.504     1607.254
       2.632        0.000      319.379     1607.254
       2.652        0.000      319.367     1607.219
       2.674        0.000      319.180     1606.805
       2.697        0.000      319.578     1606.805
       2.720        0.000      319.551     1606.777
       2.743        0.000      319.516     1606.727
       2.766        0.000      319.516     1606.727
       2.789        0.000      319.516     1606.727
       2.812        0.000      319.516     1606.727
       2.834        0.000      319.516     1606.727
       2.854        0.000      319.516     1606.727
       2.873        0.000      319.516     1606.727
       2.889        0.000      319.516     1606.727
       2.908        0.000      319.516     1606.727
       2.924        0.000      319.516     1606.727
       2.941        0.000      319.762     1607.043
       2.958        0.000      319.762     1607.043
       2.975        0.000      319.762     1607.043
       2.992        0.000      319.762     1607.043
       3.009        0.000      319.762     1607.043
       3.026        0.000      319.988     1607.203
       3.044        0.000      319.988     1607.203
       3.061        0.000      319.988     1607.203
       3.079        0.000      319.988     1607.203
       3.096        0.000      319.988     1607.203
       3.114        0.000       51.895      871.930
       3.131        0.000        1.863        6.562
