# Elapsed time   CPU (%)     Real (MB)   Virtual (MB)
       0.000        0.000       36.098      542.988
       0.012        0.000       37.172      542.926
       0.024        0.000       37.422      545.332
       0.036        0.000       37.789      545.176
       0.048        0.000       37.789      545.176
       0.059        0.000       38.176      545.211
       0.070        0.000       38.738      545.262
       0.081        0.000       39.602      546.211
       0.093        0.000       40.391      546.211
       0.106        0.000       41.332      547.086
       0.118        0.000       41.543      547.086
       0.130        0.000       42.512      552.590
       0.142        0.000       43.324      552.641
       0.154        0.000       43.594      552.703
       0.165        0.000       44.406      552.863
       0.176        0.000       45.914      553.430
       0.188        0.000       46.941      553.680
       0.201        0.000       47.715      554.680
       0.214        0.000       48.223      554.680
       0.226        0.000       49.629      555.242
       0.237        0.000       50.785      554.703
       0.251        0.000       53.145      557.223
       0.265        0.000       53.656      557.223
       0.278        0.000       53.906      557.223
       0.291        0.000       54.117      846.238
       0.304        0.000       54.340      853.859
       0.317        0.000       78.684     1258.766
       0.335        0.000       81.055     1387.098
       0.353        0.000       83.086     1388.754
       0.371        0.000       84.598     1390.023
       0.389        0.000       87.711     1392.555
       0.408        0.000       88.367     1392.613
       0.425        0.000       90.227     1393.527
       0.442        0.000       91.730     1393.781
       0.460        0.000       93.020     1394.531
       0.477        0.000       95.328     1395.633
       0.493        0.000       95.609     1400.633
       0.510        0.000      102.129     1403.133
       0.532        0.000      107.777     1413.109
       0.551        0.000      117.828     1434.965
       0.571        0.000      119.117     1438.031
       0.591        0.000      126.457     1437.719
       0.608        0.000      137.867     1440.055
       0.626        0.000      148.777     1450.449
       0.646        0.000      154.191     1455.449
       0.666        0.000      161.926     1463.199
       0.692        0.000      161.613     1467.242
       0.719        0.000      164.922     1470.957
       0.745        0.000      176.266     1477.336
       0.771        0.000      183.336     1484.340
       0.790        0.000      187.199     1488.840
       0.809        0.000      190.293     1490.965
       0.825        0.000      197.770     1498.465
       0.845        0.000      204.215     1504.973
       0.866        0.000      204.730     1505.473
       0.888        0.000      210.402     1511.352
       0.912        0.000      210.023     1516.371
       0.935        0.000      212.566     1519.371
       0.958        0.000      228.031     1528.871
       0.979        0.000      233.188     1533.684
       0.999        0.000      243.242     1543.434
       1.019        0.000      249.125     1549.688
       1.037        0.000      254.535     1555.566
       1.056        0.000      264.867     1560.758
       1.080        0.000      271.047     1566.551
       1.100        0.000      274.898     1569.094
       1.119        0.000      279.020     1572.867
       1.138        0.000      283.402     1577.320
       1.158        0.000      288.559     1582.230
       1.180        0.000      289.332     1583.133
       1.205        0.000      290.363     1584.156
       1.230        0.000      295.777     1590.180
       1.251        0.000      297.324     1591.223
       1.273        0.000      299.387     1593.027
       1.296        0.000      296.977     1595.051
       1.319        0.000      299.770     1597.762
       1.342        0.000      302.090     1599.180
       1.362        0.000      309.309     1601.375
       1.380        0.000      311.113     1602.922
       1.399        0.000      315.234     1607.609
       1.420        0.000      317.297     1609.527
       1.438        0.000      324.258     1617.090
       1.457        0.000      327.094     1619.543
       1.474        0.000      334.055     1626.219
       1.493        0.000      338.180     1629.926
       1.511        0.000      343.078     1635.477
       1.528        0.000      350.039     1642.781
       1.547        0.000      352.617     1645.102
       1.565        0.000      359.320     1651.652
       1.589        0.000      362.930     1654.742
       1.612        0.000      368.602     1661.160
       1.630        0.000      375.820     1668.105
       1.649        0.000      377.883     1670.039
       1.667        0.000      385.875     1678.258
       1.686        0.000      386.648     1678.773
       1.704        0.000      393.867     1686.340
       1.724        0.000      397.219     1689.309
       1.743        0.000      403.406     1695.984
       1.762        0.000      408.020     1701.305
       1.780        0.000      413.434     1706.477
       1.798        0.000      416.379     1708.289
       1.816        0.000      422.051     1714.109
       1.838        0.000      422.051     1714.109
       1.863        0.000      422.051     1714.109
       1.887        0.000      422.051     1714.109
       1.912        0.000      422.270     1718.535
       1.934        0.000      427.168     1718.797
       1.959        0.000      427.168     1718.797
       1.980        0.000      428.152     1719.773
       2.004        0.000      428.152     1719.773
       2.025        0.000      428.926     1720.648
       2.046        0.000      430.988     1722.961
       2.069        0.000      433.820     1725.711
       2.093        0.000      441.812     1734.711
       2.117        0.000      443.359     1736.629
       2.142        0.000      443.359     1736.629
       2.166        0.000      447.484     1740.879
       2.189        0.000      447.742     1740.879
       2.213        0.000      453.156     1746.129
       2.234        0.000      447.449     1739.477
       2.255        0.000      450.027     1742.055
       2.275        0.000      451.832     1743.730
       2.298        0.000      453.895     1745.793
       2.323        0.000      456.215     1747.855
       2.342        0.000      458.020     1749.531
       2.359        0.000      460.598     1752.238
       2.376        0.000      462.145     1753.785
       2.394        0.000      464.207     1755.719
       2.412        0.000      466.785     1758.297
       2.429        0.000      468.590     1759.844
       2.446        0.000      470.910     1762.164
       2.464        0.000      472.973     1764.227
       2.481        0.000      474.777     1765.902
       2.500        0.000      477.613     1768.738
       2.518        0.000      478.902     1770.156
       2.546        0.000      480.965     1771.961
       2.565        0.000      483.285     1774.281
       2.582        0.000      484.574     1775.828
       2.601        0.000      488.375     1779.535
       2.619        0.000      488.062     1779.152
       2.636        0.000      489.609     1780.699
       2.655        0.000      492.445     1783.535
       2.677        0.000      494.250     1785.469
       2.695        0.000      496.570     1788.395
       2.714        0.000      499.922     1791.480
       2.732        0.000      505.328     1797.148
       2.751        0.000      511.516     1803.582
       2.770        0.000      514.094     1806.031
       2.788        0.000      520.539     1812.211
       2.807        0.000      527.242     1818.535
       2.825        0.000      530.789     1823.652
       2.843        0.000      536.715     1828.941
       2.865        0.000      537.738     1829.844
       2.888        0.000      542.598     1835.801
       2.905        0.000      542.598     1835.801
       2.926        0.000      543.629     1836.836
       2.950        0.000      543.887     1837.332
       2.974        0.000      544.402     1837.836
       3.004        0.000      545.680     1838.086
       3.024        0.000      553.156     1852.086
       3.049        0.000      558.801     1852.086
       3.073        0.000      558.801     1852.086
       3.097        0.000      558.801     1852.086
       3.119        0.000      558.801     1852.086
       3.141        0.000      558.801     1852.086
       3.162        0.000      558.801     1852.086
       3.187        0.000      558.801     1852.086
       3.211        0.000      568.027     1861.336
       3.235        0.000      568.285     1861.336
       3.260        0.000      568.285     1861.586
       3.284        0.000      580.918     1874.586
       3.308        0.000      580.918     1874.586
       3.332        0.000      586.590     1880.086
       3.355        0.000      593.809     1887.836
       3.376        0.000      566.508     1858.086
       3.398        0.000      566.508     1858.086
       3.421        0.000      566.508     1858.086
       3.446        0.000      580.676     1873.586
       3.469        0.000      602.848     1895.086
       3.492        0.000      618.574     1910.836
       3.514        0.000      633.785     1926.086
       3.535        0.000      648.223     1940.836
       3.558        0.000      648.738     1940.836
       3.582        0.000      648.738     1940.836
       3.607        0.000      648.996     1940.836
       3.631        0.000      650.230     1941.871
       3.655        0.000      655.645     1947.871
       3.681        0.000      661.574     1953.371
       3.704        0.000      661.828     1953.371
       3.729        0.000      662.086     1953.371
       3.754        0.000      662.086     1953.371
       3.777        0.000      662.344     1953.371
       3.803        0.000      662.344     1953.371
       3.825        0.000      662.469     1955.121
       3.850        0.000      664.219     1955.121
       3.875        0.000      664.219     1955.121
       3.900        0.000      668.305     1955.410
       3.924        0.000      668.547     1955.727
       3.943        0.000      674.984     1962.105
       3.963        0.000      681.980     1970.105
       3.982        0.000      686.359     1973.855
       3.999        0.000      693.836     1981.355
       4.018        0.000      699.250     1986.609
       4.036        0.000      706.469     1994.109
       4.055        0.000      713.688     2001.609
       4.074        0.000      718.844     2006.109
       4.094        0.000      726.062     2013.609
       4.113        0.000      729.414     2017.359
       4.132        0.000      729.414     2017.359
       4.158        0.000      729.414     2017.359
       4.183        0.000      729.672     2017.609
       4.207        0.000      729.672     2017.609
       4.226        0.000      729.672     2017.609
       4.247        0.000      729.672     2017.609
       4.273        0.000      729.383     2017.609
       4.294        0.000      627.016     1999.469
       4.316        0.000      583.750     1999.469
       4.339        0.000      581.957     1999.469
       4.360        0.000      592.262     2001.973
       4.381        0.000      602.055     2001.973
       4.400        0.000      607.211     2001.973
       4.420        0.000      612.109     2001.973
       4.441        0.000      616.750     2001.973
       4.460        0.000      622.961     2001.973
       4.479        0.000      623.477     2001.973
       4.500        0.000      623.477     2001.973
       4.523        0.000      623.477     2001.973
       4.547        0.000      623.477     2001.973
       4.571        0.000      623.477     2001.973
       4.595        0.000      623.477     2001.973
       4.618        0.000      623.477     2001.973
       4.642        0.000      619.848     1984.473
       4.662        0.000      623.176     1980.719
       4.690        0.000      627.301     1980.719
       4.714        0.000      632.715     1980.719
       4.735        0.000      635.809     1980.719
       4.754        0.000      641.738     1980.719
       4.775        0.000      648.441     1980.719
       4.796        0.000      653.855     1980.719
       4.818        0.000      663.328     1985.723
       4.836        0.000      666.938     1985.723
       4.855        0.000      666.938     1985.723
       4.872        0.000      669.441     1988.227
       4.890        0.000      672.020     1990.586
       4.907        0.000      677.172     1990.586
       4.928        0.000      687.477     1990.586
       4.950        0.000      699.594     1990.586
       4.971        0.000      712.484     1999.586
       4.993        0.000      712.484     1999.586
       5.015        0.000      712.484     1999.586
       5.040        0.000      712.484     1999.586
       5.065        0.000      712.484     1999.586
       5.090        0.000      712.484     1999.586
       5.115        0.000      712.484     1999.586
       5.140        0.000      682.402     1968.715
       5.162        0.000      682.402     1968.715
       5.186        0.000      682.402     1968.715
       5.210        0.000      682.402     1968.715
       5.234        0.000      682.402     1968.715
       5.258        0.000      682.402     1968.715
       5.280        0.000      682.402     1968.715
       5.301        0.000      682.402     1968.715
       5.326        0.000      691.672     1978.465
       5.347        0.000      705.852     1993.215
       5.369        0.000      720.031     2007.465
       5.391        0.000      720.473     2007.465
       5.414        0.000      720.473     2007.465
       5.444        0.000      720.473     2007.465
       5.475        0.000      720.473     2007.465
       5.505        0.000      720.473     2007.465
       5.536        0.000      720.473     2007.465
       5.566        0.000      720.473     2007.465
       5.596        0.000      719.168     2005.465
       5.624        0.000      719.168     2005.465
       5.655        0.000      721.230     2007.465
       5.686        0.000      736.953     2023.965
       5.713        0.000      748.297     2035.465
       5.738        0.000      748.742     2035.594
       5.760        0.000      748.742     2035.594
       5.784        0.000      748.742     2035.594
       5.810        0.000      748.742     2035.594
       5.836        0.000      760.602     2048.344
       5.861        0.000      760.602     2048.344
       5.885        0.000      760.602     2048.344
       5.911        0.000      760.602     2048.344
       5.937        0.000      760.602     2048.344
       5.962        0.000      742.055     2049.094
       5.986        0.000      742.055     2049.094
       6.010        0.000      734.523     2049.094
       6.032        0.000      734.629     2049.094
       6.058        0.000      739.766     2055.344
       6.084        0.000      719.559     2034.094
       6.104        0.000      734.441     2041.465
       6.125        0.000      752.746     2048.715
       6.144        0.000      773.625     2062.715
       6.167        0.000      773.625     2062.715
       6.187        0.000      773.625     2062.715
       6.212        0.000      773.625     2062.715
       6.238        0.000      773.625     2062.715
       6.264        0.000      773.625     2062.715
       6.289        0.000      773.625     2062.715
       6.315        0.000      773.625     2062.715
       6.341        0.000      773.625     2062.715
       6.366        0.000      773.625     2062.715
       6.391        0.000      773.625     2062.715
       6.416        0.000      773.625     2062.715
       6.435        0.000      774.234     2062.715
       6.460        0.000      776.793     2066.465
       6.488        0.000      739.930     2054.215
       6.511        0.000      745.598     2054.215
       6.538        0.000      749.723     2054.215
       6.558        0.000      755.641     2055.465
       6.578        0.000      757.445     2057.016
       6.595        0.000      765.059     2064.660
       6.613        0.000      765.316     2064.918
       6.636        0.000      765.316     2065.168
       6.661        0.000      765.316     2065.168
       6.688        0.000      765.316     2065.168
       6.714        0.000      765.316     2065.168
       6.739        0.000      765.316     2065.168
       6.765        0.000      765.316     2065.168
       6.790        0.000      765.316     2065.168
       6.816        0.000      765.316     2065.168
       6.842        0.000      765.316     2065.168
       6.864        0.000      765.840     2065.168
       6.883        0.000      746.672     2063.918
       6.904        0.000      751.570     2063.918
       6.927        0.000      754.406     2063.918
       6.950        0.000      760.332     2064.949
       6.974        0.000      762.898     2066.238
       6.993        0.000      766.250     2068.559
       7.016        0.000      775.273     2071.008
       7.038        0.000      781.355     2075.520
       7.061        0.000      781.355     2075.520
       7.085        0.000      781.355     2075.520
       7.111        0.000      781.355     2075.520
       7.138        0.000      781.355     2075.520
       7.166        0.000      781.355     2075.520
       7.194        0.000      781.355     2075.520
       7.222        0.000      781.355     2075.520
       7.250        0.000      781.355     2075.520
       7.279        0.000      781.355     2075.520
       7.304        0.000      782.035     2075.770
       7.325        0.000      752.574     2066.770
       7.353        0.000      758.547     2066.770
       7.386        0.000      761.898     2066.770
       7.414        0.000      767.312     2067.801
       7.438        0.000      768.859     2069.348
       7.464        0.000      770.922     2070.766
       7.484        0.000      776.852     2072.703
       7.500        0.000      781.230     2073.992
       7.518        0.000      787.160     2075.668
       7.536        0.000      794.992     2082.715
       7.555        0.000      799.883     2087.355
       7.576        0.000      799.883     2087.355
       7.601        0.000      799.883     2087.605
       7.625        0.000      799.883     2087.605
       7.650        0.000      799.883     2087.605
       7.676        0.000      799.883     2087.605
       7.702        0.000      799.883     2087.605
       7.727        0.000      799.883     2087.605
       7.752        0.000      799.883     2087.605
       7.778        0.000      799.883     2087.605
       7.802        0.000      800.855     2087.605
       7.821        0.000      765.125     2083.855
       7.842        0.000      769.602     2083.855
       7.862        0.000      772.645     2083.855
       7.883        0.000      777.027     2083.855
       7.908        0.000      778.828     2085.277
       7.927        0.000      781.402     2087.082
       7.946        0.000      789.652     2089.020
       7.965        0.000      792.996     2090.180
       7.983        0.000      800.988     2092.117
       8.001        0.000      803.824     2093.148
       8.020        0.000      805.887     2095.340
       8.037        0.000      808.980     2096.500
       8.056        0.000      811.043     2098.562
       8.073        0.000      816.555     2103.285
       8.091        0.000      819.648     2106.379
       8.113        0.000      819.648     2106.379
       8.137        0.000      819.648     2106.379
       8.161        0.000      819.906     2106.379
       8.186        0.000      819.906     2106.379
       8.211        0.000      819.906     2106.379
       8.236        0.000      819.906     2106.379
       8.260        0.000      819.906     2106.379
       8.285        0.000      819.906     2106.379
       8.310        0.000      819.906     2106.379
       8.332        0.000      820.164     2106.379
       8.352        0.000      778.750     2101.379
       8.370        0.000      781.945     2101.379
       8.388        0.000      787.090     2101.379
       8.411        0.000      779.938     2100.379
       8.440        0.000      781.742     2101.668
       8.468        0.000      789.477     2104.379
       8.497        0.000      793.855     2105.668
       8.527        0.000      796.434     2105.668
       8.556        0.000      803.129     2107.988
       8.586        0.000      806.996     2108.633
       8.615        0.000      813.430     2111.133
       8.643        0.000      814.203     2111.906
       8.673        0.000      814.203     2111.906
       8.702        0.000      814.203     2111.906
       8.732        0.000      814.203     2111.906
       8.762        0.000      814.203     2111.906
       8.792        0.000      758.574     2095.656
       8.822        0.000      730.805     2095.656
       8.851        0.000      730.957     2095.656
       8.880        0.000      724.547     2095.656
       8.909        0.000      702.695     2095.656
       8.939        0.000      700.527     2095.656
       8.969        0.000      700.777     2095.656
       8.998        0.000      701.293     2095.656
       9.028        0.000      700.395     2095.906
       9.057        0.000      700.910     2095.906
       9.081        0.000      700.910     2095.906
       9.100        0.000      701.168     2095.906
       9.123        0.000      709.223     2095.906
       9.153        0.000      679.824     2021.406
       9.181        0.000      690.555     2021.406
       9.202        0.000      704.836     2021.406
       9.224        0.000      714.645     2021.406
       9.246        0.000      725.176     2024.656
       9.270        0.000      725.176     2024.656
       9.291        0.000      725.176     2024.656
       9.316        0.000      725.176     2024.656
       9.341        0.000      725.426     2024.656
       9.367        0.000      725.941     2025.656
       9.390        0.000      738.059     2038.156
       9.414        0.000      738.059     2038.156
       9.439        0.000      738.832     2038.406
       9.464        0.000      747.855     2047.656
       9.487        0.000      750.691     2050.406
       9.511        0.000      750.949     2050.406
       9.536        0.000      754.816     2054.906
       9.560        0.000      763.582     2063.156
       9.586        0.000      763.582     2063.156
       9.612        0.000      764.203     2062.656
       9.637        0.000      764.203     2062.656
       9.664        0.000      764.461     2062.656
       9.687        0.000      764.910     2063.156
       9.705        0.000      765.168     2063.406
       9.723        0.000      765.168     2063.406
       9.741        0.000      765.168     2063.406
       9.758        0.000      766.227     2063.406
       9.777        0.000      767.059     2063.656
       9.797        0.000      770.180     2064.156
       9.819        0.000      772.219     2064.156
       9.839        0.000      774.676     2064.477
       9.861        0.000      775.422     2064.477
       9.880        0.000      774.977     2063.859
       9.900        0.000      775.914     2063.891
       9.920        0.000      782.559     2063.891
       9.941        0.000      783.074     2063.891
       9.961        0.000      783.074     2063.891
       9.981        0.000      783.074     2063.891
      10.000        0.000      783.074     2063.891
      10.020        0.000      783.074     2063.891
      10.039        0.000      783.074     2063.891
      10.060        0.000      783.074     2063.891
      10.087        0.000      783.074     2063.891
      10.106        0.000      783.324     2079.891
      10.122        0.000      782.180     2078.641
      10.140        0.000      788.844     2078.641
      10.156        0.000      791.680     2078.641
      10.172        0.000      797.867     2078.641
      10.189        0.000      797.867     2078.641
      10.207        0.000      797.867     2078.641
      10.224        0.000      797.867     2078.641
      10.242        0.000      797.867     2078.641
      10.268        0.000      797.867     2078.641
      10.293        0.000      797.867     2078.641
      10.315        0.000      797.867     2078.641
      10.332        0.000      797.867     2078.641
      10.348        0.000      797.867     2078.641
      10.366        0.000      797.867     2078.641
      10.382        0.000      797.867     2078.641
      10.400        0.000      797.867     2078.641
      10.417        0.000      797.867     2078.641
      10.434        0.000      797.867     2078.641
      10.451        0.000      797.867     2078.641
      10.470        0.000      797.867     2078.641
      10.493        0.000      797.867     2078.641
      10.514        0.000      797.867     2078.641
      10.533        0.000      797.867     2078.641
      10.553        0.000      797.867     2078.641
      10.573        0.000      797.867     2078.641
      10.593        0.000      797.867     2078.641
      10.612        0.000      797.867     2078.641
      10.630        0.000      797.867     2078.641
      10.655        0.000      797.867     2078.641
      10.680        0.000      797.867     2078.641
      10.703        0.000      797.867     2078.641
      10.734        0.000      797.867     2078.641
      10.760        0.000      797.867     2078.641
      10.779        0.000      797.867     2078.641
      10.799        0.000      797.867     2078.641
      10.819        0.000      797.867     2078.641
      10.839        0.000      797.867     2078.641
      10.859        0.000      797.867     2078.641
      10.878        0.000      797.867     2078.641
      10.897        0.000      797.867     2078.641
      10.915        0.000      797.867     2078.641
      10.933        0.000      797.867     2078.641
      10.951        0.000      797.867     2078.641
      10.969        0.000      797.867     2078.641
      10.986        0.000      797.867     2078.641
      11.002        0.000      797.867     2078.641
      11.019        0.000      797.867     2078.641
      11.036        0.000      797.867     2078.641
      11.054        0.000      797.867     2078.641
      11.073        0.000      797.867     2078.641
      11.091        0.000      797.867     2078.641
      11.109        0.000      797.867     2078.641
      11.127        0.000      797.867     2078.641
      11.144        0.000      797.867     2078.641
      11.161        0.000      797.867     2078.641
      11.178        0.000      797.867     2078.641
      11.196        0.000      797.867     2078.641
      11.213        0.000      797.867     2078.641
      11.230        0.000      797.867     2078.641
      11.248        0.000      797.867     2078.641
      11.265        0.000      797.867     2078.641
      11.282        0.000      797.867     2078.641
      11.302        0.000      797.867     2078.641
      11.327        0.000      797.867     2078.641
      11.352        0.000      797.867     2078.641
      11.373        0.000      797.867     2078.641
      11.392        0.000      797.867     2078.641
      11.414        0.000      797.867     2078.641
      11.433        0.000      797.867     2078.641
      11.452        0.000      797.867     2078.641
      11.471        0.000      797.867     2078.641
      11.490        0.000      797.867     2078.641
      11.508        0.000      797.867     2078.641
      11.526        0.000      797.867     2078.641
      11.544        0.000      797.867     2078.641
      11.562        0.000      797.867     2078.641
      11.580        0.000      797.867     2078.641
      11.599        0.000      797.867     2078.641
      11.618        0.000      797.867     2078.641
      11.636        0.000      797.867     2078.641
      11.653        0.000      797.867     2078.641
      11.671        0.000      797.867     2078.641
      11.689        0.000      797.867     2078.641
      11.709        0.000      797.867     2078.641
      11.729        0.000      797.867     2078.641
      11.749        0.000      797.867     2078.641
      11.769        0.000      797.867     2078.641
      11.789        0.000      797.867     2078.641
      11.808        0.000      797.867     2078.641
      11.827        0.000      797.867     2078.641
      11.845        0.000      797.867     2078.641
      11.864        0.000      797.867     2078.641
      11.882        0.000      797.867     2078.641
      11.900        0.000      797.867     2078.641
      11.917        0.000      797.867     2078.641
      11.935        0.000      797.867     2078.641
      11.952        0.000      798.492     2079.086
      11.970        0.000      798.492     2079.086
      11.988        0.000      797.969     2078.414
      12.007        0.000      798.195     2078.574
      12.023        0.000      798.195     2078.574
      12.040        0.000      798.195     2078.750
      12.059        0.000      798.445     2078.906
      12.077        0.000      798.699     2079.223
      12.100        0.000      798.699     2079.223
      12.124        0.000      798.699     2079.223
      12.142        0.000      798.699     2079.223
      12.158        0.000      798.699     2079.223
      12.176        0.000      798.699     2079.223
      12.194        0.000      798.699     2079.223
      12.217        0.000      799.215     2080.102
      12.235        0.000      799.215     2080.352
      12.253        0.000      799.215     2080.352
      12.271        0.000      799.215     2080.352
      12.300        0.000      799.215     2080.352
      12.323        0.000      799.215     2080.352
      12.346        0.000      799.215     2080.352
      12.370        0.000      799.215     2080.352
      12.390        0.000      799.215     2080.352
      12.409        0.000      799.215     2080.352
      12.427        0.000      799.215     2080.352
      12.445        0.000      799.215     2080.352
      12.464        0.000      799.215     2080.352
      12.482        0.000      800.504     2081.605
      12.500        0.000      800.504     2082.105
      12.520        0.000      800.504     2082.105
      12.543        0.000      800.504     2082.105
      12.562        0.000      800.762     2082.105
      12.581        0.000      800.762     2082.105
      12.599        0.000      801.012     2082.105
      12.617        0.000      801.012     2082.105
      12.634        0.000      801.012     2082.105
      12.653        0.000      801.266     2082.105
      12.674        0.000      801.266     2082.105
      12.696        0.000      801.266     2082.105
      12.721        0.000      801.266     2082.105
      12.742        0.000      801.266     2082.105
      12.764        0.000      801.266     2082.355
      12.786        0.000      801.266     2082.355
      12.807        0.000      801.266     2082.355
      12.829        0.000      801.266     2082.355
      12.850        0.000      801.266     2082.355
      12.868        0.000      801.520     2082.355
      12.889        0.000      801.520     2082.605
      12.907        0.000      801.520     2082.605
      12.925        0.000      801.520     2082.605
      12.943        0.000      801.520     2082.605
      12.960        0.000      801.520     2082.605
      12.979        0.000      801.520     2082.605
      12.997        0.000      804.098     2085.359
      13.016        0.000      804.098     2085.609
      13.033        0.000      804.098     2085.609
      13.051        0.000      804.098     2085.609
      13.069        0.000      804.098     2085.609
      13.088        0.000      804.098     2085.609
      13.107        0.000      804.098     2085.609
      13.126        0.000      804.098     2085.609
      13.145        0.000      804.098     2085.609
      13.164        0.000      804.098     2085.609
      13.182        0.000      804.098     2085.609
      13.200        0.000      804.098     2085.609
      13.218        0.000      804.098     2085.609
      13.236        0.000      804.355     2085.609
      13.253        0.000      804.355     2085.609
      13.270        0.000      804.609     2085.609
      13.288        0.000      804.609     2085.859
      13.308        0.000      804.867     2085.859
      13.330        0.000      804.867     2085.859
      13.350        0.000      805.125     2085.859
      13.368        0.000      805.125     2085.859
      13.391        0.000      805.125     2086.109
      13.416        0.000      805.125     2086.109
      13.436        0.000      805.125     2086.109
      13.461        0.000      805.125     2086.109
      13.481        0.000      805.125     2086.109
      13.498        0.000      805.125     2086.109
      13.515        0.000      805.125     2086.109
      13.532        0.000      802.844     2083.750
      13.551        0.000      802.844     2083.750
      13.570        0.000      802.844     2083.750
      13.590        0.000      802.844     2083.750
      13.610        0.000      802.844     2083.750
      13.630        0.000      802.844     2083.750
      13.649        0.000      802.844     2083.750
      13.671        0.000      802.844     2083.750
      13.692        0.000      802.844     2083.750
      13.708        0.000      802.844     2084.000
      13.725        0.000      803.035     2084.000
      13.741        0.000      803.035     2084.000
      13.758        0.000      803.035     2084.000
      13.776        0.000      803.293     2084.000
      13.792        0.000      803.293     2084.000
      13.810        0.000      803.293     2084.000
      13.828        0.000      803.293     2084.250
      13.846        0.000      803.551     2084.250
      13.865        0.000      803.551     2084.250
      13.883        0.000      803.551     2084.250
      13.901        0.000      803.551     2084.250
      13.919        0.000      803.551     2084.250
      13.938        0.000      803.551     2084.500
      13.956        0.000      803.551     2084.500
      13.974        0.000      803.551     2084.500
      13.993        0.000      803.551     2084.500
      14.011        0.000      808.641     2089.504
      14.030        0.000      808.641     2089.754
      14.052        0.000      808.641     2089.754
      14.075        0.000      808.641     2089.754
      14.094        0.000      808.641     2089.754
      14.111        0.000      808.641     2089.754
      14.128        0.000      808.641     2089.754
      14.146        0.000      809.625     2090.973
      14.165        0.000      809.828     2090.973
      14.183        0.000      809.781     2090.832
      14.202        0.000      809.781     2090.832
      14.220        0.000      809.277     2090.461
      14.238        0.000      809.277     2090.461
      14.259        0.000      809.277     2090.461
      14.278        0.000      809.277     2090.461
      14.302        0.000      809.277     2090.461
      14.321        0.000      809.277     2090.461
      14.340        0.000      809.277     2090.461
      14.359        0.000      809.277     2090.461
      14.378        0.000      809.277     2090.461
      14.397        0.000      809.277     2090.461
      14.417        0.000      809.277     2090.461
      14.437        0.000      809.277     2090.461
      14.458        0.000      809.277     2090.461
      14.475        0.000      809.277     2090.461
      14.493        0.000      809.277     2090.461
      14.512        0.000      809.277     2090.461
      14.529        0.000      809.277     2090.461
      14.546        0.000      809.277     2090.461
      14.563        0.000      809.277     2090.461
      14.581        0.000      809.277     2090.461
      14.599        0.000      809.277     2090.461
      14.617        0.000      809.277     2090.461
      14.635        0.000      809.277     2090.461
      14.653        0.000      809.277     2090.461
      14.671        0.000      809.277     2090.461
      14.689        0.000      809.277     2090.461
      14.706        0.000      809.277     2090.461
      14.723        0.000      809.277     2090.461
      14.740        0.000      809.277     2090.461
      14.756        0.000      809.277     2090.461
      14.773        0.000      809.277     2090.461
      14.793        0.000      809.277     2090.461
      14.817        0.000      809.277     2090.461
      14.835        0.000      809.277     2090.461
      14.852        0.000      809.277     2090.461
      14.869        0.000      809.277     2090.461
      14.887        0.000      809.277     2090.461
      14.905        0.000      809.277     2090.461
      14.930        0.000      809.277     2090.461
      14.953        0.000      809.277     2090.461
      14.971        0.000      809.277     2090.461
      14.991        0.000      809.277     2090.461
      15.011        0.000      809.277     2090.461
      15.031        0.000      809.277     2090.461
      15.054        0.000      809.277     2090.461
      15.077        0.000      809.277     2090.461
      15.100        0.000      809.277     2090.461
      15.124        0.000      809.277     2090.461
      15.147        0.000      809.277     2090.461
      15.169        0.000      809.277     2090.461
      15.192        0.000      809.277     2090.461
      15.211        0.000      809.277     2090.461
      15.236        0.000      809.277     2090.461
      15.266        0.000      809.277     2090.461
      15.291        0.000      809.277     2090.461
      15.311        0.000      809.277     2090.461
      15.333        0.000      809.277     2090.461
      15.352        0.000      809.277     2090.461
      15.369        0.000      809.277     2090.461
      15.386        0.000      809.277     2090.461
      15.404        0.000      809.277     2090.461
      15.423        0.000      809.277     2090.461
      15.441        0.000      809.277     2090.461
      15.460        0.000      809.277     2090.461
      15.478        0.000      809.277     2090.461
      15.496        0.000      809.277     2090.461
      15.514        0.000      809.277     2090.461
      15.532        0.000      809.277     2090.461
      15.549        0.000      809.277     2090.461
      15.567        0.000      809.277     2090.461
      15.585        0.000      809.277     2090.461
      15.603        0.000      809.277     2090.461
      15.620        0.000      809.277     2090.461
      15.638        0.000      809.277     2090.461
      15.656        0.000      811.746     2092.965
      15.675        0.000      803.305     2083.707
      15.694        0.000      803.492     2083.707
      15.714        0.000      803.492     2083.707
      15.732        0.000      803.492     2083.707
      15.750        0.000      803.492     2083.707
      15.768        0.000      803.492     2083.707
      15.785        0.000      803.492     2083.707
      15.803        0.000      803.492     2083.707
      15.821        0.000      803.492     2083.707
      15.838        0.000      803.492     2083.707
      15.856        0.000      803.492     2083.707
      15.873        0.000      803.492     2083.707
      15.892        0.000      803.492     2083.707
      15.911        0.000      803.492     2083.707
      15.929        0.000      803.492     2083.707
      15.945        0.000      803.492     2083.707
      15.962        0.000      803.492     2083.707
      15.982        0.000      803.492     2083.707
      16.012        0.000      803.492     2083.707
      16.030        0.000      803.492     2083.707
      16.048        0.000      803.492     2083.707
      16.066        0.000      803.492     2083.707
      16.085        0.000      803.492     2083.707
      16.104        0.000      803.492     2083.707
      16.122        0.000      803.492     2083.707
      16.142        0.000      803.492     2083.707
      16.164        0.000      803.492     2083.707
      16.191        0.000      803.492     2083.707
      16.221        0.000      803.492     2083.707
      16.239        0.000      803.492     2083.707
      16.258        0.000      803.492     2083.707
      16.278        0.000      803.492     2083.707
      16.297        0.000      803.492     2083.707
      16.316        0.000      803.492     2083.707
      16.335        0.000      803.492     2083.707
      16.354        0.000      804.520     2084.961
      16.374        0.000      804.520     2084.961
      16.392        0.000      804.520     2084.961
      16.410        0.000      804.520     2084.961
      16.429        0.000      804.520     2084.961
      16.447        0.000      804.520     2084.961
      16.466        0.000      804.520     2084.961
      16.484        0.000      804.520     2084.961
      16.506        0.000      804.520     2084.961
      16.527        0.000      804.520     2084.961
      16.548        0.000      804.520     2084.961
      16.567        0.000      804.520     2084.961
      16.584        0.000      804.520     2084.961
      16.601        0.000      804.520     2084.961
      16.626        0.000      804.520     2084.961
      16.645        0.000      804.520     2084.961
      16.663        0.000      804.520     2084.961
      16.684        0.000      804.520     2084.961
      16.701        0.000      805.293     2085.590
      16.719        0.000      805.293     2085.590
      16.735        0.000      805.293     2085.590
      16.750        0.000      805.293     2085.590
      16.766        0.000      805.293     2085.590
      16.783        0.000      805.293     2085.590
      16.799        0.000      805.293     2085.590
      16.817        0.000      805.293     2085.590
      16.835        0.000      805.293     2085.590
      16.853        0.000      805.551     2085.906
      16.870        0.000      805.551     2085.906
      16.888        0.000      805.551     2085.906
      16.909        0.000      805.551     2085.906
      16.930        0.000      805.809     2086.066
      16.953        0.000      805.809     2086.066
      16.980        0.000      805.809     2086.066
      17.001        0.000      805.809     2086.066
      17.023        0.000      805.809     2086.066
      17.042        0.000       87.094      876.316
      17.060        0.000       87.094      876.316
      17.078        0.000       57.855      876.066
      17.092        0.000        1.867        6.562
