# Elapsed time   CPU (%)     Real (MB)   Virtual (MB)
       0.000        0.000       36.891      545.320
       0.013        0.000       38.145      545.570
       0.025        0.000       38.387      545.570
       0.038        0.000       39.340      545.820
       0.050        0.000       40.758      546.586
       0.064        0.000       41.602      546.387
       0.079        0.000       42.164      546.922
       0.094        0.000       42.164      546.922
       0.108        0.000       43.105      547.941
       0.120        0.000       43.105      547.941
       0.133        0.000       44.184      553.242
       0.145        0.000       46.023      553.965
       0.158        0.000       45.246      553.277
       0.171        0.000       46.035      553.277
       0.186        0.000       46.551      553.277
       0.201        0.000       47.734      553.637
       0.214        0.000       48.785      554.762
       0.227        0.000       48.906      554.762
       0.240        0.000       49.422      554.762
       0.253        0.000       50.480      555.012
       0.266        0.000       52.375      556.262
       0.279        0.000       52.676      556.332
       0.293        0.000       52.844      556.332
       0.306        0.000       53.039      556.332
       0.318        0.000       54.098      557.832
       0.331        0.000       54.098      557.832
       0.344        0.000       54.641      558.332
       0.356        0.000       58.125      576.492
       0.379        0.000       58.395      576.648
       0.398        0.000       56.391      567.762
       0.418        0.000       57.922      601.605
       0.439        0.000       62.613      602.809
       0.462        0.000       63.172      602.809
       0.482        0.000      193.695     2746.918
       0.557        0.000      289.809     4366.516
       0.651        0.000       68.906      605.031
       0.720        0.000       75.625      621.531
       0.786        0.000       82.605      624.781
       0.856        0.000       92.344      627.281
       0.924        0.000      106.730      642.031
       0.995        0.000      106.949      642.031
       1.064        0.000      211.270     2255.781
       1.187        0.000      353.832     4402.027
       1.300        0.000      368.926     4409.059
       1.403        0.000      393.055     4448.859
       1.506        0.000      432.168     4490.887
       1.606        0.000      455.684     4547.633
       1.704        0.000      469.039     4553.055
       1.800        0.000      492.156     4560.707
       1.900        0.000      519.457     4568.992
       2.019        0.000      559.840     4605.859
       2.177        0.000      576.430     4651.078
       2.276        0.000      592.637     4690.852
       2.376        0.000      618.445     4732.156
       2.479        0.000      642.582     4741.391
       2.581        0.000      666.844     4752.383
       2.678        0.000      689.066     4755.414
       2.780        0.000      718.570     4767.812
       2.879        0.000      753.684     4789.812
       2.979        0.000      769.766     4801.320
       3.078        0.000      790.000     4815.820
       3.177        0.000      806.117     4826.914
       3.279        0.000      825.105     4844.367
       3.381        0.000      841.164     4862.312
       3.538        0.000      846.930     4869.141
       3.630        0.000      852.297     4872.934
       3.742        0.000      861.238     4880.430
       3.841        0.000      866.566     4885.176
       3.948        0.000      874.887     4892.426
       4.048        0.000      879.414     4894.848
       4.144        0.000      891.945     4907.098
       4.280        0.000      917.441     4931.797
       4.501        0.000      931.965     4943.832
       4.605        0.000      947.062     4960.082
       4.703        0.000      962.270     4976.082
       4.821        0.000      976.297     4989.977
       4.932        0.000      996.848     5009.227
       5.030        0.000     1012.293     5025.855
       5.132        0.000     1022.820     5034.355
       5.234        0.000     1040.578     5051.902
       5.334        0.000     1059.664     5070.902
       5.434        0.000     1072.805     5084.902
       5.533        0.000     1090.051     5102.152
       5.635        0.000     1107.438     5120.469
       5.735        0.000     1129.051     5142.145
       5.833        0.000     1146.477     5158.027
       5.933        0.000     1165.785     5177.176
       6.032        0.000     1185.312     5196.883
       6.132        0.000     1202.773     5215.262
       6.232        0.000     1218.582     5230.734
       6.333        0.000     1242.270     5254.484
       6.431        0.000     1260.555     5270.988
       6.532        0.000     1274.605     5286.523
       6.629        0.000     1291.613     5301.207
       6.729        0.000     1317.375     5327.727
       6.828        0.000     1334.375     5342.730
       6.927        0.000     1351.645     5359.262
       7.026        0.000     1373.293     5381.055
       7.126        0.000     1387.227     5394.867
       7.225        0.000     1406.254     5414.285
       7.329        0.000     1430.316     5436.969
       7.451        0.000     1419.137     5425.590
       7.619        0.000     1437.672     5442.832
       7.754        0.000     1457.902     5460.855
       7.851        0.000     1425.000     5429.328
       7.983        0.000     1399.273     5402.852
       8.097        0.000     1357.887     5363.480
       8.268        0.000     1321.648     5329.105
       8.415        0.000     1326.945     5334.594
       8.525        0.000     1330.012     5334.770
       8.631        0.000     1331.805     5335.582
       8.731        0.000     1334.859     5340.332
       8.832        0.000     1338.699     5343.332
       8.932        0.000     1340.461     5343.832
       9.029        0.000     1345.957     5347.082
       9.135        0.000     1351.312     5351.520
       9.306        0.000     1354.656     5354.270
       9.409        0.000     1358.738     5358.117
       9.505        0.000     1367.445     5363.883
       9.607        0.000     1370.766     5367.383
       9.709        0.000     1376.109     5371.383
       9.813        0.000     1377.371     5374.133
       9.910        0.000     1382.133     5378.668
      10.006        0.000     1387.945     5384.074
      10.103        0.000     1391.543     5387.086
      10.202        0.000     1402.898     5400.336
      10.351        0.000     1411.645     5408.836
      10.449        0.000     1423.219     5419.469
      10.547        0.000     1437.637     5435.469
      10.643        0.000     1447.148     5444.348
      10.741        0.000     1466.719     5462.754
      10.840        0.000     1473.922     5469.504
      10.939        0.000     1497.441     5491.332
      11.035        0.000     1510.566     5504.465
      11.128        0.000     1528.078     5518.715
      11.222        0.000     1541.949     5538.465
      11.317        0.000     1561.258     5557.465
      11.421        0.000     1579.551     5575.414
      11.520        0.000     1597.574     5594.414
      11.619        0.000     1611.965     5606.496
      11.717        0.000     1643.391     5637.996
      11.878        0.000     1663.723     5658.246
      12.027        0.000     1688.711     5685.137
      12.140        0.000     1679.992     5673.988
      12.238        0.000     1645.832     5639.727
      12.333        0.000     1635.023     5628.973
      12.429        0.000     1639.539     5632.688
      12.520        0.000     1647.016     5639.688
      12.613        0.000     1629.691     5622.434
      12.712        0.000     1632.008     5623.684
      12.810        0.000     1645.984     5638.891
      13.007        0.000     1655.559     5646.891
      13.194        0.000     1663.289     5655.797
      13.325        0.000     1671.293     5664.141
      13.452        0.000     1677.180     5669.023
      13.573        0.000     1681.297     5671.805
      13.685        0.000     1686.168     5676.555
      13.795        0.000     1692.281     5683.055
      13.900        0.000     1698.715     5689.555
      14.004        0.000     1711.070     5702.004
      14.171        0.000     1720.832     5711.504
      14.315        0.000     1723.633     5712.754
      14.418        0.000     1732.633     5722.004
      14.538        0.000     1740.703     5731.133
      14.640        0.000     1748.156     5738.883
      14.739        0.000     1751.246     5741.633
      14.839        0.000     1760.977     5750.590
      14.940        0.000     1770.000     5760.090
      15.042        0.000     1775.656     5764.590
      15.143        0.000     1783.125     5772.090
      15.243        0.000     1792.656     5781.590
      15.344        0.000     1810.371     5800.117
      15.504        0.000     1826.852     5816.402
      15.622        0.000     1848.746     5838.848
      15.752        0.000     1866.770     5857.160
      15.853        0.000     1879.375     5868.410
      15.952        0.000     1897.672     5886.910
      16.050        0.000     1915.188     5903.848
      16.158        0.000     1933.996     5921.977
      16.256        0.000     1938.488     5925.727
      16.352        0.000     1949.828     5936.727
      16.446        0.000     1930.895     5917.496
      16.536        0.000     1905.609     5923.301
      16.655        0.000     1896.777     5913.074
      16.756        0.000     1906.316     5921.953
      16.878        0.000     1899.680     5914.809
      16.985        0.000     1904.309     5918.348
      17.072        0.000     1909.059     5923.230
      17.170        0.000     1911.734     5926.715
      17.265        0.000     1919.977     5934.180
      17.362        0.000     1924.598     5938.680
      17.463        0.000     1929.238     5943.586
      17.561        0.000     1937.227     5950.586
      17.657        0.000     1941.328     5955.461
      17.752        0.000     1949.574     5963.617
      17.849        0.000     1954.691     5968.117
      17.951        0.000     1959.844     5972.996
      18.051        0.000     1964.477     5977.516
      18.150        0.000     1972.910     5986.051
      18.259        0.000     1982.184     5994.113
      18.362        0.000     1986.562     5998.363
      18.464        0.000     1993.219     6003.910
      18.581        0.000     2001.973     6012.723
      18.687        0.000     2010.727     6021.223
      18.822        0.000     2018.961     6029.590
      18.943        0.000     2024.109     6034.840
      19.061        0.000     2033.648     6044.418
      19.175        0.000     2041.359     6052.551
      19.292        0.000     2046.492     6058.551
      19.393        0.000     2052.016     6064.332
      19.530        0.000     2060.777     6072.961
      19.635        0.000     2071.234     6081.543
      19.748        0.000     2083.332     6094.043
      19.859        0.000     2090.801     6101.789
      19.961        0.000     2097.891     6111.039
      20.057        0.000     2110.766     6123.543
      20.146        0.000     2119.820     6132.023
      20.244        0.000     2135.531     6146.902
      20.344        0.000     2138.398     6151.094
      20.444        0.000     2142.379     6154.227
      20.569        0.000     2152.414     6163.227
      20.681        0.000     2171.492     6181.977
      20.785        0.000     2179.461     6191.602
      20.877        0.000     2180.660     6192.090
      21.034        0.000     2180.762     6195.676
      21.163        0.000     2189.332     6203.426
      21.264        0.000     2196.035     6210.926
      21.361        0.000     2200.191     6215.996
      21.456        0.000     2209.984     6221.531
      21.555        0.000     2214.625     6225.660
      21.650        0.000     1488.746     5663.934
      21.738        0.000      271.832     1356.246
      21.778        0.000       56.625      620.281
      21.799        0.000        1.906        6.688
