# Elapsed time   CPU (%)     Real (MB)   Virtual (MB)
       0.000        0.000       37.598      545.324
       0.019        0.000       37.855      545.324
       0.032        0.000       38.379      545.355
       0.044        0.000       39.418      546.328
       0.057        0.000       39.953      546.328
       0.069        0.000       40.895      547.203
       0.081        0.000       41.152      547.203
       0.093        0.000       42.098      552.453
       0.105        0.000       43.195      552.707
       0.117        0.000       43.566      553.098
       0.129        0.000       44.000      552.914
       0.141        0.000       44.828      553.004
       0.153        0.000       46.039      553.438
       0.165        0.000       46.996      554.605
       0.177        0.000       47.559      554.605
       0.189        0.000       50.426      555.406
       0.205        0.000       51.867      556.168
       0.219        0.000       53.488      557.898
       0.232        0.000       53.785      557.898
       0.244        0.000       53.961      557.898
       0.256        0.000       56.207      853.914
       0.271        0.000       56.395      854.535
       0.283        0.000       58.246      854.535
       0.297        0.000       61.102      855.035
       0.317        0.000       63.129      855.035
       0.339        0.000      120.688     1924.805
       0.381        0.000      310.312     4628.344
       0.517        0.000      381.137     5187.223
       0.637        0.000      230.762     3024.449
       0.732        0.000      200.992     3011.016
       0.836        0.000      373.871     5177.746
       1.009        0.000      191.402     2483.852
       1.140        0.000      233.695     3544.520
       1.257        0.000      341.305     4648.676
       1.464        0.000      188.020     2482.391
       1.589        0.000      288.125     4095.941
       1.722        0.000      290.000     4095.570
       1.824        0.000      173.762     2473.328
       1.963        0.000      280.980     4089.367
       2.095        0.000      257.934     3561.449
       2.272        0.000      239.934     3547.090
       2.382        0.000      321.863     4634.555
       2.495        0.000      289.211     4091.113
       2.588        0.000      254.688     3558.109
       2.702        0.000      355.898     5180.250
       2.815        0.000      255.227     3559.867
       2.919        0.000      254.449     3560.824
       3.046        0.000      288.832     4090.445
       3.163        0.000      326.980     4642.609
       3.263        0.000      222.254     3022.492
       3.443        0.000      295.691     4111.605
       3.587        0.000      210.398     3013.090
       3.690        0.000      364.816     5188.043
       3.802        0.000      261.250     3557.062
       3.894        0.000      248.309     3557.441
       4.007        0.000      314.777     4625.254
       4.118        0.000      342.930     4645.699
       4.254        0.000      209.523     3015.164
       4.367        0.000      312.066     4624.477
       4.500        0.000      375.500     5182.512
       4.621        0.000      184.344     2483.711
       4.729        0.000      283.145     4095.090
       4.825        0.000      332.430     4632.246
       4.941        0.000      259.988     3557.547
       5.068        0.000      281.520     4035.250
       5.180        0.000      243.969     3552.664
       5.294        0.000      296.609     4107.125
       5.463        0.000      290.547     4093.660
       5.585        0.000      252.242     3554.691
       5.720        0.000      298.609     4105.949
       5.851        0.000      211.422     3007.965
       5.950        0.000      325.699     4636.168
       6.095        0.000      218.414     3019.715
       6.241        0.000      283.754     4099.891
       6.372        0.000      282.285     4093.082
       6.482        0.000      277.688     4097.934
       6.591        0.000      234.418     3544.785
       6.699        0.000      281.945     4093.113
       6.823        0.000      325.508     4570.805
       6.934        0.000      207.039     3010.820
       7.029        0.000      277.766     4087.539
       7.138        0.000      336.004     4648.965
       7.268        0.000      289.277     4100.914
       7.375        0.000      237.652     3542.871
       7.483        0.000      357.613     5177.316
       7.591        0.000      262.055     3562.051
       7.716        0.000      296.863     4105.398
       7.824        0.000      215.688     3015.324
       7.942        0.000      321.738     4631.508
       8.054        0.000      303.070     4120.926
       8.202        0.000      221.602     3040.164
       8.346        0.000      284.957     4105.723
       8.449        0.000      295.586     4115.219
       8.562        0.000      305.000     4120.586
       8.691        0.000      301.414     4118.066
       8.795        0.000      297.766     4122.113
       8.908        0.000      315.746     4127.234
       9.050        0.000      260.980     3571.035
       9.159        0.000      339.891     4659.629
       9.273        0.000      316.562     4128.918
       9.430        0.000      260.711     3570.527
       9.538        0.000      333.898     4644.273
       9.638        0.000      383.906     5192.906
       9.759        0.000      202.945     2500.637
       9.897        0.000      261.055     3572.984
      10.005        0.000      346.832     4651.762
      10.190        0.000      284.016     3589.215
      10.324        0.000      263.406     3571.805
      10.418        0.000      340.672     4648.988
      10.532        0.000      313.340     4124.359
      10.657        0.000      190.953     2488.648
      10.781        0.000      333.430     4645.406
      10.896        0.000      315.043     4125.500
      11.042        0.000      224.902     3029.512
      11.132        0.000      324.805     4645.469
      11.243        0.000      238.297     3033.238
      11.436        0.000      348.293     4666.164
      11.544        0.000      233.418     3033.758
      11.663        0.000      340.988     4656.254
      11.778        0.000      310.512     4111.828
      11.895        0.000      303.449     4113.121
      11.994        0.000      344.660     4657.465
      12.099        0.000      230.520     3030.477
      12.210        0.000      257.938     3573.480
      12.358        0.000      259.078     3567.199
      12.432        0.000      334.766     4655.160
      12.541        0.000      264.410     3573.461
      12.636        0.000      342.641     4647.961
      12.743        0.000      313.398     4120.492
      12.847        0.000      258.465     3568.543
      12.952        0.000      292.512     4104.652
      13.065        0.000      354.508     4657.117
      13.167        0.000      289.516     3593.375
      13.256        0.000      171.344     1967.320
      13.299        0.000       36.363      691.219
      13.326        0.000        1.836        6.688
