
<--- Last few GCs --->

[22540:0x44b2d00]    49960 ms: Mark-sweep 460.2 (529.7) -> 444.5 (529.7) MB, 218.7 / 0.0 ms  (average mu = 0.229, current mu = 0.155) allocation failure scavenge might not succeed
[22540:0x44b2d00]    50202 ms: Mark-sweep 460.8 (529.7) -> 444.9 (529.7) MB, 200.6 / 0.0 ms  (average mu = 0.201, current mu = 0.170) allocation failure scavenge might not succeed


<--- JS stacktrace --->

==== JS stack trace =========================================

    0: ExitFrame [pc: 0x1376519]
Security context: 0x2a52f8b408a1 <JSObject>
    1: prepareStackTrace [0x316b190859a9] [/home/jakutis/Desktop/fat-jest/node_modules/source-map-support/source-map-support.js:~403] [pc=0x4c418c479e9](this=0x30d3b47b10a9 <JSFunction Error (sfi = 0x1880c094d609)>,0x258606914789 <Error map = 0x12e22de62bc1>,0x258606915311 <JSArray[17]>)
    2: prepareStackTrace(aka prepareStackTrace) [0x2717ef4445e9] [internal/e...

FATAL ERROR: Ineffective mark-compacts near heap limit Allocation failed - JavaScript heap out of memory
 1: 0x9dab80 node::Abort() [node]
 2: 0x9dbd36 node::OnFatalError(char const*, char const*) [node]
 3: 0xb3b45e v8::Utils::ReportOOMFailure(v8::internal::Isolate*, char const*, bool) [node]
 4: 0xb3b7d9 v8::internal::V8::FatalProcessOutOfMemory(v8::internal::Isolate*, char const*, bool) [node]
 5: 0xce6b75  [node]
 6: 0xce7206 v8::internal::Heap::RecomputeLimits(v8::internal::GarbageCollector) [node]
 7: 0xcf309a v8::internal::Heap::PerformGarbageCollection(v8::internal::GarbageCollector, v8::GCCallbackFlags) [node]
 8: 0xcf3fa5 v8::internal::Heap::CollectGarbage(v8::internal::AllocationSpace, v8::internal::GarbageCollectionReason, v8::GCCallbackFlags) [node]
 9: 0xcf69b8 v8::internal::Heap::AllocateRawWithRetryOrFail(int, v8::internal::AllocationType, v8::internal::AllocationAlignment) [node]
10: 0xcbd658 v8::internal::Factory::NewFixedArrayWithFiller(v8::internal::RootIndex, int, v8::internal::Object, v8::internal::AllocationType) [node]
11: 0xcbd760 v8::internal::Handle<v8::internal::FixedArray> v8::internal::Factory::NewFixedArrayWithMap<v8::internal::FixedArray>(v8::internal::RootIndex, int, v8::internal::AllocationType) [node]
12: 0xed5429 v8::internal::HashTable<v8::internal::NameDictionary, v8::internal::NameDictionaryShape>::New(v8::internal::Isolate*, int, v8::internal::AllocationType, v8::internal::MinimumCapacity) [node]
13: 0xed5489 v8::internal::BaseNameDictionary<v8::internal::NameDictionary, v8::internal::NameDictionaryShape>::New(v8::internal::Isolate*, int, v8::internal::AllocationType, v8::internal::MinimumCapacity) [node]
14: 0xe8a769 v8::internal::JSObject::MigrateToMap(v8::internal::Isolate*, v8::internal::Handle<v8::internal::JSObject>, v8::internal::Handle<v8::internal::Map>, int) [node]
15: 0xea8782 v8::internal::LookupIterator::ApplyTransitionToDataProperty(v8::internal::Handle<v8::internal::JSReceiver>) [node]
16: 0xeda3b1 v8::internal::Object::AddDataProperty(v8::internal::LookupIterator*, v8::internal::Handle<v8::internal::Object>, v8::internal::PropertyAttributes, v8::Maybe<v8::internal::ShouldThrow>, v8::internal::StoreOrigin) [node]
17: 0xedaf97 v8::internal::Object::SetProperty(v8::internal::LookupIterator*, v8::internal::Handle<v8::internal::Object>, v8::internal::StoreOrigin, v8::Maybe<v8::internal::ShouldThrow>) [node]
18: 0x100b224 v8::internal::Runtime::SetObjectProperty(v8::internal::Isolate*, v8::internal::Handle<v8::internal::Object>, v8::internal::Handle<v8::internal::Object>, v8::internal::Handle<v8::internal::Object>, v8::internal::StoreOrigin, v8::Maybe<v8::internal::ShouldThrow>) [node]
19: 0x100c94a v8::internal::Runtime_SetKeyedProperty(int, unsigned long*, v8::internal::Isolate*) [node]
20: 0x1376519  [node]
