# Elapsed time   CPU (%)     Real (MB)   Virtual (MB)
       0.000        0.000       35.609      545.297
       0.013        0.000       36.000      545.340
       0.025        0.000       37.383      546.301
       0.038        0.000       38.039      546.328
       0.050        0.000       38.973      547.203
       0.063        0.000       39.188      547.203
       0.075        0.000       40.102      552.453
       0.088        0.000       41.512      552.781
       0.100        0.000       41.727      552.832
       0.113        0.000       41.859      552.852
       0.126        0.000       43.117      553.031
       0.138        0.000       44.098      553.246
       0.151        0.000       44.820      553.527
       0.164        0.000       45.582      554.656
       0.177        0.000       46.156      554.656
       0.190        0.000       48.879      555.359
       0.208        0.000       50.316      556.289
       0.222        0.000       51.535      557.652
       0.236        0.000       51.793      557.652
       0.248        0.000       52.074      557.652
       0.261        0.000       52.312      557.902
       0.274        0.000       54.555      854.539
       0.289        0.000       54.844      854.539
       0.302        0.000       55.785      854.539
       0.316        0.000       58.031      854.539
       0.330        0.000       60.066      855.289
       0.343        0.000       63.676      855.289
       0.356        0.000       63.703      855.289
       0.369        0.000       63.965      855.289
       0.383        0.000       91.980     1388.445
       0.410        0.000      308.762     4622.395
       0.548        0.000      299.031     4100.797
       0.698        0.000      281.887     4029.461
       0.793        0.000      285.246     4098.809
       0.901        0.000      331.926     4642.074
       1.014        0.000      211.332     3018.625
       1.111        0.000      317.719     4628.426
       1.253        0.000      332.754     4644.449
       1.366        0.000      251.164     3564.492
       1.465        0.000      241.691     3547.785
       1.571        0.000      283.273     4090.512
       1.703        0.000      367.262     5190.438
       1.818        0.000      203.645     3007.895
       1.916        0.000      271.582     4083.305
       2.032        0.000      318.430     4628.305
       2.149        0.000      248.426     3556.824
       2.262        0.000      247.812     3558.691
       2.418        0.000      296.445     4103.242
       2.566        0.000      255.090     3559.027
       2.663        0.000      246.266     3551.633
       2.783        0.000      326.922     4633.887
       2.907        0.000      261.445     3562.926
       3.035        0.000      293.812     4099.230
       3.143        0.000      240.059     3545.047
       3.252        0.000      325.484     4641.281
       3.354        0.000      254.039     3561.039
       3.464        0.000      283.535     4096.039
       3.577        0.000      243.328     3549.496
       3.675        0.000      363.277     5178.457
       3.786        0.000      256.652     3564.031
       3.882        0.000      249.738     3552.770
       3.996        0.000      315.301     4629.691
       4.102        0.000      289.574     4116.809
       4.194        0.000      297.637     4118.891
       4.329        0.000      210.289     3028.258
       4.435        0.000      325.578     4656.262
       4.560        0.000      297.340     4118.250
       4.666        0.000      258.309     3579.418
       4.789        0.000      250.270     3567.422
       4.914        0.000      323.301     4651.230
       5.030        0.000      297.859     4120.211
       5.137        0.000      302.055     4116.996
       5.238        0.000      251.711     3570.418
       5.332        0.000      300.590     4114.809
       5.483        0.000      299.004     4123.270
       5.598        0.000      287.863     4110.203
       5.709        0.000      291.734     4109.770
       5.810        0.000      339.012     4650.645
       5.920        0.000      266.598     3581.863
       6.029        0.000      255.992     3500.473
       6.136        0.000      366.230     5123.031
       6.236        0.000      275.492     3580.996
       6.351        0.000      258.004     3571.621
       6.466        0.000      330.055     4650.988
       6.578        0.000      307.211     4116.742
       6.684        0.000      271.414     3580.645
       6.806        0.000      308.188     4116.219
       6.921        0.000      228.633     3032.496
       7.061        0.000      338.676     4652.949
       7.172        0.000      351.098     4656.711
       7.286        0.000      152.750     1951.355
       7.412        0.000      265.332     3572.074
       7.553        0.000      347.188     4661.742
       7.681        0.000      318.328     4127.426
       7.783        0.000      224.891     3027.512
       7.904        0.000      301.441     4107.691
       8.065        0.000      310.027     4121.977
       8.208        0.000      271.281     3577.801
       8.310        0.000      342.520     4656.062
       8.420        0.000      276.637     3579.891
       8.533        0.000      260.953     3569.875
       8.646        0.000      298.570     4108.840
       8.757        0.000      309.129     4115.469
       8.879        0.000      309.539     4120.863
       9.000        0.000      271.934     3577.516
       9.105        0.000      306.051     4110.117
       9.228        0.000      316.102     4123.801
       9.370        0.000      266.859     3575.508
       9.471        0.000      269.242     3575.062
       9.623        0.000      270.961     3575.074
       9.764        0.000      327.090     4648.648
       9.879        0.000      351.047     4663.621
      10.047        0.000      231.473     3035.324
      10.145        0.000      263.223     3569.504
      10.290        0.000      356.773     4663.707
      10.430        0.000      318.668     4125.281
      10.544        0.000      222.191     3033.398
      10.640        0.000      331.148     4644.559
      10.753        0.000      314.332     4119.816
      10.885        0.000      272.230     3583.844
      10.997        0.000      253.652     3565.023
      11.108        0.000      291.051     4106.059
      11.223        0.000      381.996     5194.363
      11.330        0.000      238.047     3045.570
      11.440        0.000      299.176     4111.676
      11.544        0.000      310.125     4111.387
      11.654        0.000      349.316     4661.125
      11.764        0.000      229.832     3035.160
      11.861        0.000      338.395     4648.355
      11.970        0.000      314.340     4123.605
      12.081        0.000      319.633     4126.191
      12.206        0.000      230.977     3031.484
      12.312        0.000      308.254     4118.117
      12.494        0.000      272.375     3581.996
      12.642        0.000      264.793     3575.508
      12.727        0.000      303.789     4113.812
      12.859        0.000      302.922     4109.441
      12.959        0.000      313.434     4129.441
      13.070        0.000      268.465     3578.695
      13.166        0.000      302.328     4110.195
      13.282        0.000      306.180     4112.301
      13.391        0.000      307.766     4113.363
      13.520        0.000      276.516     3578.668
      13.692        0.000      334.570     4584.215
      13.813        0.000      352.129     4666.270
      13.930        0.000      322.160     4127.496
      14.057        0.000      272.418     3581.703
      14.193        0.000      297.238     4120.137
      14.300        0.000      297.055     4114.117
      14.412        0.000      376.770     5199.211
      14.523        0.000      232.777     3033.809
      14.628        0.000      342.465     4659.250
      14.745        0.000      269.879     3572.617
      14.854        0.000      305.914     4116.824
      14.986        0.000      335.090     4650.074
      15.097        0.000      266.777     3575.574
      15.209        0.000      334.285     4653.883
      15.322        0.000      272.598     3579.711
      15.462        0.000      338.734     4661.070
      15.593        0.000      264.375     3575.781
      15.692        0.000      305.750     4117.812
      15.860        0.000      270.293     3573.012
      15.994        0.000      305.270     4113.348
      16.103        0.000      304.707     4112.391
      16.213        0.000      308.535     4112.137
      16.322        0.000      344.492     4660.020
      16.430        0.000      234.355     3039.812
      16.536        0.000      348.367     4658.090
      16.665        0.000      159.902     1954.480
      16.815        0.000      295.461     4110.051
      16.901        0.000      303.082     4112.469
      17.034        0.000      353.918     4661.629
      17.160        0.000      232.512     3036.410
      17.273        0.000      298.945     4109.129
      17.409        0.000      303.379     4112.711
      17.539        0.000      314.422     4132.102
      17.681        0.000      270.336     3577.543
      17.774        0.000      336.789     4654.938
      17.904        0.000      239.410     3048.348
      18.090        0.000      262.680     3569.633
      18.206        0.000      269.402     3578.562
      18.371        0.000      352.762     4663.676
      18.513        0.000      269.863     3574.914
      18.637        0.000      254.980     3566.047
      18.745        0.000      312.027     4126.922
      18.947        0.000      196.137     2493.012
      19.077        0.000      229.699     3031.270
      19.151        0.000      331.469     4652.598
      19.260        0.000      309.469     4117.004
      19.376        0.000      275.074     3587.008
      19.527        0.000      257.504     3567.520
      19.623        0.000      368.957     5197.789
      19.731        0.000      272.398     3584.902
      19.844        0.000      257.508     3567.613
      19.944        0.000      334.984     4644.613
      20.053        0.000      269.391     3578.766
      20.179        0.000      229.094     3032.484
      20.332        0.000      335.117     4653.703
      20.436        0.000      357.641     4668.238
      20.545        0.000      281.742     3586.785
      20.644        0.000      311.480     4115.098
      20.736        0.000      312.566     4115.543
      20.844        0.000      306.746     4121.613
      20.960        0.000      299.938     4110.121
      21.072        0.000      312.219     4116.258
      21.227        0.000      304.555     4119.344
      21.350        0.000      300.066     4113.109
      21.447        0.000      309.602     4118.707
      21.569        0.000      309.617     4120.375
      21.678        0.000      264.770     3571.449
      21.791        0.000      293.148     4110.492
      21.906        0.000      308.445     4125.012
      22.004        0.000      260.898     3570.684
      22.105        0.000      378.723     5203.648
      22.228        0.000      275.703     3583.652
      22.345        0.000      217.328     3026.926
      22.451        0.000      381.781     5194.379
      22.578        0.000      322.199     4124.129
      22.679        0.000      273.801     3577.727
      22.783        0.000      262.383     3566.508
      22.885        0.000      396.094     5206.047
      23.043        0.000      246.848     3045.684
      23.141        0.000      260.980     3574.359
      23.257        0.000      334.566     4648.004
      23.367        0.000      356.293     4663.738
      23.474        0.000      276.430     3586.172
      23.599        0.000      257.043     3500.965
      23.680        0.000      331.797     4649.902
      23.791        0.000      350.938     4661.996
      23.904        0.000      281.918     3587.996
      24.010        0.000      240.145     3040.730
      24.093        0.000      304.090     4114.754
      24.210        0.000      345.273     4649.914
      24.348        0.000      306.012     4122.621
      24.450        0.000      267.070     3572.648
      24.555        0.000      336.105     4583.055
      24.665        0.000      351.988     4676.934
      24.774        0.000      228.363     3033.035
      24.854        0.000      298.879     4114.238
      24.953        0.000      275.070     3574.547
      25.104        0.000      305.852     4108.406
      25.207        0.000      316.875     4131.777
      25.311        0.000      271.414     3571.484
      25.413        0.000      299.137     4116.711
      25.522        0.000      309.488     4119.777
      25.624        0.000      226.977     3038.121
      25.735        0.000      228.223     3028.891
      25.804        0.000      329.723     4647.246
      25.913        0.000      347.684     4654.352
      26.025        0.000      271.191     3584.742
      26.128        0.000      233.695     3039.363
      26.199        0.000      290.172     4104.656
      26.307        0.000      335.188     4649.113
      26.419        0.000      311.859     4120.711
      26.540        0.000      308.348     4120.527
      26.668        0.000      307.977     4121.789
      26.775        0.000      198.051     2502.254
      26.862        0.000      162.340     1958.641
      26.901        0.000      166.875     1965.230
      26.929        0.000      127.613     1419.355
      26.960        0.000      128.844     1424.359
      26.981        0.000       43.227      865.715
      27.000        0.000        1.859        6.688
