PASS issue/results-jsdom/result-jest-64-tests/test34-jest.spec.js
PASS issue/results-jsdom/result-jest-64-tests/test4-jest.spec.js
PASS issue/results-jsdom/result-jest-64-tests/test55-jest.spec.js
PASS issue/results-jsdom/result-jest-64-tests/test11-jest.spec.js
PASS issue/results-jsdom/result-jest-64-tests/test8-jest.spec.js
PASS issue/results-jsdom/result-jest-64-tests/test14-jest.spec.js
PASS issue/results-jsdom/result-jest-64-tests/test60-jest.spec.js
PASS issue/results-jsdom/result-jest-64-tests/test2-jest.spec.js
PASS issue/results-jsdom/result-jest-64-tests/test23-jest.spec.js
PASS issue/results-jsdom/result-jest-64-tests/test32-jest.spec.js
PASS issue/results-jsdom/result-jest-64-tests/test53-jest.spec.js
PASS issue/results-jsdom/result-jest-64-tests/test51-jest.spec.js
PASS issue/results-jsdom/result-jest-64-tests/test20-jest.spec.js
PASS issue/results-jsdom/result-jest-64-tests/test1-jest.spec.js
PASS issue/results-jsdom/result-jest-64-tests/test36-jest.spec.js
PASS issue/results-jsdom/result-jest-64-tests/test6-jest.spec.js
PASS issue/results-jsdom/result-jest-64-tests/test52-jest.spec.js
PASS issue/results-jsdom/result-jest-64-tests/test21-jest.spec.js
PASS issue/results-jsdom/result-jest-64-tests/test41-jest.spec.js
PASS issue/results-jsdom/result-jest-64-tests/test38-jest.spec.js
PASS issue/results-jsdom/result-jest-64-tests/test39-jest.spec.js
PASS issue/results-jsdom/result-jest-64-tests/test62-jest.spec.js
PASS issue/results-jsdom/result-jest-64-tests/test61-jest.spec.js
PASS issue/results-jsdom/result-jest-64-tests/test19-jest.spec.js
PASS issue/results-jsdom/result-jest-64-tests/test28-jest.spec.js
PASS issue/results-jsdom/result-jest-64-tests/test48-jest.spec.js
PASS issue/results-jsdom/result-jest-64-tests/test37-jest.spec.js
PASS issue/results-jsdom/result-jest-64-tests/test42-jest.spec.js
PASS issue/results-jsdom/result-jest-64-tests/test7-jest.spec.js
PASS issue/results-jsdom/result-jest-64-tests/test56-jest.spec.js
PASS issue/results-jsdom/result-jest-64-tests/test40-jest.spec.js
PASS issue/results-jsdom/result-jest-64-tests/test46-jest.spec.js
PASS issue/results-jsdom/result-jest-64-tests/test24-jest.spec.js
PASS issue/results-jsdom/result-jest-64-tests/test64-jest.spec.js
PASS issue/results-jsdom/result-jest-64-tests/test35-jest.spec.js
PASS issue/results-jsdom/result-jest-64-tests/test31-jest.spec.js
PASS issue/results-jsdom/result-jest-64-tests/test44-jest.spec.js
PASS issue/results-jsdom/result-jest-64-tests/test3-jest.spec.js
PASS issue/results-jsdom/result-jest-64-tests/test43-jest.spec.js
PASS issue/results-jsdom/result-jest-64-tests/test59-jest.spec.js
PASS issue/results-jsdom/result-jest-64-tests/test27-jest.spec.js
PASS issue/results-jsdom/result-jest-64-tests/test45-jest.spec.js
PASS issue/results-jsdom/result-jest-64-tests/test49-jest.spec.js
PASS issue/results-jsdom/result-jest-64-tests/test18-jest.spec.js
PASS issue/results-jsdom/result-jest-64-tests/test29-jest.spec.js
PASS issue/results-jsdom/result-jest-64-tests/test25-jest.spec.js
PASS issue/results-jsdom/result-jest-64-tests/test58-jest.spec.js
PASS issue/results-jsdom/result-jest-64-tests/test9-jest.spec.js
PASS issue/results-jsdom/result-jest-64-tests/test15-jest.spec.js
PASS issue/results-jsdom/result-jest-64-tests/test63-jest.spec.js
PASS issue/results-jsdom/result-jest-64-tests/test12-jest.spec.js
PASS issue/results-jsdom/result-jest-64-tests/test54-jest.spec.js
PASS issue/results-jsdom/result-jest-64-tests/test26-jest.spec.js
PASS issue/results-jsdom/result-jest-64-tests/test50-jest.spec.js
PASS issue/results-jsdom/result-jest-64-tests/test17-jest.spec.js
PASS issue/results-jsdom/result-jest-64-tests/test47-jest.spec.js
PASS issue/results-jsdom/result-jest-64-tests/test13-jest.spec.js
PASS issue/results-jsdom/result-jest-64-tests/test30-jest.spec.js
PASS issue/results-jsdom/result-jest-64-tests/test22-jest.spec.js
PASS issue/results-jsdom/result-jest-64-tests/test33-jest.spec.js
PASS issue/results-jsdom/result-jest-64-tests/test5-jest.spec.js
PASS issue/results-jsdom/result-jest-64-tests/test10-jest.spec.js
PASS issue/results-jsdom/result-jest-64-tests/test57-jest.spec.js
PASS issue/results-jsdom/result-jest-64-tests/test16-jest.spec.js

Test Suites: 64 passed, 64 total
Tests:       64 passed, 64 total
Snapshots:   0 total
Time:        5.083 s
