FAIL issue/results-jsdom/result-ava-32-tests/test3-ava.spec.js
  ● Test suite failed to run

    TypeError: require(...).getRunner is not a function

    > 1 | const test = require('ava')
        |              ^
      2 | const { expect } = require('chai')
      3 | const React = require('react')
      4 | const { render, findDOMNode } = require('react-dom')

      at Object.<anonymous> (node_modules/ava/lib/worker/main.js:2:40)
      at Object.<anonymous> (issue/results-jsdom/result-ava-32-tests/test3-ava.spec.js:1:14)

FAIL issue/results-jsdom/result-ava-32-tests/test13-ava.spec.js
  ● Test suite failed to run

    TypeError: require(...).getRunner is not a function

    > 1 | const test = require('ava')
        |              ^
      2 | const { expect } = require('chai')
      3 | const React = require('react')
      4 | const { render, findDOMNode } = require('react-dom')

      at Object.<anonymous> (node_modules/ava/lib/worker/main.js:2:40)
      at Object.<anonymous> (issue/results-jsdom/result-ava-32-tests/test13-ava.spec.js:1:14)

FAIL issue/results-jsdom/result-ava-32-tests/test31-ava.spec.js
  ● Test suite failed to run

    TypeError: require(...).getRunner is not a function

    > 1 | const test = require('ava')
        |              ^
      2 | const { expect } = require('chai')
      3 | const React = require('react')
      4 | const { render, findDOMNode } = require('react-dom')

      at Object.<anonymous> (node_modules/ava/lib/worker/main.js:2:40)
      at Object.<anonymous> (issue/results-jsdom/result-ava-32-tests/test31-ava.spec.js:1:14)

FAIL issue/results-jsdom/result-ava-32-tests/test32-ava.spec.js
  ● Test suite failed to run

    TypeError: require(...).getRunner is not a function

    > 1 | const test = require('ava')
        |              ^
      2 | const { expect } = require('chai')
      3 | const React = require('react')
      4 | const { render, findDOMNode } = require('react-dom')

      at Object.<anonymous> (node_modules/ava/lib/worker/main.js:2:40)
      at Object.<anonymous> (issue/results-jsdom/result-ava-32-tests/test32-ava.spec.js:1:14)

FAIL issue/results-jsdom/result-ava-32-tests/test9-ava.spec.js
  ● Test suite failed to run

    TypeError: require(...).getRunner is not a function

    > 1 | const test = require('ava')
        |              ^
      2 | const { expect } = require('chai')
      3 | const React = require('react')
      4 | const { render, findDOMNode } = require('react-dom')

      at Object.<anonymous> (node_modules/ava/lib/worker/main.js:2:40)
      at Object.<anonymous> (issue/results-jsdom/result-ava-32-tests/test9-ava.spec.js:1:14)

FAIL issue/results-jsdom/result-ava-32-tests/test8-ava.spec.js
  ● Test suite failed to run

    TypeError: require(...).getRunner is not a function

    > 1 | const test = require('ava')
        |              ^
      2 | const { expect } = require('chai')
      3 | const React = require('react')
      4 | const { render, findDOMNode } = require('react-dom')

      at Object.<anonymous> (node_modules/ava/lib/worker/main.js:2:40)
      at Object.<anonymous> (issue/results-jsdom/result-ava-32-tests/test8-ava.spec.js:1:14)

FAIL issue/results-jsdom/result-ava-32-tests/test11-ava.spec.js
  ● Test suite failed to run

    TypeError: require(...).getRunner is not a function

    > 1 | const test = require('ava')
        |              ^
      2 | const { expect } = require('chai')
      3 | const React = require('react')
      4 | const { render, findDOMNode } = require('react-dom')

      at Object.<anonymous> (node_modules/ava/lib/worker/main.js:2:40)
      at Object.<anonymous> (issue/results-jsdom/result-ava-32-tests/test11-ava.spec.js:1:14)

FAIL issue/results-jsdom/result-ava-32-tests/test22-ava.spec.js
  ● Test suite failed to run

    TypeError: require(...).getRunner is not a function

    > 1 | const test = require('ava')
        |              ^
      2 | const { expect } = require('chai')
      3 | const React = require('react')
      4 | const { render, findDOMNode } = require('react-dom')

      at Object.<anonymous> (node_modules/ava/lib/worker/main.js:2:40)
      at Object.<anonymous> (issue/results-jsdom/result-ava-32-tests/test22-ava.spec.js:1:14)

FAIL issue/results-jsdom/result-ava-32-tests/test2-ava.spec.js
  ● Test suite failed to run

    TypeError: require(...).getRunner is not a function

    > 1 | const test = require('ava')
        |              ^
      2 | const { expect } = require('chai')
      3 | const React = require('react')
      4 | const { render, findDOMNode } = require('react-dom')

      at Object.<anonymous> (node_modules/ava/lib/worker/main.js:2:40)
      at Object.<anonymous> (issue/results-jsdom/result-ava-32-tests/test2-ava.spec.js:1:14)

FAIL issue/results-jsdom/result-ava-32-tests/test28-ava.spec.js
  ● Test suite failed to run

    TypeError: require(...).getRunner is not a function

    > 1 | const test = require('ava')
        |              ^
      2 | const { expect } = require('chai')
      3 | const React = require('react')
      4 | const { render, findDOMNode } = require('react-dom')

      at Object.<anonymous> (node_modules/ava/lib/worker/main.js:2:40)
      at Object.<anonymous> (issue/results-jsdom/result-ava-32-tests/test28-ava.spec.js:1:14)

FAIL issue/results-jsdom/result-ava-32-tests/test15-ava.spec.js
  ● Test suite failed to run

    TypeError: require(...).getRunner is not a function

    > 1 | const test = require('ava')
        |              ^
      2 | const { expect } = require('chai')
      3 | const React = require('react')
      4 | const { render, findDOMNode } = require('react-dom')

      at Object.<anonymous> (node_modules/ava/lib/worker/main.js:2:40)
      at Object.<anonymous> (issue/results-jsdom/result-ava-32-tests/test15-ava.spec.js:1:14)

FAIL issue/results-jsdom/result-ava-32-tests/test19-ava.spec.js
  ● Test suite failed to run

    TypeError: require(...).getRunner is not a function

    > 1 | const test = require('ava')
        |              ^
      2 | const { expect } = require('chai')
      3 | const React = require('react')
      4 | const { render, findDOMNode } = require('react-dom')

      at Object.<anonymous> (node_modules/ava/lib/worker/main.js:2:40)
      at Object.<anonymous> (issue/results-jsdom/result-ava-32-tests/test19-ava.spec.js:1:14)

FAIL issue/results-jsdom/result-ava-32-tests/test21-ava.spec.js
  ● Test suite failed to run

    TypeError: require(...).getRunner is not a function

    > 1 | const test = require('ava')
        |              ^
      2 | const { expect } = require('chai')
      3 | const React = require('react')
      4 | const { render, findDOMNode } = require('react-dom')

      at Object.<anonymous> (node_modules/ava/lib/worker/main.js:2:40)
      at Object.<anonymous> (issue/results-jsdom/result-ava-32-tests/test21-ava.spec.js:1:14)

FAIL issue/results-jsdom/result-ava-32-tests/test30-ava.spec.js
  ● Test suite failed to run

    TypeError: require(...).getRunner is not a function

    > 1 | const test = require('ava')
        |              ^
      2 | const { expect } = require('chai')
      3 | const React = require('react')
      4 | const { render, findDOMNode } = require('react-dom')

      at Object.<anonymous> (node_modules/ava/lib/worker/main.js:2:40)
      at Object.<anonymous> (issue/results-jsdom/result-ava-32-tests/test30-ava.spec.js:1:14)

FAIL issue/results-jsdom/result-ava-32-tests/test26-ava.spec.js
  ● Test suite failed to run

    TypeError: require(...).getRunner is not a function

    > 1 | const test = require('ava')
        |              ^
      2 | const { expect } = require('chai')
      3 | const React = require('react')
      4 | const { render, findDOMNode } = require('react-dom')

      at Object.<anonymous> (node_modules/ava/lib/worker/main.js:2:40)
      at Object.<anonymous> (issue/results-jsdom/result-ava-32-tests/test26-ava.spec.js:1:14)

FAIL issue/results-jsdom/result-ava-32-tests/test27-ava.spec.js
  ● Test suite failed to run

    TypeError: require(...).getRunner is not a function

    > 1 | const test = require('ava')
        |              ^
      2 | const { expect } = require('chai')
      3 | const React = require('react')
      4 | const { render, findDOMNode } = require('react-dom')

      at Object.<anonymous> (node_modules/ava/lib/worker/main.js:2:40)
      at Object.<anonymous> (issue/results-jsdom/result-ava-32-tests/test27-ava.spec.js:1:14)

FAIL issue/results-jsdom/result-ava-32-tests/test1-ava.spec.js
  ● Test suite failed to run

    TypeError: require(...).getRunner is not a function

    > 1 | const test = require('ava')
        |              ^
      2 | const { expect } = require('chai')
      3 | const React = require('react')
      4 | const { render, findDOMNode } = require('react-dom')

      at Object.<anonymous> (node_modules/ava/lib/worker/main.js:2:40)
      at Object.<anonymous> (issue/results-jsdom/result-ava-32-tests/test1-ava.spec.js:1:14)

FAIL issue/results-jsdom/result-ava-32-tests/test16-ava.spec.js
  ● Test suite failed to run

    TypeError: require(...).getRunner is not a function

    > 1 | const test = require('ava')
        |              ^
      2 | const { expect } = require('chai')
      3 | const React = require('react')
      4 | const { render, findDOMNode } = require('react-dom')

      at Object.<anonymous> (node_modules/ava/lib/worker/main.js:2:40)
      at Object.<anonymous> (issue/results-jsdom/result-ava-32-tests/test16-ava.spec.js:1:14)

FAIL issue/results-jsdom/result-ava-32-tests/test18-ava.spec.js
  ● Test suite failed to run

    TypeError: require(...).getRunner is not a function

    > 1 | const test = require('ava')
        |              ^
      2 | const { expect } = require('chai')
      3 | const React = require('react')
      4 | const { render, findDOMNode } = require('react-dom')

      at Object.<anonymous> (node_modules/ava/lib/worker/main.js:2:40)
      at Object.<anonymous> (issue/results-jsdom/result-ava-32-tests/test18-ava.spec.js:1:14)

FAIL issue/results-jsdom/result-ava-32-tests/test10-ava.spec.js
  ● Test suite failed to run

    TypeError: require(...).getRunner is not a function

    > 1 | const test = require('ava')
        |              ^
      2 | const { expect } = require('chai')
      3 | const React = require('react')
      4 | const { render, findDOMNode } = require('react-dom')

      at Object.<anonymous> (node_modules/ava/lib/worker/main.js:2:40)
      at Object.<anonymous> (issue/results-jsdom/result-ava-32-tests/test10-ava.spec.js:1:14)

FAIL issue/results-jsdom/result-ava-32-tests/test20-ava.spec.js
  ● Test suite failed to run

    TypeError: require(...).getRunner is not a function

    > 1 | const test = require('ava')
        |              ^
      2 | const { expect } = require('chai')
      3 | const React = require('react')
      4 | const { render, findDOMNode } = require('react-dom')

      at Object.<anonymous> (node_modules/ava/lib/worker/main.js:2:40)
      at Object.<anonymous> (issue/results-jsdom/result-ava-32-tests/test20-ava.spec.js:1:14)

FAIL issue/results-jsdom/result-ava-32-tests/test29-ava.spec.js
  ● Test suite failed to run

    TypeError: require(...).getRunner is not a function

    > 1 | const test = require('ava')
        |              ^
      2 | const { expect } = require('chai')
      3 | const React = require('react')
      4 | const { render, findDOMNode } = require('react-dom')

      at Object.<anonymous> (node_modules/ava/lib/worker/main.js:2:40)
      at Object.<anonymous> (issue/results-jsdom/result-ava-32-tests/test29-ava.spec.js:1:14)

FAIL issue/results-jsdom/result-ava-32-tests/test4-ava.spec.js
  ● Test suite failed to run

    TypeError: require(...).getRunner is not a function

    > 1 | const test = require('ava')
        |              ^
      2 | const { expect } = require('chai')
      3 | const React = require('react')
      4 | const { render, findDOMNode } = require('react-dom')

      at Object.<anonymous> (node_modules/ava/lib/worker/main.js:2:40)
      at Object.<anonymous> (issue/results-jsdom/result-ava-32-tests/test4-ava.spec.js:1:14)

FAIL issue/results-jsdom/result-ava-32-tests/test5-ava.spec.js
  ● Test suite failed to run

    TypeError: require(...).getRunner is not a function

    > 1 | const test = require('ava')
        |              ^
      2 | const { expect } = require('chai')
      3 | const React = require('react')
      4 | const { render, findDOMNode } = require('react-dom')

      at Object.<anonymous> (node_modules/ava/lib/worker/main.js:2:40)
      at Object.<anonymous> (issue/results-jsdom/result-ava-32-tests/test5-ava.spec.js:1:14)

FAIL issue/results-jsdom/result-ava-32-tests/test12-ava.spec.js
  ● Test suite failed to run

    TypeError: require(...).getRunner is not a function

    > 1 | const test = require('ava')
        |              ^
      2 | const { expect } = require('chai')
      3 | const React = require('react')
      4 | const { render, findDOMNode } = require('react-dom')

      at Object.<anonymous> (node_modules/ava/lib/worker/main.js:2:40)
      at Object.<anonymous> (issue/results-jsdom/result-ava-32-tests/test12-ava.spec.js:1:14)

FAIL issue/results-jsdom/result-ava-32-tests/test14-ava.spec.js
  ● Test suite failed to run

    TypeError: require(...).getRunner is not a function

    > 1 | const test = require('ava')
        |              ^
      2 | const { expect } = require('chai')
      3 | const React = require('react')
      4 | const { render, findDOMNode } = require('react-dom')

      at Object.<anonymous> (node_modules/ava/lib/worker/main.js:2:40)
      at Object.<anonymous> (issue/results-jsdom/result-ava-32-tests/test14-ava.spec.js:1:14)

FAIL issue/results-jsdom/result-ava-32-tests/test25-ava.spec.js
  ● Test suite failed to run

    TypeError: require(...).getRunner is not a function

    > 1 | const test = require('ava')
        |              ^
      2 | const { expect } = require('chai')
      3 | const React = require('react')
      4 | const { render, findDOMNode } = require('react-dom')

      at Object.<anonymous> (node_modules/ava/lib/worker/main.js:2:40)
      at Object.<anonymous> (issue/results-jsdom/result-ava-32-tests/test25-ava.spec.js:1:14)

FAIL issue/results-jsdom/result-ava-32-tests/test7-ava.spec.js
  ● Test suite failed to run

    TypeError: require(...).getRunner is not a function

    > 1 | const test = require('ava')
        |              ^
      2 | const { expect } = require('chai')
      3 | const React = require('react')
      4 | const { render, findDOMNode } = require('react-dom')

      at Object.<anonymous> (node_modules/ava/lib/worker/main.js:2:40)
      at Object.<anonymous> (issue/results-jsdom/result-ava-32-tests/test7-ava.spec.js:1:14)

FAIL issue/results-jsdom/result-ava-32-tests/test6-ava.spec.js
  ● Test suite failed to run

    TypeError: require(...).getRunner is not a function

    > 1 | const test = require('ava')
        |              ^
      2 | const { expect } = require('chai')
      3 | const React = require('react')
      4 | const { render, findDOMNode } = require('react-dom')

      at Object.<anonymous> (node_modules/ava/lib/worker/main.js:2:40)
      at Object.<anonymous> (issue/results-jsdom/result-ava-32-tests/test6-ava.spec.js:1:14)

FAIL issue/results-jsdom/result-ava-32-tests/test24-ava.spec.js
  ● Test suite failed to run

    TypeError: require(...).getRunner is not a function

    > 1 | const test = require('ava')
        |              ^
      2 | const { expect } = require('chai')
      3 | const React = require('react')
      4 | const { render, findDOMNode } = require('react-dom')

      at Object.<anonymous> (node_modules/ava/lib/worker/main.js:2:40)
      at Object.<anonymous> (issue/results-jsdom/result-ava-32-tests/test24-ava.spec.js:1:14)

FAIL issue/results-jsdom/result-ava-32-tests/test17-ava.spec.js
  ● Test suite failed to run

    TypeError: require(...).getRunner is not a function

    > 1 | const test = require('ava')
        |              ^
      2 | const { expect } = require('chai')
      3 | const React = require('react')
      4 | const { render, findDOMNode } = require('react-dom')

      at Object.<anonymous> (node_modules/ava/lib/worker/main.js:2:40)
      at Object.<anonymous> (issue/results-jsdom/result-ava-32-tests/test17-ava.spec.js:1:14)

FAIL issue/results-jsdom/result-ava-32-tests/test23-ava.spec.js
  ● Test suite failed to run

    TypeError: require(...).getRunner is not a function

    > 1 | const test = require('ava')
        |              ^
      2 | const { expect } = require('chai')
      3 | const React = require('react')
      4 | const { render, findDOMNode } = require('react-dom')

      at Object.<anonymous> (node_modules/ava/lib/worker/main.js:2:40)
      at Object.<anonymous> (issue/results-jsdom/result-ava-32-tests/test23-ava.spec.js:1:14)

Summary of all failing tests
FAIL issue/results-jsdom/result-ava-32-tests/test3-ava.spec.js
  ● Test suite failed to run

    TypeError: require(...).getRunner is not a function

    > 1 | const test = require('ava')
        |              ^
      2 | const { expect } = require('chai')
      3 | const React = require('react')
      4 | const { render, findDOMNode } = require('react-dom')

      at Object.<anonymous> (node_modules/ava/lib/worker/main.js:2:40)
      at Object.<anonymous> (issue/results-jsdom/result-ava-32-tests/test3-ava.spec.js:1:14)

FAIL issue/results-jsdom/result-ava-32-tests/test13-ava.spec.js
  ● Test suite failed to run

    TypeError: require(...).getRunner is not a function

    > 1 | const test = require('ava')
        |              ^
      2 | const { expect } = require('chai')
      3 | const React = require('react')
      4 | const { render, findDOMNode } = require('react-dom')

      at Object.<anonymous> (node_modules/ava/lib/worker/main.js:2:40)
      at Object.<anonymous> (issue/results-jsdom/result-ava-32-tests/test13-ava.spec.js:1:14)

FAIL issue/results-jsdom/result-ava-32-tests/test31-ava.spec.js
  ● Test suite failed to run

    TypeError: require(...).getRunner is not a function

    > 1 | const test = require('ava')
        |              ^
      2 | const { expect } = require('chai')
      3 | const React = require('react')
      4 | const { render, findDOMNode } = require('react-dom')

      at Object.<anonymous> (node_modules/ava/lib/worker/main.js:2:40)
      at Object.<anonymous> (issue/results-jsdom/result-ava-32-tests/test31-ava.spec.js:1:14)

FAIL issue/results-jsdom/result-ava-32-tests/test32-ava.spec.js
  ● Test suite failed to run

    TypeError: require(...).getRunner is not a function

    > 1 | const test = require('ava')
        |              ^
      2 | const { expect } = require('chai')
      3 | const React = require('react')
      4 | const { render, findDOMNode } = require('react-dom')

      at Object.<anonymous> (node_modules/ava/lib/worker/main.js:2:40)
      at Object.<anonymous> (issue/results-jsdom/result-ava-32-tests/test32-ava.spec.js:1:14)

FAIL issue/results-jsdom/result-ava-32-tests/test9-ava.spec.js
  ● Test suite failed to run

    TypeError: require(...).getRunner is not a function

    > 1 | const test = require('ava')
        |              ^
      2 | const { expect } = require('chai')
      3 | const React = require('react')
      4 | const { render, findDOMNode } = require('react-dom')

      at Object.<anonymous> (node_modules/ava/lib/worker/main.js:2:40)
      at Object.<anonymous> (issue/results-jsdom/result-ava-32-tests/test9-ava.spec.js:1:14)

FAIL issue/results-jsdom/result-ava-32-tests/test8-ava.spec.js
  ● Test suite failed to run

    TypeError: require(...).getRunner is not a function

    > 1 | const test = require('ava')
        |              ^
      2 | const { expect } = require('chai')
      3 | const React = require('react')
      4 | const { render, findDOMNode } = require('react-dom')

      at Object.<anonymous> (node_modules/ava/lib/worker/main.js:2:40)
      at Object.<anonymous> (issue/results-jsdom/result-ava-32-tests/test8-ava.spec.js:1:14)

FAIL issue/results-jsdom/result-ava-32-tests/test11-ava.spec.js
  ● Test suite failed to run

    TypeError: require(...).getRunner is not a function

    > 1 | const test = require('ava')
        |              ^
      2 | const { expect } = require('chai')
      3 | const React = require('react')
      4 | const { render, findDOMNode } = require('react-dom')

      at Object.<anonymous> (node_modules/ava/lib/worker/main.js:2:40)
      at Object.<anonymous> (issue/results-jsdom/result-ava-32-tests/test11-ava.spec.js:1:14)

FAIL issue/results-jsdom/result-ava-32-tests/test22-ava.spec.js
  ● Test suite failed to run

    TypeError: require(...).getRunner is not a function

    > 1 | const test = require('ava')
        |              ^
      2 | const { expect } = require('chai')
      3 | const React = require('react')
      4 | const { render, findDOMNode } = require('react-dom')

      at Object.<anonymous> (node_modules/ava/lib/worker/main.js:2:40)
      at Object.<anonymous> (issue/results-jsdom/result-ava-32-tests/test22-ava.spec.js:1:14)

FAIL issue/results-jsdom/result-ava-32-tests/test2-ava.spec.js
  ● Test suite failed to run

    TypeError: require(...).getRunner is not a function

    > 1 | const test = require('ava')
        |              ^
      2 | const { expect } = require('chai')
      3 | const React = require('react')
      4 | const { render, findDOMNode } = require('react-dom')

      at Object.<anonymous> (node_modules/ava/lib/worker/main.js:2:40)
      at Object.<anonymous> (issue/results-jsdom/result-ava-32-tests/test2-ava.spec.js:1:14)

FAIL issue/results-jsdom/result-ava-32-tests/test28-ava.spec.js
  ● Test suite failed to run

    TypeError: require(...).getRunner is not a function

    > 1 | const test = require('ava')
        |              ^
      2 | const { expect } = require('chai')
      3 | const React = require('react')
      4 | const { render, findDOMNode } = require('react-dom')

      at Object.<anonymous> (node_modules/ava/lib/worker/main.js:2:40)
      at Object.<anonymous> (issue/results-jsdom/result-ava-32-tests/test28-ava.spec.js:1:14)

FAIL issue/results-jsdom/result-ava-32-tests/test15-ava.spec.js
  ● Test suite failed to run

    TypeError: require(...).getRunner is not a function

    > 1 | const test = require('ava')
        |              ^
      2 | const { expect } = require('chai')
      3 | const React = require('react')
      4 | const { render, findDOMNode } = require('react-dom')

      at Object.<anonymous> (node_modules/ava/lib/worker/main.js:2:40)
      at Object.<anonymous> (issue/results-jsdom/result-ava-32-tests/test15-ava.spec.js:1:14)

FAIL issue/results-jsdom/result-ava-32-tests/test19-ava.spec.js
  ● Test suite failed to run

    TypeError: require(...).getRunner is not a function

    > 1 | const test = require('ava')
        |              ^
      2 | const { expect } = require('chai')
      3 | const React = require('react')
      4 | const { render, findDOMNode } = require('react-dom')

      at Object.<anonymous> (node_modules/ava/lib/worker/main.js:2:40)
      at Object.<anonymous> (issue/results-jsdom/result-ava-32-tests/test19-ava.spec.js:1:14)

FAIL issue/results-jsdom/result-ava-32-tests/test21-ava.spec.js
  ● Test suite failed to run

    TypeError: require(...).getRunner is not a function

    > 1 | const test = require('ava')
        |              ^
      2 | const { expect } = require('chai')
      3 | const React = require('react')
      4 | const { render, findDOMNode } = require('react-dom')

      at Object.<anonymous> (node_modules/ava/lib/worker/main.js:2:40)
      at Object.<anonymous> (issue/results-jsdom/result-ava-32-tests/test21-ava.spec.js:1:14)

FAIL issue/results-jsdom/result-ava-32-tests/test30-ava.spec.js
  ● Test suite failed to run

    TypeError: require(...).getRunner is not a function

    > 1 | const test = require('ava')
        |              ^
      2 | const { expect } = require('chai')
      3 | const React = require('react')
      4 | const { render, findDOMNode } = require('react-dom')

      at Object.<anonymous> (node_modules/ava/lib/worker/main.js:2:40)
      at Object.<anonymous> (issue/results-jsdom/result-ava-32-tests/test30-ava.spec.js:1:14)

FAIL issue/results-jsdom/result-ava-32-tests/test26-ava.spec.js
  ● Test suite failed to run

    TypeError: require(...).getRunner is not a function

    > 1 | const test = require('ava')
        |              ^
      2 | const { expect } = require('chai')
      3 | const React = require('react')
      4 | const { render, findDOMNode } = require('react-dom')

      at Object.<anonymous> (node_modules/ava/lib/worker/main.js:2:40)
      at Object.<anonymous> (issue/results-jsdom/result-ava-32-tests/test26-ava.spec.js:1:14)

FAIL issue/results-jsdom/result-ava-32-tests/test27-ava.spec.js
  ● Test suite failed to run

    TypeError: require(...).getRunner is not a function

    > 1 | const test = require('ava')
        |              ^
      2 | const { expect } = require('chai')
      3 | const React = require('react')
      4 | const { render, findDOMNode } = require('react-dom')

      at Object.<anonymous> (node_modules/ava/lib/worker/main.js:2:40)
      at Object.<anonymous> (issue/results-jsdom/result-ava-32-tests/test27-ava.spec.js:1:14)

FAIL issue/results-jsdom/result-ava-32-tests/test1-ava.spec.js
  ● Test suite failed to run

    TypeError: require(...).getRunner is not a function

    > 1 | const test = require('ava')
        |              ^
      2 | const { expect } = require('chai')
      3 | const React = require('react')
      4 | const { render, findDOMNode } = require('react-dom')

      at Object.<anonymous> (node_modules/ava/lib/worker/main.js:2:40)
      at Object.<anonymous> (issue/results-jsdom/result-ava-32-tests/test1-ava.spec.js:1:14)

FAIL issue/results-jsdom/result-ava-32-tests/test16-ava.spec.js
  ● Test suite failed to run

    TypeError: require(...).getRunner is not a function

    > 1 | const test = require('ava')
        |              ^
      2 | const { expect } = require('chai')
      3 | const React = require('react')
      4 | const { render, findDOMNode } = require('react-dom')

      at Object.<anonymous> (node_modules/ava/lib/worker/main.js:2:40)
      at Object.<anonymous> (issue/results-jsdom/result-ava-32-tests/test16-ava.spec.js:1:14)

FAIL issue/results-jsdom/result-ava-32-tests/test18-ava.spec.js
  ● Test suite failed to run

    TypeError: require(...).getRunner is not a function

    > 1 | const test = require('ava')
        |              ^
      2 | const { expect } = require('chai')
      3 | const React = require('react')
      4 | const { render, findDOMNode } = require('react-dom')

      at Object.<anonymous> (node_modules/ava/lib/worker/main.js:2:40)
      at Object.<anonymous> (issue/results-jsdom/result-ava-32-tests/test18-ava.spec.js:1:14)

FAIL issue/results-jsdom/result-ava-32-tests/test10-ava.spec.js
  ● Test suite failed to run

    TypeError: require(...).getRunner is not a function

    > 1 | const test = require('ava')
        |              ^
      2 | const { expect } = require('chai')
      3 | const React = require('react')
      4 | const { render, findDOMNode } = require('react-dom')

      at Object.<anonymous> (node_modules/ava/lib/worker/main.js:2:40)
      at Object.<anonymous> (issue/results-jsdom/result-ava-32-tests/test10-ava.spec.js:1:14)

FAIL issue/results-jsdom/result-ava-32-tests/test20-ava.spec.js
  ● Test suite failed to run

    TypeError: require(...).getRunner is not a function

    > 1 | const test = require('ava')
        |              ^
      2 | const { expect } = require('chai')
      3 | const React = require('react')
      4 | const { render, findDOMNode } = require('react-dom')

      at Object.<anonymous> (node_modules/ava/lib/worker/main.js:2:40)
      at Object.<anonymous> (issue/results-jsdom/result-ava-32-tests/test20-ava.spec.js:1:14)

FAIL issue/results-jsdom/result-ava-32-tests/test29-ava.spec.js
  ● Test suite failed to run

    TypeError: require(...).getRunner is not a function

    > 1 | const test = require('ava')
        |              ^
      2 | const { expect } = require('chai')
      3 | const React = require('react')
      4 | const { render, findDOMNode } = require('react-dom')

      at Object.<anonymous> (node_modules/ava/lib/worker/main.js:2:40)
      at Object.<anonymous> (issue/results-jsdom/result-ava-32-tests/test29-ava.spec.js:1:14)

FAIL issue/results-jsdom/result-ava-32-tests/test4-ava.spec.js
  ● Test suite failed to run

    TypeError: require(...).getRunner is not a function

    > 1 | const test = require('ava')
        |              ^
      2 | const { expect } = require('chai')
      3 | const React = require('react')
      4 | const { render, findDOMNode } = require('react-dom')

      at Object.<anonymous> (node_modules/ava/lib/worker/main.js:2:40)
      at Object.<anonymous> (issue/results-jsdom/result-ava-32-tests/test4-ava.spec.js:1:14)

FAIL issue/results-jsdom/result-ava-32-tests/test5-ava.spec.js
  ● Test suite failed to run

    TypeError: require(...).getRunner is not a function

    > 1 | const test = require('ava')
        |              ^
      2 | const { expect } = require('chai')
      3 | const React = require('react')
      4 | const { render, findDOMNode } = require('react-dom')

      at Object.<anonymous> (node_modules/ava/lib/worker/main.js:2:40)
      at Object.<anonymous> (issue/results-jsdom/result-ava-32-tests/test5-ava.spec.js:1:14)

FAIL issue/results-jsdom/result-ava-32-tests/test12-ava.spec.js
  ● Test suite failed to run

    TypeError: require(...).getRunner is not a function

    > 1 | const test = require('ava')
        |              ^
      2 | const { expect } = require('chai')
      3 | const React = require('react')
      4 | const { render, findDOMNode } = require('react-dom')

      at Object.<anonymous> (node_modules/ava/lib/worker/main.js:2:40)
      at Object.<anonymous> (issue/results-jsdom/result-ava-32-tests/test12-ava.spec.js:1:14)

FAIL issue/results-jsdom/result-ava-32-tests/test14-ava.spec.js
  ● Test suite failed to run

    TypeError: require(...).getRunner is not a function

    > 1 | const test = require('ava')
        |              ^
      2 | const { expect } = require('chai')
      3 | const React = require('react')
      4 | const { render, findDOMNode } = require('react-dom')

      at Object.<anonymous> (node_modules/ava/lib/worker/main.js:2:40)
      at Object.<anonymous> (issue/results-jsdom/result-ava-32-tests/test14-ava.spec.js:1:14)

FAIL issue/results-jsdom/result-ava-32-tests/test25-ava.spec.js
  ● Test suite failed to run

    TypeError: require(...).getRunner is not a function

    > 1 | const test = require('ava')
        |              ^
      2 | const { expect } = require('chai')
      3 | const React = require('react')
      4 | const { render, findDOMNode } = require('react-dom')

      at Object.<anonymous> (node_modules/ava/lib/worker/main.js:2:40)
      at Object.<anonymous> (issue/results-jsdom/result-ava-32-tests/test25-ava.spec.js:1:14)

FAIL issue/results-jsdom/result-ava-32-tests/test7-ava.spec.js
  ● Test suite failed to run

    TypeError: require(...).getRunner is not a function

    > 1 | const test = require('ava')
        |              ^
      2 | const { expect } = require('chai')
      3 | const React = require('react')
      4 | const { render, findDOMNode } = require('react-dom')

      at Object.<anonymous> (node_modules/ava/lib/worker/main.js:2:40)
      at Object.<anonymous> (issue/results-jsdom/result-ava-32-tests/test7-ava.spec.js:1:14)

FAIL issue/results-jsdom/result-ava-32-tests/test6-ava.spec.js
  ● Test suite failed to run

    TypeError: require(...).getRunner is not a function

    > 1 | const test = require('ava')
        |              ^
      2 | const { expect } = require('chai')
      3 | const React = require('react')
      4 | const { render, findDOMNode } = require('react-dom')

      at Object.<anonymous> (node_modules/ava/lib/worker/main.js:2:40)
      at Object.<anonymous> (issue/results-jsdom/result-ava-32-tests/test6-ava.spec.js:1:14)

FAIL issue/results-jsdom/result-ava-32-tests/test24-ava.spec.js
  ● Test suite failed to run

    TypeError: require(...).getRunner is not a function

    > 1 | const test = require('ava')
        |              ^
      2 | const { expect } = require('chai')
      3 | const React = require('react')
      4 | const { render, findDOMNode } = require('react-dom')

      at Object.<anonymous> (node_modules/ava/lib/worker/main.js:2:40)
      at Object.<anonymous> (issue/results-jsdom/result-ava-32-tests/test24-ava.spec.js:1:14)

FAIL issue/results-jsdom/result-ava-32-tests/test17-ava.spec.js
  ● Test suite failed to run

    TypeError: require(...).getRunner is not a function

    > 1 | const test = require('ava')
        |              ^
      2 | const { expect } = require('chai')
      3 | const React = require('react')
      4 | const { render, findDOMNode } = require('react-dom')

      at Object.<anonymous> (node_modules/ava/lib/worker/main.js:2:40)
      at Object.<anonymous> (issue/results-jsdom/result-ava-32-tests/test17-ava.spec.js:1:14)

FAIL issue/results-jsdom/result-ava-32-tests/test23-ava.spec.js
  ● Test suite failed to run

    TypeError: require(...).getRunner is not a function

    > 1 | const test = require('ava')
        |              ^
      2 | const { expect } = require('chai')
      3 | const React = require('react')
      4 | const { render, findDOMNode } = require('react-dom')

      at Object.<anonymous> (node_modules/ava/lib/worker/main.js:2:40)
      at Object.<anonymous> (issue/results-jsdom/result-ava-32-tests/test23-ava.spec.js:1:14)


Test Suites: 32 failed, 32 total
Tests:       0 total
Snapshots:   0 total
Time:        3.074 s
