# Elapsed time   CPU (%)     Real (MB)   Virtual (MB)
       0.000        0.000       38.141      544.109
       0.023        0.000       38.734      546.379
       0.045        0.000       39.246      546.379
       0.062        0.000       39.762      546.820
       0.077        0.000       40.562      546.961
       0.099        0.000       41.617      546.961
       0.121        0.000       42.902      548.215
       0.143        0.000       43.621      553.215
       0.166        0.000       45.215      553.574
       0.187        0.000       45.492      553.621
       0.209        0.000       46.496      553.711
       0.232        0.000       46.750      553.711
       0.248        0.000       47.812      554.105
       0.261        0.000       48.664      555.254
       0.274        0.000       49.434      555.977
       0.289        0.000       50.191      555.625
       0.307        0.000       51.020      555.625
       0.321        0.000       52.562      556.875
       0.335        0.000       53.723      557.941
       0.349        0.000       54.098      558.191
       0.365        0.000       54.379      558.441
       0.380        0.000       57.375      599.684
       0.395        0.000       57.953      856.055
       0.411        0.000       57.996      856.055
       0.425        0.000       85.934     1389.215
       0.447        0.000       88.746     1390.777
       0.468        0.000       90.430     1392.219
       0.488        0.000       93.656     1394.762
       0.510        0.000       95.328     1395.078
       0.530        0.000       97.434     1395.398
       0.554        0.000       99.754     1396.879
       0.575        0.000      100.148     1397.508
       0.600        0.000      101.047     1398.570
       0.622        0.000      101.977     1403.699
       0.644        0.000      106.215     1407.703
       0.666        0.000      107.059     1407.555
       0.689        0.000      108.652     1408.020
       0.712        0.000      111.484     1417.020
       0.733        0.000      112.488     1418.789
       0.758        0.000      113.062     1418.691
       0.786        0.000      114.070     1418.824
       0.813        0.000      116.191     1419.535
       0.833        0.000      117.562     1419.535
       0.854        0.000      119.617     1421.035
       0.875        0.000      121.422     1421.035
       0.897        0.000      122.969     1421.035
       0.919        0.000      124.762     1421.164
       0.941        0.000      127.590     1423.938
       0.963        0.000      127.840     1423.938
       0.988        0.000      128.098     1423.938
       1.013        0.000      128.613     1424.609
       1.039        0.000      131.133     1442.688
       1.065        0.000      131.637     1443.156
       1.092        0.000      132.133     1443.328
       1.114        0.000      132.648     1443.465
       1.136        0.000      134.387     1444.215
       1.158        0.000      136.191     1444.770
       1.180        0.000      138.852     1445.402
       1.201        0.000      146.617     1448.035
       1.226        0.000      156.922     1450.352
       1.250        0.000      161.816     1454.852
       1.278        0.000      162.789     1460.594
       1.303        0.000      167.945     1460.855
       1.327        0.000      178.762     1472.047
       1.351        0.000      183.918     1477.438
       1.374        0.000      191.910     1485.438
       1.399        0.000      192.684     1485.938
       1.428        0.000      198.613     1492.273
       1.463        0.000      198.031     1498.391
       1.491        0.000      209.828     1503.648
       1.518        0.000      219.883     1513.898
       1.546        0.000      225.555     1519.273
       1.571        0.000      234.062     1527.773
       1.598        0.000      239.477     1533.273
       1.623        0.000      247.211     1541.273
       1.649        0.000      252.758     1542.000
       1.677        0.000      259.453     1548.812
       1.705        0.000      260.484     1549.934
       1.734        0.000      261.000     1550.465
       1.764        0.000      259.477     1551.992
       1.793        0.000      263.000     1555.055
       1.822        0.000      267.898     1557.375
       1.850        0.000      276.141     1564.578
       1.875        0.000      284.391     1573.043
       1.902        0.000      287.266     1576.754
       1.933        0.000      294.484     1584.324
       1.965        0.000      301.961     1591.773
       1.997        0.000      310.211     1599.496
       2.024        0.000      313.305     1602.152
       2.049        0.000      319.750     1608.949
       2.073        0.000      322.328     1611.270
       2.097        0.000      328.516     1617.559
       2.119        0.000      332.125     1620.770
       2.145        0.000      338.570     1627.195
       2.178        0.000      345.531     1634.762
       2.205        0.000      347.852     1636.828
       2.228        0.000      354.039     1642.867
       2.255        0.000      357.391     1645.836
       2.289        0.000      363.062     1651.867
       2.312        0.000      364.867     1653.414
       2.333        0.000      372.344     1660.477
       2.358        0.000      372.344     1660.477
       2.388        0.000      372.344     1660.605
       2.416        0.000      371.652     1660.352
       2.442        0.000      372.160     1666.039
       2.473        0.000      377.754     1666.254
       2.501        0.000      378.113     1666.449
       2.527        0.000      379.660     1668.293
       2.552        0.000      379.918     1668.293
       2.574        0.000      380.949     1669.066
       2.599        0.000      383.270     1671.262
       2.630        0.000      385.332     1673.562
       2.659        0.000      385.590     1673.562
       2.687        0.000      386.105     1674.211
       2.714        0.000      384.766     1677.387
       2.740        0.000      388.117     1680.738
       2.767        0.000      391.727     1682.543
       2.799        0.000      396.883     1684.477
       2.829        0.000      399.977     1688.773
       2.856        0.000      401.781     1690.320
       2.877        0.000      403.328     1691.996
       2.899        0.000      405.906     1694.445
       2.919        0.000      407.969     1696.379
       2.943        0.000      410.031     1698.441
       2.966        0.000      413.383     1701.664
       2.987        0.000      415.188     1703.340
       3.011        0.000      417.508     1705.660
       3.036        0.000      420.086     1708.238
       3.060        0.000      423.438     1711.332
       3.085        0.000      427.555     1716.637
       3.109        0.000      433.742     1722.820
       3.138        0.000      437.609     1726.035
       3.171        0.000      442.766     1731.824
       3.194        0.000      449.727     1738.637
       3.217        0.000      449.727     1738.637
       3.238        0.000      451.199     1739.898
       3.259        0.000      457.859     1746.148
       3.285        0.000      469.461     1757.148
       3.313        0.000      472.805     1760.578
       3.341        0.000      482.086     1770.328
       3.370        0.000      487.242     1775.578
       3.400        0.000      496.523     1784.828
       3.431        0.000      497.039     1784.828
       3.455        0.000      460.852     1748.328
       3.482        0.000      461.105     1748.328
       3.510        0.000      461.105     1748.328
       3.539        0.000      461.105     1748.328
       3.568        0.000      473.215     1761.578
       3.598        0.000      473.398     1761.578
       3.625        0.000      478.555     1766.957
       3.654        0.000      482.680     1771.453
       3.680        0.000      488.609     1776.457
       3.710        0.000      492.992     1781.207
       3.747        0.000      503.047     1790.957
       3.777        0.000      503.047     1790.957
       3.807        0.000      507.430     1795.707
       3.835        0.000      517.742     1805.957
       3.864        0.000      518.258     1805.957
       3.894        0.000      519.031     1807.457
       3.925        0.000      523.520     1816.219
       3.953        0.000      529.699     1817.219
       3.977        0.000      535.625     1821.719
       4.004        0.000      535.855     1821.719
       4.031        0.000      535.855     1821.719
       4.055        0.000      535.855     1821.719
       4.077        0.000      536.086     1821.719
       4.105        0.000      540.434     1826.469
       4.130        0.000      543.781     1829.469
       4.155        0.000      545.188     1829.469
       4.181        0.000      545.961     1829.469
       4.206        0.000      545.961     1829.469
       4.231        0.000      545.961     1829.469
       4.256        0.000      545.961     1829.469
       4.278        0.000      546.172     1829.469
       4.299        0.000      546.172     1829.719
       4.325        0.000      546.172     1829.719
       4.349        0.000      547.164     1829.719
       4.379        0.000      547.164     1829.719
       4.405        0.000      547.164     1829.719
       4.429        0.000      547.613     1829.719
       4.456        0.000      548.117     1830.469
       4.480        0.000      548.117     1830.469
       4.501        0.000      548.117     1830.469
       4.525        0.000      548.117     1830.469
       4.546        0.000      548.117     1830.469
       4.567        0.000      548.590     1830.469
       4.589        0.000      548.590     1830.469
       4.609        0.000      548.848     1830.469
       4.631        0.000      548.848     1830.469
       4.652        0.000      549.336     1831.219
       4.674        0.000      549.336     1831.219
       4.696        0.000      549.336     1831.219
       4.720        0.000      549.531     1831.219
       4.744        0.000      549.531     1831.219
       4.771        0.000      550.277     1831.969
       4.793        0.000      550.379     1831.969
       4.819        0.000      550.379     1831.969
       4.842        0.000      550.379     1831.969
       4.868        0.000      550.582     1831.969
       4.893        0.000      550.824     1832.969
       4.916        0.000      550.824     1833.109
       4.940        0.000      551.051     1833.109
       4.963        0.000      551.051     1833.109
       4.985        0.000      551.051     1833.109
       5.009        0.000      551.781     1833.859
       5.033        0.000      552.008     1833.859
       5.056        0.000      552.758     1834.312
       5.080        0.000      553.016     1835.062
       5.106        0.000      553.504     1835.516
       5.132        0.000      553.750     1835.516
       5.157        0.000      553.750     1835.516
       5.184        0.000      554.496     1835.766
       5.209        0.000      554.562     1835.766
       5.233        0.000      554.562     1835.766
       5.256        0.000      555.035     1836.766
       5.290        0.000      555.281     1836.766
       5.315        0.000      555.535     1836.926
       5.336        0.000      555.535     1836.926
       5.358        0.000      555.770     1836.926
       5.380        0.000      556.543     1838.176
       5.404        0.000      556.797     1838.176
       5.427        0.000      557.297     1838.176
       5.448        0.000      557.297     1838.176
       5.470        0.000      557.297     1838.176
       5.494        0.000      557.551     1838.926
       5.517        0.000      557.551     1838.926
       5.538        0.000      558.062     1839.426
       5.559        0.000      558.062     1839.426
       5.582        0.000      558.559     1840.426
       5.605        0.000      558.559     1840.426
       5.630        0.000      558.559     1840.426
       5.652        0.000      559.582     1840.926
       5.674        0.000      559.582     1840.926
       5.698        0.000      560.094     1841.176
       5.720        0.000      560.094     1841.176
       5.741        0.000      560.602     1842.176
       5.765        0.000      560.602     1842.176
       5.786        0.000      560.602     1842.176
       5.807        0.000      561.113     1842.426
       5.827        0.000      561.113     1842.426
       5.857        0.000      561.613     1843.242
       5.884        0.000      561.613     1843.242
       5.914        0.000      562.129     1843.492
       5.934        0.000      562.129     1843.492
       5.955        0.000      562.641     1844.242
       5.976        0.000      562.898     1844.242
       5.997        0.000      563.156     1844.742
       6.030        0.000      563.672     1844.992
       6.054        0.000      563.672     1844.992
