PASS issue/results-jsdom/result-jest-512-tests/test89-jest.spec.js
PASS issue/results-jsdom/result-jest-512-tests/test403-jest.spec.js
PASS issue/results-jsdom/result-jest-512-tests/test106-jest.spec.js
PASS issue/results-jsdom/result-jest-512-tests/test100-jest.spec.js
PASS issue/results-jsdom/result-jest-512-tests/test321-jest.spec.js
PASS issue/results-jsdom/result-jest-512-tests/test126-jest.spec.js
PASS issue/results-jsdom/result-jest-512-tests/test488-jest.spec.js
PASS issue/results-jsdom/result-jest-512-tests/test11-jest.spec.js
PASS issue/results-jsdom/result-jest-512-tests/test236-jest.spec.js
PASS issue/results-jsdom/result-jest-512-tests/test90-jest.spec.js
PASS issue/results-jsdom/result-jest-512-tests/test276-jest.spec.js
PASS issue/results-jsdom/result-jest-512-tests/test95-jest.spec.js
PASS issue/results-jsdom/result-jest-512-tests/test244-jest.spec.js
PASS issue/results-jsdom/result-jest-512-tests/test249-jest.spec.js
PASS issue/results-jsdom/result-jest-512-tests/test207-jest.spec.js
PASS issue/results-jsdom/result-jest-512-tests/test442-jest.spec.js
PASS issue/results-jsdom/result-jest-512-tests/test168-jest.spec.js
PASS issue/results-jsdom/result-jest-512-tests/test167-jest.spec.js
PASS issue/results-jsdom/result-jest-512-tests/test216-jest.spec.js
PASS issue/results-jsdom/result-jest-512-tests/test82-jest.spec.js
PASS issue/results-jsdom/result-jest-512-tests/test55-jest.spec.js
PASS issue/results-jsdom/result-jest-512-tests/test443-jest.spec.js
PASS issue/results-jsdom/result-jest-512-tests/test34-jest.spec.js
PASS issue/results-jsdom/result-jest-512-tests/test121-jest.spec.js
PASS issue/results-jsdom/result-jest-512-tests/test484-jest.spec.js
PASS issue/results-jsdom/result-jest-512-tests/test288-jest.spec.js
PASS issue/results-jsdom/result-jest-512-tests/test487-jest.spec.js
PASS issue/results-jsdom/result-jest-512-tests/test464-jest.spec.js
PASS issue/results-jsdom/result-jest-512-tests/test416-jest.spec.js
PASS issue/results-jsdom/result-jest-512-tests/test4-jest.spec.js
PASS issue/results-jsdom/result-jest-512-tests/test196-jest.spec.js
PASS issue/results-jsdom/result-jest-512-tests/test490-jest.spec.js
PASS issue/results-jsdom/result-jest-512-tests/test79-jest.spec.js
PASS issue/results-jsdom/result-jest-512-tests/test247-jest.spec.js
PASS issue/results-jsdom/result-jest-512-tests/test165-jest.spec.js
PASS issue/results-jsdom/result-jest-512-tests/test8-jest.spec.js
PASS issue/results-jsdom/result-jest-512-tests/test391-jest.spec.js
PASS issue/results-jsdom/result-jest-512-tests/test348-jest.spec.js
PASS issue/results-jsdom/result-jest-512-tests/test184-jest.spec.js
PASS issue/results-jsdom/result-jest-512-tests/test88-jest.spec.js
PASS issue/results-jsdom/result-jest-512-tests/test150-jest.spec.js
PASS issue/results-jsdom/result-jest-512-tests/test161-jest.spec.js
PASS issue/results-jsdom/result-jest-512-tests/test120-jest.spec.js
PASS issue/results-jsdom/result-jest-512-tests/test113-jest.spec.js
PASS issue/results-jsdom/result-jest-512-tests/test427-jest.spec.js
PASS issue/results-jsdom/result-jest-512-tests/test149-jest.spec.js
PASS issue/results-jsdom/result-jest-512-tests/test255-jest.spec.js
PASS issue/results-jsdom/result-jest-512-tests/test331-jest.spec.js
PASS issue/results-jsdom/result-jest-512-tests/test199-jest.spec.js
PASS issue/results-jsdom/result-jest-512-tests/test234-jest.spec.js
PASS issue/results-jsdom/result-jest-512-tests/test417-jest.spec.js
PASS issue/results-jsdom/result-jest-512-tests/test451-jest.spec.js
PASS issue/results-jsdom/result-jest-512-tests/test413-jest.spec.js
PASS issue/results-jsdom/result-jest-512-tests/test344-jest.spec.js
PASS issue/results-jsdom/result-jest-512-tests/test241-jest.spec.js
PASS issue/results-jsdom/result-jest-512-tests/test459-jest.spec.js
PASS issue/results-jsdom/result-jest-512-tests/test446-jest.spec.js
PASS issue/results-jsdom/result-jest-512-tests/test477-jest.spec.js
PASS issue/results-jsdom/result-jest-512-tests/test510-jest.spec.js
PASS issue/results-jsdom/result-jest-512-tests/test289-jest.spec.js
PASS issue/results-jsdom/result-jest-512-tests/test264-jest.spec.js
PASS issue/results-jsdom/result-jest-512-tests/test259-jest.spec.js
PASS issue/results-jsdom/result-jest-512-tests/test414-jest.spec.js
PASS issue/results-jsdom/result-jest-512-tests/test103-jest.spec.js
PASS issue/results-jsdom/result-jest-512-tests/test396-jest.spec.js
PASS issue/results-jsdom/result-jest-512-tests/test14-jest.spec.js
PASS issue/results-jsdom/result-jest-512-tests/test438-jest.spec.js
PASS issue/results-jsdom/result-jest-512-tests/test307-jest.spec.js
PASS issue/results-jsdom/result-jest-512-tests/test171-jest.spec.js
PASS issue/results-jsdom/result-jest-512-tests/test347-jest.spec.js
PASS issue/results-jsdom/result-jest-512-tests/test2-jest.spec.js
PASS issue/results-jsdom/result-jest-512-tests/test385-jest.spec.js
PASS issue/results-jsdom/result-jest-512-tests/test83-jest.spec.js
PASS issue/results-jsdom/result-jest-512-tests/test75-jest.spec.js
PASS issue/results-jsdom/result-jest-512-tests/test425-jest.spec.js
PASS issue/results-jsdom/result-jest-512-tests/test448-jest.spec.js
PASS issue/results-jsdom/result-jest-512-tests/test346-jest.spec.js
PASS issue/results-jsdom/result-jest-512-tests/test176-jest.spec.js
PASS issue/results-jsdom/result-jest-512-tests/test205-jest.spec.js
PASS issue/results-jsdom/result-jest-512-tests/test60-jest.spec.js
PASS issue/results-jsdom/result-jest-512-tests/test351-jest.spec.js
PASS issue/results-jsdom/result-jest-512-tests/test146-jest.spec.js
PASS issue/results-jsdom/result-jest-512-tests/test339-jest.spec.js
PASS issue/results-jsdom/result-jest-512-tests/test461-jest.spec.js
PASS issue/results-jsdom/result-jest-512-tests/test192-jest.spec.js
PASS issue/results-jsdom/result-jest-512-tests/test476-jest.spec.js
PASS issue/results-jsdom/result-jest-512-tests/test185-jest.spec.js
PASS issue/results-jsdom/result-jest-512-tests/test232-jest.spec.js
PASS issue/results-jsdom/result-jest-512-tests/test473-jest.spec.js
PASS issue/results-jsdom/result-jest-512-tests/test209-jest.spec.js
PASS issue/results-jsdom/result-jest-512-tests/test364-jest.spec.js
PASS issue/results-jsdom/result-jest-512-tests/test78-jest.spec.js
PASS issue/results-jsdom/result-jest-512-tests/test155-jest.spec.js
PASS issue/results-jsdom/result-jest-512-tests/test296-jest.spec.js
PASS issue/results-jsdom/result-jest-512-tests/test505-jest.spec.js
PASS issue/results-jsdom/result-jest-512-tests/test32-jest.spec.js
PASS issue/results-jsdom/result-jest-512-tests/test23-jest.spec.js
PASS issue/results-jsdom/result-jest-512-tests/test53-jest.spec.js
PASS issue/results-jsdom/result-jest-512-tests/test235-jest.spec.js
PASS issue/results-jsdom/result-jest-512-tests/test434-jest.spec.js
PASS issue/results-jsdom/result-jest-512-tests/test240-jest.spec.js
PASS issue/results-jsdom/result-jest-512-tests/test84-jest.spec.js
PASS issue/results-jsdom/result-jest-512-tests/test478-jest.spec.js
PASS issue/results-jsdom/result-jest-512-tests/test492-jest.spec.js
PASS issue/results-jsdom/result-jest-512-tests/test104-jest.spec.js
PASS issue/results-jsdom/result-jest-512-tests/test136-jest.spec.js
PASS issue/results-jsdom/result-jest-512-tests/test233-jest.spec.js
PASS issue/results-jsdom/result-jest-512-tests/test237-jest.spec.js
PASS issue/results-jsdom/result-jest-512-tests/test409-jest.spec.js
PASS issue/results-jsdom/result-jest-512-tests/test355-jest.spec.js
PASS issue/results-jsdom/result-jest-512-tests/test251-jest.spec.js
PASS issue/results-jsdom/result-jest-512-tests/test279-jest.spec.js
PASS issue/results-jsdom/result-jest-512-tests/test420-jest.spec.js
PASS issue/results-jsdom/result-jest-512-tests/test375-jest.spec.js
PASS issue/results-jsdom/result-jest-512-tests/test302-jest.spec.js
PASS issue/results-jsdom/result-jest-512-tests/test501-jest.spec.js
PASS issue/results-jsdom/result-jest-512-tests/test408-jest.spec.js
PASS issue/results-jsdom/result-jest-512-tests/test465-jest.spec.js
PASS issue/results-jsdom/result-jest-512-tests/test379-jest.spec.js
PASS issue/results-jsdom/result-jest-512-tests/test462-jest.spec.js
PASS issue/results-jsdom/result-jest-512-tests/test436-jest.spec.js
PASS issue/results-jsdom/result-jest-512-tests/test337-jest.spec.js
PASS issue/results-jsdom/result-jest-512-tests/test300-jest.spec.js
PASS issue/results-jsdom/result-jest-512-tests/test179-jest.spec.js
PASS issue/results-jsdom/result-jest-512-tests/test128-jest.spec.js
PASS issue/results-jsdom/result-jest-512-tests/test158-jest.spec.js
PASS issue/results-jsdom/result-jest-512-tests/test282-jest.spec.js
PASS issue/results-jsdom/result-jest-512-tests/test51-jest.spec.js
PASS issue/results-jsdom/result-jest-512-tests/test195-jest.spec.js
PASS issue/results-jsdom/result-jest-512-tests/test415-jest.spec.js
PASS issue/results-jsdom/result-jest-512-tests/test491-jest.spec.js
PASS issue/results-jsdom/result-jest-512-tests/test230-jest.spec.js
PASS issue/results-jsdom/result-jest-512-tests/test162-jest.spec.js
PASS issue/results-jsdom/result-jest-512-tests/test372-jest.spec.js
PASS issue/results-jsdom/result-jest-512-tests/test410-jest.spec.js
PASS issue/results-jsdom/result-jest-512-tests/test287-jest.spec.js
PASS issue/results-jsdom/result-jest-512-tests/test116-jest.spec.js
PASS issue/results-jsdom/result-jest-512-tests/test1-jest.spec.js
PASS issue/results-jsdom/result-jest-512-tests/test345-jest.spec.js
PASS issue/results-jsdom/result-jest-512-tests/test151-jest.spec.js
PASS issue/results-jsdom/result-jest-512-tests/test144-jest.spec.js
PASS issue/results-jsdom/result-jest-512-tests/test72-jest.spec.js
PASS issue/results-jsdom/result-jest-512-tests/test20-jest.spec.js
PASS issue/results-jsdom/result-jest-512-tests/test94-jest.spec.js
PASS issue/results-jsdom/result-jest-512-tests/test175-jest.spec.js
PASS issue/results-jsdom/result-jest-512-tests/test223-jest.spec.js
PASS issue/results-jsdom/result-jest-512-tests/test270-jest.spec.js
PASS issue/results-jsdom/result-jest-512-tests/test332-jest.spec.js
PASS issue/results-jsdom/result-jest-512-tests/test221-jest.spec.js
PASS issue/results-jsdom/result-jest-512-tests/test127-jest.spec.js
PASS issue/results-jsdom/result-jest-512-tests/test437-jest.spec.js
PASS issue/results-jsdom/result-jest-512-tests/test52-jest.spec.js
PASS issue/results-jsdom/result-jest-512-tests/test36-jest.spec.js
PASS issue/results-jsdom/result-jest-512-tests/test509-jest.spec.js
PASS issue/results-jsdom/result-jest-512-tests/test6-jest.spec.js
PASS issue/results-jsdom/result-jest-512-tests/test117-jest.spec.js
PASS issue/results-jsdom/result-jest-512-tests/test21-jest.spec.js
PASS issue/results-jsdom/result-jest-512-tests/test328-jest.spec.js
PASS issue/results-jsdom/result-jest-512-tests/test41-jest.spec.js
PASS issue/results-jsdom/result-jest-512-tests/test256-jest.spec.js
PASS issue/results-jsdom/result-jest-512-tests/test285-jest.spec.js
PASS issue/results-jsdom/result-jest-512-tests/test38-jest.spec.js
PASS issue/results-jsdom/result-jest-512-tests/test70-jest.spec.js
PASS issue/results-jsdom/result-jest-512-tests/test357-jest.spec.js
PASS issue/results-jsdom/result-jest-512-tests/test219-jest.spec.js
PASS issue/results-jsdom/result-jest-512-tests/test399-jest.spec.js
PASS issue/results-jsdom/result-jest-512-tests/test468-jest.spec.js
PASS issue/results-jsdom/result-jest-512-tests/test326-jest.spec.js
PASS issue/results-jsdom/result-jest-512-tests/test129-jest.spec.js
PASS issue/results-jsdom/result-jest-512-tests/test62-jest.spec.js
PASS issue/results-jsdom/result-jest-512-tests/test404-jest.spec.js
PASS issue/results-jsdom/result-jest-512-tests/test180-jest.spec.js
PASS issue/results-jsdom/result-jest-512-tests/test39-jest.spec.js
PASS issue/results-jsdom/result-jest-512-tests/test387-jest.spec.js
PASS issue/results-jsdom/result-jest-512-tests/test245-jest.spec.js
PASS issue/results-jsdom/result-jest-512-tests/test123-jest.spec.js
PASS issue/results-jsdom/result-jest-512-tests/test497-jest.spec.js
PASS issue/results-jsdom/result-jest-512-tests/test380-jest.spec.js
PASS issue/results-jsdom/result-jest-512-tests/test428-jest.spec.js
PASS issue/results-jsdom/result-jest-512-tests/test61-jest.spec.js
PASS issue/results-jsdom/result-jest-512-tests/test453-jest.spec.js
PASS issue/results-jsdom/result-jest-512-tests/test147-jest.spec.js
PASS issue/results-jsdom/result-jest-512-tests/test71-jest.spec.js
PASS issue/results-jsdom/result-jest-512-tests/test28-jest.spec.js
PASS issue/results-jsdom/result-jest-512-tests/test398-jest.spec.js
PASS issue/results-jsdom/result-jest-512-tests/test314-jest.spec.js
PASS issue/results-jsdom/result-jest-512-tests/test320-jest.spec.js
PASS issue/results-jsdom/result-jest-512-tests/test258-jest.spec.js
PASS issue/results-jsdom/result-jest-512-tests/test407-jest.spec.js
PASS issue/results-jsdom/result-jest-512-tests/test384-jest.spec.js
PASS issue/results-jsdom/result-jest-512-tests/test419-jest.spec.js
PASS issue/results-jsdom/result-jest-512-tests/test503-jest.spec.js
PASS issue/results-jsdom/result-jest-512-tests/test482-jest.spec.js
PASS issue/results-jsdom/result-jest-512-tests/test166-jest.spec.js
PASS issue/results-jsdom/result-jest-512-tests/test455-jest.spec.js
PASS issue/results-jsdom/result-jest-512-tests/test260-jest.spec.js
PASS issue/results-jsdom/result-jest-512-tests/test278-jest.spec.js
PASS issue/results-jsdom/result-jest-512-tests/test69-jest.spec.js
PASS issue/results-jsdom/result-jest-512-tests/test87-jest.spec.js
PASS issue/results-jsdom/result-jest-512-tests/test143-jest.spec.js
PASS issue/results-jsdom/result-jest-512-tests/test486-jest.spec.js
PASS issue/results-jsdom/result-jest-512-tests/test191-jest.spec.js
PASS issue/results-jsdom/result-jest-512-tests/test19-jest.spec.js
PASS issue/results-jsdom/result-jest-512-tests/test463-jest.spec.js
PASS issue/results-jsdom/result-jest-512-tests/test66-jest.spec.js
PASS issue/results-jsdom/result-jest-512-tests/test156-jest.spec.js
PASS issue/results-jsdom/result-jest-512-tests/test470-jest.spec.js
PASS issue/results-jsdom/result-jest-512-tests/test193-jest.spec.js
PASS issue/results-jsdom/result-jest-512-tests/test431-jest.spec.js
PASS issue/results-jsdom/result-jest-512-tests/test303-jest.spec.js
PASS issue/results-jsdom/result-jest-512-tests/test512-jest.spec.js
PASS issue/results-jsdom/result-jest-512-tests/test37-jest.spec.js
PASS issue/results-jsdom/result-jest-512-tests/test483-jest.spec.js
PASS issue/results-jsdom/result-jest-512-tests/test48-jest.spec.js
PASS issue/results-jsdom/result-jest-512-tests/test493-jest.spec.js
PASS issue/results-jsdom/result-jest-512-tests/test42-jest.spec.js
PASS issue/results-jsdom/result-jest-512-tests/test125-jest.spec.js
PASS issue/results-jsdom/result-jest-512-tests/test356-jest.spec.js
PASS issue/results-jsdom/result-jest-512-tests/test111-jest.spec.js
PASS issue/results-jsdom/result-jest-512-tests/test102-jest.spec.js
PASS issue/results-jsdom/result-jest-512-tests/test481-jest.spec.js
PASS issue/results-jsdom/result-jest-512-tests/test294-jest.spec.js
PASS issue/results-jsdom/result-jest-512-tests/test105-jest.spec.js
PASS issue/results-jsdom/result-jest-512-tests/test124-jest.spec.js
PASS issue/results-jsdom/result-jest-512-tests/test286-jest.spec.js
PASS issue/results-jsdom/result-jest-512-tests/test118-jest.spec.js
PASS issue/results-jsdom/result-jest-512-tests/test137-jest.spec.js
PASS issue/results-jsdom/result-jest-512-tests/test181-jest.spec.js
PASS issue/results-jsdom/result-jest-512-tests/test327-jest.spec.js
PASS issue/results-jsdom/result-jest-512-tests/test308-jest.spec.js
PASS issue/results-jsdom/result-jest-512-tests/test343-jest.spec.js
PASS issue/results-jsdom/result-jest-512-tests/test319-jest.spec.js
PASS issue/results-jsdom/result-jest-512-tests/test311-jest.spec.js
PASS issue/results-jsdom/result-jest-512-tests/test7-jest.spec.js
PASS issue/results-jsdom/result-jest-512-tests/test342-jest.spec.js
PASS issue/results-jsdom/result-jest-512-tests/test284-jest.spec.js
PASS issue/results-jsdom/result-jest-512-tests/test208-jest.spec.js
PASS issue/results-jsdom/result-jest-512-tests/test467-jest.spec.js
PASS issue/results-jsdom/result-jest-512-tests/test177-jest.spec.js
PASS issue/results-jsdom/result-jest-512-tests/test194-jest.spec.js
PASS issue/results-jsdom/result-jest-512-tests/test189-jest.spec.js
PASS issue/results-jsdom/result-jest-512-tests/test295-jest.spec.js
PASS issue/results-jsdom/result-jest-512-tests/test56-jest.spec.js
PASS issue/results-jsdom/result-jest-512-tests/test40-jest.spec.js
PASS issue/results-jsdom/result-jest-512-tests/test317-jest.spec.js
PASS issue/results-jsdom/result-jest-512-tests/test46-jest.spec.js
PASS issue/results-jsdom/result-jest-512-tests/test24-jest.spec.js
PASS issue/results-jsdom/result-jest-512-tests/test441-jest.spec.js
PASS issue/results-jsdom/result-jest-512-tests/test309-jest.spec.js
PASS issue/results-jsdom/result-jest-512-tests/test261-jest.spec.js
PASS issue/results-jsdom/result-jest-512-tests/test64-jest.spec.js
PASS issue/results-jsdom/result-jest-512-tests/test108-jest.spec.js
PASS issue/results-jsdom/result-jest-512-tests/test225-jest.spec.js
PASS issue/results-jsdom/result-jest-512-tests/test429-jest.spec.js
PASS issue/results-jsdom/result-jest-512-tests/test77-jest.spec.js
PASS issue/results-jsdom/result-jest-512-tests/test363-jest.spec.js
PASS issue/results-jsdom/result-jest-512-tests/test466-jest.spec.js
PASS issue/results-jsdom/result-jest-512-tests/test109-jest.spec.js
PASS issue/results-jsdom/result-jest-512-tests/test266-jest.spec.js
PASS issue/results-jsdom/result-jest-512-tests/test495-jest.spec.js
PASS issue/results-jsdom/result-jest-512-tests/test217-jest.spec.js
PASS issue/results-jsdom/result-jest-512-tests/test318-jest.spec.js
PASS issue/results-jsdom/result-jest-512-tests/test333-jest.spec.js
PASS issue/results-jsdom/result-jest-512-tests/test35-jest.spec.js
PASS issue/results-jsdom/result-jest-512-tests/test290-jest.spec.js
PASS issue/results-jsdom/result-jest-512-tests/test183-jest.spec.js
PASS issue/results-jsdom/result-jest-512-tests/test31-jest.spec.js
PASS issue/results-jsdom/result-jest-512-tests/test298-jest.spec.js
PASS issue/results-jsdom/result-jest-512-tests/test323-jest.spec.js
PASS issue/results-jsdom/result-jest-512-tests/test212-jest.spec.js
PASS issue/results-jsdom/result-jest-512-tests/test369-jest.spec.js
PASS issue/results-jsdom/result-jest-512-tests/test141-jest.spec.js
PASS issue/results-jsdom/result-jest-512-tests/test305-jest.spec.js
PASS issue/results-jsdom/result-jest-512-tests/test262-jest.spec.js
PASS issue/results-jsdom/result-jest-512-tests/test397-jest.spec.js
PASS issue/results-jsdom/result-jest-512-tests/test44-jest.spec.js
PASS issue/results-jsdom/result-jest-512-tests/test231-jest.spec.js
PASS issue/results-jsdom/result-jest-512-tests/test173-jest.spec.js
PASS issue/results-jsdom/result-jest-512-tests/test210-jest.spec.js
PASS issue/results-jsdom/result-jest-512-tests/test502-jest.spec.js
PASS issue/results-jsdom/result-jest-512-tests/test374-jest.spec.js
PASS issue/results-jsdom/result-jest-512-tests/test499-jest.spec.js
PASS issue/results-jsdom/result-jest-512-tests/test246-jest.spec.js
PASS issue/results-jsdom/result-jest-512-tests/test198-jest.spec.js
PASS issue/results-jsdom/result-jest-512-tests/test3-jest.spec.js
PASS issue/results-jsdom/result-jest-512-tests/test383-jest.spec.js
PASS issue/results-jsdom/result-jest-512-tests/test43-jest.spec.js
PASS issue/results-jsdom/result-jest-512-tests/test401-jest.spec.js
PASS issue/results-jsdom/result-jest-512-tests/test426-jest.spec.js
PASS issue/results-jsdom/result-jest-512-tests/test253-jest.spec.js
PASS issue/results-jsdom/result-jest-512-tests/test360-jest.spec.js
PASS issue/results-jsdom/result-jest-512-tests/test430-jest.spec.js
PASS issue/results-jsdom/result-jest-512-tests/test135-jest.spec.js
PASS issue/results-jsdom/result-jest-512-tests/test315-jest.spec.js
PASS issue/results-jsdom/result-jest-512-tests/test389-jest.spec.js
PASS issue/results-jsdom/result-jest-512-tests/test203-jest.spec.js
PASS issue/results-jsdom/result-jest-512-tests/test110-jest.spec.js
PASS issue/results-jsdom/result-jest-512-tests/test411-jest.spec.js
PASS issue/results-jsdom/result-jest-512-tests/test471-jest.spec.js
PASS issue/results-jsdom/result-jest-512-tests/test248-jest.spec.js
PASS issue/results-jsdom/result-jest-512-tests/test80-jest.spec.js
PASS issue/results-jsdom/result-jest-512-tests/test275-jest.spec.js
PASS issue/results-jsdom/result-jest-512-tests/test350-jest.spec.js
PASS issue/results-jsdom/result-jest-512-tests/test119-jest.spec.js
PASS issue/results-jsdom/result-jest-512-tests/test449-jest.spec.js
PASS issue/results-jsdom/result-jest-512-tests/test365-jest.spec.js
PASS issue/results-jsdom/result-jest-512-tests/test204-jest.spec.js
PASS issue/results-jsdom/result-jest-512-tests/test293-jest.spec.js
PASS issue/results-jsdom/result-jest-512-tests/test187-jest.spec.js
PASS issue/results-jsdom/result-jest-512-tests/test67-jest.spec.js
PASS issue/results-jsdom/result-jest-512-tests/test283-jest.spec.js
PASS issue/results-jsdom/result-jest-512-tests/test92-jest.spec.js
PASS issue/results-jsdom/result-jest-512-tests/test59-jest.spec.js
PASS issue/results-jsdom/result-jest-512-tests/test312-jest.spec.js
PASS issue/results-jsdom/result-jest-512-tests/test227-jest.spec.js
PASS issue/results-jsdom/result-jest-512-tests/test361-jest.spec.js
PASS issue/results-jsdom/result-jest-512-tests/test27-jest.spec.js
PASS issue/results-jsdom/result-jest-512-tests/test45-jest.spec.js
PASS issue/results-jsdom/result-jest-512-tests/test277-jest.spec.js
PASS issue/results-jsdom/result-jest-512-tests/test423-jest.spec.js
PASS issue/results-jsdom/result-jest-512-tests/test370-jest.spec.js
PASS issue/results-jsdom/result-jest-512-tests/test447-jest.spec.js
PASS issue/results-jsdom/result-jest-512-tests/test268-jest.spec.js
PASS issue/results-jsdom/result-jest-512-tests/test440-jest.spec.js
PASS issue/results-jsdom/result-jest-512-tests/test269-jest.spec.js
PASS issue/results-jsdom/result-jest-512-tests/test418-jest.spec.js
PASS issue/results-jsdom/result-jest-512-tests/test226-jest.spec.js
PASS issue/results-jsdom/result-jest-512-tests/test190-jest.spec.js
PASS issue/results-jsdom/result-jest-512-tests/test511-jest.spec.js
PASS issue/results-jsdom/result-jest-512-tests/test349-jest.spec.js
PASS issue/results-jsdom/result-jest-512-tests/test341-jest.spec.js
PASS issue/results-jsdom/result-jest-512-tests/test472-jest.spec.js
PASS issue/results-jsdom/result-jest-512-tests/test334-jest.spec.js
PASS issue/results-jsdom/result-jest-512-tests/test145-jest.spec.js
PASS issue/results-jsdom/result-jest-512-tests/test405-jest.spec.js
PASS issue/results-jsdom/result-jest-512-tests/test252-jest.spec.js
PASS issue/results-jsdom/result-jest-512-tests/test188-jest.spec.js
PASS issue/results-jsdom/result-jest-512-tests/test480-jest.spec.js
PASS issue/results-jsdom/result-jest-512-tests/test452-jest.spec.js
PASS issue/results-jsdom/result-jest-512-tests/test354-jest.spec.js
PASS issue/results-jsdom/result-jest-512-tests/test460-jest.spec.js
PASS issue/results-jsdom/result-jest-512-tests/test299-jest.spec.js
PASS issue/results-jsdom/result-jest-512-tests/test74-jest.spec.js
PASS issue/results-jsdom/result-jest-512-tests/test152-jest.spec.js
PASS issue/results-jsdom/result-jest-512-tests/test174-jest.spec.js
PASS issue/results-jsdom/result-jest-512-tests/test96-jest.spec.js
PASS issue/results-jsdom/result-jest-512-tests/test201-jest.spec.js
PASS issue/results-jsdom/result-jest-512-tests/test213-jest.spec.js
PASS issue/results-jsdom/result-jest-512-tests/test98-jest.spec.js
PASS issue/results-jsdom/result-jest-512-tests/test115-jest.spec.js
PASS issue/results-jsdom/result-jest-512-tests/test435-jest.spec.js
PASS issue/results-jsdom/result-jest-512-tests/test381-jest.spec.js
PASS issue/results-jsdom/result-jest-512-tests/test178-jest.spec.js
PASS issue/results-jsdom/result-jest-512-tests/test49-jest.spec.js
PASS issue/results-jsdom/result-jest-512-tests/test267-jest.spec.js
PASS issue/results-jsdom/result-jest-512-tests/test340-jest.spec.js
PASS issue/results-jsdom/result-jest-512-tests/test18-jest.spec.js
PASS issue/results-jsdom/result-jest-512-tests/test214-jest.spec.js
PASS issue/results-jsdom/result-jest-512-tests/test153-jest.spec.js
PASS issue/results-jsdom/result-jest-512-tests/test160-jest.spec.js
PASS issue/results-jsdom/result-jest-512-tests/test433-jest.spec.js
PASS issue/results-jsdom/result-jest-512-tests/test29-jest.spec.js
PASS issue/results-jsdom/result-jest-512-tests/test506-jest.spec.js
PASS issue/results-jsdom/result-jest-512-tests/test498-jest.spec.js
PASS issue/results-jsdom/result-jest-512-tests/test330-jest.spec.js
PASS issue/results-jsdom/result-jest-512-tests/test338-jest.spec.js
PASS issue/results-jsdom/result-jest-512-tests/test25-jest.spec.js
PASS issue/results-jsdom/result-jest-512-tests/test479-jest.spec.js
PASS issue/results-jsdom/result-jest-512-tests/test58-jest.spec.js
PASS issue/results-jsdom/result-jest-512-tests/test263-jest.spec.js
PASS issue/results-jsdom/result-jest-512-tests/test9-jest.spec.js
PASS issue/results-jsdom/result-jest-512-tests/test388-jest.spec.js
PASS issue/results-jsdom/result-jest-512-tests/test65-jest.spec.js
PASS issue/results-jsdom/result-jest-512-tests/test138-jest.spec.js
PASS issue/results-jsdom/result-jest-512-tests/test371-jest.spec.js
PASS issue/results-jsdom/result-jest-512-tests/test63-jest.spec.js
PASS issue/results-jsdom/result-jest-512-tests/test107-jest.spec.js
PASS issue/results-jsdom/result-jest-512-tests/test474-jest.spec.js
PASS issue/results-jsdom/result-jest-512-tests/test304-jest.spec.js
PASS issue/results-jsdom/result-jest-512-tests/test139-jest.spec.js
PASS issue/results-jsdom/result-jest-512-tests/test421-jest.spec.js
PASS issue/results-jsdom/result-jest-512-tests/test507-jest.spec.js
PASS issue/results-jsdom/result-jest-512-tests/test368-jest.spec.js
PASS issue/results-jsdom/result-jest-512-tests/test169-jest.spec.js
PASS issue/results-jsdom/result-jest-512-tests/test202-jest.spec.js
PASS issue/results-jsdom/result-jest-512-tests/test494-jest.spec.js
PASS issue/results-jsdom/result-jest-512-tests/test508-jest.spec.js
PASS issue/results-jsdom/result-jest-512-tests/test15-jest.spec.js
PASS issue/results-jsdom/result-jest-512-tests/test439-jest.spec.js
PASS issue/results-jsdom/result-jest-512-tests/test313-jest.spec.js
PASS issue/results-jsdom/result-jest-512-tests/test292-jest.spec.js
PASS issue/results-jsdom/result-jest-512-tests/test306-jest.spec.js
PASS issue/results-jsdom/result-jest-512-tests/test238-jest.spec.js
PASS issue/results-jsdom/result-jest-512-tests/test159-jest.spec.js
PASS issue/results-jsdom/result-jest-512-tests/test377-jest.spec.js
PASS issue/results-jsdom/result-jest-512-tests/test390-jest.spec.js
PASS issue/results-jsdom/result-jest-512-tests/test12-jest.spec.js
PASS issue/results-jsdom/result-jest-512-tests/test242-jest.spec.js
PASS issue/results-jsdom/result-jest-512-tests/test272-jest.spec.js
PASS issue/results-jsdom/result-jest-512-tests/test54-jest.spec.js
PASS issue/results-jsdom/result-jest-512-tests/test170-jest.spec.js
PASS issue/results-jsdom/result-jest-512-tests/test382-jest.spec.js
PASS issue/results-jsdom/result-jest-512-tests/test362-jest.spec.js
PASS issue/results-jsdom/result-jest-512-tests/test164-jest.spec.js
PASS issue/results-jsdom/result-jest-512-tests/test281-jest.spec.js
PASS issue/results-jsdom/result-jest-512-tests/test422-jest.spec.js
PASS issue/results-jsdom/result-jest-512-tests/test218-jest.spec.js
PASS issue/results-jsdom/result-jest-512-tests/test215-jest.spec.js
PASS issue/results-jsdom/result-jest-512-tests/test456-jest.spec.js
PASS issue/results-jsdom/result-jest-512-tests/test114-jest.spec.js
PASS issue/results-jsdom/result-jest-512-tests/test406-jest.spec.js
PASS issue/results-jsdom/result-jest-512-tests/test250-jest.spec.js
PASS issue/results-jsdom/result-jest-512-tests/test157-jest.spec.js
PASS issue/results-jsdom/result-jest-512-tests/test489-jest.spec.js
PASS issue/results-jsdom/result-jest-512-tests/test469-jest.spec.js
PASS issue/results-jsdom/result-jest-512-tests/test182-jest.spec.js
PASS issue/results-jsdom/result-jest-512-tests/test50-jest.spec.js
PASS issue/results-jsdom/result-jest-512-tests/test26-jest.spec.js
PASS issue/results-jsdom/result-jest-512-tests/test142-jest.spec.js
PASS issue/results-jsdom/result-jest-512-tests/test76-jest.spec.js
PASS issue/results-jsdom/result-jest-512-tests/test228-jest.spec.js
PASS issue/results-jsdom/result-jest-512-tests/test112-jest.spec.js
PASS issue/results-jsdom/result-jest-512-tests/test322-jest.spec.js
PASS issue/results-jsdom/result-jest-512-tests/test457-jest.spec.js
PASS issue/results-jsdom/result-jest-512-tests/test386-jest.spec.js
PASS issue/results-jsdom/result-jest-512-tests/test211-jest.spec.js
PASS issue/results-jsdom/result-jest-512-tests/test239-jest.spec.js
PASS issue/results-jsdom/result-jest-512-tests/test400-jest.spec.js
PASS issue/results-jsdom/result-jest-512-tests/test366-jest.spec.js
PASS issue/results-jsdom/result-jest-512-tests/test197-jest.spec.js
PASS issue/results-jsdom/result-jest-512-tests/test131-jest.spec.js
PASS issue/results-jsdom/result-jest-512-tests/test393-jest.spec.js
PASS issue/results-jsdom/result-jest-512-tests/test291-jest.spec.js
PASS issue/results-jsdom/result-jest-512-tests/test324-jest.spec.js
PASS issue/results-jsdom/result-jest-512-tests/test271-jest.spec.js
PASS issue/results-jsdom/result-jest-512-tests/test504-jest.spec.js
PASS issue/results-jsdom/result-jest-512-tests/test91-jest.spec.js
PASS issue/results-jsdom/result-jest-512-tests/test220-jest.spec.js
PASS issue/results-jsdom/result-jest-512-tests/test352-jest.spec.js
PASS issue/results-jsdom/result-jest-512-tests/test475-jest.spec.js
PASS issue/results-jsdom/result-jest-512-tests/test47-jest.spec.js
PASS issue/results-jsdom/result-jest-512-tests/test229-jest.spec.js
PASS issue/results-jsdom/result-jest-512-tests/test30-jest.spec.js
PASS issue/results-jsdom/result-jest-512-tests/test101-jest.spec.js
PASS issue/results-jsdom/result-jest-512-tests/test301-jest.spec.js
PASS issue/results-jsdom/result-jest-512-tests/test224-jest.spec.js
PASS issue/results-jsdom/result-jest-512-tests/test395-jest.spec.js
PASS issue/results-jsdom/result-jest-512-tests/test13-jest.spec.js
PASS issue/results-jsdom/result-jest-512-tests/test359-jest.spec.js
PASS issue/results-jsdom/result-jest-512-tests/test454-jest.spec.js
PASS issue/results-jsdom/result-jest-512-tests/test412-jest.spec.js
PASS issue/results-jsdom/result-jest-512-tests/test445-jest.spec.js
PASS issue/results-jsdom/result-jest-512-tests/test154-jest.spec.js
PASS issue/results-jsdom/result-jest-512-tests/test17-jest.spec.js
PASS issue/results-jsdom/result-jest-512-tests/test5-jest.spec.js
PASS issue/results-jsdom/result-jest-512-tests/test367-jest.spec.js
PASS issue/results-jsdom/result-jest-512-tests/test496-jest.spec.js
PASS issue/results-jsdom/result-jest-512-tests/test132-jest.spec.js
PASS issue/results-jsdom/result-jest-512-tests/test10-jest.spec.js
PASS issue/results-jsdom/result-jest-512-tests/test140-jest.spec.js
PASS issue/results-jsdom/result-jest-512-tests/test376-jest.spec.js
PASS issue/results-jsdom/result-jest-512-tests/test424-jest.spec.js
PASS issue/results-jsdom/result-jest-512-tests/test394-jest.spec.js
PASS issue/results-jsdom/result-jest-512-tests/test373-jest.spec.js
PASS issue/results-jsdom/result-jest-512-tests/test336-jest.spec.js
PASS issue/results-jsdom/result-jest-512-tests/test329-jest.spec.js
PASS issue/results-jsdom/result-jest-512-tests/test97-jest.spec.js
PASS issue/results-jsdom/result-jest-512-tests/test280-jest.spec.js
PASS issue/results-jsdom/result-jest-512-tests/test450-jest.spec.js
PASS issue/results-jsdom/result-jest-512-tests/test297-jest.spec.js
PASS issue/results-jsdom/result-jest-512-tests/test353-jest.spec.js
PASS issue/results-jsdom/result-jest-512-tests/test402-jest.spec.js
PASS issue/results-jsdom/result-jest-512-tests/test358-jest.spec.js
PASS issue/results-jsdom/result-jest-512-tests/test274-jest.spec.js
PASS issue/results-jsdom/result-jest-512-tests/test93-jest.spec.js
PASS issue/results-jsdom/result-jest-512-tests/test200-jest.spec.js
PASS issue/results-jsdom/result-jest-512-tests/test485-jest.spec.js
PASS issue/results-jsdom/result-jest-512-tests/test378-jest.spec.js
PASS issue/results-jsdom/result-jest-512-tests/test392-jest.spec.js
PASS issue/results-jsdom/result-jest-512-tests/test243-jest.spec.js
PASS issue/results-jsdom/result-jest-512-tests/test254-jest.spec.js
PASS issue/results-jsdom/result-jest-512-tests/test130-jest.spec.js
PASS issue/results-jsdom/result-jest-512-tests/test134-jest.spec.js
PASS issue/results-jsdom/result-jest-512-tests/test206-jest.spec.js
PASS issue/results-jsdom/result-jest-512-tests/test122-jest.spec.js
PASS issue/results-jsdom/result-jest-512-tests/test86-jest.spec.js
PASS issue/results-jsdom/result-jest-512-tests/test186-jest.spec.js
PASS issue/results-jsdom/result-jest-512-tests/test22-jest.spec.js
PASS issue/results-jsdom/result-jest-512-tests/test500-jest.spec.js
PASS issue/results-jsdom/result-jest-512-tests/test148-jest.spec.js
PASS issue/results-jsdom/result-jest-512-tests/test81-jest.spec.js
PASS issue/results-jsdom/result-jest-512-tests/test265-jest.spec.js
PASS issue/results-jsdom/result-jest-512-tests/test432-jest.spec.js
PASS issue/results-jsdom/result-jest-512-tests/test33-jest.spec.js
PASS issue/results-jsdom/result-jest-512-tests/test99-jest.spec.js
PASS issue/results-jsdom/result-jest-512-tests/test458-jest.spec.js
PASS issue/results-jsdom/result-jest-512-tests/test310-jest.spec.js
PASS issue/results-jsdom/result-jest-512-tests/test57-jest.spec.js
PASS issue/results-jsdom/result-jest-512-tests/test257-jest.spec.js
PASS issue/results-jsdom/result-jest-512-tests/test68-jest.spec.js
PASS issue/results-jsdom/result-jest-512-tests/test335-jest.spec.js
PASS issue/results-jsdom/result-jest-512-tests/test16-jest.spec.js
PASS issue/results-jsdom/result-jest-512-tests/test73-jest.spec.js
PASS issue/results-jsdom/result-jest-512-tests/test325-jest.spec.js
PASS issue/results-jsdom/result-jest-512-tests/test172-jest.spec.js
PASS issue/results-jsdom/result-jest-512-tests/test85-jest.spec.js
PASS issue/results-jsdom/result-jest-512-tests/test222-jest.spec.js
PASS issue/results-jsdom/result-jest-512-tests/test163-jest.spec.js
PASS issue/results-jsdom/result-jest-512-tests/test316-jest.spec.js
PASS issue/results-jsdom/result-jest-512-tests/test444-jest.spec.js
PASS issue/results-jsdom/result-jest-512-tests/test273-jest.spec.js
PASS issue/results-jsdom/result-jest-512-tests/test133-jest.spec.js

Test Suites: 512 passed, 512 total
Tests:       512 passed, 512 total
Snapshots:   0 total
Time:        27.172 s
