# Elapsed time   CPU (%)     Real (MB)   Virtual (MB)
       0.000        0.000       37.703      545.410
       0.012        0.000       37.703      545.410
       0.023        0.000       38.730      545.848
       0.033        0.000       39.680      546.055
       0.045        0.000       41.250      547.059
       0.056        0.000       41.715      547.309
       0.068        0.000       42.691      552.559
       0.080        0.000       43.883      552.852
       0.091        0.000       44.340      552.918
       0.103        0.000       46.508      553.453
       0.114        0.000       47.793      553.703
       0.126        0.000       48.820      555.172
       0.138        0.000       49.809      554.703
       0.150        0.000       51.867      556.203
       0.162        0.000       53.004      557.270
       0.174        0.000       53.254      557.270
       0.186        0.000       53.730      557.270
       0.198        0.000       54.504      854.762
       0.210        0.000       54.930      855.383
       0.223        0.000       56.941      855.695
       0.236        0.000       59.348      855.945
       0.249        0.000       64.738      856.695
       0.262        0.000       66.746      857.586
       0.275        0.000       67.516      858.191
       0.287        0.000       68.008      857.879
       0.300        0.000       68.469      858.391
       0.313        0.000      125.754     1926.570
       0.340        0.000      206.203     3006.512
       0.384        0.000      215.676     3015.555
       0.434        0.000      233.957     3023.980
       0.487        0.000      240.531     3036.781
       0.536        0.000      263.598     3063.641
       0.587        0.000      286.766     3105.969
       0.640        0.000      298.605     3109.180
       0.696        0.000      305.371     3114.395
       0.771        0.000      324.906     3121.336
       0.847        0.000      345.184     3160.520
       0.925        0.000      356.227     3200.215
       0.976        0.000      366.953     3204.906
       1.031        0.000      381.316     3209.934
       1.080        0.000      228.824     2035.262
       1.132        0.000      302.500     3112.832
       1.180        0.000      143.559     1937.461
       1.222        0.000      216.133     3017.508
       1.274        0.000      237.391     3040.754
       1.327        0.000      251.973     3054.953
       1.381        0.000      264.918     3075.043
       1.437        0.000      285.895     3088.883
       1.493        0.000      296.598     3111.637
       1.544        0.000      308.797     3114.254
       1.589        0.000      316.113     3119.445
       1.643        0.000      325.312     3120.461
       1.692        0.000      339.949     3162.793
       1.744        0.000      346.605     3163.648
       1.789        0.000      364.105     3205.125
       1.840        0.000      291.098     2618.832
       1.891        0.000      251.797     2570.977
       1.942        0.000      299.422     3113.824
       1.990        0.000      312.004     3123.523
       2.037        0.000      161.504     1952.012
       2.081        0.000      240.984     3046.941
       2.138        0.000      254.508     3061.789
       2.187        0.000      270.449     3069.039
       2.245        0.000      282.422     3084.184
       2.301        0.000      295.934     3092.465
       2.347        0.000      316.809     3134.496
       2.407        0.000      331.051     3157.336
       2.484        0.000      349.914     3161.930
       2.558        0.000      371.805     3170.449
       2.634        0.000      243.992     2565.102
       2.681        0.000      284.914     3109.754
       2.731        0.000      301.215     3113.859
       2.784        0.000      149.883     1942.406
       2.840        0.000      222.398     3032.723
       2.889        0.000      242.156     3051.090
       2.940        0.000      259.293     3065.301
       2.994        0.000      272.156     3078.945
       3.049        0.000      290.465     3101.262
       3.111        0.000      312.090     3115.340
       3.183        0.000      322.402     3137.828
       3.237        0.000      336.789     3159.090
       3.290        0.000      348.094     3163.789
       3.336        0.000      357.367     3166.492
       3.386        0.000      288.996     2635.035
       3.426        0.000      328.539     3177.098
       3.478        0.000      258.609     2590.941
       3.540        0.000      232.320     2557.488
       3.615        0.000      204.898     2529.926
       3.691        0.000      247.688     3066.684
       3.739        0.000      263.297     3085.160
       3.804        0.000      280.012     3099.828
       3.860        0.000      289.812     3100.676
       3.906        0.000      307.336     3141.637
       3.956        0.000      321.086     3145.262
       4.015        0.000      332.027     3175.926
       4.063        0.000      343.918     3179.586
       4.113        0.000      268.641     2592.688
       4.163        0.000      308.875     3130.285
       4.207        0.000      327.438     3156.480
       4.274        0.000      260.016     2590.305
       4.333        0.000      303.895     3137.730
       4.389        0.000      321.980     3146.727
       4.436        0.000      251.160     2575.121
       4.486        0.000      213.402     2526.688
       4.541        0.000      258.996     3081.312
       4.593        0.000      276.934     3088.117
       4.659        0.000      291.102     3106.180
       4.724        0.000      307.184     3131.457
       4.773        0.000      321.016     3154.152
       4.824        0.000      331.859     3157.281
       4.877        0.000      344.988     3180.363
       4.927        0.000      268.508     2593.559
       4.973        0.000      312.613     3134.520
       5.027        0.000      334.266     3159.234
       5.102        0.000      271.645     2601.387
       5.176        0.000      323.367     3147.004
       5.244        0.000      280.594     3106.527
       5.293        0.000      293.746     3116.445
       5.341        0.000      309.664     3126.117
       5.397        0.000      239.496     2556.465
       5.443        0.000      288.418     3124.836
       5.500        0.000      305.754     3132.371
       5.575        0.000      327.145     3148.133
       5.651        0.000      263.516     2591.867
       5.724        0.000      300.344     3129.707
       5.772        0.000      315.535     3152.938
       5.820        0.000      325.969     3156.887
       5.870        0.000      253.121     2571.453
       5.922        0.000      294.328     3134.945
       5.968        0.000      306.887     3142.273
       6.017        0.000      235.898     2564.789
       6.056        0.000      280.711     3107.773
       6.107        0.000      292.688     3119.672
       6.155        0.000      306.117     3129.262
       6.202        0.000      267.234     3091.762
       6.253        0.000      284.449     3125.977
       6.305        0.000      297.820     3130.195
       6.361        0.000      308.207     3134.133
       6.413        0.000      325.742     3149.234
       6.462        0.000      255.746     2571.777
       6.522        0.000      267.316     2610.520
       6.561        0.000      271.160     2610.941
       6.598        0.000      278.715     2617.211
       6.639        0.000      286.434     2619.535
       6.676        0.000      294.414     2622.820
       6.712        0.000      138.285     1460.863
       6.745        0.000      140.086     1460.863
       6.766        0.000      142.148     1461.285
       6.786        0.000      143.691     1461.285
       6.806        0.000      147.789     1462.488
       6.827        0.000      149.840     1462.910
       6.850        0.000      151.902     1463.246
       6.870        0.000      155.887     1467.188
       6.890        0.000      156.996     1467.188
       6.910        0.000       73.906      877.695
       6.929        0.000        1.895        6.688
       6.936        0.000        0.000        0.000
