# Elapsed time   CPU (%)     Real (MB)   Virtual (MB)
       0.000        0.000       35.891      548.320
       0.011        0.000       36.340      551.070
       0.022        0.000       37.164      551.355
       0.032        0.000       39.191      551.605
       0.043        0.000       39.754      552.477
       0.054        0.000       39.898      552.410
       0.064        0.000       41.758      553.246
       0.075        0.000       42.086      553.387
       0.086        0.000       42.086      553.387
       0.096        0.000       42.086      553.387
       0.105        0.000       42.602      553.688
       0.115        0.000       42.895      558.816
       0.126        0.000       43.523      559.094
       0.136        0.000       44.551      559.094
       0.146        0.000       45.922      559.656
       0.156        0.000       45.922      559.656
       0.166        0.000       47.457      560.266
       0.176        0.000       50.480      560.707
       0.186        0.000       51.344      561.316
       0.198        0.000       51.699      561.316
       0.208        0.000       51.836      561.316
       0.218        0.000       52.016      561.566
       0.228        0.000       52.930      562.816
       0.238        0.000       53.191      562.816
       0.248        0.000       53.938      572.066
       0.258        0.000       54.133      572.066
       0.268        0.000       54.566      572.066
       0.278        0.000       54.566      572.066
       0.288        0.000       55.582      572.066
       0.298        0.000       59.180      604.332
       0.308        0.000       62.496      614.496
       0.324        0.000       62.777      614.582
       0.339        0.000       60.066      605.395
       0.354        0.000       60.238      605.395
       0.370        0.000       62.449      605.891
       0.385        0.000       65.043      606.770
       0.401        0.000       66.234      607.664
       0.417        0.000       66.906      607.664
       0.433        0.000       68.469      607.914
       0.449        0.000       70.738      609.914
       0.465        0.000       71.074      610.066
       0.481        0.000       71.371      610.316
       0.497        0.000       72.633      627.945
       0.513        0.000       72.789      627.945
       0.528        0.000       74.820      628.391
       0.544        0.000       75.465      628.520
       0.560        0.000       77.527      628.902
       0.576        0.000       79.496      628.902
       0.592        0.000       81.809      629.465
       0.608        0.000       83.672      629.895
       0.624        0.000       86.164      632.895
       0.641        0.000       86.402      632.895
       0.656        0.000       87.316      633.066
       0.673        0.000       87.934      633.066
       0.688        0.000       90.762      634.070
       0.704        0.000       93.840      634.715
       0.720        0.000       96.152      635.234
       0.736        0.000       98.473      635.816
       0.751        0.000      100.258      641.566
       0.768        0.000      100.660      641.566
       0.785        0.000      100.914      641.816
       0.801        0.000      100.914      641.816
       0.816        0.000      101.480      642.066
       0.833        0.000      101.480      642.066
       0.849        0.000      101.480      642.066
       0.864        0.000      101.480      642.066
       0.880        0.000      101.656      642.316
       0.896        0.000      101.895      642.316
       0.912        0.000      102.359      642.445
       0.927        0.000      102.828      643.488
       0.945        0.000      103.016      643.488
       0.963        0.000      103.055      643.738
       0.978        0.000      103.270      643.738
       0.993        0.000      104.555      643.738
       1.008        0.000      106.355      643.988
       1.023        0.000      107.895      643.988
       1.038        0.000      111.836      648.238
       1.055        0.000      112.027      648.238
       1.071        0.000      115.082      651.148
       1.086        0.000      115.082      651.648
       1.102        0.000      115.082      651.648
       1.117        0.000      116.887      653.078
       1.135        0.000      116.887      653.078
       1.150        0.000      117.137      653.078
       1.165        0.000      121.516      658.328
       1.182        0.000      121.770      658.328
       1.197        0.000      122.027      658.328
       1.212        0.000      124.594      661.578
       1.227        0.000      126.141      662.828
       1.243        0.000      126.398      662.828
       1.258        0.000      126.398      662.828
       1.273        0.000      130.773      667.328
       1.290        0.000      131.020      667.578
       1.307        0.000      131.301      672.078
       1.323        0.000      131.301      672.078
       1.338        0.000      131.441      672.430
       1.353        0.000      131.441      672.430
       1.369        0.000      131.441      672.430
       1.384        0.000      132.215      672.430
       1.400        0.000      136.340      672.430
       1.419        0.000      141.211      677.930
       1.436        0.000      141.469      677.930
       1.453        0.000      142.242      678.453
       1.470        0.000      146.367      683.203
       1.488        0.000      146.625      683.203
       1.505        0.000      146.848      683.203
       1.521        0.000      146.848      683.203
       1.537        0.000      151.977      688.453
       1.554        0.000      151.977      688.453
       1.571        0.000      152.219      688.453
       1.587        0.000      152.219      688.453
       1.604        0.000      153.730      689.953
       1.622        0.000      153.730      689.953
       1.639        0.000      153.730      689.953
       1.655        0.000      153.934      689.953
       1.672        0.000      154.965      689.953
       1.689        0.000      155.223      689.953
       1.705        0.000      155.223      689.953
       1.720        0.000      155.996      689.953
       1.736        0.000      155.996      689.953
       1.752        0.000      156.184      690.203
       1.767        0.000      156.520      690.344
       1.783        0.000      156.977      690.344
       1.799        0.000      156.977      690.344
       1.815        0.000      156.977      690.344
       1.831        0.000      156.977      690.844
       1.847        0.000      157.164      690.844
       1.863        0.000      157.199      690.844
       1.879        0.000      157.199      690.844
       1.895        0.000      157.199      690.844
       1.911        0.000      157.199      690.844
       1.927        0.000      157.457      690.844
       1.943        0.000      157.457      690.844
       1.959        0.000      157.668      690.844
       1.975        0.000      157.668      690.844
       1.990        0.000      157.668      690.844
       2.005        0.000      157.668      690.844
       2.022        0.000      157.668      691.344
       2.037        0.000      158.184      691.344
       2.053        0.000      158.375      691.344
       2.070        0.000      158.375      691.344
       2.087        0.000      158.613      691.344
       2.103        0.000      158.613      691.344
       2.121        0.000      158.613      691.344
       2.138        0.000      158.816      691.344
       2.154        0.000      158.816      691.344
       2.170        0.000      158.816      691.344
       2.186        0.000      158.816      691.344
       2.202        0.000      159.012      691.344
       2.217        0.000      159.012      691.344
       2.233        0.000      159.012      691.344
       2.248        0.000      159.012      691.344
       2.264        0.000      159.270      691.594
       2.280        0.000      159.270      691.594
       2.295        0.000      159.469      691.594
       2.311        0.000      159.469      691.594
       2.327        0.000      159.469      691.594
       2.343        0.000      159.469      691.594
       2.359        0.000      159.727      691.844
       2.374        0.000      159.934      691.844
       2.390        0.000      159.969      691.844
       2.406        0.000      159.969      691.844
       2.422        0.000      159.969      692.094
       2.437        0.000      159.969      692.094
       2.454        0.000      160.168      692.094
       2.470        0.000      160.168      692.094
       2.489        0.000      160.168      692.094
       2.505        0.000      160.168      692.094
       2.522        0.000      160.168      692.344
       2.540        0.000      160.379      692.344
       2.557        0.000      160.379      692.344
       2.572        0.000      160.633      692.344
       2.588        0.000      160.633      692.344
       2.604        0.000      160.633      692.344
       2.620        0.000      160.633      692.594
       2.635        0.000      160.855      692.594
       2.651        0.000      160.855      692.594
       2.668        0.000      160.855      692.594
       2.684        0.000      160.855      692.594
       2.700        0.000      160.855      692.594
       2.717        0.000      161.070      692.594
       2.733        0.000      161.070      692.594
       2.749        0.000      161.070      692.594
       2.765        0.000      161.070      693.094
       2.781        0.000      161.070      693.094
       2.796        0.000      161.273      693.344
       2.812        0.000      161.273      693.344
       2.828        0.000      161.273      693.344
       2.843        0.000      161.273      693.344
       2.858        0.000      161.273      693.344
       2.874        0.000      161.484      693.594
       2.889        0.000      161.484      693.594
       2.905        0.000      161.484      693.594
       2.920        0.000      161.484      693.594
       2.936        0.000      161.484      693.594
       2.952        0.000      161.484      693.594
       2.968        0.000      161.715      693.594
       2.983        0.000      161.715      693.594
       2.999        0.000      162.219      694.188
       3.015        0.000      162.430      694.188
       3.031        0.000      162.430      694.188
       3.047        0.000      162.430      694.188
       3.063        0.000      162.656      694.188
       3.079        0.000      162.656      694.688
       3.094        0.000      162.656      694.688
       3.110        0.000      162.656      694.938
       3.126        0.000      162.656      694.938
       3.142        0.000      162.895      694.938
       3.157        0.000      162.895      694.938
       3.173        0.000      162.895      694.938
       3.190        0.000      162.895      694.938
       3.210        0.000      162.895      694.938
       3.226        0.000      163.125      694.938
       3.243        0.000      163.125      694.938
       3.258        0.000      163.125      695.188
       3.274        0.000      163.125      695.188
       3.289        0.000      163.125      695.438
       3.305        0.000      163.125      695.438
       3.320        0.000      163.363      695.438
       3.336        0.000      163.621      695.438
       3.351        0.000      163.621      695.438
       3.368        0.000      163.621      695.438
       3.383        0.000      163.621      695.438
       3.399        0.000      163.621      695.688
       3.414        0.000      163.848      695.688
       3.430        0.000      163.848      695.688
       3.446        0.000      163.848      695.688
       3.461        0.000      163.848      695.938
       3.477        0.000      163.848      695.938
       3.496        0.000      164.105      696.188
       3.511        0.000      164.105      696.188
       3.527        0.000      164.348      696.188
       3.543        0.000      164.348      696.188
       3.559        0.000      164.348      696.188
       3.575        0.000      164.348      696.188
       3.591        0.000      164.348      696.188
       3.606        0.000      164.348      696.188
       3.622        0.000      164.852      696.188
       3.638        0.000      164.852      696.188
       3.654        0.000      164.852      696.438
       3.669        0.000      164.852      696.438
       3.685        0.000      164.852      696.438
       3.701        0.000      164.852      696.438
       3.716        0.000      165.109      696.438
       3.732        0.000      165.359      696.438
       3.747        0.000      165.359      696.938
       3.763        0.000      165.359      696.938
       3.779        0.000      165.359      697.188
       3.795        0.000      165.359      697.188
       3.810        0.000      165.359      697.188
       3.826        0.000      165.359      697.188
       3.842        0.000      165.359      697.188
       3.858        0.000      165.609      697.188
       3.873        0.000      165.609      697.188
       3.889        0.000      165.609      697.188
       3.904        0.000      165.609      697.688
       3.920        0.000      165.609      697.688
       3.936        0.000      165.609      697.688
       3.951        0.000      165.859      697.688
       3.966        0.000      165.859      697.688
       3.982        0.000      165.859      697.688
       3.998        0.000      166.117      697.938
       4.013        0.000      166.117      697.938
       4.027        0.000      166.352      697.938
       4.043        0.000      166.352      697.938
       4.057        0.000      166.352      697.938
       4.072        0.000      166.352      697.938
       4.087        0.000      166.352      697.938
       4.102        0.000      166.602      697.938
       4.120        0.000      166.602      697.938
       4.136        0.000      166.602      697.938
       4.152        0.000      166.602      697.938
       4.167        0.000      166.602      698.188
       4.183        0.000      166.602      698.188
       4.200        0.000      166.602      698.438
       4.216        0.000      166.602      698.438
       4.232        0.000      166.859      698.938
       4.248        0.000      166.859      698.938
       4.264        0.000      166.859      698.938
       4.280        0.000      166.859      698.938
       4.296        0.000      166.859      698.938
       4.313        0.000      166.859      698.938
       4.329        0.000      166.859      698.938
       4.345        0.000      167.113      698.938
       4.360        0.000      167.113      698.938
       4.375        0.000      167.113      698.938
       4.390        0.000      167.113      698.938
       4.405        0.000      167.113      698.938
       4.420        0.000      167.113      699.188
       4.436        0.000      167.371      699.438
       4.452        0.000      167.371      699.438
       4.468        0.000      167.371      699.438
       4.484        0.000      167.371      699.438
       4.501        0.000      167.371      699.438
       4.517        0.000      167.371      699.438
       4.534        0.000      167.625      699.438
       4.550        0.000      167.625      699.438
       4.566        0.000      167.625      699.688
       4.582        0.000      167.625      699.688
       4.599        0.000      167.883      699.938
       4.615        0.000      167.883      699.938
       4.632        0.000      167.883      699.938
       4.649        0.000      168.141      699.938
       4.667        0.000      168.141      699.938
       4.685        0.000      168.398      699.938
       4.702        0.000      168.398      699.938
       4.721        0.000      168.398      700.188
       4.738        0.000      168.398      700.188
       4.755        0.000      168.398      700.188
       4.772        0.000      168.656      700.188
       4.789        0.000      168.656      700.188
       4.806        0.000      168.656      700.188
       4.823        0.000      168.656      700.188
       4.841        0.000      168.656      700.438
       4.858        0.000      168.656      700.438
       4.875        0.000      168.914      700.688
       4.892        0.000      168.914      700.688
       4.909        0.000      168.914      700.688
       4.926        0.000      168.914      700.688
       4.943        0.000      168.914      700.688
       4.960        0.000      168.914      700.688
       4.978        0.000      169.152      700.688
       4.995        0.000      169.152      700.688
       5.012        0.000      169.152      700.938
       5.029        0.000      169.410      700.938
       5.046        0.000      169.410      700.938
       5.063        0.000      169.410      700.938
       5.079        0.000      169.410      700.938
       5.094        0.000      169.660      701.188
       5.109        0.000      169.660      701.188
       5.125        0.000      169.660      701.688
       5.141        0.000      169.660      701.688
       5.156        0.000      169.660      701.938
       5.172        0.000      169.660      701.938
       5.187        0.000      169.918      701.938
       5.203        0.000      170.176      701.938
       5.219        0.000      170.176      702.188
       5.234        0.000      170.176      702.188
       5.250        0.000      170.176      702.188
       5.265        0.000      170.176      702.188
       5.281        0.000      170.176      702.188
       5.296        0.000      170.176      702.188
       5.312        0.000      170.176      702.188
       5.328        0.000      170.434      702.188
       5.343        0.000      170.434      702.188
       5.359        0.000      170.691      702.188
       5.375        0.000      170.691      702.188
       5.390        0.000      170.691      702.188
       5.406        0.000      170.691      702.188
       5.422        0.000      170.945      702.438
       5.437        0.000      170.945      702.438
       5.453        0.000      170.945      702.438
       5.468        0.000      170.945      702.438
       5.484        0.000      170.945      702.438
       5.499        0.000      170.945      702.688
       5.515        0.000      171.203      702.688
       5.530        0.000      171.203      702.938
       5.546        0.000      171.203      702.938
       5.561        0.000      171.203      702.938
       5.576        0.000      171.203      702.938
       5.592        0.000      171.203      702.938
       5.607        0.000      171.461      702.938
       5.623        0.000      171.461      702.938
       5.638        0.000      171.461      703.438
       5.654        0.000      171.461      703.438
       5.669        0.000      171.719      703.438
       5.685        0.000      171.719      703.438
       5.701        0.000      171.719      703.688
       5.716        0.000      171.719      703.688
       5.732        0.000      171.977      703.938
       5.747        0.000      171.977      703.938
       5.763        0.000      171.977      703.938
       5.779        0.000      171.977      703.938
       5.795        0.000      171.977      703.938
       5.811        0.000      171.977      703.938
       5.828        0.000      171.977      703.938
       5.846        0.000      172.234      703.938
       5.863        0.000      172.234      703.938
       5.880        0.000      172.234      704.188
       5.897        0.000      172.234      704.188
       5.914        0.000      172.234      704.438
       5.932        0.000      172.234      704.438
       5.948        0.000      172.484      704.438
       5.965        0.000      172.484      704.438
       5.982        0.000      172.484      704.438
       5.999        0.000      172.484      704.438
       6.015        0.000      172.484      704.438
       6.032        0.000      172.484      704.438
       6.047        0.000      172.484      704.438
       6.063        0.000      172.742      704.688
       6.079        0.000      172.742      704.688
       6.094        0.000      173.000      704.688
       6.109        0.000      173.000      704.688
       6.125        0.000      173.258      704.688
       6.141        0.000      173.258      704.688
       6.156        0.000      173.258      704.688
       6.172        0.000      173.516      704.688
       6.187        0.000      173.516      704.688
       6.203        0.000      173.516      705.188
       6.219        0.000      173.516      705.188
       6.235        0.000      173.773      705.688
       6.252        0.000      173.773      705.688
       6.268        0.000      173.773      705.688
       6.284        0.000      174.031      705.688
       6.299        0.000      174.031      705.688
       6.315        0.000      174.031      705.688
       6.331        0.000      174.031      705.688
       6.346        0.000      174.031      705.688
       6.362        0.000      174.031      705.938
       6.377        0.000      174.289      705.938
       6.393        0.000      174.289      705.938
       6.409        0.000      174.289      705.938
       6.425        0.000      174.289      705.938
       6.440        0.000      174.289      706.188
       6.456        0.000      174.289      706.188
       6.472        0.000      174.289      706.438
       6.487        0.000      174.289      706.438
       6.503        0.000      174.547      706.438
       6.518        0.000      174.547      706.438
       6.534        0.000      174.547      706.438
       6.550        0.000      174.547      706.688
       6.565        0.000      174.547      706.688
       6.581        0.000      174.547      706.688
       6.596        0.000      174.801      706.688
       6.612        0.000      174.801      706.688
       6.627        0.000      174.801      706.688
       6.643        0.000      174.801      706.688
       6.658        0.000      174.801      706.688
       6.674        0.000      174.801      706.688
       6.689        0.000      174.801      706.688
       6.705        0.000      175.051      706.688
       6.721        0.000      175.051      706.938
       6.736        0.000      175.051      706.938
       6.752        0.000      175.051      707.188
       6.767        0.000      175.051      707.188
       6.783        0.000      175.051      707.438
       6.799        0.000      175.051      707.438
       6.814        0.000      175.566      707.438
       6.830        0.000      175.566      707.438
       6.845        0.000      175.566      707.438
       6.861        0.000      175.566      707.438
       6.876        0.000      175.566      707.438
       6.892        0.000      176.082      707.938
       6.907        0.000      176.082      707.938
       6.923        0.000      176.340      707.938
       6.938        0.000      176.340      707.938
       6.954        0.000      176.340      707.938
       6.969        0.000      176.340      707.938
       6.984        0.000      176.340      707.938
       6.999        0.000      176.340      707.938
       7.015        0.000      176.340      708.188
       7.030        0.000      176.594      708.188
       7.046        0.000      176.594      708.188
       7.062        0.000      176.594      708.188
       7.078        0.000      176.594      708.188
       7.094        0.000      176.594      708.188
       7.110        0.000      176.594      708.438
       7.133        0.000      176.141      707.586
       7.154        0.000      176.141      707.586
       7.170        0.000      176.141      707.586
       7.186        0.000      176.141      707.586
       7.203        0.000      176.141      707.586
       7.219        0.000      176.141      707.586
       7.235        0.000      176.141      707.586
       7.251        0.000      176.141      707.586
       7.267        0.000      176.141      707.586
       7.283        0.000      176.141      707.586
       7.298        0.000      176.141      707.586
       7.314        0.000      176.141      707.586
       7.330        0.000      176.141      707.586
       7.346        0.000      176.141      707.586
       7.362        0.000      176.141      707.586
       7.377        0.000      176.141      707.586
       7.393        0.000      176.141      707.586
       7.409        0.000      176.141      707.586
       7.425        0.000      176.141      707.586
       7.442        0.000      176.141      707.586
       7.458        0.000      176.141      707.586
       7.474        0.000      176.141      707.586
       7.489        0.000      176.141      707.586
       7.504        0.000      176.141      707.586
       7.519        0.000      176.141      707.586
       7.534        0.000      176.141      707.586
       7.549        0.000      176.141      707.586
       7.564        0.000      176.141      707.586
       7.579        0.000      176.141      707.586
       7.594        0.000      176.141      707.586
       7.609        0.000      176.141      707.586
       7.624        0.000      176.141      707.586
       7.639        0.000      176.141      707.586
       7.655        0.000      176.141      707.586
       7.670        0.000      176.141      707.586
       7.687        0.000      176.141      707.586
       7.702        0.000      176.141      707.586
       7.718        0.000      176.141      707.586
       7.734        0.000      176.141      707.586
       7.750        0.000      176.141      707.586
       7.766        0.000      176.141      707.586
       7.782        0.000      176.141      707.586
       7.798        0.000      176.141      707.586
       7.813        0.000      176.141      707.586
       7.828        0.000      176.141      707.586
       7.846        0.000      176.141      707.586
       7.861        0.000      176.141      707.586
       7.877        0.000      176.141      707.586
       7.892        0.000      176.141      707.586
       7.908        0.000      176.141      707.586
       7.925        0.000      176.141      707.586
       7.942        0.000      176.141      707.586
       7.958        0.000      176.141      707.586
       7.975        0.000      176.141      707.586
       7.991        0.000      176.141      707.586
       8.006        0.000      176.141      707.586
       8.021        0.000      176.141      707.586
       8.037        0.000      176.141      707.586
       8.052        0.000      176.141      707.586
       8.067        0.000      176.141      707.586
       8.083        0.000      176.141      707.586
       8.098        0.000      176.141      707.586
       8.113        0.000      176.141      707.586
       8.128        0.000      176.141      707.586
       8.144        0.000      176.141      707.586
       8.159        0.000      176.141      707.586
       8.174        0.000      176.141      707.586
       8.190        0.000      176.141      707.586
       8.206        0.000      176.141      707.586
       8.221        0.000      176.141      707.586
       8.237        0.000      176.141      707.586
       8.252        0.000      176.141      707.586
       8.268        0.000      176.141      707.586
       8.283        0.000      176.141      707.586
       8.299        0.000      176.141      707.586
       8.314        0.000      176.363      707.586
       8.330        0.000      176.363      707.586
       8.345        0.000      176.363      707.586
       8.360        0.000      176.363      707.586
       8.376        0.000      176.363      707.586
       8.391        0.000      176.363      707.586
       8.407        0.000      176.363      707.586
       8.422        0.000      176.363      707.586
       8.437        0.000      176.363      707.586
       8.453        0.000      176.363      707.586
       8.468        0.000      176.363      707.586
       8.484        0.000      176.363      707.586
       8.499        0.000      176.363      707.586
       8.515        0.000      176.363      707.586
       8.530        0.000      176.363      707.586
       8.545        0.000      176.363      707.586
       8.561        0.000      176.363      707.586
       8.577        0.000      176.363      707.586
       8.592        0.000      176.363      707.586
       8.607        0.000      176.363      707.586
       8.623        0.000      176.363      707.586
       8.639        0.000      176.363      707.586
       8.654        0.000      176.363      707.586
       8.670        0.000      176.363      707.586
       8.685        0.000      176.363      707.586
       8.701        0.000      176.363      707.586
       8.716        0.000      176.363      707.586
       8.732        0.000      176.363      707.586
       8.748        0.000      176.363      707.586
       8.763        0.000      176.363      707.586
       8.779        0.000      176.363      707.586
       8.794        0.000      176.363      707.586
       8.810        0.000      176.363      707.586
       8.825        0.000      176.363      707.586
       8.841        0.000      176.363      707.586
       8.856        0.000      176.363      707.586
       8.871        0.000      176.363      707.586
       8.886        0.000      176.363      707.586
       8.901        0.000      176.363      707.586
       8.917        0.000      176.363      707.586
       8.932        0.000      176.363      707.586
       8.948        0.000      177.496      708.738
       8.966        0.000      177.098      708.125
       8.984        0.000      180.938      712.254
       9.005        0.000      181.168      712.508
       9.022        0.000      181.684      713.012
       9.038        0.000      181.930      713.012
       9.058        0.000      181.668      713.379
       9.074        0.000      182.680      714.383
       9.091        0.000      182.930      714.383
       9.107        0.000      182.930      714.383
       9.124        0.000      182.930      714.383
       9.140        0.000      184.980      716.633
       9.157        0.000      187.234      718.812
       9.174        0.000      187.492      718.812
       9.190        0.000      189.297      720.812
       9.208        0.000      189.297      720.812
       9.224        0.000      189.812      721.074
       9.240        0.000      191.492      723.574
       9.262        0.000      191.492      723.574
       9.277        0.000      191.492      723.574
       9.286        0.000      189.820      722.379
       9.297        0.000      157.027      719.879
       9.308        0.000        1.977        9.512
