FAIL issue/results-jsdom/result-ava-16-tests/test3-ava.spec.js
  ● Test suite failed to run

    TypeError: require(...).getRunner is not a function

    > 1 | const test = require('ava')
        |              ^
      2 | const { expect } = require('chai')
      3 | const React = require('react')
      4 | const { render, findDOMNode } = require('react-dom')

      at Object.<anonymous> (node_modules/ava/lib/worker/main.js:2:40)
      at Object.<anonymous> (issue/results-jsdom/result-ava-16-tests/test3-ava.spec.js:1:14)

FAIL issue/results-jsdom/result-ava-16-tests/test9-ava.spec.js
  ● Test suite failed to run

    TypeError: require(...).getRunner is not a function

    > 1 | const test = require('ava')
        |              ^
      2 | const { expect } = require('chai')
      3 | const React = require('react')
      4 | const { render, findDOMNode } = require('react-dom')

      at Object.<anonymous> (node_modules/ava/lib/worker/main.js:2:40)
      at Object.<anonymous> (issue/results-jsdom/result-ava-16-tests/test9-ava.spec.js:1:14)

FAIL issue/results-jsdom/result-ava-16-tests/test8-ava.spec.js
  ● Test suite failed to run

    TypeError: require(...).getRunner is not a function

    > 1 | const test = require('ava')
        |              ^
      2 | const { expect } = require('chai')
      3 | const React = require('react')
      4 | const { render, findDOMNode } = require('react-dom')

      at Object.<anonymous> (node_modules/ava/lib/worker/main.js:2:40)
      at Object.<anonymous> (issue/results-jsdom/result-ava-16-tests/test8-ava.spec.js:1:14)

FAIL issue/results-jsdom/result-ava-16-tests/test11-ava.spec.js
  ● Test suite failed to run

    TypeError: require(...).getRunner is not a function

    > 1 | const test = require('ava')
        |              ^
      2 | const { expect } = require('chai')
      3 | const React = require('react')
      4 | const { render, findDOMNode } = require('react-dom')

      at Object.<anonymous> (node_modules/ava/lib/worker/main.js:2:40)
      at Object.<anonymous> (issue/results-jsdom/result-ava-16-tests/test11-ava.spec.js:1:14)

FAIL issue/results-jsdom/result-ava-16-tests/test13-ava.spec.js
  ● Test suite failed to run

    TypeError: require(...).getRunner is not a function

    > 1 | const test = require('ava')
        |              ^
      2 | const { expect } = require('chai')
      3 | const React = require('react')
      4 | const { render, findDOMNode } = require('react-dom')

      at Object.<anonymous> (node_modules/ava/lib/worker/main.js:2:40)
      at Object.<anonymous> (issue/results-jsdom/result-ava-16-tests/test13-ava.spec.js:1:14)

FAIL issue/results-jsdom/result-ava-16-tests/test2-ava.spec.js
  ● Test suite failed to run

    TypeError: require(...).getRunner is not a function

    > 1 | const test = require('ava')
        |              ^
      2 | const { expect } = require('chai')
      3 | const React = require('react')
      4 | const { render, findDOMNode } = require('react-dom')

      at Object.<anonymous> (node_modules/ava/lib/worker/main.js:2:40)
      at Object.<anonymous> (issue/results-jsdom/result-ava-16-tests/test2-ava.spec.js:1:14)

FAIL issue/results-jsdom/result-ava-16-tests/test15-ava.spec.js
  ● Test suite failed to run

    TypeError: require(...).getRunner is not a function

    > 1 | const test = require('ava')
        |              ^
      2 | const { expect } = require('chai')
      3 | const React = require('react')
      4 | const { render, findDOMNode } = require('react-dom')

      at Object.<anonymous> (node_modules/ava/lib/worker/main.js:2:40)
      at Object.<anonymous> (issue/results-jsdom/result-ava-16-tests/test15-ava.spec.js:1:14)

FAIL issue/results-jsdom/result-ava-16-tests/test1-ava.spec.js
  ● Test suite failed to run

    TypeError: require(...).getRunner is not a function

    > 1 | const test = require('ava')
        |              ^
      2 | const { expect } = require('chai')
      3 | const React = require('react')
      4 | const { render, findDOMNode } = require('react-dom')

      at Object.<anonymous> (node_modules/ava/lib/worker/main.js:2:40)
      at Object.<anonymous> (issue/results-jsdom/result-ava-16-tests/test1-ava.spec.js:1:14)

FAIL issue/results-jsdom/result-ava-16-tests/test10-ava.spec.js
  ● Test suite failed to run

    TypeError: require(...).getRunner is not a function

    > 1 | const test = require('ava')
        |              ^
      2 | const { expect } = require('chai')
      3 | const React = require('react')
      4 | const { render, findDOMNode } = require('react-dom')

      at Object.<anonymous> (node_modules/ava/lib/worker/main.js:2:40)
      at Object.<anonymous> (issue/results-jsdom/result-ava-16-tests/test10-ava.spec.js:1:14)

FAIL issue/results-jsdom/result-ava-16-tests/test4-ava.spec.js
  ● Test suite failed to run

    TypeError: require(...).getRunner is not a function

    > 1 | const test = require('ava')
        |              ^
      2 | const { expect } = require('chai')
      3 | const React = require('react')
      4 | const { render, findDOMNode } = require('react-dom')

      at Object.<anonymous> (node_modules/ava/lib/worker/main.js:2:40)
      at Object.<anonymous> (issue/results-jsdom/result-ava-16-tests/test4-ava.spec.js:1:14)

FAIL issue/results-jsdom/result-ava-16-tests/test16-ava.spec.js
  ● Test suite failed to run

    TypeError: require(...).getRunner is not a function

    > 1 | const test = require('ava')
        |              ^
      2 | const { expect } = require('chai')
      3 | const React = require('react')
      4 | const { render, findDOMNode } = require('react-dom')

      at Object.<anonymous> (node_modules/ava/lib/worker/main.js:2:40)
      at Object.<anonymous> (issue/results-jsdom/result-ava-16-tests/test16-ava.spec.js:1:14)

FAIL issue/results-jsdom/result-ava-16-tests/test12-ava.spec.js
  ● Test suite failed to run

    TypeError: require(...).getRunner is not a function

    > 1 | const test = require('ava')
        |              ^
      2 | const { expect } = require('chai')
      3 | const React = require('react')
      4 | const { render, findDOMNode } = require('react-dom')

      at Object.<anonymous> (node_modules/ava/lib/worker/main.js:2:40)
      at Object.<anonymous> (issue/results-jsdom/result-ava-16-tests/test12-ava.spec.js:1:14)

FAIL issue/results-jsdom/result-ava-16-tests/test14-ava.spec.js
  ● Test suite failed to run

    TypeError: require(...).getRunner is not a function

    > 1 | const test = require('ava')
        |              ^
      2 | const { expect } = require('chai')
      3 | const React = require('react')
      4 | const { render, findDOMNode } = require('react-dom')

      at Object.<anonymous> (node_modules/ava/lib/worker/main.js:2:40)
      at Object.<anonymous> (issue/results-jsdom/result-ava-16-tests/test14-ava.spec.js:1:14)

FAIL issue/results-jsdom/result-ava-16-tests/test5-ava.spec.js
  ● Test suite failed to run

    TypeError: require(...).getRunner is not a function

    > 1 | const test = require('ava')
        |              ^
      2 | const { expect } = require('chai')
      3 | const React = require('react')
      4 | const { render, findDOMNode } = require('react-dom')

      at Object.<anonymous> (node_modules/ava/lib/worker/main.js:2:40)
      at Object.<anonymous> (issue/results-jsdom/result-ava-16-tests/test5-ava.spec.js:1:14)

FAIL issue/results-jsdom/result-ava-16-tests/test7-ava.spec.js
  ● Test suite failed to run

    TypeError: require(...).getRunner is not a function

    > 1 | const test = require('ava')
        |              ^
      2 | const { expect } = require('chai')
      3 | const React = require('react')
      4 | const { render, findDOMNode } = require('react-dom')

      at Object.<anonymous> (node_modules/ava/lib/worker/main.js:2:40)
      at Object.<anonymous> (issue/results-jsdom/result-ava-16-tests/test7-ava.spec.js:1:14)

FAIL issue/results-jsdom/result-ava-16-tests/test6-ava.spec.js
  ● Test suite failed to run

    TypeError: require(...).getRunner is not a function

    > 1 | const test = require('ava')
        |              ^
      2 | const { expect } = require('chai')
      3 | const React = require('react')
      4 | const { render, findDOMNode } = require('react-dom')

      at Object.<anonymous> (node_modules/ava/lib/worker/main.js:2:40)
      at Object.<anonymous> (issue/results-jsdom/result-ava-16-tests/test6-ava.spec.js:1:14)

Test Suites: 16 failed, 16 total
Tests:       0 total
Snapshots:   0 total
Time:        2.337 s
