# Elapsed time   CPU (%)     Real (MB)   Virtual (MB)
       0.000        0.000       36.512      551.090
       0.011        0.000       38.039      551.605
       0.021        0.000       39.062      552.105
       0.031        0.000       39.605      552.152
       0.042        0.000       41.602      553.508
       0.052        0.000       41.934      553.695
       0.063        0.000       42.730      558.266
       0.073        0.000       43.754      558.816
       0.084        0.000       44.453      558.816
       0.094        0.000       45.742      558.816
       0.105        0.000       46.316      559.965
       0.116        0.000       47.078      559.965
       0.126        0.000       49.656      560.996
       0.137        0.000       51.520      561.516
       0.148        0.000       51.777      561.516
       0.160        0.000       51.918      561.516
       0.171        0.000       52.082      561.766
       0.181        0.000       52.992      563.016
       0.192        0.000       53.207      563.016
       0.203        0.000       54.191      572.266
       0.214        0.000       54.402      572.266
       0.225        0.000       54.609      572.266
       0.236        0.000       54.844      572.266
       0.247        0.000       56.113      572.516
       0.257        0.000       61.066      605.254
       0.269        0.000       64.359      615.684
       0.288        0.000       64.500      615.895
       0.305        0.000       62.559      607.188
       0.322        0.000       67.996      610.836
       0.341        0.000       70.949      612.016
       0.362        0.000       73.922      628.461
       0.380        0.000       74.160      628.711
       0.398        0.000      204.109     2790.195
       0.454        0.000       78.246      629.969
       0.512        0.000       84.156      629.969
       0.546        0.000       85.312      629.238
       0.582        0.000       92.750      629.488
       0.618        0.000       95.629      633.988
       0.655        0.000      103.016      642.238
       0.691        0.000      115.625      654.488
       0.728        0.000      124.008      661.738
       0.764        0.000      107.684      645.266
       0.800        0.000      108.195      645.977
       0.836        0.000      108.395      645.977
       0.875        0.000      253.309     2813.637
       0.933        0.000      265.520     2815.594
       0.983        0.000      271.777     2829.273
       1.036        0.000      285.938     2844.633
       1.104        0.000      307.113     2854.953
       1.166        0.000      323.816     2895.508
       1.229        0.000      340.453     2905.578
       1.298        0.000      342.180     2907.000
       1.364        0.000      363.906     2959.320
       1.434        0.000      380.418     2985.148
       1.505        0.000      400.809     2990.914
       1.575        0.000      422.012     2999.707
       1.641        0.000      438.551     3004.098
       1.706        0.000      451.465     3007.016
       1.750        0.000      462.023     3008.836
       1.795        0.000      478.262     3020.465
       1.842        0.000      481.391     3021.715
       1.885        0.000      485.133     3023.410
       1.927        0.000      497.234     3033.039
       1.979        0.000      509.309     3044.508
       2.036        0.000      514.309     3048.605
       2.110        0.000      524.840     3058.988
       2.180        0.000      536.270     3071.238
       2.243        0.000      542.152     3075.238
       2.287        0.000      552.203     3086.164
       2.341        0.000      556.191     3087.953
       2.389        0.000      560.246     3093.105
       2.444        0.000      566.246     3099.930
       2.513        0.000      574.566     3107.293
       2.585        0.000      581.766     3113.270
       2.657        0.000      582.703     3113.945
       2.725        0.000      581.352     3112.148
       2.790        0.000      584.832     3115.422
       2.833        0.000      591.238     3120.812
       2.876        0.000      600.879     3130.473
       2.922        0.000      609.895     3138.977
       2.966        0.000      612.020     3139.586
       3.020        0.000      617.863     3143.656
       3.072        0.000      622.125     3147.703
       3.117        0.000      627.504     3151.043
       3.185        0.000      634.359     3157.223
       3.256        0.000      646.621     3169.902
       3.322        0.000      657.820     3180.566
       3.384        0.000      668.852     3191.188
       3.456        0.000      679.043     3200.711
       3.526        0.000      691.648     3211.797
       3.591        0.000      705.793     3226.527
       3.640        0.000      714.031     3234.129
       3.685        0.000      716.598     3236.379
       3.730        0.000      723.848     3244.129
       3.776        0.000      737.555     3257.625
       3.836        0.000      749.094     3268.051
       3.906        0.000      759.203     3279.160
       3.978        0.000      770.430     3289.070
       4.042        0.000      775.273     3292.793
       4.089        0.000      777.840     3295.543
       4.131        0.000      786.211     3304.727
       4.178        0.000      792.102     3310.688
       4.225        0.000      803.883     3321.770
       4.292        0.000      814.703     3332.254
       4.362        0.000      821.152     3338.555
       4.431        0.000      833.422     3350.914
       4.501        0.000      844.246     3361.309
       4.570        0.000      856.848     3374.102
       4.637        0.000      857.969     3374.812
       4.680        0.000      868.129     3385.672
       4.730        0.000      878.680     3395.871
       4.777        0.000      881.770     3398.840
       4.819        0.000      885.875     3402.910
       4.863        0.000      896.840     3413.289
       4.927        0.000      909.617     3426.555
       4.980        0.000      912.195     3429.055
       5.022        0.000      921.457     3438.844
       5.068        0.000      924.594     3441.754
       5.115        0.000      935.863     3452.145
       5.180        0.000      943.582     3459.707
       5.223        0.000      951.141     3467.426
       5.271        0.000      958.910     3475.461
       5.326        0.000      970.488     3486.660
       5.380        0.000      978.090     3494.141
       5.442        0.000      990.824     3507.121
       5.512        0.000      969.070     3485.199
       5.584        0.000      975.289     3491.961
       5.635        0.000      981.949     3497.906
       5.683        0.000      988.895     3504.176
       5.727        0.000      992.902     3508.352
       5.786        0.000      931.844     3446.062
       5.843        0.000      902.961     3417.035
       5.889        0.000      906.219     3420.355
       5.935        0.000      909.777     3423.746
       5.981        0.000      905.977     3419.809
       6.026        0.000      907.273     3420.824
       6.069        0.000      910.613     3424.047
       6.114        0.000      906.578     3420.133
       6.159        0.000      905.797     3419.051
       6.206        0.000      906.055     3419.492
       6.249        0.000      913.520     3427.125
       6.297        0.000      903.391     3416.285
       6.356        0.000      903.645     3417.926
       6.398        0.000      908.797     3422.027
       6.440        0.000      904.434     3417.738
       6.486        0.000      909.887     3423.051
       6.529        0.000      909.027     3421.797
       6.575        0.000      911.492     3424.848
       6.621        0.000      906.227     3419.332
       6.665        0.000      906.227     3419.332
       6.707        0.000      912.895     3426.023
       6.750        0.000      913.551     3426.406
       6.795        0.000      908.156     3420.852
       6.840        0.000      908.156     3420.852
       6.882        0.000      913.535     3426.691
       6.928        0.000      912.520     3425.375
       6.976        0.000      912.555     3425.457
       7.021        0.000      912.812     3425.457
       7.063        0.000      915.121     3427.598
       7.105        0.000      921.266     3433.824
       7.151        0.000      922.691     3435.520
       7.199        0.000      923.207     3436.020
       7.241        0.000      923.461     3436.520
       7.283        0.000      931.965     3445.598
       7.336        0.000      936.691     3449.629
       7.376        0.000      934.664     3447.457
       7.419        0.000      934.711     3447.785
       7.465        0.000      940.371     3453.984
       7.512        0.000      941.656     3455.047
       7.556        0.000      948.051     3461.453
       7.602        0.000      945.520     3458.793
       7.650        0.000      953.809     3467.824
       7.701        0.000      956.633     3469.637
       7.764        0.000      965.980     3479.613
       7.832        0.000      975.414     3489.688
       7.877        0.000      980.566     3494.629
       7.918        0.000      982.887     3496.129
       7.959        0.000      993.969     3509.082
       8.005        0.000     1002.816     3516.895
       8.053        0.000     1009.566     3523.332
       8.097        0.000     1012.145     3526.301
       8.138        0.000     1018.695     3532.738
       8.181        0.000     1030.051     3544.395
       8.236        0.000     1040.641     3554.684
       8.308        0.000     1053.000     3566.707
       8.380        0.000     1069.035     3583.621
       8.451        0.000     1039.262     3553.605
       8.522        0.000     1045.297     3558.949
       8.587        0.000     1049.934     3563.332
       8.628        0.000     1055.820     3569.750
       8.675        0.000     1063.590     3577.180
       8.729        0.000     1068.684     3582.125
       8.800        0.000     1079.141     3592.773
       8.865        0.000     1083.168     3597.812
       8.909        0.000     1088.973     3602.656
       8.953        0.000     1096.434     3610.328
       8.998        0.000     1099.293     3612.926
       9.044        0.000     1110.156     3623.680
       9.099        0.000     1116.332     3629.031
       9.144        0.000     1120.348     3633.750
       9.187        0.000     1124.461     3637.199
       9.228        0.000     1135.379     3648.355
       9.276        0.000     1137.898     3650.395
       9.318        0.000     1142.602     3655.711
       9.364        0.000     1146.203     3658.352
       9.406        0.000     1151.215     3664.617
       9.449        0.000     1160.449     3673.852
       9.514        0.000     1163.180     3676.723
       9.584        0.000     1167.805     3685.012
       9.656        0.000     1180.113     3696.555
       9.726        0.000     1131.098     3646.633
       9.778        0.000     1131.867     3647.383
       9.820        0.000     1130.980     3646.641
       9.862        0.000     1141.762     3658.059
       9.905        0.000     1142.812     3658.438
       9.946        0.000     1143.234     3657.797
      10.006        0.000     1142.660     3653.773
      10.066        0.000     1142.789     3655.254
      10.121        0.000     1143.562     3655.801
      10.165        0.000     1142.191     3653.902
      10.213        0.000     1138.605     3650.160
      10.256        0.000     1145.027     3656.848
      10.301        0.000     1145.727     3657.160
      10.348        0.000     1144.359     3655.926
      10.391        0.000     1138.445     3649.785
      10.439        0.000     1147.004     3658.125
      10.484        0.000     1147.004     3658.125
      10.526        0.000     1150.074     3660.582
      10.570        0.000     1151.281     3661.297
      10.625        0.000     1149.227     3659.008
      10.668        0.000     1152.059     3662.102
      10.709        0.000     1150.215     3660.156
      10.755        0.000     1158.984     3670.102
      10.816        0.000     1160.789     3671.680
      10.858        0.000     1161.715     3672.180
      10.903        0.000     1160.488     3671.141
      10.947        0.000     1168.844     3680.586
      11.003        0.000     1172.145     3683.078
      11.074        0.000     1176.770     3688.379
      11.144        0.000     1183.629     3694.500
      11.214        0.000     1188.477     3698.797
      11.256        0.000     1190.355     3700.215
      11.300        0.000     1194.988     3704.941
      11.340        0.000     1200.031     3710.910
      11.385        0.000     1204.395     3715.215
      11.426        0.000     1207.801     3718.008
      11.471        0.000     1212.688     3722.980
      11.517        0.000     1216.375     3727.797
      11.565        0.000     1219.980     3730.844
      11.637        0.000     1208.074     3718.141
      11.707        0.000     1214.793     3724.762
      11.778        0.000     1219.844     3730.191
      11.827        0.000     1224.578     3734.707
      11.870        0.000     1226.211     3736.207
      11.914        0.000     1230.645     3740.953
      11.958        0.000     1235.895     3745.883
      12.010        0.000     1237.441     3747.383
      12.053        0.000     1241.676     3751.195
      12.099        0.000     1243.859     3753.961
      12.142        0.000     1248.383     3758.969
      12.182        0.000     1250.957     3760.797
      12.222        0.000     1255.078     3765.789
      12.263        0.000     1256.914     3766.898
      12.307        0.000     1260.352     3770.656
      12.353        0.000     1260.840     3770.426
      12.396        0.000     1267.789     3777.984
      12.441        0.000     1268.340     3778.094
      12.490        0.000     1274.895     3785.277
      12.557        0.000     1282.652     3793.527
      12.630        0.000     1265.586     3776.941
      12.682        0.000     1270.031     3781.422
      12.745        0.000     1279.898     3791.621
      12.802        0.000     1278.324     3789.961
      12.848        0.000     1277.715     3789.461
      12.891        0.000     1282.867     3794.730
      12.934        0.000     1292.199     3803.059
      12.981        0.000     1293.492     3805.105
      13.034        0.000     1296.602     3806.344
      13.104        0.000     1300.707     3810.746
      13.176        0.000     1307.914     3818.160
      13.245        0.000     1316.012     3825.820
      13.293        0.000     1315.816     3825.551
      13.342        0.000     1317.105     3826.551
      13.385        0.000     1318.395     3827.801
      13.427        0.000     1329.832     3839.684
      13.472        0.000     1332.605     3842.441
      13.520        0.000     1333.637     3843.191
      13.563        0.000     1340.195     3850.074
      13.608        0.000     1341.965     3853.617
      13.653        0.000     1346.867     3856.691
      13.698        0.000     1354.188     3864.582
      13.743        0.000     1360.988     3870.582
      13.793        0.000     1365.598     3875.695
      13.836        0.000     1372.238     3881.660
      13.881        0.000     1379.734     3890.184
      13.929        0.000     1388.531     3899.184
      13.996        0.000     1395.223     3905.887
      14.047        0.000     1400.262     3911.738
      14.089        0.000     1412.539     3923.625
      14.142        0.000     1421.551     3933.773
      14.193        0.000     1435.781     3947.625
      14.261        0.000     1445.266     3956.336
      14.332        0.000     1457.695     3969.242
      14.403        0.000     1470.137     3981.348
      14.451        0.000     1476.418     3987.020
      14.495        0.000     1478.738     3989.020
      14.537        0.000     1487.941     3999.148
      14.582        0.000     1493.480     4004.312
      14.626        0.000     1499.699     4010.281
      14.672        0.000     1506.914     4016.984
      14.716        0.000     1515.973     4025.984
      14.761        0.000     1521.238     4030.727
      14.805        0.000     1523.805     4032.727
      14.847        0.000     1527.605     4037.594
      14.890        0.000     1544.574     4054.770
      14.950        0.000     1550.215     4058.801
      15.015        0.000     1558.867     4068.742
      15.080        0.000     1572.965     4081.504
      15.149        0.000     1581.211     4089.957
      15.216        0.000     1598.906     4108.465
      15.287        0.000     1606.887     4117.250
      15.357        0.000     1617.406     4127.129
      15.402        0.000     1624.004     4133.406
      15.448        0.000     1634.523     4142.449
      15.512        0.000     1637.617     4145.355
      15.567        0.000     1649.082     4156.855
      15.626        0.000     1651.129     4159.023
      15.691        0.000     1655.383     4162.871
      15.736        0.000     1658.879     4166.812
      15.779        0.000     1670.094     4178.062
      15.825        0.000     1678.980     4186.426
      15.867        0.000     1681.602     4188.676
      15.915        0.000     1685.141     4191.625
      15.958        0.000     1691.031     4197.223
      15.997        0.000     1701.156     4208.535
      16.041        0.000     1705.758     4211.484
      16.081        0.000     1706.668     4211.594
      16.121        0.000     1709.223     4214.684
      16.162        0.000     1720.305     4226.449
      16.204        0.000     1722.285     4227.605
      16.247        0.000     1727.887     4232.906
      16.314        0.000     1737.207     4242.488
      16.383        0.000     1746.461     4251.371
      16.451        0.000     1707.332     4246.633
      16.501        0.000     1709.391     4248.422
      16.542        0.000     1719.098     4258.172
      16.595        0.000     1726.465     4264.957
      16.658        0.000     1731.977     4270.723
      16.702        0.000     1737.371     4275.828
      16.747        0.000     1745.230     4283.570
      16.817        0.000     1753.621     4292.109
      16.883        0.000     1759.523     4298.582
      16.931        0.000     1770.445     4308.027
      16.984        0.000     1780.672     4317.648
      17.052        0.000     1789.227     4327.926
      17.120        0.000     1802.762     4340.168
      17.191        0.000     1813.535     4351.395
      17.261        0.000     1824.914     4362.883
      17.329        0.000     1833.410     4370.797
      17.399        0.000     1851.207     4390.766
      17.468        0.000     1860.176     4398.961
      17.535        0.000     1871.059     4409.059
      17.606        0.000     1883.043     4419.660
      17.657        0.000     1885.621     4422.066
      17.695        0.000     1890.762     4426.590
      17.735        0.000     1901.961     4439.391
      17.778        0.000     1905.359     4441.078
      17.819        0.000     1914.668     4451.285
      17.881        0.000     1920.473     4457.395
      17.925        0.000     1930.863     4467.777
      17.968        0.000     1937.746     4473.238
      18.010        0.000     1948.523     4484.746
      18.065        0.000     1953.660     4488.738
      18.120        0.000     1961.137     4496.262
      18.162        0.000     1972.250     4508.438
      18.207        0.000     1976.887     4514.199
      18.251        0.000     1982.961     4518.859
      18.296        0.000     1987.598     4523.312
      18.339        0.000     1999.969     4535.625
      18.382        0.000     2009.434     4545.781
      18.446        0.000     2021.367     4557.879
      18.517        0.000     2033.984     4570.336
      18.587        0.000     2043.965     4578.547
      18.656        0.000     2052.488     4588.551
      18.727        0.000     2065.555     4603.352
      18.796        0.000     2070.477     4608.156
      18.861        0.000     2077.180     4613.766
      18.903        0.000     2093.809     4630.309
      18.954        0.000     2101.918     4639.250
      19.023        0.000     2109.539     4646.516
      19.093        0.000     2125.258     4662.105
      19.144        0.000     2129.609     4665.707
      19.189        0.000     2135.281     4673.707
      19.234        0.000     2142.191     4680.129
      19.278        0.000     2148.883     4685.820
      19.321        0.000     2158.426     4695.785
      19.376        0.000     2163.824     4699.461
      19.429        0.000     2171.879     4707.941
      19.479        0.000     2180.453     4716.199
      19.522        0.000     2190.465     4727.125
      19.583        0.000     2198.852     4734.871
      19.627        0.000     2203.379     4739.555
      19.671        0.000     2208.871     4744.664
      19.714        0.000     2216.641     4751.559
      19.756        0.000     2233.625     4769.027
      19.818        0.000     2111.602     4646.469
      19.891        0.000     1940.176     4475.230
      19.962        0.000     1946.914     4481.965
      20.029        0.000     1950.199     4485.062
      20.070        0.000     1950.617     4484.172
      20.114        0.000     1956.160     4490.301
      20.163        0.000     1960.914     4494.590
      20.207        0.000     1965.703     4499.699
      20.253        0.000     1966.992     4500.105
      20.294        0.000     1970.980     4503.715
      20.339        0.000     1974.473     4506.605
      20.383        0.000     1975.859     4508.270
      20.422        0.000     1980.848     4513.129
      20.467        0.000     1986.977     4519.129
      20.535        0.000     1991.777     4522.926
      20.605        0.000     1998.477     4530.086
      20.662        0.000     2004.125     4535.336
      20.722        0.000     2007.988     4539.266
      20.794        0.000     2015.547     4546.625
      20.866        0.000     2023.008     4554.078
      20.921        0.000     2025.066     4555.078
      20.962        0.000     2027.953     4558.547
      21.012        0.000     2042.121     4572.113
      21.084        0.000     1996.855     4526.176
      21.153        0.000     1854.098     4383.141
      21.201        0.000     1855.910     4385.539
      21.243        0.000     1858.230     4387.430
      21.284        0.000     1864.512     4393.895
      21.327        0.000     1864.160     4393.539
      21.369        0.000     1866.477     4395.930
      21.412        0.000     1868.797     4397.820
      21.454        0.000     1869.434     4397.508
      21.525        0.000     1874.270     4402.336
      21.597        0.000     1877.316     4406.562
      21.669        0.000     1881.859     4411.133
      21.738        0.000     1884.875     4414.812
      21.810        0.000     1892.609     4421.727
      21.880        0.000     1890.801     4420.008
      21.935        0.000     1895.000     4423.953
      21.979        0.000     1895.516     4423.953
      22.019        0.000     1901.434     4429.328
      22.061        0.000     1905.043     4432.453
      22.101        0.000     1905.156     4433.414
      22.165        0.000     1908.250     4435.805
      22.238        0.000     1912.160     4440.418
      22.308        0.000     1916.387     4444.527
      22.377        0.000     1919.895     4447.594
      22.449        0.000     1926.625     4454.812
      22.520        0.000     1924.684     4452.281
      22.581        0.000     1926.898     4454.422
      22.623        0.000     1929.219     4457.004
      22.665        0.000     1929.992     4457.754
      22.711        0.000     1812.301     4339.656
      22.768        0.000     1812.219     4339.016
      22.837        0.000     1814.777     4341.703
      22.882        0.000     1821.832     4349.125
      22.952        0.000     1821.289     4348.160
      23.005        0.000     1825.543     4352.070
      23.076        0.000     1829.566     4357.242
      23.130        0.000     1828.906     4355.660
      23.174        0.000     1829.938     4356.410
      23.218        0.000     1835.609     4362.492
      23.263        0.000     1833.613     4361.520
      23.309        0.000     1834.387     4362.270
      23.351        0.000     1841.594     4369.133
      23.395        0.000     1845.195     4372.102
      23.440        0.000     1845.277     4373.180
      23.486        0.000     1845.793     4373.180
      23.528        0.000     1848.008     4375.320
      23.573        0.000     1848.688     4376.320
      23.620        0.000     1851.266     4378.910
      23.665        0.000     1851.918     4380.012
      23.711        0.000     1854.398     4381.652
      23.776        0.000     1856.336     4382.652
      23.843        0.000     1860.875     4386.848
      23.909        0.000     1859.910     4386.121
      23.959        0.000     1862.488     4388.262
      24.004        0.000     1870.945     4396.000
      24.046        0.000     1873.754     4399.414
      24.092        0.000     1870.277     4394.492
      24.161        0.000     1875.645     4400.066
      24.220        0.000     1882.934     4408.254
      24.263        0.000     1883.707     4408.504
      24.309        0.000     1883.871     4408.410
      24.352        0.000     1888.930     4414.309
      24.399        0.000     1893.555     4418.840
      24.438        0.000     1896.391     4420.730
      24.481        0.000     1896.906     4421.230
      24.519        0.000     1896.434     4420.590
      24.559        0.000     1897.270     4421.434
      24.600        0.000     1902.852     4427.145
      24.642        0.000     1906.969     4430.926
      24.687        0.000     1907.742     4431.676
      24.729        0.000     1913.473     4438.324
      24.776        0.000     1912.949     4436.535
      24.843        0.000     1915.766     4438.676
      24.913        0.000     1758.453     4282.531
      24.983        0.000     1764.379     4287.961
      25.050        0.000     1764.723     4288.961
      25.119        0.000     1767.297     4291.602
      25.189        0.000     1770.219     4290.285
      25.257        0.000     1767.148     4287.223
      25.325        0.000     1770.141     4290.215
      25.395        0.000     1777.012     4298.215
      25.463        0.000     1782.191     4304.047
      25.532        0.000     1786.262     4307.188
      25.601        0.000     1788.613     4310.156
      25.672        0.000     1797.633     4318.547
      25.739        0.000     1799.574     4320.297
      25.807        0.000     1804.441     4325.047
      25.877        0.000     1812.055     4333.688
      25.944        0.000     1818.250     4338.324
      26.012        0.000     1819.891     4339.434
      26.082        0.000     1661.656     4181.539
      26.150        0.000     1664.234     4183.930
      26.199        0.000     1648.977     4167.680
      26.245        0.000     1594.113     4112.715
      26.299        0.000     1448.566     3967.090
      26.346        0.000     1450.082     3968.730
      26.389        0.000     1450.320     3968.730
      26.433        0.000     1452.246     3970.371
      26.478        0.000     1451.695     3969.191
      26.524        0.000     1451.695     3969.191
      26.567        0.000     1454.199     3970.832
      26.621        0.000     1454.418     3970.832
      26.668        0.000     1451.137     3967.551
      26.714        0.000     1453.137     3969.191
      26.756        0.000     1457.773     3974.113
      26.808        0.000     1451.758     3967.551
      26.867        0.000     1452.012     3967.551
      26.908        0.000     1452.012     3967.551
      26.950        0.000     1457.152     3972.473
      26.997        0.000     1455.527     3970.832
      27.045        0.000     1453.887     3969.191
      27.101        0.000     1456.977     3972.473
      27.168        0.000     1457.504     3972.973
      27.237        0.000     1458.125     3972.973
      27.305        0.000     1457.352     3971.332
      27.376        0.000     1460.703     3974.613
      27.445        0.000     1457.320     3971.832
      27.512        0.000     1458.867     3973.473
      27.574        0.000     1459.926     3975.262
      27.621        0.000     1458.070     3973.113
      27.667        0.000     1458.738     3973.113
      27.712        0.000     1458.703     3973.113
      27.756        0.000     1460.668     3975.105
      27.800        0.000     1462.473     3976.746
      27.843        0.000     1464.020     3978.387
      27.883        0.000     1462.379     3976.746
      27.922        0.000     1464.180     3978.387
      27.961        0.000      226.895     1312.574
      27.999        0.000       60.738      629.457
      28.010        0.000       62.406      630.664
      28.022        0.000        2.070        9.512
