# Elapsed time   CPU (%)     Real (MB)   Virtual (MB)
       0.000        0.000       38.043      548.316
       0.011        0.000       38.484      551.066
       0.021        0.000       39.324      551.352
       0.032        0.000       41.359      552.102
       0.042        0.000       41.652      552.109
       0.053        0.000       41.805      552.156
       0.063        0.000       43.453      553.402
       0.074        0.000       43.840      553.434
       0.084        0.000       43.840      553.434
       0.094        0.000       43.840      553.434
       0.104        0.000       44.852      558.734
       0.115        0.000       45.539      558.840
       0.125        0.000       46.566      558.840
       0.136        0.000       49.652      560.512
       0.148        0.000       50.934      560.309
       0.163        0.000       51.961      560.309
       0.174        0.000       53.508      561.559
       0.185        0.000       53.957      561.559
       0.196        0.000       54.094      561.559
       0.206        0.000       54.277      561.559
       0.217        0.000       54.898      562.809
       0.228        0.000       55.141      562.809
       0.238        0.000       55.312      562.809
       0.249        0.000       56.375      572.059
       0.260        0.000       56.586      572.059
       0.271        0.000       56.816      572.059
       0.281        0.000       57.328      572.059
       0.292        0.000       60.559      604.324
       0.303        0.000       64.176      614.738
       0.322        0.000       64.457      614.824
       0.338        0.000       61.875      605.637
       0.353        0.000       62.102      605.637
       0.369        0.000       64.152      605.883
       0.385        0.000       66.848      606.934
       0.402        0.000       67.828      607.828
       0.418        0.000       68.676      607.828
       0.435        0.000       70.141      607.828
       0.452        0.000       72.527      609.828
       0.469        0.000       72.723      610.078
       0.485        0.000       73.250      610.367
       0.502        0.000       74.520      628.246
       0.518        0.000       74.730      628.246
       0.534        0.000       76.512      628.246
       0.551        0.000       77.266      628.375
       0.567        0.000       79.102      628.793
       0.583        0.000       81.758      629.062
       0.600        0.000       84.305      629.750
       0.616        0.000       87.059      632.500
       0.633        0.000       87.277      632.500
       0.650        0.000       87.781      632.672
       0.666        0.000       88.695      632.922
       0.683        0.000       90.258      632.922
       0.699        0.000       93.348      634.176
       0.715        0.000       96.684      634.852
       0.731        0.000       98.219      635.516
       0.748        0.000       97.539      636.859
       0.765        0.000       97.797      636.859
       0.782        0.000       98.172      636.859
       0.798        0.000       98.172      636.859
       0.814        0.000       98.758      637.109
       0.830        0.000       98.758      637.359
       0.846        0.000       98.953      637.359
       0.863        0.000       99.207      637.609
       0.878        0.000      101.863      640.938
       0.895        0.000      102.117      640.938
       0.911        0.000      102.355      640.938
       0.927        0.000      102.562      641.188
       0.943        0.000      103.016      641.824
       0.959        0.000      104.656      642.273
       0.975        0.000      105.934      642.273
       0.991        0.000      111.070      646.523
       1.007        0.000      111.328      646.523
       1.024        0.000      111.328      646.523
       1.039        0.000      111.562      646.523
       1.055        0.000      111.801      646.523
       1.071        0.000      114.621      649.594
       1.088        0.000      114.797      649.594
       1.104        0.000      116.895      651.773
       1.121        0.000      117.145      651.773
       1.140        0.000      121.004      656.773
       1.158        0.000      122.035      656.773
       1.175        0.000      126.656      661.773
       1.192        0.000      127.078      661.273
       1.210        0.000      127.078      661.273
       1.227        0.000      127.078      661.273
       1.244        0.000      127.078      661.273
       1.261        0.000      127.078      661.273
       1.277        0.000      127.078      661.273
       1.294        0.000      127.078      661.273
       1.310        0.000      127.078      661.273
       1.327        0.000      127.078      661.273
       1.343        0.000      127.078      661.273
       1.360        0.000      127.336      661.273
       1.376        0.000      127.590      661.273
       1.393        0.000      128.129      661.273
       1.410        0.000      128.129      661.273
       1.427        0.000      128.137      661.273
       1.443        0.000      128.137      661.273
       1.460        0.000      128.137      661.273
       1.476        0.000      128.137      661.273
       1.493        0.000      128.137      661.273
       1.510        0.000      128.137      661.273
       1.526        0.000      128.137      661.273
       1.543        0.000      128.137      661.273
       1.559        0.000      128.137      661.273
       1.576        0.000      128.137      661.273
       1.592        0.000      128.137      661.273
       1.609        0.000      128.391      662.023
       1.626        0.000      128.391      662.023
       1.642        0.000      128.887      662.773
       1.659        0.000      129.367      663.023
       1.675        0.000      129.367      663.023
       1.692        0.000      129.617      664.023
       1.709        0.000      130.125      664.273
       1.726        0.000      130.383      664.273
       1.742        0.000      130.898      665.273
       1.759        0.000      130.898      665.273
       1.776        0.000      131.668      665.273
       1.793        0.000      131.926      666.273
       1.809        0.000      131.926      666.273
       1.825        0.000      132.699      666.523
       1.842        0.000      132.699      666.523
       1.860        0.000      133.469      667.023
       1.876        0.000      133.969      668.023
       1.893        0.000      133.969      668.023
       1.910        0.000      134.227      668.273
       1.926        0.000      134.484      668.273
       1.943        0.000      135.000      669.273
       1.967        0.000      135.512      669.273
       1.990        0.000      135.770      669.273
       2.007        0.000      136.285      670.023
       2.024        0.000      136.801      670.773
       2.040        0.000      136.801      670.773
       2.056        0.000      137.574      671.273
       2.072        0.000      137.574      671.273
       2.088        0.000      138.090      672.023
       2.104        0.000      138.605      672.773
       2.120        0.000      138.863      672.773
       2.136        0.000      139.121      673.023
       2.152        0.000      139.895      673.773
       2.168        0.000      139.895      673.773
       2.184        0.000      140.152      674.023
       2.200        0.000      140.410      674.023
       2.216        0.000      140.926      675.023
       2.232        0.000      141.441      675.273
       2.248        0.000      141.441      675.273
       2.264        0.000      142.215      676.023
       2.280        0.000      142.215      676.023
       2.296        0.000      142.730      676.523
       2.312        0.000      143.246      677.273
       2.328        0.000      143.246      677.273
       2.344        0.000      144.020      677.523
       2.360        0.000      144.277      678.523
       2.376        0.000      144.277      678.523
       2.395        0.000      145.047      679.023
       2.411        0.000      145.562      679.023
       2.427        0.000      145.562      679.023
       2.443        0.000      146.078      680.273
       2.458        0.000      146.336      680.273
       2.474        0.000      146.852      681.023
       2.490        0.000      147.367      681.273
       2.506        0.000      147.367      681.273
       2.522        0.000      147.625      681.523
       2.538        0.000      148.656      682.773
       2.553        0.000      148.656      682.773
       2.569        0.000      149.172      682.773
       2.584        0.000      149.172      682.773
       2.600        0.000      149.688      683.523
       2.616        0.000      150.195      683.773
       2.632        0.000      150.195      683.773
       2.647        0.000      150.711      684.523
       2.667        0.000      150.961      684.773
       2.686        0.000      151.188      684.773
       2.702        0.000      151.188      684.773
       2.717        0.000      151.332      684.773
       2.733        0.000      151.332      684.773
       2.748        0.000      151.332      684.773
       2.764        0.000      151.332      684.773
       2.780        0.000      151.332      684.773
       2.797        0.000      151.332      684.773
       2.814        0.000      151.332      684.773
       2.831        0.000      151.332      684.773
       2.848        0.000      151.332      684.773
       2.865        0.000      151.332      684.773
       2.882        0.000      151.332      684.773
       2.898        0.000      151.840      686.023
       2.915        0.000      152.098      686.023
       2.932        0.000      152.355      686.523
       2.949        0.000      152.613      686.523
       2.966        0.000      152.871      686.523
       2.983        0.000      153.129      687.523
       3.000        0.000      153.387      687.523
       3.017        0.000      153.902      687.773
       3.034        0.000      154.410      688.273
       3.052        0.000      154.410      688.273
       3.068        0.000      154.926      688.523
       3.085        0.000      155.184      689.273
       3.103        0.000      155.184      689.273
       3.120        0.000      155.699      689.773
       3.137        0.000      156.215      690.273
       3.155        0.000      156.215      690.273
       3.172        0.000      156.473      690.773
       3.189        0.000      156.473      690.773
       3.205        0.000      156.988      690.773
       3.222        0.000      157.504      691.523
       3.238        0.000      157.504      691.523
       3.255        0.000      158.020      692.023
       3.271        0.000      158.020      692.023
       3.287        0.000      158.793      692.023
       3.303        0.000      159.051      693.273
       3.320        0.000      159.051      693.273
       3.336        0.000      159.824      693.523
       3.352        0.000      160.082      694.023
       3.369        0.000      160.082      694.023
       3.385        0.000      160.340      694.523
       3.401        0.000      160.340      694.523
       3.417        0.000      161.113      695.023
       3.433        0.000      161.629      695.273
       3.450        0.000      161.629      695.273
       3.466        0.000      161.887      696.023
       3.482        0.000      162.402      696.273
       3.498        0.000      162.402      696.273
       3.515        0.000      162.918      696.773
       3.532        0.000      162.918      696.773
       3.548        0.000      163.176      697.273
       3.564        0.000      163.691      697.523
       3.580        0.000      163.691      697.523
       3.596        0.000      164.207      698.523
       3.613        0.000      164.723      698.773
       3.629        0.000      164.723      698.773
       3.645        0.000      165.238      699.273
       3.661        0.000      165.238      699.273
       3.678        0.000      165.754      699.523
       3.694        0.000      166.012      700.273
       3.710        0.000      166.270      700.273
       3.726        0.000      166.785      700.773
       3.742        0.000      167.043      701.023
       3.758        0.000      167.301      701.023
       3.774        0.000      167.559      701.523
       3.790        0.000      167.559      701.523
       3.806        0.000      168.074      701.773
       3.822        0.000      168.332      702.523
       3.838        0.000      168.332      702.523
       3.854        0.000      169.105      703.023
       3.870        0.000      169.105      703.023
       3.886        0.000      169.621      703.773
       3.902        0.000      170.137      703.773
       3.918        0.000      170.137      703.773
       3.934        0.000      170.652      704.523
       3.951        0.000      170.910      704.773
       3.966        0.000      171.168      704.773
       3.983        0.000      171.426      705.273
       3.999        0.000      171.426      705.273
       4.015        0.000      171.426      705.773
       4.031        0.000      172.199      706.023
       4.047        0.000      172.199      706.023
       4.063        0.000      172.973      706.773
       4.079        0.000      172.973      706.773
       4.095        0.000      173.488      706.773
       4.111        0.000      173.746      707.773
       4.127        0.000      174.004      707.773
       4.144        0.000      174.262      708.273
       4.160        0.000      174.777      708.523
       4.176        0.000      174.777      708.523
       4.192        0.000      175.293      709.273
       4.208        0.000      175.293      709.273
       4.224        0.000      175.551      709.523
       4.240        0.000      175.809      710.023
       4.256        0.000      175.809      710.023
       4.272        0.000      176.582      710.273
       4.289        0.000      177.098      711.023
       4.304        0.000      177.355      711.023
       4.321        0.000      177.355      711.773
       4.337        0.000      177.613      711.773
       4.352        0.000      177.871      711.773
       4.368        0.000      178.645      712.273
       4.384        0.000      178.645      712.273
       4.400        0.000      179.160      712.773
       4.416        0.000      179.160      712.773
       4.432        0.000      179.418      713.273
       4.448        0.000      179.645      713.273
       4.465        0.000      179.645      713.273
       4.482        0.000      180.141      714.273
       4.507        0.000      180.230      717.773
       4.531        0.000      180.578      717.773
       4.551        0.000      180.578      717.773
       4.574        0.000      180.832      717.773
       4.594        0.000      180.832      717.773
       4.610        0.000      180.832      717.773
       4.627        0.000      180.832      717.773
       4.643        0.000      180.832      717.773
       4.660        0.000      180.832      717.773
       4.681        0.000      180.832      717.773
       4.702        0.000      180.832      717.773
       4.719        0.000      181.895      717.773
       4.737        0.000      184.457      717.773
       4.755        0.000      185.738      717.773
       4.773        0.000      185.738      717.773
       4.795        0.000      185.738      717.773
       4.814        0.000      185.738      717.773
       4.832        0.000      185.738      717.773
       4.850        0.000      186.770      717.773
       4.869        0.000      187.027      717.773
       4.890        0.000      187.027      717.773
       4.909        0.000      187.027      717.773
       4.928        0.000      187.543      717.773
       4.956        0.000      187.543      717.773
       4.982        0.000      187.543      717.773
       5.004        0.000      187.543      717.773
       5.024        0.000      187.707      717.773
       5.044        0.000      187.707      717.773
       5.062        0.000      187.707      717.773
       5.081        0.000      187.707      717.773
       5.100        0.000      187.707      717.773
       5.119        0.000      187.707      717.773
       5.140        0.000      187.707      717.773
       5.159        0.000      188.223      717.773
       5.179        0.000      188.223      717.773
       5.197        0.000      188.223      717.773
       5.220        0.000      188.223      717.773
       5.245        0.000      188.223      717.773
       5.265        0.000      188.223      717.773
       5.283        0.000      188.223      717.773
       5.303        0.000      188.223      717.773
       5.321        0.000      188.223      717.773
       5.341        0.000      188.223      717.773
       5.360        0.000      188.223      717.773
       5.378        0.000      188.223      717.773
       5.399        0.000      188.223      717.773
       5.419        0.000      188.223      718.023
       5.438        0.000      188.223      718.023
       5.457        0.000      188.223      718.023
       5.479        0.000      188.223      718.023
       5.499        0.000      188.395      718.023
       5.517        0.000      188.395      718.023
       5.535        0.000      188.395      718.520
       5.554        0.000      188.395      718.273
       5.572        0.000      188.395      718.273
       5.596        0.000      188.395      718.273
       5.618        0.000      188.594      718.273
       5.636        0.000      188.613      718.273
       5.653        0.000      188.613      718.273
       5.671        0.000      188.613      718.273
       5.691        0.000      188.867      718.273
       5.709        0.000      189.070      718.523
       5.726        0.000      189.070      718.523
       5.742        0.000      189.070      718.523
       5.759        0.000      189.328      719.023
       5.776        0.000      189.328      719.023
       5.792        0.000      189.574      719.023
       5.809        0.000      189.574      719.023
       5.825        0.000      189.574      719.023
       5.842        0.000      189.574      719.023
       5.859        0.000      189.574      719.023
       5.877        0.000      189.816      719.023
       5.894        0.000      189.816      719.023
       5.910        0.000      189.816      719.023
       5.926        0.000      189.816      719.023
       5.944        0.000      189.816      719.023
       5.961        0.000      189.816      719.023
       5.979        0.000      189.816      719.023
       5.995        0.000      189.816      719.023
       6.012        0.000      189.816      719.023
       6.028        0.000      189.816      719.023
       6.044        0.000      189.816      719.023
       6.061        0.000      190.020      719.273
       6.077        0.000      190.020      719.273
       6.093        0.000      190.020      719.273
       6.110        0.000      190.020      719.273
       6.129        0.000      190.234      719.773
       6.147        0.000      190.234      719.773
       6.163        0.000      190.234      719.773
       6.179        0.000      190.234      719.773
       6.196        0.000      190.477      719.773
       6.212        0.000      190.477      719.773
       6.229        0.000      190.477      719.773
       6.246        0.000      190.477      719.773
       6.262        0.000      190.477      719.773
       6.278        0.000      190.477      719.773
       6.294        0.000      190.477      719.773
       6.311        0.000      190.477      719.773
       6.328        0.000      190.477      719.773
       6.344        0.000      190.688      719.773
       6.361        0.000      190.688      719.773
       6.377        0.000      190.688      719.773
       6.393        0.000      190.688      719.773
       6.410        0.000      190.688      719.773
       6.426        0.000      190.688      719.773
       6.443        0.000      190.688      719.773
       6.458        0.000      190.688      719.773
       6.475        0.000      190.688      719.773
       6.491        0.000      190.688      719.773
       6.508        0.000      190.688      719.773
       6.524        0.000      190.688      719.773
       6.540        0.000      190.688      719.773
       6.556        0.000      190.902      720.023
       6.574        0.000      190.902      720.023
       6.590        0.000      190.902      720.023
       6.607        0.000      190.902      720.023
       6.624        0.000      190.902      720.023
       6.640        0.000      191.375      720.523
       6.657        0.000      191.375      720.523
       6.673        0.000      191.375      720.523
       6.690        0.000      191.375      720.523
       6.707        0.000      191.375      720.523
       6.723        0.000      191.375      720.523
       6.739        0.000      191.375      720.523
       6.755        0.000      191.375      720.523
       6.771        0.000      191.578      720.523
       6.788        0.000      191.578      720.523
       6.804        0.000      191.578      720.523
       6.822        0.000      191.578      720.523
       6.838        0.000      191.578      720.773
       6.854        0.000      191.578      720.773
       6.872        0.000      191.578      720.773
       6.888        0.000      191.578      720.773
       6.905        0.000      191.578      720.773
       6.921        0.000      191.773      720.773
       6.937        0.000      191.773      720.773
       6.953        0.000      191.773      720.773
       6.969        0.000      191.773      720.773
       6.986        0.000      191.773      720.773
       7.002        0.000      191.773      720.773
       7.018        0.000      191.910      720.773
       7.034        0.000      191.910      721.023
       7.051        0.000      191.910      721.023
       7.067        0.000      191.910      721.023
       7.083        0.000      191.910      721.023
       7.099        0.000      191.910      721.023
       7.114        0.000      191.910      721.023
       7.132        0.000      192.125      721.023
       7.150        0.000      192.125      721.023
       7.167        0.000      192.125      721.023
       7.183        0.000      192.125      721.023
       7.200        0.000      192.125      721.023
       7.216        0.000      193.133      722.484
       7.234        0.000      193.375      722.484
       7.251        0.000      193.375      722.484
       7.267        0.000      193.375      722.484
       7.284        0.000      193.375      722.484
       7.300        0.000      193.605      722.484
       7.319        0.000      193.605      722.484
       7.335        0.000      193.605      722.734
       7.354        0.000      193.863      723.484
       7.371        0.000      193.863      723.484
       7.387        0.000      193.863      723.484
       7.403        0.000      194.094      723.484
       7.420        0.000      194.094      723.484
       7.436        0.000      194.094      723.484
       7.453        0.000      194.094      723.484
       7.469        0.000      194.094      723.484
       7.485        0.000      194.094      723.484
       7.503        0.000      194.332      723.484
       7.519        0.000      194.332      723.484
       7.536        0.000      194.332      723.484
       7.553        0.000      194.332      723.484
       7.570        0.000      194.332      723.484
       7.587        0.000      194.332      723.484
       7.604        0.000      194.332      723.484
       7.620        0.000      194.562      723.484
       7.637        0.000      194.562      723.484
       7.653        0.000      194.562      723.484
       7.670        0.000      194.562      723.484
       7.686        0.000      194.562      723.984
       7.703        0.000      194.562      723.984
       7.719        0.000      194.562      723.984
       7.735        0.000      194.562      723.984
       7.752        0.000      195.570      724.734
       7.768        0.000      195.570      724.734
       7.785        0.000      195.570      724.734
       7.801        0.000      195.570      724.734
       7.817        0.000      196.086      724.984
       7.833        0.000      196.086      724.984
       7.850        0.000      196.086      724.984
       7.865        0.000      196.328      725.734
       7.881        0.000      196.328      725.734
       7.896        0.000      196.586      725.957
       7.912        0.000      196.586      725.957
       7.928        0.000      197.102      726.707
       7.944        0.000      197.102      726.707
       7.960        0.000      197.102      726.707
       7.976        0.000      197.340      726.707
       7.992        0.000      197.855      726.707
       8.008        0.000      197.855      726.707
       8.024        0.000      198.105      726.707
       8.041        0.000      198.105      727.457
       8.058        0.000      198.105      727.457
       8.074        0.000      198.105      727.457
       8.091        0.000      198.105      727.457
       8.107        0.000      198.875      727.957
       8.123        0.000      198.875      727.957
       8.139        0.000      198.875      727.957
       8.155        0.000      198.875      727.957
       8.170        0.000      199.383      728.457
       8.187        0.000      199.383      728.457
       8.203        0.000      199.383      728.457
       8.219        0.000      200.152      729.707
       8.235        0.000      200.152      729.707
       8.251        0.000      200.152      729.707
       8.268        0.000      200.152      729.707
       8.284        0.000      200.914      729.957
       8.300        0.000      200.914      729.957
       8.317        0.000      200.914      729.957
       8.333        0.000      201.172      730.457
       8.349        0.000      201.172      730.457
       8.366        0.000      201.426      730.457
       8.382        0.000      201.426      730.457
       8.398        0.000      201.684      730.957
       8.414        0.000      201.684      730.957
       8.430        0.000      201.684      730.957
       8.447        0.000      202.199      731.707
       8.463        0.000      202.457      731.707
       8.480        0.000      202.457      731.707
       8.498        0.000      203.230      732.457
       8.517        0.000      203.230      732.457
       8.534        0.000      203.230      732.457
       8.550        0.000      203.230      732.457
       8.566        0.000      203.488      732.707
       8.583        0.000      203.488      732.707
       8.599        0.000      203.488      732.707
       8.615        0.000      204.250      733.207
       8.631        0.000      204.250      733.207
       8.648        0.000      204.250      733.207
       8.664        0.000      204.250      733.207
       8.680        0.000      204.766      734.207
       8.697        0.000      204.766      734.207
       8.713        0.000      204.766      734.207
       8.729        0.000      205.281      734.207
       8.745        0.000      205.535      734.207
       8.761        0.000      205.535      734.207
       8.777        0.000      205.789      735.457
       8.793        0.000      205.789      735.457
       8.810        0.000      205.789      735.457
       8.826        0.000      206.305      735.707
       8.842        0.000      206.305      735.707
       8.859        0.000      206.305      735.707
       8.875        0.000      206.555      735.707
       8.891        0.000      207.070      736.207
       8.907        0.000      207.070      736.207
       8.923        0.000      207.070      736.207
       8.940        0.000      207.574      736.457
       8.956        0.000      207.574      736.457
       8.972        0.000      207.574      736.457
       8.988        0.000      208.328      737.457
       9.005        0.000      208.328      737.457
       9.021        0.000      208.328      737.457
       9.037        0.000      208.840      737.957
       9.053        0.000      208.840      737.957
       9.069        0.000      208.840      737.957
       9.085        0.000      208.840      738.457
       9.101        0.000      208.840      738.457
       9.117        0.000      209.094      738.457
       9.133        0.000      209.867      739.207
       9.150        0.000      209.867      739.207
       9.166        0.000      209.867      739.207
       9.182        0.000      210.047      739.207
       9.198        0.000      210.305      739.707
       9.214        0.000      210.305      739.707
       9.229        0.000      210.305      739.707
       9.244        0.000      211.074      740.207
       9.260        0.000      211.074      740.207
       9.276        0.000      211.590      740.707
       9.291        0.000      211.590      740.707
       9.307        0.000      211.840      740.707
       9.323        0.000      212.355      741.707
       9.339        0.000      212.355      741.707
       9.355        0.000      212.355      741.707
       9.371        0.000      212.355      741.957
       9.386        0.000      212.613      741.957
       9.402        0.000      212.613      741.957
       9.418        0.000      213.129      742.457
       9.434        0.000      213.129      742.457
       9.450        0.000      213.129      742.457
       9.466        0.000      213.902      743.207
       9.482        0.000      214.156      743.207
       9.498        0.000      214.156      743.207
       9.514        0.000      214.414      743.707
       9.531        0.000      214.414      743.707
       9.546        0.000      215.188      744.207
       9.562        0.000      215.188      744.207
       9.578        0.000      215.188      744.207
       9.594        0.000      215.445      744.957
       9.610        0.000      215.445      744.957
       9.626        0.000      215.703      744.957
       9.642        0.000      215.961      745.207
       9.658        0.000      215.961      745.207
       9.674        0.000      216.992      745.707
       9.690        0.000      216.992      745.707
       9.706        0.000      216.992      745.707
       9.722        0.000      216.992      746.707
       9.738        0.000      217.250      746.707
       9.754        0.000      217.508      747.148
       9.769        0.000      218.277      747.398
       9.785        0.000      218.277      747.398
       9.801        0.000      218.793      748.148
       9.817        0.000      218.793      748.148
       9.834        0.000      218.793      748.148
       9.850        0.000      219.309      748.648
       9.867        0.000      219.309      748.648
       9.883        0.000      219.824      749.398
       9.899        0.000      219.824      749.398
       9.916        0.000      219.824      749.398
       9.932        0.000      220.598      749.398
       9.947        0.000      220.598      749.398
       9.962        0.000      220.855      750.648
       9.978        0.000      221.113      750.648
       9.993        0.000      221.371      751.148
      10.009        0.000      221.371      751.148
      10.025        0.000      221.371      751.148
      10.040        0.000      222.402      751.398
      10.056        0.000      222.402      751.398
      10.072        0.000      222.918      752.148
      10.088        0.000      222.918      752.148
      10.104        0.000      222.918      752.148
      10.119        0.000      223.176      752.648
      10.143        0.000      223.176      752.648
      10.168        0.000      223.098      752.176
      10.193        0.000      223.098      752.176
      10.213        0.000      223.098      752.176
      10.228        0.000      223.336      752.176
      10.245        0.000      223.336      752.176
      10.260        0.000      223.336      752.176
      10.276        0.000      223.336      752.176
      10.291        0.000      223.336      752.176
      10.307        0.000      223.336      752.176
      10.322        0.000      223.336      752.176
      10.338        0.000      223.465      752.176
      10.354        0.000      223.465      752.176
      10.369        0.000      223.465      752.176
      10.384        0.000      223.465      752.176
      10.400        0.000      223.465      752.176
      10.411        0.000      184.203      744.926
      10.421        0.000        1.980        9.512
