# Elapsed time   CPU (%)     Real (MB)   Virtual (MB)
       0.000        0.000       36.312      551.109
       0.011        0.000       38.086      551.613
       0.021        0.000       39.121      552.363
       0.032        0.000       39.816      552.523
       0.043        0.000       41.535      553.434
       0.054        0.000       42.109      553.383
       0.066        0.000       42.941      558.555
       0.077        0.000       43.742      559.082
       0.088        0.000       43.867      558.832
       0.100        0.000       45.672      559.719
       0.111        0.000       48.461      560.504
       0.122        0.000       49.137      560.301
       0.134        0.000       50.164      560.301
       0.145        0.000       51.301      561.551
       0.157        0.000       52.055      561.551
       0.169        0.000       52.176      561.551
       0.180        0.000       52.375      561.801
       0.191        0.000       53.234      563.051
       0.203        0.000       53.465      563.051
       0.214        0.000       54.371      572.301
       0.225        0.000       54.613      572.301
       0.237        0.000       54.844      572.301
       0.248        0.000       55.094      572.301
       0.260        0.000       56.109      572.551
       0.271        0.000       60.828      605.289
       0.283        0.000       64.121      615.469
       0.302        0.000       64.285      615.684
       0.319        0.000       62.492      607.316
       0.338        0.000       68.285      610.719
       0.360        0.000       70.543      611.441
       0.381        0.000       72.965      627.441
       0.400        0.000      131.781     1703.031
       0.433        0.000       73.047      627.441
       0.481        0.000       73.418      627.691
       0.524        0.000       82.926      627.945
       0.562        0.000       86.336      628.191
       0.601        0.000       97.121      628.191
       0.640        0.000      101.000      637.191
       0.682        0.000      112.930      648.941
       0.725        0.000      120.898      656.691
       0.762        0.000      110.891      645.852
       0.803        0.000      111.004      645.852
       0.839        0.000      253.012     2813.582
       0.906        0.000      265.832     2822.551
       0.977        0.000      281.168     2843.531
       1.043        0.000      290.777     2847.223
       1.087        0.000      307.344     2864.863
       1.147        0.000      320.590     2896.875
       1.207        0.000      332.496     2900.500
       1.254        0.000      337.555     2904.434
       1.302        0.000      342.066     2905.844
       1.345        0.000      358.758     2944.871
       1.396        0.000      368.445     2963.539
       1.441        0.000      379.016     2984.438
       1.485        0.000      390.336     2988.340
       1.533        0.000      407.410     2994.000
       1.578        0.000      422.824     3000.051
       1.639        0.000      434.500     3002.227
       1.684        0.000      442.973     3005.152
       1.730        0.000      453.406     3007.402
       1.773        0.000      473.184     3017.457
       1.837        0.000      488.676     3027.031
       1.906        0.000      493.848     3030.918
       1.973        0.000      506.926     3043.113
       2.028        0.000      514.285     3050.574
       2.090        0.000      517.477     3052.832
       2.133        0.000      520.895     3055.531
       2.176        0.000      529.301     3063.586
       2.220        0.000      532.117     3065.473
       2.262        0.000      542.922     3077.719
       2.324        0.000      551.219     3085.469
       2.385        0.000      563.578     3096.410
       2.458        0.000      581.406     3114.379
       2.527        0.000      581.285     3113.723
       2.593        0.000      580.316     3113.020
       2.643        0.000      581.777     3115.180
       2.685        0.000      585.055     3117.355
       2.728        0.000      587.910     3120.105
       2.771        0.000      589.152     3121.492
       2.816        0.000      594.910     3125.938
       2.865        0.000      596.352     3127.215
       2.909        0.000      601.965     3133.309
       2.951        0.000      608.801     3139.000
       2.993        0.000      614.270     3144.469
       3.038        0.000      616.070     3145.719
       3.081        0.000      624.781     3152.219
       3.137        0.000      632.074     3158.223
       3.183        0.000      637.035     3162.941
       3.232        0.000      639.961     3165.051
       3.276        0.000      643.055     3168.660
       3.319        0.000      655.148     3181.285
       3.371        0.000      670.734     3196.629
       3.437        0.000      674.078     3199.129
       3.503        0.000      686.387     3208.957
       3.575        0.000      705.203     3225.527
       3.640        0.000      713.184     3233.027
       3.705        0.000      715.227     3235.777
       3.745        0.000      734.887     3256.211
       3.812        0.000      744.758     3266.797
       3.861        0.000      747.562     3268.297
       3.904        0.000      754.609     3275.156
       3.947        0.000      762.988     3282.359
       3.997        0.000      768.211     3287.273
       4.044        0.000      781.551     3300.793
       4.094        0.000      791.078     3312.199
       4.138        0.000      796.965     3317.199
       4.182        0.000      799.789     3318.949
       4.223        0.000      806.594     3326.941
       4.267        0.000      815.297     3334.227
       4.318        0.000      827.836     3346.559
       4.387        0.000      830.152     3348.809
       4.429        0.000      836.156     3356.043
       4.477        0.000      851.215     3370.723
       4.541        0.000      861.785     3380.008
       4.610        0.000      872.816     3392.902
       4.681        0.000      882.215     3401.059
       4.732        0.000      890.426     3408.844
       4.774        0.000      893.520     3412.156
       4.816        0.000      897.062     3415.492
       4.860        0.000      907.898     3426.949
       4.907        0.000      913.781     3431.848
       4.951        0.000      922.531     3440.047
       4.995        0.000      927.148     3444.609
       5.038        0.000      935.801     3453.137
       5.083        0.000      940.176     3458.348
       5.125        0.000      951.715     3471.055
       5.172        0.000      951.980     3470.785
       5.214        0.000      965.160     3482.762
       5.259        0.000      971.086     3489.141
       5.304        0.000      977.383     3495.406
       5.348        0.000      986.070     3504.453
       5.408        0.000     1000.738     3517.891
       5.476        0.000     1008.895     3527.141
       5.541        0.000      940.961     3458.805
       5.605        0.000      944.641     3461.246
       5.650        0.000      949.328     3466.168
       5.704        0.000      925.488     3442.016
       5.750        0.000      930.043     3446.738
       5.793        0.000      928.688     3444.402
       5.838        0.000      935.539     3451.172
       5.880        0.000      937.488     3453.617
       5.929        0.000      907.895     3423.625
       5.993        0.000      901.363     3416.746
       6.064        0.000      910.543     3426.230
       6.133        0.000      905.871     3421.203
       6.188        0.000      902.117     3417.352
       6.230        0.000      904.883     3420.125
       6.273        0.000      907.398     3422.480
       6.316        0.000      905.449     3420.570
       6.358        0.000      909.043     3424.426
       6.397        0.000      902.086     3417.164
       6.440        0.000      904.629     3419.871
       6.483        0.000      910.672     3426.230
       6.527        0.000      906.180     3421.691
       6.579        0.000      902.523     3417.918
       6.627        0.000      902.777     3418.059
       6.667        0.000      912.773     3428.047
       6.715        0.000      910.148     3425.320
       6.760        0.000      904.832     3419.797
       6.806        0.000      907.918     3423.020
       6.852        0.000      909.953     3425.258
       6.896        0.000      912.434     3427.270
       6.961        0.000      913.977     3428.645
       7.006        0.000      911.488     3425.969
       7.051        0.000      911.801     3426.301
       7.097        0.000      914.320     3428.633
       7.139        0.000      915.750     3430.465
       7.182        0.000      916.121     3430.523
       7.226        0.000      916.121     3430.523
       7.267        0.000      918.109     3432.316
       7.314        0.000      920.320     3435.012
       7.357        0.000      919.406     3433.723
       7.399        0.000      922.090     3436.934
       7.440        0.000      926.785     3442.395
       7.485        0.000      929.875     3445.867
       7.537        0.000      931.402     3446.867
       7.578        0.000      932.949     3448.773
       7.618        0.000      939.926     3455.234
       7.662        0.000      957.344     3473.039
       7.710        0.000      959.395     3474.289
       7.753        0.000      960.938     3476.039
       7.795        0.000      966.434     3481.379
       7.839        0.000      978.988     3494.992
       7.884        0.000      985.168     3500.492
       7.939        0.000      969.781     3484.508
       7.987        0.000      974.641     3489.578
       8.037        0.000      978.750     3493.816
       8.084        0.000      972.066     3487.180
       8.149        0.000      973.168     3488.336
       8.219        0.000      980.059     3495.363
       8.291        0.000      984.152     3498.926
       8.360        0.000      995.664     3510.906
       8.429        0.000      997.961     3513.023
       8.500        0.000     1004.137     3519.688
       8.571        0.000     1010.906     3525.922
       8.616        0.000     1009.082     3524.723
       8.663        0.000     1011.918     3526.184
       8.709        0.000     1018.543     3533.082
       8.757        0.000     1018.176     3532.441
       8.803        0.000     1023.035     3537.520
       8.873        0.000     1029.559     3544.094
       8.939        0.000     1031.094     3545.359
       8.985        0.000      111.066      645.852
       9.029        0.000       73.414      639.980
       9.042        0.000        2.035        9.512
