# Elapsed time   CPU (%)     Real (MB)   Virtual (MB)
       0.000        0.000       35.918      545.410
       0.012        0.000       35.918      545.410
       0.024        0.000       36.887      545.832
       0.036        0.000       37.832      545.988
       0.048        0.000       39.402      546.992
       0.061        0.000       39.867      547.242
       0.073        0.000       40.602      552.242
       0.086        0.000       42.008      552.609
       0.099        0.000       42.984      552.746
       0.112        0.000       44.137      553.043
       0.125        0.000       45.387      554.500
       0.137        0.000       46.488      555.230
       0.150        0.000       48.262      555.230
       0.163        0.000       50.062      556.730
       0.176        0.000       51.336      557.523
       0.189        0.000       51.344      557.523
       0.202        0.000       51.801      557.523
       0.214        0.000       55.578      855.910
       0.229        0.000       56.367      855.910
       0.244        0.000       60.500      855.910
       0.260        0.000       64.688      856.660
       0.275        0.000       66.469      857.551
       0.288        0.000       66.980      858.406
       0.301        0.000       67.359      858.406
       0.315        0.000       67.453      858.746
       0.331        0.000      128.160     1930.012
       0.359        0.000      136.926     1936.664
       0.387        0.000      142.066     1937.645
       0.415        0.000      149.574     1942.078
       0.445        0.000      152.957     1948.031
       0.476        0.000      162.508     1961.363
       0.505        0.000      169.699     1963.027
       0.536        0.000      175.660     1982.566
       0.566        0.000      182.055     1983.551
       0.595        0.000      185.293     1987.172
       0.627        0.000      187.535     1987.484
       0.656        0.000      192.691     1987.734
       0.684        0.000      196.035     1990.742
       0.713        0.000      199.086     1990.992
       0.741        0.000      208.602     2030.074
       0.770        0.000      210.133     2030.750
       0.799        0.000      211.895     2031.184
       0.828        0.000      216.770     2032.176
       0.857        0.000      223.102     2034.492
       0.885        0.000      228.422     2037.238
       0.913        0.000      147.969     1448.445
       0.933        0.000        1.895        6.688
