# Elapsed time   CPU (%)     Real (MB)   Virtual (MB)
       0.000        0.000       37.438      545.410
       0.013        0.000       37.695      545.410
       0.024        0.000       37.695      545.410
       0.034        0.000       39.355      546.055
       0.046        0.000       40.207      546.055
       0.057        0.000       41.496      547.309
       0.070        0.000       42.695      552.309
       0.082        0.000       44.027      552.562
       0.095        0.000       44.305      552.633
       0.106        0.000       44.992      553.258
       0.118        0.000       46.215      553.070
       0.129        0.000       47.840      554.547
       0.141        0.000       50.535      555.246
       0.156        0.000       51.422      555.246
       0.169        0.000       53.422      557.316
       0.181        0.000       53.676      557.316
       0.193        0.000       54.172      557.566
       0.205        0.000       55.473      791.082
       0.218        0.000       55.910      855.453
       0.231        0.000       58.266      855.703
       0.245        0.000       61.234      855.953
       0.262        0.000       66.199      857.148
       0.279        0.000       67.230      858.449
       0.292        0.000       67.117      859.039
       0.307        0.000       67.250      859.039
       0.322        0.000       93.969     1392.273
       0.346        0.000      207.688     3015.203
       0.412        0.000      229.664     3025.020
       0.483        0.000      255.387     3060.539
       0.557        0.000      280.953     3097.812
       0.624        0.000      298.578     3112.547
       0.695        0.000      314.375     3117.000
       0.771        0.000      330.359     3124.266
       0.845        0.000      348.090     3182.582
       0.915        0.000      363.391     3205.172
       0.986        0.000      295.102     2620.293
       1.040        0.000      338.766     3160.922
       1.085        0.000      262.562     2576.078
       1.123        0.000      221.879     2528.152
       1.168        0.000      186.387     2489.219
       1.218        0.000      232.352     3029.422
       1.271        0.000      244.871     3052.371
       1.320        0.000      260.348     3067.352
       1.372        0.000      275.176     3088.512
       1.422        0.000      288.141     3100.828
       1.471        0.000      305.223     3126.004
       1.527        0.000      313.875     3135.945
       1.575        0.000      326.715     3139.125
       1.628        0.000      342.859     3166.762
       1.680        0.000      350.207     3168.617
       1.730        0.000      305.082     3134.137
       1.777        0.000      319.637     3156.293
       1.825        0.000      255.031     2572.297
       1.893        0.000      311.203     3124.465
       1.969        0.000      247.816     2558.629
       2.032        0.000      209.926     2509.676
       2.081        0.000      250.391     3063.121
       2.133        0.000      264.441     3066.363
       2.186        0.000      271.895     3072.133
       2.233        0.000      291.758     3110.828
       2.285        0.000      305.727     3115.074
       2.338        0.000      317.844     3136.305
       2.387        0.000      333.562     3160.250
       2.442        0.000      339.910     3162.512
       2.490        0.000      267.523     2592.598
       2.537        0.000      310.293     3134.121
       2.586        0.000      326.066     3156.324
       2.636        0.000      336.609     3184.203
       2.687        0.000      264.695     2599.406
       2.737        0.000      313.117     3150.582
       2.783        0.000      240.672     2566.660
       2.831        0.000      196.664     2515.113
       2.874        0.000      238.535     3065.020
       2.920        0.000      252.586     3071.430
       2.966        0.000      268.219     3078.293
       3.019        0.000      288.621     3124.516
       3.087        0.000      306.680     3150.250
       3.157        0.000      326.168     3156.766
       3.233        0.000      252.820     2569.949
       3.294        0.000      300.922     3132.262
       3.366        0.000      325.688     3175.812
       3.438        0.000      335.828     3186.273
       3.486        0.000      348.836     3190.465
       3.536        0.000      279.109     2614.207
       3.592        0.000      240.836     2567.711
       3.649        0.000      201.051     2518.738
       3.707        0.000      254.594     3073.582
       3.782        0.000      276.492     3115.859
       3.857        0.000      297.719     3129.246
       3.932        0.000      310.270     3143.008
       3.981        0.000      240.812     2564.766
       4.031        0.000      281.746     3109.242
       4.085        0.000      293.730     3110.676
       4.138        0.000      307.125     3136.113
       4.184        0.000      315.395     3142.316
       4.235        0.000      337.699     3188.266
       4.307        0.000      270.656     2611.578
       4.378        0.000      325.258     3157.469
       4.452        0.000      174.234     1988.594
       4.510        0.000      261.477     3091.246
       4.584        0.000      278.926     3106.262
       4.659        0.000      289.969     3119.691
       4.708        0.000      308.594     3143.008
       4.755        0.000      322.926     3146.211
       4.808        0.000      248.430     2568.266
       4.849        0.000      290.656     3127.242
       4.895        0.000      303.691     3132.566
       4.950        0.000      315.820     3159.707
       5.001        0.000      337.969     3179.023
       5.074        0.000      267.891     2592.195
       5.146        0.000      316.887     3156.852
       5.197        0.000      243.398     2569.738
       5.248        0.000      283.680     3115.934
       5.297        0.000      300.219     3139.301
       5.346        0.000      233.285     2563.145
       5.395        0.000      280.363     3112.715
       5.442        0.000      298.250     3126.566
       5.504        0.000      312.930     3133.801
       5.563        0.000      327.172     3149.688
       5.615        0.000      286.070     3115.906
       5.683        0.000      301.559     3147.102
       5.759        0.000      318.484     3152.949
       5.834        0.000      337.531     3166.566
       5.896        0.000      273.473     2609.137
       5.943        0.000      311.523     3147.293
       5.991        0.000      326.043     3156.051
       6.043        0.000      249.402     2568.461
       6.082        0.000      300.383     3110.914
       6.128        0.000      224.508     2529.922
       6.167        0.000      272.477     3075.375
       6.222        0.000      293.707     3107.234
       6.274        0.000      307.934     3137.492
       6.327        0.000      329.984     3155.020
       6.402        0.000      346.848     3162.559
       6.478        0.000      275.340     2607.766
       6.536        0.000      320.988     3152.254
       6.586        0.000      332.262     3154.750
       6.639        0.000      347.238     3181.855
       6.688        0.000      362.156     3189.297
       6.734        0.000      374.355     3204.512
       6.780        0.000      210.191     2026.586
       6.826        0.000      284.516     3108.172
       6.894        0.000      216.219     2522.312
       6.952        0.000      269.859     3081.207
       7.025        0.000      295.824     3128.383
       7.094        0.000      310.895     3140.637
       7.148        0.000      327.500     3146.625
       7.211        0.000      256.645     2569.555
       7.261        0.000      293.562     3107.324
       7.314        0.000      312.430     3151.137
       7.379        0.000      327.918     3162.559
       7.452        0.000      357.660     3200.574
       7.527        0.000      289.785     2616.652
       7.602        0.000      279.516     3100.219
       7.652        0.000      294.352     3109.438
       7.699        0.000      224.805     2527.445
       7.759        0.000      271.637     3082.145
       7.817        0.000      295.637     3119.117
       7.884        0.000      314.492     3140.621
       7.954        0.000      334.176     3158.227
       8.030        0.000      268.438     2574.145
       8.099        0.000      319.645     3152.469
       8.174        0.000      334.316     3159.109
       8.250        0.000      357.371     3188.918
       8.325        0.000      204.625     2015.945
       8.383        0.000      283.832     3105.645
       8.429        0.000      299.371     3110.289
       8.478        0.000      224.301     2530.676
       8.527        0.000      280.449     3082.148
       8.598        0.000      302.051     3108.906
       8.673        0.000      313.254     3132.684
       8.727        0.000      333.059     3146.918
       8.802        0.000      354.203     3181.082
       8.876        0.000      278.383     2593.785
       8.931        0.000      323.488     3154.621
       8.983        0.000      338.684     3157.902
       9.053        0.000      267.652     2578.254
       9.115        0.000      327.500     3145.262
       9.192        0.000      254.746     2569.367
       9.239        0.000      299.863     3116.203
       9.288        0.000      315.078     3132.320
       9.336        0.000      244.266     2547.820
       9.390        0.000      283.898     3087.105
       9.441        0.000      300.137     3119.031
       9.488        0.000      312.238     3123.656
       9.541        0.000      321.762     3136.199
       9.589        0.000      335.723     3162.879
       9.636        0.000      262.797     2579.727
       9.689        0.000      306.934     3130.688
       9.736        0.000      319.027     3134.629
       9.785        0.000      244.594     2548.812
       9.830        0.000      286.648     3094.051
       9.881        0.000      301.277     3120.465
       9.931        0.000      316.129     3134.055
       9.992        0.000      339.391     3166.668
      10.063        0.000      270.133     2592.012
      10.133        0.000      319.512     3136.445
      10.205        0.000      255.207     2569.836
      10.281        0.000      311.516     3123.309
      10.356        0.000      331.664     3162.223
      10.419        0.000      262.473     2578.648
      10.472        0.000      302.645     3126.539
      10.522        0.000      320.387     3136.113
      10.572        0.000      251.973     2550.473
      10.628        0.000      290.109     3106.324
      10.675        0.000      301.102     3120.832
      10.721        0.000      311.031     3123.246
      10.770        0.000      326.340     3155.070
      10.815        0.000      340.180     3167.371
      10.865        0.000      305.426     3129.004
      10.926        0.000      312.098     3133.168
      10.972        0.000      322.645     3137.512
      11.020        0.000      246.867     2566.730
      11.068        0.000      293.199     3112.320
      11.120        0.000      308.918     3129.277
      11.177        0.000      325.938     3133.980
      11.231        0.000      340.773     3167.742
      11.290        0.000      274.086     2593.508
      11.360        0.000      326.266     3153.691
      11.434        0.000      263.457     2567.520
      11.508        0.000      308.816     3111.180
      11.559        0.000      327.262     3126.602
      11.624        0.000      259.352     2576.824
      11.692        0.000      311.156     3131.031
      11.769        0.000      246.105     2547.340
      11.841        0.000      289.109     3094.645
      11.917        0.000      312.262     3122.844
      11.988        0.000      327.465     3159.270
      12.044        0.000      339.754     3164.148
      12.091        0.000      274.840     2591.840
      12.160        0.000      325.867     3136.703
      12.237        0.000      251.684     2550.445
      12.304        0.000      303.320     3121.070
      12.375        0.000      321.000     3153.496
      12.447        0.000      338.781     3167.207
      12.521        0.000      358.086     3175.676
      12.596        0.000      316.617     3132.297
      12.644        0.000      330.703     3157.316
      12.692        0.000      257.469     2570.074
      12.733        0.000      298.883     3113.930
      12.778        0.000      313.922     3124.320
      12.825        0.000      246.578     2548.375
      12.881        0.000      255.254     2567.625
      12.921        0.000      261.312     2578.691
      12.963        0.000      269.766     2581.398
      13.001        0.000      279.797     2594.418
      13.039        0.000      289.363     2596.098
      13.081        0.000      215.172     2027.922
      13.121        0.000      219.094     2028.305
      13.152        0.000      223.449     2030.883
      13.181        0.000      226.543     2031.535
      13.208        0.000      236.590     2052.137
      13.240        0.000      157.453     1463.512
      13.269        0.000      157.957     1463.512
      13.287        0.000      158.965     1463.906
      13.305        0.000      161.027     1464.789
      13.322        0.000      162.832     1465.305
      13.340        0.000      165.086     1466.191
      13.357        0.000      166.973     1466.988
      13.374        0.000       46.121      869.531
      13.394        0.000        1.898        6.688
