# Elapsed time   CPU (%)     Real (MB)   Virtual (MB)
       0.000        0.000       37.559      551.219
       0.011        0.000       38.621      551.258
       0.021        0.000       40.121      552.012
       0.031        0.000       41.215      552.512
       0.041        0.000       41.633      552.555
       0.051        0.000       43.363      553.586
       0.061        0.000       43.656      553.523
       0.071        0.000       44.422      558.953
       0.082        0.000       45.527      559.230
       0.094        0.000       46.297      559.230
       0.104        0.000       48.418      560.305
       0.114        0.000       48.828      560.180
       0.125        0.000       49.578      560.180
       0.135        0.000       50.605      560.180
       0.146        0.000       52.004      561.430
       0.156        0.000       52.531      561.430
       0.167        0.000       52.668      561.430
       0.177        0.000       52.836      561.680
       0.187        0.000       53.695      562.680
       0.198        0.000       53.953      562.680
       0.208        0.000       54.812      571.930
       0.219        0.000       55.062      571.930
       0.230        0.000       55.273      571.930
       0.241        0.000       55.449      571.930
       0.252        0.000       56.348      571.930
       0.263        0.000       59.184      573.785
       0.274        0.000       60.949      606.051
       0.288        0.000       64.406      616.770
       0.306        0.000       64.691      617.051
       0.324        0.000       62.902      608.422
       0.342        0.000       67.676      612.066
       0.363        0.000       71.781      614.633
       0.382        0.000       75.359      631.883
       0.403        0.000       77.750      632.328
       0.424        0.000      106.578     1168.523
       0.450        0.000      218.770     2794.742
       0.513        0.000       85.066      633.613
       0.556        0.000       85.883      633.613
       0.593        0.000       98.613      633.867
       0.636        0.000       97.070      634.855
       0.675        0.000       99.410      634.855
       0.715        0.000      103.301      641.355
       0.752        0.000      111.949      651.355
       0.788        0.000      123.027      661.605
       0.824        0.000      111.781      649.223
       0.860        0.000      111.781      649.223
       0.895        0.000      111.801      649.223
       0.930        0.000      119.754      657.973
       0.966        0.000      122.949      660.922
       1.001        0.000      190.383     1738.164
       1.044        0.000      271.605     2828.652
       1.087        0.000      282.047     2831.449
       1.133        0.000      285.785     2843.535
       1.176        0.000      297.422     2858.148
       1.222        0.000      319.012     2877.645
       1.291        0.000      335.340     2902.000
       1.356        0.000      347.156     2914.809
       1.407        0.000      356.234     2919.816
       1.454        0.000      360.660     2921.926
       1.503        0.000      377.105     2942.078
       1.570        0.000      391.359     2997.477
       1.634        0.000      403.832     3003.070
       1.694        0.000      428.875     3009.953
       1.756        0.000      448.945     3018.594
       1.818        0.000      459.824     3020.270
       1.875        0.000      469.883     3022.770
       1.913        0.000      483.578     3027.848
       1.966        0.000      494.824     3032.711
       2.007        0.000      501.469     3037.539
       2.048        0.000      512.230     3047.477
       2.100        0.000      519.043     3054.504
       2.168        0.000      526.121     3059.887
       2.237        0.000      534.691     3068.324
       2.304        0.000      543.660     3076.086
       2.373        0.000      551.758     3083.828
       2.436        0.000      561.746     3093.629
       2.499        0.000      576.586     3108.070
       2.567        0.000      583.746     3115.711
       2.636        0.000      589.012     3120.668
       2.689        0.000      591.871     3123.762
       2.751        0.000      598.734     3130.160
       2.822        0.000      605.152     3135.992
       2.888        0.000      604.035     3135.664
       2.950        0.000      605.160     3135.566
       2.996        0.000      607.930     3138.207
       3.037        0.000      613.230     3143.277
       3.081        0.000      621.059     3149.668
       3.135        0.000      625.066     3153.285
       3.193        0.000      637.648     3163.359
       3.265        0.000      649.629     3173.957
       3.335        0.000      655.887     3178.383
       3.400        0.000      671.566     3193.449
       3.468        0.000      682.219     3203.059
       3.529        0.000      684.277     3205.559
       3.570        0.000      693.223     3214.891
       3.613        0.000      703.262     3224.207
       3.662        0.000      718.801     3240.129
       3.717        0.000      729.074     3249.191
       3.787        0.000      739.402     3257.848
       3.858        0.000      752.895     3270.434
       3.927        0.000      759.609     3276.637
       3.976        0.000      770.684     3287.887
       4.022        0.000      774.344     3290.637
       4.063        0.000      777.703     3294.238
       4.103        0.000      785.145     3302.559
       4.146        0.000      796.859     3313.738
       4.195        0.000      800.707     3316.879
       4.235        0.000      804.953     3321.355
       4.278        0.000      815.414     3332.629
       4.320        0.000      821.203     3337.074
       4.364        0.000      828.672     3345.004
       4.408        0.000      834.562     3350.449
       4.451        0.000      842.547     3358.043
       4.493        0.000      847.941     3363.238
       4.538        0.000      856.809     3372.465
       4.606        0.000      868.289     3384.066
       4.674        0.000      880.918     3395.918
       4.744        0.000      890.031     3405.129
       4.814        0.000      900.801     3416.258
       4.884        0.000      913.715     3428.816
       4.952        0.000      922.621     3437.129
       5.021        0.000      936.246     3452.648
       5.067        0.000      937.867     3452.422
       5.134        0.000      951.484     3466.293
       5.202        0.000      959.105     3473.031
       5.270        0.000      969.699     3484.598
       5.338        0.000      984.902     3498.852
       5.406        0.000      997.008     3511.996
       5.475        0.000      967.648     3481.922
       5.535        0.000      980.617     3494.113
       5.606        0.000      992.465     3507.301
       5.673        0.000      966.734     3480.383
       5.742        0.000      967.820     3480.973
       5.811        0.000      973.438     3487.188
       5.881        0.000      975.863     3491.168
       5.936        0.000      976.910     3491.809
       5.981        0.000      970.645     3484.414
       6.037        0.000      945.945     3459.859
       6.106        0.000      941.020     3455.258
       6.172        0.000      941.020     3455.258
       6.213        0.000      944.367     3458.828
       6.252        0.000      946.051     3460.371
       6.299        0.000      942.797     3456.738
       6.341        0.000      945.113     3457.488
       6.383        0.000      952.777     3465.023
       6.443        0.000      944.684     3456.238
       6.509        0.000      946.219     3457.879
       6.550        0.000      949.305     3461.137
       6.589        0.000      952.785     3464.938
       6.633        0.000      950.625     3461.930
       6.676        0.000      948.984     3460.289
       6.720        0.000      954.379     3466.094
       6.763        0.000      955.105     3466.461
       6.806        0.000      956.535     3468.004
       6.855        0.000      955.820     3467.434
       6.926        0.000      961.410     3473.336
       6.996        0.000      964.500     3476.285
       7.065        0.000      972.785     3485.031
       7.111        0.000      974.328     3486.844
       7.151        0.000      977.145     3488.984
       7.192        0.000      981.875     3494.344
       7.237        0.000      988.570     3501.047
       7.288        0.000      987.004     3498.172
       7.334        0.000      991.621     3502.984
       7.379        0.000      996.098     3508.281
       7.425        0.000     1003.805     3515.059
       7.467        0.000     1006.379     3517.918
       7.520        0.000     1011.758     3523.578
       7.581        0.000     1006.680     3519.801
       7.631        0.000     1012.910     3525.551
       7.674        0.000     1014.969     3527.113
       7.717        0.000     1019.848     3532.609
       7.775        0.000     1024.922     3537.750
       7.839        0.000     1030.270     3543.785
       7.908        0.000     1038.172     3551.465
       7.976        0.000     1050.367     3562.562
       8.041        0.000     1055.766     3567.840
       8.104        0.000     1062.469     3574.969
       8.144        0.000     1073.660     3586.336
       8.185        0.000     1078.559     3590.957
       8.229        0.000     1083.613     3595.383
       8.272        0.000     1088.242     3600.492
       8.317        0.000     1097.457     3609.656
       8.362        0.000     1105.391     3617.316
       8.408        0.000     1108.484     3620.348
       8.449        0.000     1115.719     3627.645
       8.492        0.000     1119.285     3629.945
       8.532        0.000     1133.938     3646.090
       8.601        0.000     1141.410     3652.039
       8.657        0.000     1144.242     3655.258
       8.698        0.000     1155.711     3667.586
       8.767        0.000     1168.188     3679.637
       8.835        0.000     1172.820     3684.148
       8.906        0.000     1183.918     3695.938
       8.955        0.000     1185.648     3696.797
       8.996        0.000     1196.082     3707.305
       9.036        0.000     1199.691     3710.945
       9.077        0.000     1203.680     3715.379
       9.119        0.000     1211.621     3723.059
       9.164        0.000     1227.965     3738.812
       9.229        0.000     1233.363     3743.594
       9.296        0.000     1242.082     3753.219
       9.364        0.000     1253.613     3764.070
       9.435        0.000     1260.629     3771.062
       9.503        0.000     1259.773     3771.938
       9.574        0.000     1266.727     3778.898
       9.624        0.000     1273.801     3785.562
       9.671        0.000     1277.645     3789.289
       9.718        0.000     1280.223     3791.773
       9.761        0.000     1284.324     3797.000
       9.807        0.000     1295.688     3807.477
       9.860        0.000     1302.125     3813.223
       9.929        0.000     1303.422     3813.227
       9.998        0.000     1302.230     3812.875
      10.065        0.000     1312.062     3822.969
      10.111        0.000     1312.895     3822.457
      10.167        0.000     1317.004     3826.105
      10.218        0.000     1324.395     3834.777
      10.266        0.000     1327.227     3836.668
      10.305        0.000     1329.113     3839.168
      10.348        0.000     1332.977     3842.578
      10.390        0.000     1340.715     3850.383
      10.432        0.000     1344.730     3852.797
      10.476        0.000     1345.727     3853.242
      10.519        0.000     1348.816     3856.695
      10.561        0.000     1361.008     3869.199
      10.619        0.000     1369.508     3876.488
      10.683        0.000     1369.715     3876.711
      10.747        0.000     1380.121     3887.969
      10.809        0.000     1388.359     3895.797
      10.851        0.000     1388.980     3896.367
      10.909        0.000     1395.945     3903.133
      10.973        0.000     1416.547     3924.887
      11.038        0.000     1416.707     3924.613
      11.100        0.000     1421.090     3927.754
      11.142        0.000     1433.504     3941.441
      11.196        0.000     1442.820     3949.840
      11.266        0.000     1450.793     3957.957
      11.336        0.000     1465.500     3973.461
      11.403        0.000     1469.332     3975.750
      11.453        0.000     1476.645     3983.320
      11.496        0.000     1481.906     3988.789
      11.541        0.000     1486.254     3992.594
      11.584        0.000     1497.316     4003.887
      11.630        0.000     1503.242     4009.949
      11.671        0.000     1511.949     4018.680
      11.723        0.000     1524.430     4030.934
      11.794        0.000     1537.547     4044.023
      11.861        0.000     1543.461     4049.242
      11.929        0.000     1561.648     4068.668
      11.998        0.000     1569.980     4076.195
      12.068        0.000     1583.906     4091.750
      12.136        0.000     1600.059     4106.578
      12.204        0.000     1608.215     4115.094
      12.273        0.000     1619.305     4126.891
      12.326        0.000     1628.992     4135.992
      12.382        0.000     1631.316     4137.742
      12.424        0.000     1634.152     4140.234
      12.465        0.000     1645.223     4152.090
      12.508        0.000     1656.230     4163.879
      12.552        0.000     1660.598     4166.648
      12.595        0.000     1663.176     4168.398
      12.637        0.000     1671.555     4178.074
      12.679        0.000     1677.000     4183.297
      12.723        0.000     1686.430     4192.633
      12.767        0.000     1691.715     4198.105
      12.813        0.000     1700.559     4207.188
      12.856        0.000     1710.363     4215.410
      12.920        0.000     1719.078     4224.855
      12.990        0.000     1731.262     4237.016
      13.056        0.000     1743.777     4248.586
      13.109        0.000     1749.203     4255.125
      13.157        0.000     1758.133     4263.410
      13.225        0.000     1769.121     4275.656
      13.294        0.000     1782.508     4289.070
      13.343        0.000     1787.148     4293.215
      13.385        0.000     1792.066     4298.191
      13.427        0.000     1803.359     4310.824
      13.469        0.000     1812.164     4318.883
      13.514        0.000     1816.289     4322.023
      13.556        0.000     1820.703     4324.969
      13.600        0.000     1831.520     4336.945
      13.647        0.000     1718.758     4222.969
      13.699        0.000     1730.125     4234.793
      13.745        0.000     1736.117     4240.793
      13.788        0.000     1740.113     4244.668
      13.828        0.000     1743.980     4248.215
      13.869        0.000     1753.512     4257.938
      13.909        0.000     1755.371     4261.156
      13.950        0.000     1757.691     4263.406
      13.988        0.000     1765.242     4270.949
      14.031        0.000     1768.852     4274.879
      14.072        0.000     1774.621     4280.824
      14.121        0.000     1783.895     4288.957
      14.191        0.000     1794.199     4299.688
      14.258        0.000     1798.699     4304.375
      14.326        0.000     1805.316     4309.992
      14.374        0.000     1813.543     4317.203
      14.419        0.000     1815.859     4319.922
      14.460        0.000     1819.324     4323.461
      14.505        0.000     1826.840     4330.508
      14.549        0.000     1831.465     4334.930
      14.592        0.000     1835.719     4338.867
      14.633        0.000     1838.039     4341.703
      14.675        0.000     1842.934     4346.453
      14.714        0.000     1850.719     4353.992
      14.757        0.000     1854.586     4357.383
      14.798        0.000     1861.180     4363.297
      14.846        0.000     1865.148     4367.742
      14.900        0.000     1755.562     4256.742
      14.946        0.000     1761.520     4263.059
      14.987        0.000     1761.215     4262.977
      15.030        0.000     1766.215     4267.562
      15.071        0.000     1764.184     4266.375
      15.116        0.000     1770.082     4271.625
      15.159        0.000     1774.617     4277.453
      15.202        0.000     1779.258     4280.891
      15.244        0.000     1780.949     4281.891
      15.287        0.000     1783.445     4284.914
      15.330        0.000     1785.594     4287.133
      15.377        0.000     1789.438     4290.602
      15.421        0.000     1796.906     4296.625
      15.464        0.000     1795.574     4295.633
      15.511        0.000     1801.836     4301.547
      15.554        0.000     1809.930     4308.906
      15.614        0.000     1810.828     4309.266
      15.683        0.000     1816.379     4314.551
      15.744        0.000     1823.555     4322.020
      15.786        0.000     1825.246     4323.270
      15.836        0.000     1826.535     4324.359
      15.880        0.000     1829.094     4327.328
      15.923        0.000     1835.039     4332.828
      15.966        0.000     1841.484     4339.754
      16.011        0.000     1842.418     4340.465
      16.054        0.000     1847.062     4345.453
      16.097        0.000     1847.836     4345.953
      16.139        0.000     1854.305     4352.699
      16.202        0.000     1861.371     4359.238
      16.270        0.000     1863.941     4362.703
      16.317        0.000     1866.828     4364.730
      16.360        0.000     1871.723     4369.512
      16.401        0.000     1879.973     4377.801
      16.444        0.000     1881.367     4379.219
      16.488        0.000     1883.172     4380.332
      16.530        0.000     1889.348     4387.738
      16.574        0.000     1897.074     4393.848
      16.616        0.000     1900.199     4396.758
      16.675        0.000     1902.004     4398.258
      16.734        0.000     1908.176     4404.770
      16.776        0.000     1909.574     4405.840
      16.821        0.000     1915.219     4412.219
      16.865        0.000     1916.512     4413.266
      16.907        0.000     1918.059     4414.516
      16.948        0.000     1924.648     4421.121
      16.992        0.000     1931.082     4428.629
      17.044        0.000     1935.207     4432.262
      17.104        0.000     1844.457     4341.684
      17.155        0.000     1847.008     4344.215
      17.196        0.000     1851.152     4348.234
      17.240        0.000     1857.113     4354.320
      17.282        0.000     1858.918     4355.883
      17.324        0.000     1865.352     4363.395
      17.367        0.000     1868.742     4365.758
      17.408        0.000     1876.059     4372.977
      17.449        0.000     1880.691     4376.945
      17.489        0.000     1882.496     4378.695
      17.529        0.000     1893.645     4391.148
      17.581        0.000     1896.734     4393.168
      17.629        0.000     1898.535     4394.918
      17.670        0.000     1906.152     4402.375
      17.713        0.000     1912.066     4407.883
      17.755        0.000     1915.309     4412.516
      17.795        0.000     1915.379     4412.625
      17.840        0.000     1923.285     4421.500
      17.886        0.000     1929.469     4426.664
      17.930        0.000     1933.078     4430.375
      17.971        0.000     1933.137     4429.859
      18.015        0.000     1940.258     4437.688
      18.058        0.000     1945.832     4443.117
      18.109        0.000     1944.863     4441.086
      18.181        0.000     1958.555     4455.062
      18.250        0.000     1960.906     4456.625
      18.318        0.000     1878.707     4374.953
      18.387        0.000     1889.562     4385.734
      18.458        0.000     1893.590     4389.352
      18.528        0.000     1895.195     4391.359
      18.596        0.000     1905.574     4401.812
      18.667        0.000     1913.027     4408.348
      18.739        0.000     1925.434     4421.641
      18.808        0.000     1930.594     4426.141
      18.877        0.000     1936.738     4431.668
      18.948        0.000     1947.465     4442.543
      19.017        0.000     1954.422     4449.262
      19.086        0.000     1762.492     4256.262
      19.158        0.000     1765.965     4258.270
      19.227        0.000     1774.910     4267.508
      19.286        0.000     1778.246     4269.938
      19.327        0.000     1779.699     4271.188
      19.370        0.000     1786.379     4277.609
      19.441        0.000     1793.637     4284.859
      19.511        0.000     1796.371     4287.000
      19.559        0.000     1800.898     4291.359
      19.612        0.000     1807.988     4297.656
      19.681        0.000     1811.312     4303.242
      19.750        0.000     1816.465     4308.242
      19.792        0.000     1819.867     4311.211
      19.837        0.000     1826.047     4317.172
      19.881        0.000     1831.203     4322.172
      19.924        0.000     1835.859     4327.695
      19.970        0.000     1838.133     4329.938
      20.030        0.000     1840.191     4331.688
      20.070        0.000     1851.523     4342.668
      20.116        0.000     1860.562     4353.012
      20.163        0.000     1862.164     4353.926
      20.208        0.000     1863.707     4354.926
      20.249        0.000     1868.348     4359.707
      20.289        0.000     1874.344     4366.207
      20.341        0.000     1882.234     4373.949
      20.401        0.000     1888.059     4379.457
      20.520        0.000     1892.441     4384.988
      20.581        0.000     1904.090     4395.699
      20.640        0.000     1904.188     4395.246
      20.682        0.000     1909.367     4400.984
      20.725        0.000     1912.969     4404.027
      20.768        0.000     1925.965     4416.324
      20.815        0.000     1927.770     4418.324
      20.859        0.000     1934.727     4425.371
      20.902        0.000     1938.434     4428.738
      20.950        0.000     1919.691     4410.539
      21.000        0.000     1768.617     4258.598
      21.046        0.000     1771.711     4261.488
      21.088        0.000     1778.496     4269.598
      21.132        0.000     1780.965     4271.598
      21.174        0.000     1784.500     4274.652
      21.217        0.000     1785.723     4276.152
      21.260        0.000     1791.770     4282.445
      21.304        0.000     1794.297     4284.566
      21.350        0.000     1795.070     4285.566
      21.391        0.000     1798.121     4288.457
      21.434        0.000     1799.316     4289.207
      21.476        0.000     1810.969     4300.590
      21.531        0.000     1812.164     4301.340
      21.599        0.000     1816.535     4305.371
      21.645        0.000     1817.824     4306.777
      21.687        0.000     1823.379     4313.027
      21.732        0.000     1830.473     4319.277
      21.793        0.000     1833.559     4322.168
      21.849        0.000     1838.473     4327.168
      21.889        0.000     1840.039     4328.637
      21.933        0.000     1845.195     4333.918
      21.974        0.000     1846.227     4334.918
      22.014        0.000     1849.699     4338.777
      22.058        0.000     1850.379     4339.527
      22.101        0.000     1858.094     4346.668
      22.143        0.000     1861.184     4349.559
      22.184        0.000     1860.574     4348.918
      22.226        0.000     1863.000     4352.637
      22.271        0.000     1874.434     4362.809
      22.342        0.000     1849.355     4368.309
      22.400        0.000     1848.848     4367.668
      22.442        0.000     1852.750     4372.027
      22.484        0.000     1862.266     4381.309
      22.528        0.000     1864.844     4383.949
      22.569        0.000     1864.492     4383.309
      22.610        0.000     1872.059     4391.199
      22.653        0.000     1871.703     4390.309
      22.700        0.000     1877.191     4395.668
      22.772        0.000     1884.734     4403.559
      22.837        0.000     1887.570     4405.449
      22.876        0.000     1888.664     4407.168
      22.930        0.000     1895.020     4412.809
      23.000        0.000     1903.148     4420.949
      23.071        0.000     1905.562     4423.277
      23.138        0.000     1910.195     4428.059
      23.205        0.000     1915.906     4434.309
      23.247        0.000     1917.359     4435.059
      23.292        0.000     1802.195     4320.168
      23.347        0.000     1767.191     4284.961
      23.390        0.000     1768.477     4286.211
      23.430        0.000     1772.953     4291.070
      23.474        0.000     1779.551     4297.320
      23.520        0.000     1783.930     4301.102
      23.561        0.000     1784.961     4302.602
      23.602        0.000     1791.383     4309.102
      23.651        0.000     1794.637     4312.852
      23.694        0.000     1795.715     4313.570
      23.739        0.000     1800.094     4318.102
      23.780        0.000     1801.383     4319.352
      23.821        0.000     1810.043     4327.820
      23.871        0.000     1814.066     4330.961
      23.943        0.000     1821.348     4339.508
      24.013        0.000     1828.469     4346.305
      24.083        0.000     1828.848     4346.586
      24.154        0.000     1837.883     4355.227
      24.218        0.000     1841.230     4358.668
      24.263        0.000     1846.289     4363.777
      24.323        0.000     1853.074     4371.027
      24.394        0.000     1855.031     4372.027
      24.461        0.000     1861.926     4379.027
      24.527        0.000     1863.625     4380.027
      24.575        0.000     1835.441     4366.383
      24.627        0.000     1839.047     4369.320
      24.668        0.000     1845.484     4376.242
      24.712        0.000     1845.156     4375.820
      24.780        0.000     1854.008     4384.711
      24.849        0.000     1856.918     4387.117
      24.916        0.000     1865.199     4395.086
      24.965        0.000     1868.551     4397.977
      25.006        0.000     1873.965     4403.773
      25.047        0.000     1877.988     4407.773
      25.101        0.000     1881.887     4412.102
      25.161        0.000     1818.812     4350.602
      25.211        0.000     1743.539     4263.188
      25.280        0.000     1750.609     4270.438
      25.334        0.000     1754.836     4274.047
      25.378        0.000     1756.641     4275.547
      25.419        0.000     1760.914     4279.973
      25.466        0.000     1770.324     4290.871
      25.536        0.000     1776.176     4295.375
      25.604        0.000     1786.336     4303.305
      25.673        0.000     1790.684     4305.430
      25.746        0.000     1799.941     4315.379
      25.813        0.000     1808.531     4324.977
      25.883        0.000     1811.000     4326.477
      25.953        0.000     1820.250     4336.742
      26.022        0.000     1826.453     4342.352
      26.092        0.000     1827.906     4343.602
      26.144        0.000     1832.844     4348.211
      26.187        0.000     1834.039     4348.867
      26.230        0.000     1838.668     4354.148
      26.271        0.000     1849.305     4365.648
      26.318        0.000     1847.820     4363.867
      26.370        0.000     1705.703     4220.879
      26.422        0.000     1714.953     4230.301
      26.474        0.000     1713.215     4228.020
      26.544        0.000     1715.836     4230.660
      26.614        0.000     1718.062     4233.051
      26.680        0.000     1720.625     4235.270
      26.737        0.000     1722.035     4236.270
      26.785        0.000     1724.734     4239.066
      26.835        0.000     1727.574     4241.785
      26.886        0.000     1729.891     4243.926
      26.927        0.000     1733.746     4248.457
      26.967        0.000     1735.715     4249.395
      27.010        0.000     1738.293     4252.113
      27.055        0.000     1738.199     4252.613
      27.096        0.000     1740.004     4253.363
      27.137        0.000     1716.594     4229.922
      27.191        0.000     1669.312     4182.219
      27.247        0.000     1569.594     4082.293
      27.307        0.000     1569.754     4082.293
      27.373        0.000     1573.844     4085.824
      27.443        0.000     1571.102     4082.676
      27.485        0.000     1572.609     4084.316
      27.526        0.000     1572.551     4084.316
      27.569        0.000     1572.609     4084.566
      27.614        0.000     1573.121     4084.566
      27.656        0.000     1570.270     4081.535
      27.700        0.000     1573.859     4085.316
      27.742        0.000     1578.105     4090.066
      27.786        0.000     1578.523     4090.316
      27.831        0.000     1577.656     4089.426
      27.872        0.000     1578.332     4090.176
      27.929        0.000     1583.965     4095.176
      27.999        0.000     1584.902     4095.926
      28.065        0.000     1591.191     4103.066
      28.133        0.000     1588.684     4100.285
      28.201        0.000     1595.645     4107.457
      28.271        0.000     1597.250     4107.926
      28.340        0.000     1601.016     4111.707
      28.406        0.000     1603.379     4113.926
      28.477        0.000     1604.410     4114.926
      28.546        0.000     1613.574     4124.598
      28.614        0.000     1613.035     4123.707
      28.682        0.000     1621.172     4132.488
      28.752        0.000     1623.234     4134.129
      28.797        0.000     1622.359     4132.988
      28.841        0.000     1623.129     4133.488
      28.885        0.000     1624.934     4135.379
      28.927        0.000     1630.996     4141.770
      28.988        0.000     1632.191     4142.270
      29.056        0.000     1633.371     4143.520
      29.126        0.000     1636.551     4146.879
      29.196        0.000     1637.770     4149.020
      29.264        0.000     1640.246     4151.660
      29.332        0.000     1642.895     4154.770
      29.400        0.000     1645.023     4156.910
      29.469        0.000     1644.285     4156.020
      29.539        0.000     1643.828     4155.379
      29.602        0.000     1649.848     4161.520
      29.644        0.000     1650.523     4162.020
      29.687        0.000     1651.297     4162.520
      29.729        0.000     1652.785     4163.988
      29.780        0.000     1657.668     4168.520
      29.851        0.000     1658.082     4169.020
      29.901        0.000     1660.707     4171.879
      29.943        0.000     1661.160     4172.129
      29.985        0.000     1664.758     4175.660
      30.028        0.000     1662.242     4172.879
      30.071        0.000     1662.922     4173.379
      30.114        0.000     1666.297     4178.379
      30.157        0.000     1667.488     4178.379
      30.199        0.000     1669.551     4180.270
      30.248        0.000     1511.426     4022.238
      30.297        0.000     1511.801     4022.488
      30.347        0.000     1515.688     4026.738
      30.391        0.000     1516.203     4026.988
      30.432        0.000     1518.164     4028.879
      30.483        0.000     1356.102     3866.738
      30.535        0.000     1357.395     3868.457
      30.578        0.000     1359.668     3870.254
      30.618        0.000     1365.703     3875.852
      30.663        0.000     1364.742     3874.961
      30.709        0.000     1367.832     3878.961
      30.751        0.000     1366.328     3876.930
      30.793        0.000     1370.707     3881.211
      30.833        0.000     1372.676     3883.602
      30.876        0.000     1373.809     3885.820
      30.920        0.000     1375.355     3886.820
      30.974        0.000     1379.945     3892.070
      31.033        0.000     1381.020     3895.820
      31.083        0.000     1382.410     3897.039
      31.141        0.000     1386.598     3901.070
      31.187        0.000     1387.270     3901.570
      31.231        0.000     1392.074     3906.820
      31.277        0.000     1393.012     3906.820
      31.343        0.000     1393.602     3907.570
      31.395        0.000     1397.461     3909.711
      31.436        0.000     1400.117     3911.430
      31.481        0.000     1403.973     3914.961
      31.522        0.000     1405.676     3917.352
      31.565        0.000     1405.566     3916.461
      31.612        0.000     1406.926     3918.430
      31.656        0.000     1409.246     3920.320
      31.701        0.000     1413.355     3924.102
      31.745        0.000     1413.672     3924.711
      31.799        0.000     1418.852     3929.961
      31.864        0.000     1424.152     3935.742
      31.935        0.000     1426.879     3938.711
      32.003        0.000     1430.621     3942.352
      32.071        0.000     1436.023     3947.211
      32.143        0.000     1440.570     3951.242
      32.210        0.000     1444.027     3954.992
      32.280        0.000     1447.984     3959.852
      32.351        0.000     1452.816     3964.242
      32.418        0.000     1453.551     3966.238
      32.487        0.000     1461.797     3973.773
      32.555        0.000     1467.191     3979.383
      32.625        0.000     1471.820     3983.633
      32.693        0.000     1476.715     3988.664
      32.763        0.000     1483.266     3995.633
      32.822        0.000     1484.445     3996.383
      32.864        0.000     1487.281     3999.273
      32.906        0.000     1489.859     4001.414
      32.947        0.000     1494.629     4006.492
      32.992        0.000     1496.332     4007.492
      33.050        0.000     1500.695     4012.273
      33.102        0.000     1505.848     4017.773
      33.157        0.000     1507.969     4019.492
      33.204        0.000     1510.547     4022.133
      33.248        0.000     1514.406     4025.633
      33.299        0.000     1516.066     4027.242
      33.346        0.000     1521.449     4032.914
      33.390        0.000     1523.520     4035.633
      33.435        0.000     1527.629     4039.742
      33.479        0.000     1526.762     4038.352
      33.522        0.000     1532.688     4043.773
      33.566        0.000     1534.129     4045.273
      33.614        0.000     1537.746     4048.883
      33.676        0.000     1541.309     4052.992
      33.720        0.000     1546.449     4057.023
      33.760        0.000     1551.508     4062.773
      33.804        0.000     1552.797     4063.023
      33.842        0.000     1551.672     4062.133
      33.881        0.000     1557.215     4068.383
      33.933        0.000     1569.836     4081.805
      33.997        0.000     1559.008     4070.242
      34.062        0.000     1566.773     4078.852
      34.125        0.000     1571.809     4082.996
      34.191        0.000     1575.734     4088.027
      34.254        0.000     1580.664     4093.355
      34.315        0.000     1584.754     4097.137
      34.358        0.000     1587.848     4099.527
      34.400        0.000     1590.430     4102.277
      34.448        0.000     1566.457     4078.105
      34.502        0.000     1571.906     4084.355
      34.547        0.000     1574.738     4086.641
      34.591        0.000     1577.250     4088.531
      34.633        0.000     1577.668     4089.531
      34.677        0.000     1582.848     4094.531
      34.722        0.000     1588.379     4100.281
      34.782        0.000     1589.301     4100.891
      34.853        0.000     1598.559     4110.738
      34.915        0.000     1603.430     4115.098
      34.977        0.000     1608.199     4120.848
      35.042        0.000     1613.004     4123.988
      35.104        0.000     1619.648     4130.957
      35.160        0.000     1622.898     4133.598
      35.211        0.000     1625.988     4136.988
      35.253        0.000     1630.371     4142.316
      35.302        0.000     1635.262     4146.598
      35.371        0.000     1640.836     4152.848
      35.440        0.000     1644.219     4155.164
      35.495        0.000     1649.781     4160.414
      35.536        0.000     1651.070     4161.664
      35.576        0.000     1656.164     4166.914
      35.620        0.000     1656.938     4167.914
      35.661        0.000     1661.078     4172.523
      35.706        0.000     1662.109     4173.023
      35.747        0.000     1664.430     4175.414
      35.788        0.000     1668.805     4180.164
      35.832        0.000     1671.895     4183.914
      35.873        0.000     1672.176     4183.633
      35.916        0.000     1676.297     4187.414
      35.956        0.000     1678.684     4190.133
      36.000        0.000     1682.551     4193.914
      36.040        0.000     1684.004     4195.070
      36.085        0.000     1688.219     4199.680
      36.129        0.000     1695.215     4207.070
      36.179        0.000     1693.480     4204.289
      36.224        0.000     1697.602     4208.320
      36.265        0.000     1702.660     4213.887
      36.308        0.000     1709.617     4221.027
      36.352        0.000     1710.812     4222.027
      36.394        0.000     1713.648     4224.418
      36.438        0.000     1725.461     4237.809
      36.495        0.000     1727.430     4238.559
      36.565        0.000     1733.863     4245.090
      36.632        0.000     1739.188     4250.809
      36.694        0.000     1739.859     4251.559
      36.737        0.000     1742.438     4253.449
      36.780        0.000     1745.523     4256.699
      36.824        0.000     1749.637     4260.344
      36.885        0.000     1757.062     4267.984
      36.938        0.000     1757.578     4268.484
      36.980        0.000     1759.637     4270.551
      37.022        0.000     1764.098     4276.051
      37.065        0.000     1767.094     4278.348
      37.110        0.000     1756.645     4267.641
      37.162        0.000     1617.137     4127.414
      37.209        0.000     1615.754     4126.023
      37.251        0.000     1619.012     4129.047
      37.295        0.000     1621.590     4131.906
      37.337        0.000     1625.230     4135.516
      37.390        0.000     1624.824     4136.266
      37.460        0.000     1627.309     4138.906
      37.531        0.000     1632.863     4144.656
      37.596        0.000     1634.277     4145.562
      37.667        0.000     1633.828     4145.078
      37.738        0.000     1642.164     4153.109
      37.790        0.000     1644.742     4155.250
      37.831        0.000     1644.273     4154.719
      37.872        0.000     1645.562     4156.219
      37.909        0.000     1650.590     4161.719
      37.950        0.000     1655.941     4167.719
      37.993        0.000     1663.555     4174.359
      38.040        0.000     1665.004     4175.609
      38.093        0.000     1657.684     4168.141
      38.140        0.000     1663.977     4175.359
      38.198        0.000     1665.461     4179.953
      38.260        0.000     1665.004     4178.562
      38.307        0.000     1663.879     4177.422
      38.351        0.000     1665.992     4179.562
      38.396        0.000     1668.777     4183.172
      38.439        0.000     1674.152     4188.234
      38.481        0.000     1675.180     4189.234
      38.525        0.000     1674.055     4188.094
      38.569        0.000     1679.125     4193.094
      38.612        0.000     1683.500     4197.125
      38.656        0.000     1687.367     4199.266
      38.699        0.000     1691.016     4201.984
      38.752        0.000     1693.367     4203.625
      38.820        0.000     1696.203     4206.266
      38.890        0.000     1697.164     4207.594
      38.956        0.000     1699.719     4209.484
      39.029        0.000     1702.074     4212.234
      39.096        0.000     1705.887     4216.125
      39.164        0.000     1707.270     4217.734
      39.234        0.000     1709.070     4219.484
      39.301        0.000     1711.391     4222.125
      39.365        0.000     1714.027     4225.844
      39.409        0.000     1714.934     4225.844
      39.449        0.000     1716.738     4227.484
      39.488        0.000     1719.215     4229.875
      39.529        0.000     1720.234     4230.375
      39.570        0.000     1722.895     4233.094
      39.612        0.000     1723.574     4233.594
      39.655        0.000     1723.996     4234.094
      39.698        0.000     1731.105     4241.984
      39.741        0.000     1731.879     4241.984
      39.783        0.000     1736.391     4246.375
      39.829        0.000     1737.160     4247.703
      39.898        0.000     1743.395     4253.594
      39.962        0.000     1748.035     4258.375
      40.028        0.000     1752.535     4262.734
      40.093        0.000     1760.379     4270.375
      40.164        0.000     1762.441     4272.266
      40.207        0.000     1761.832     4271.125
      40.250        0.000     1765.469     4275.484
      40.294        0.000     1770.246     4280.234
      40.338        0.000     1772.820     4282.625
      40.380        0.000     1774.109     4284.125
      40.422        0.000     1776.750     4286.516
      40.466        0.000     1783.160     4294.234
      40.509        0.000     1785.988     4296.125
      40.550        0.000     1787.020     4296.875
      40.593        0.000     1788.359     4297.875
      40.643        0.000     1795.355     4306.375
      40.687        0.000     1799.918     4309.875
      40.756        0.000     1801.109     4311.125
      40.827        0.000     1807.957     4318.266
      40.896        0.000     1810.266     4321.234
      40.949        0.000     1815.160     4326.875
      40.992        0.000     1816.512     4326.734
      41.036        0.000     1817.703     4327.984
      41.081        0.000     1821.828     4332.016
      41.125        0.000     1828.020     4339.484
      41.180        0.000     1652.215     4162.844
      41.226        0.000     1651.664     4162.203
      41.270        0.000     1654.242     4164.344
      41.311        0.000     1663.742     4175.516
      41.357        0.000     1668.848     4179.875
      41.401        0.000     1668.492     4178.984
      41.445        0.000     1676.742     4187.266
      41.490        0.000     1678.016     4187.766
      41.533        0.000     1678.953     4188.766
      41.577        0.000     1682.270     4192.906
      41.620        0.000     1688.500     4199.766
      41.668        0.000     1690.039     4200.016
      41.710        0.000     1692.355     4202.156
      41.752        0.000     1698.172     4208.906
      41.809        0.000     1703.828     4214.656
      41.878        0.000     1707.680     4217.797
      41.949        0.000     1714.840     4227.020
      42.017        0.000     1720.527     4232.520
      42.086        0.000     1725.809     4237.551
      42.156        0.000     1732.328     4244.520
      42.224        0.000     1738.441     4250.191
      42.292        0.000     1646.832     4159.520
      42.350        0.000     1571.285     4081.094
      42.416        0.000     1577.246     4087.266
      42.488        0.000     1580.363     4090.625
      42.554        0.000     1579.496     4089.734
      42.611        0.000     1581.660     4091.625
      42.651        0.000     1582.875     4093.766
      42.704        0.000     1582.984     4093.844
      42.755        0.000     1587.363     4097.875
      42.827        0.000     1590.527     4101.234
      42.900        0.000     1594.766     4105.516
      42.970        0.000     1597.660     4105.125
      43.041        0.000     1599.012     4106.094
      43.114        0.000     1606.223     4113.156
      43.183        0.000     1604.215     4111.375
      43.236        0.000     1605.762     4112.594
      43.278        0.000     1607.562     4114.234
      43.320        0.000     1609.879     4116.375
      43.363        0.000     1612.094     4118.766
      43.415        0.000     1616.227     4122.625
      43.487        0.000     1621.367     4128.047
      43.559        0.000     1622.082     4129.125
      43.629        0.000     1622.863     4129.125
      43.674        0.000     1623.379     4129.625
      43.714        0.000     1628.773     4135.297
      43.754        0.000     1632.188     4138.656
      43.800        0.000     1631.320     4137.766
      43.842        0.000     1633.543     4139.906
      43.884        0.000     1638.816     4145.656
      43.926        0.000     1641.137     4147.297
      43.970        0.000     1641.395     4147.547
      44.010        0.000     1639.129     4145.016
      44.051        0.000     1641.352     4146.906
      44.092        0.000     1644.160     4149.297
      44.132        0.000     1648.875     4154.547
      44.177        0.000     1647.750     4153.406
      44.219        0.000     1646.625     4152.266
      44.260        0.000     1649.082     4154.406
      44.303        0.000     1652.691     4158.188
      44.345        0.000     1656.816     4160.156
      44.402        0.000     1659.473     4160.406
      44.462        0.000     1658.344     4162.547
      44.506        0.000     1661.938     4166.328
      44.549        0.000     1663.617     4168.797
      44.594        0.000     1664.031     4169.047
      44.636        0.000     1666.086     4170.938
      44.688        0.000     1593.602     4098.266
      44.736        0.000     1594.254     4098.516
      44.780        0.000     1598.180     4102.375
      44.827        0.000     1601.812     4105.906
      44.868        0.000     1600.945     4105.016
      44.911        0.000     1603.168     4107.156
      44.953        0.000     1606.414     4109.625
      45.007        0.000     1608.008     4113.406
      45.080        0.000     1605.992     4110.875
      45.149        0.000     1608.043     4113.016
      45.189        0.000     1614.902     4120.406
      45.254        0.000     1614.445     4119.016
      45.325        0.000     1622.672     4128.297
      45.392        0.000     1621.961     4126.906
      45.456        0.000     1622.898     4127.656
      45.518        0.000     1623.414     4128.156
      45.558        0.000     1627.512     4132.188
      45.597        0.000     1630.367     4135.297
      45.642        0.000     1627.859     4132.266
      45.686        0.000     1629.922     4134.406
      45.726        0.000     1635.559     4140.406
      45.779        0.000     1636.281     4140.406
      45.848        0.000     1637.219     4141.156
      45.893        0.000     1641.977     4146.656
      45.936        0.000     1642.656     4146.906
      45.980        0.000     1645.234     4149.297
      46.022        0.000     1644.750     4150.547
      46.065        0.000     1645.504     4151.125
      46.112        0.000     1649.371     4154.906
      46.154        0.000     1650.660     4156.156
      46.195        0.000     1655.023     4160.438
      46.245        0.000     1649.172     4155.121
      46.298        0.000     1609.453     4113.730
      46.349        0.000     1508.113     4010.980
      46.414        0.000     1511.086     4014.840
      46.463        0.000     1513.391     4016.980
      46.513        0.000     1513.812     4017.230
      46.555        0.000     1514.582     4017.980
      46.597        0.000     1519.875     4023.152
      46.639        0.000     1521.586     4024.621
      46.686        0.000     1520.625     4023.230
      46.730        0.000     1521.398     4024.230
      46.771        0.000     1526.383     4029.730
      46.821        0.000     1530.750     4033.762
      46.894        0.000     1529.785     4032.871
      46.965        0.000     1538.066     4041.902
      47.034        0.000     1535.812     4038.871
      47.106        0.000     1539.035     4042.902
      47.175        0.000     1541.258     4043.652
      47.245        0.000     1541.773     4044.730
      47.291        0.000     1544.609     4048.012
      47.332        0.000     1547.438     4049.902
      47.373        0.000     1545.074     4048.258
      47.423        0.000     1550.441     4054.258
      47.478        0.000     1550.957     4054.508
      47.519        0.000     1555.336     4057.789
      47.564        0.000     1552.977     4055.137
      47.609        0.000     1555.297     4057.918
      47.652        0.000     1556.652     4059.809
      47.694        0.000     1560.336     4063.668
      47.750        0.000     1561.273     4064.168
      47.799        0.000     1563.066     4066.309
      47.841        0.000     1564.000     4066.957
      47.882        0.000     1568.816     4072.707
      47.926        0.000     1569.746     4072.957
      47.987        0.000     1572.570     4075.738
      48.028        0.000     1576.340     4079.848
      48.078        0.000     1577.527     4079.848
      48.148        0.000     1578.367     4081.098
      48.219        0.000     1586.594     4090.145
      48.284        0.000     1589.547     4093.004
      48.353        0.000     1591.453     4094.254
      48.425        0.000     1594.547     4097.551
      48.487        0.000     1602.203     4106.660
      48.532        0.000     1605.461     4108.551
      48.602        0.000     1609.328     4112.332
      48.673        0.000     1605.133     4108.301
      48.745        0.000     1607.102     4109.051
      48.816        0.000     1612.633     4115.457
      48.885        0.000     1615.059     4117.598
      48.955        0.000     1615.996     4118.652
      49.004        0.000     1618.168     4120.621
      49.050        0.000     1622.031     4124.402
      49.093        0.000     1627.445     4130.402
      49.136        0.000     1631.055     4133.684
      49.180        0.000     1628.547     4130.652
      49.224        0.000     1629.227     4130.902
      49.268        0.000     1631.285     4132.793
      49.311        0.000     1630.828     4133.543
      49.354        0.000     1636.516     4139.934
      49.401        0.000     1633.750     4136.902
      49.446        0.000     1634.688     4137.902
      49.488        0.000     1640.008     4143.652
      49.533        0.000     1640.945     4144.035
      49.576        0.000     1640.078     4143.395
      49.619        0.000     1643.688     4147.176
      49.661        0.000     1646.988     4150.785
      49.719        0.000     1647.762     4151.168
      49.765        0.000     1648.434     4151.668
      49.824        0.000     1651.012     4153.809
      49.884        0.000     1652.711     4155.277
      49.942        0.000     1654.773     4157.309
      50.003        0.000     1656.469     4157.965
      50.059        0.000     1650.543     4156.152
      50.130        0.000     1650.438     4156.152
      50.187        0.000     1650.438     4156.152
      50.229        0.000     1654.457     4160.043
      50.273        0.000     1651.359     4156.762
      50.328        0.000     1643.039     4148.621
      50.400        0.000     1648.344     4150.262
      50.444        0.000     1647.898     4148.871
      50.497        0.000     1649.641     4150.512
      50.539        0.000     1651.410     4152.152
      50.582        0.000     1654.762     4155.684
      50.626        0.000     1653.121     4154.293
      50.680        0.000     1620.637     4121.762
      50.748        0.000     1620.824     4122.012
      50.817        0.000     1622.465     4123.652
      50.884        0.000     1623.027     4125.152
      50.946        0.000     1623.191     4125.152
      50.988        0.000     1623.445     4125.152
      51.027        0.000     1624.965     4126.793
      51.066        0.000     1626.156     4128.434
      51.108        0.000     1623.586     4125.902
      51.153        0.000     1623.742     4126.152
      51.195        0.000     1625.289     4127.793
      51.237        0.000     1623.809     4126.402
      51.281        0.000     1625.355     4128.043
      51.324        0.000     1624.746     4127.402
      51.369        0.000     1625.301     4127.652
      51.413        0.000     1625.457     4127.902
      51.458        0.000     1625.457     4127.902
      51.499        0.000     1627.410     4129.793
      51.541        0.000     1627.215     4129.402
      51.586        0.000     1627.375     4129.652
      51.629        0.000     1627.375     4129.652
      51.670        0.000     1627.270     4129.652
      51.713        0.000     1628.461     4130.875
      51.756        0.000     1629.105     4131.125
      51.800        0.000     1628.137     4129.734
      51.846        0.000     1629.680     4131.375
      51.888        0.000     1629.559     4131.375
      51.934        0.000     1630.379     4132.625
      51.980        0.000     1628.738     4131.234
      52.025        0.000     1630.434     4132.875
      52.069        0.000     1630.434     4132.875
      52.112        0.000     1629.754     4131.734
      52.172        0.000     1630.938     4133.207
      52.242        0.000     1635.203     4136.738
      52.311        0.000     1633.473     4135.316
      52.372        0.000     1635.789     4137.207
      52.423        0.000     1639.215     4140.848
      52.485        0.000     1634.363     4135.816
      52.553        0.000     1636.031     4137.457
      52.623        0.000     1640.113     4141.738
      52.689        0.000     1641.656     4143.379
      52.743        0.000     1334.863     3931.750
      52.780        0.000      623.602     1709.039
      52.806        0.000      366.352     1451.789
      52.824        0.000      132.547     1059.480
      52.842        0.000       65.449      633.129
      52.858        0.000        2.125        9.641
