# Elapsed time   CPU (%)     Real (MB)   Virtual (MB)
       0.000        0.000       37.699      548.324
       0.010        0.000       38.395      551.074
       0.020        0.000       39.195      551.352
       0.030        0.000       40.969      551.602
       0.040        0.000       41.488      552.477
       0.050        0.000       41.816      552.398
       0.060        0.000       43.363      553.141
       0.070        0.000       44.359      553.398
       0.080        0.000       44.359      553.398
       0.090        0.000       44.359      553.398
       0.099        0.000       44.359      553.398
       0.108        0.000       45.656      558.805
       0.118        0.000       45.793      559.066
       0.128        0.000       46.812      559.066
       0.138        0.000       48.992      559.980
       0.148        0.000       50.547      560.480
       0.159        0.000       51.309      560.480
       0.168        0.000       52.594      560.480
       0.178        0.000       53.277      561.730
       0.189        0.000       53.965      561.730
       0.200        0.000       54.090      561.730
       0.210        0.000       54.293      561.980
       0.220        0.000       55.219      562.730
       0.230        0.000       55.480      562.730
       0.240        0.000       56.656      571.980
       0.250        0.000       56.879      571.980
       0.260        0.000       57.031      571.980
       0.271        0.000       57.270      572.230
       0.281        0.000       58.297      572.230
       0.291        0.000       59.410      604.496
       0.301        0.000       62.574      614.910
       0.318        0.000       62.863      614.996
       0.333        0.000       60.328      605.809
       0.349        0.000       60.480      605.809
       0.364        0.000       62.621      606.055
       0.380        0.000       65.328      606.949
       0.395        0.000       66.113      607.844
       0.411        0.000       67.211      607.844
       0.427        0.000       70.512      610.094
       0.445        0.000       70.676      610.094
       0.460        0.000       71.215      610.246
       0.475        0.000       71.215      610.496
       0.491        0.000       72.742      628.254
       0.507        0.000       73.172      628.254
       0.526        0.000       75.293      628.836
       0.546        0.000       77.609      628.836
       0.563        0.000       80.172      629.137
       0.580        0.000       82.484      629.387
       0.596        0.000       83.832      629.637
       0.612        0.000       86.043      631.887
       0.629        0.000       86.543      632.059
       0.645        0.000       87.195      632.059
       0.662        0.000       88.043      632.871
       0.678        0.000       90.875      633.875
       0.694        0.000       93.691      634.727
       0.710        0.000       96.262      635.129
       0.727        0.000       98.582      635.824
       0.743        0.000      100.258      641.324
       0.761        0.000      100.746      641.324
       0.778        0.000      100.750      641.574
       0.794        0.000      100.750      641.574
       0.811        0.000      100.750      641.824
       0.827        0.000      101.477      641.824
       0.843        0.000      101.477      641.824
       0.859        0.000      101.477      641.824
       0.875        0.000      101.664      642.074
       0.891        0.000      101.918      642.203
       0.908        0.000      102.156      642.453
       0.924        0.000      102.352      642.453
       0.940        0.000      102.844      643.496
       0.957        0.000      103.047      643.496
       0.972        0.000      103.352      643.746
       0.989        0.000      103.609      643.996
       1.006        0.000      104.363      643.996
       1.022        0.000      106.160      643.996
       1.038        0.000      107.828      644.246
       1.055        0.000      112.266      648.996
       1.071        0.000      112.508      648.996
       1.087        0.000      115.586      651.457
       1.104        0.000      115.934      651.719
       1.121        0.000      115.520      651.969
       1.138        0.000      115.520      651.969
       1.155        0.000      116.637      653.148
       1.172        0.000      116.879      653.148
       1.188        0.000      116.879      653.148
       1.205        0.000      121.258      658.148
       1.222        0.000      121.512      658.148
       1.239        0.000      121.770      658.148
       1.255        0.000      124.348      661.398
       1.271        0.000      125.887      662.898
       1.288        0.000      126.367      662.898
       1.305        0.000      126.367      662.898
       1.321        0.000      126.367      662.898
       1.337        0.000      130.746      667.898
       1.353        0.000      130.582      668.648
       1.371        0.000      130.766      668.648
       1.389        0.000      131.012      668.648
       1.406        0.000      131.012      668.648
       1.422        0.000      131.012      668.648
       1.439        0.000      131.012      668.648
       1.456        0.000      131.012      668.648
       1.472        0.000      132.039      668.648
       1.489        0.000      132.289      668.648
       1.505        0.000      133.902      668.648
       1.522        0.000      133.902      668.648
       1.538        0.000      133.902      668.648
       1.555        0.000      133.902      668.648
       1.571        0.000      134.156      668.648
       1.588        0.000      134.016      668.648
       1.605        0.000      134.016      668.648
       1.621        0.000      134.273      668.648
       1.637        0.000      134.273      668.648
       1.653        0.000      134.273      668.648
       1.669        0.000      134.273      668.648
       1.685        0.000      134.531      668.648
       1.702        0.000      135.305      668.648
       1.719        0.000      135.305      668.648
       1.736        0.000      135.305      668.648
       1.752        0.000      135.305      668.648
       1.768        0.000      135.305      668.648
       1.784        0.000      135.305      668.648
       1.800        0.000      135.305      668.648
       1.816        0.000      135.305      668.648
       1.833        0.000      135.562      668.648
       1.850        0.000      135.562      668.648
       1.866        0.000      136.078      668.648
       1.883        0.000      136.078      668.648
       1.899        0.000      136.172      668.648
       1.916        0.000      136.172      668.648
       1.932        0.000      136.172      668.648
       1.949        0.000      136.172      668.648
       1.966        0.000      136.172      668.648
       1.982        0.000      136.172      668.648
       1.999        0.000      136.172      668.648
       2.016        0.000      136.172      668.648
       2.032        0.000      136.172      668.648
       2.048        0.000      136.172      668.898
       2.065        0.000      136.348      668.898
       2.081        0.000      136.348      668.898
       2.098        0.000      136.348      668.898
       2.114        0.000      136.348      668.898
       2.130        0.000      136.348      668.898
       2.147        0.000      136.551      668.898
       2.163        0.000      136.551      668.898
       2.180        0.000      136.551      668.898
       2.196        0.000      136.551      668.898
       2.212        0.000      136.551      669.148
       2.229        0.000      136.688      669.148
       2.246        0.000      136.688      669.148
       2.263        0.000      136.688      669.148
       2.279        0.000      136.688      669.148
       2.295        0.000      136.688      669.148
       2.311        0.000      136.688      669.148
       2.328        0.000      136.688      669.148
       2.345        0.000      136.898      669.398
       2.362        0.000      136.898      669.398
       2.379        0.000      136.898      669.398
       2.396        0.000      136.898      669.398
       2.412        0.000      136.898      669.398
       2.429        0.000      137.102      669.398
       2.446        0.000      137.102      669.398
       2.463        0.000      137.102      669.398
       2.481        0.000      137.102      669.398
       2.497        0.000      137.102      669.398
       2.513        0.000      137.102      669.648
       2.532        0.000      137.301      669.648
       2.549        0.000      137.301      669.648
       2.567        0.000      137.301      669.648
       2.583        0.000      137.301      669.648
       2.600        0.000      137.301      669.648
       2.617        0.000      137.516      669.648
       2.633        0.000      137.516      669.898
       2.654        0.000      137.516      669.898
       2.672        0.000      137.516      669.898
       2.689        0.000      137.516      669.898
       2.707        0.000      137.734      669.898
       2.723        0.000      137.734      669.898
       2.740        0.000      137.734      669.898
       2.757        0.000      137.734      669.898
       2.774        0.000      137.734      669.898
       2.790        0.000      137.734      670.148
       2.807        0.000      137.734      670.398
       2.824        0.000      137.949      670.398
       2.841        0.000      137.949      670.398
       2.858        0.000      137.949      670.398
       2.874        0.000      137.949      670.398
       2.889        0.000      137.949      670.398
       2.906        0.000      138.168      670.398
       2.923        0.000      138.168      670.398
       2.939        0.000      138.168      670.398
       2.956        0.000      138.168      670.398
       2.972        0.000      138.387      670.398
       2.989        0.000      138.387      671.148
       3.005        0.000      138.387      671.148
       3.021        0.000      138.387      671.148
       3.037        0.000      138.387      671.148
       3.054        0.000      138.387      671.148
       3.070        0.000      138.625      671.148
       3.086        0.000      138.625      671.148
       3.102        0.000      138.625      671.148
       3.118        0.000      138.625      671.148
       3.134        0.000      138.625      671.398
       3.150        0.000      138.625      671.398
       3.166        0.000      138.852      671.398
       3.182        0.000      138.852      671.398
       3.198        0.000      138.852      671.398
       3.214        0.000      138.852      671.398
       3.230        0.000      138.852      671.398
       3.246        0.000      138.852      671.398
       3.262        0.000      138.852      671.398
       3.278        0.000      139.090      672.148
       3.294        0.000      139.090      672.148
       3.311        0.000      139.090      672.148
       3.326        0.000      139.090      672.148
       3.342        0.000      139.227      672.148
       3.358        0.000      139.227      672.148
       3.375        0.000      139.227      672.148
       3.391        0.000      139.453      672.148
       3.410        0.000      139.453      672.148
       3.429        0.000      139.453      672.148
       3.448        0.000      139.453      672.148
       3.464        0.000      139.453      672.148
       3.478        0.000      139.711      672.398
       3.493        0.000      139.945      672.398
       3.508        0.000      140.199      672.648
       3.522        0.000      140.199      672.648
       3.537        0.000      140.199      672.648
       3.552        0.000      140.199      672.648
       3.567        0.000      140.199      672.648
       3.582        0.000      140.199      672.648
       3.597        0.000      140.449      672.648
       3.612        0.000      140.449      672.648
       3.627        0.000      140.449      672.648
       3.642        0.000      140.449      672.648
       3.657        0.000      140.449      672.898
       3.672        0.000      140.449      672.898
       3.687        0.000      140.449      673.148
       3.703        0.000      140.699      673.148
       3.719        0.000      140.699      673.648
       3.734        0.000      140.699      673.648
       3.749        0.000      140.699      673.648
       3.766        0.000      140.699      673.648
       3.782        0.000      140.699      673.648
       3.799        0.000      140.699      673.648
       3.816        0.000      140.945      673.648
       3.832        0.000      140.945      673.648
       3.848        0.000      140.945      673.648
       3.863        0.000      140.945      673.648
       3.879        0.000      140.945      673.898
       3.896        0.000      140.945      673.898
       3.911        0.000      141.188      673.898
       3.927        0.000      141.188      673.898
       3.942        0.000      141.188      673.898
       3.957        0.000      141.188      673.898
       3.975        0.000      141.188      673.898
       3.990        0.000      141.188      673.898
       4.005        0.000      141.691      674.148
       4.020        0.000      141.691      674.148
       4.036        0.000      141.691      674.148
       4.051        0.000      141.691      674.148
       4.066        0.000      141.691      674.398
       4.081        0.000      141.691      674.398
       4.096        0.000      141.934      674.398
       4.111        0.000      141.934      674.398
       4.126        0.000      142.191      674.398
       4.141        0.000      142.191      674.398
       4.156        0.000      142.191      674.898
       4.172        0.000      142.191      674.898
       4.187        0.000      142.445      675.148
       4.202        0.000      142.445      675.148
       4.218        0.000      142.445      675.148
       4.233        0.000      142.445      675.148
       4.248        0.000      142.445      675.148
       4.263        0.000      142.445      675.148
       4.277        0.000      142.445      675.148
       4.293        0.000      142.699      675.148
       4.308        0.000      142.699      675.148
       4.323        0.000      142.699      675.148
       4.338        0.000      142.699      675.398
       4.353        0.000      142.699      675.398
       4.369        0.000      142.699      675.398
       4.385        0.000      142.699      675.398
       4.401        0.000      142.957      675.398
       4.416        0.000      142.957      675.398
       4.433        0.000      142.957      675.398
       4.448        0.000      142.957      675.898
       4.464        0.000      142.957      675.898
       4.479        0.000      142.957      675.898
       4.494        0.000      142.957      675.898
       4.509        0.000      143.211      675.898
       4.523        0.000      143.211      675.898
       4.538        0.000      143.211      676.398
       4.553        0.000      143.211      676.398
       4.568        0.000      143.469      676.398
       4.584        0.000      143.469      676.398
       4.599        0.000      143.469      676.398
       4.616        0.000      143.723      676.398
       4.632        0.000      143.723      676.398
       4.648        0.000      143.723      676.398
       4.664        0.000      143.723      676.398
       4.681        0.000      143.723      676.398
       4.697        0.000      143.723      676.648
       4.714        0.000      143.723      676.648
       4.731        0.000      143.977      676.648
       4.747        0.000      143.977      676.648
       4.763        0.000      143.977      676.648
       4.780        0.000      143.977      676.648
       4.796        0.000      143.977      676.898
       4.813        0.000      143.977      676.898
       4.829        0.000      144.234      677.148
       4.845        0.000      144.492      677.148
       4.862        0.000      144.492      677.148
       4.878        0.000      144.492      677.148
       4.895        0.000      144.750      677.148
       4.911        0.000      144.750      677.148
       4.928        0.000      144.980      677.148
       4.947        0.000      144.980      677.277
       4.965        0.000      147.383      680.152
       4.984        0.000      147.383      680.152
       5.001        0.000      148.152      680.656
       5.022        0.000      148.582      681.121
       5.039        0.000      152.949      685.621
       5.057        0.000      153.980      686.625
       5.074        0.000      154.129      686.625
       5.091        0.000        1.961        9.512
       5.102        0.000        1.961        9.512
