# Elapsed time   CPU (%)     Real (MB)   Virtual (MB)
       0.000        0.000       41.895      545.664
       0.012        0.000       42.152      545.664
       0.023        0.000       42.152      545.664
       0.033        0.000       43.688      546.309
       0.044        0.000       44.539      546.309
       0.056        0.000       45.570      547.309
       0.069        0.000       46.285      552.309
       0.082        0.000       47.617      552.562
       0.094        0.000       47.902      552.617
       0.106        0.000       48.887      552.961
       0.118        0.000       50.184      553.098
       0.130        0.000       51.547      554.496
       0.142        0.000       53.141      555.250
       0.154        0.000       54.004      554.719
       0.167        0.000       55.965      556.340
       0.181        0.000       56.680      557.000
       0.194        0.000       56.926      557.000
       0.207        0.000       57.391      557.250
       0.220        0.000       60.582      854.648
       0.235        0.000       60.855      854.520
       0.253        0.000       64.309      854.957
       0.267        0.000       66.520      855.457
       0.279        0.000       71.922      855.930
       0.292        0.000       72.605      857.043
       0.305        0.000       73.113      857.516
       0.318        0.000       74.137      874.613
       0.333        0.000       74.336      874.613
       0.347        0.000      163.941     2479.191
       0.383        0.000      216.773     3031.129
       0.431        0.000      231.766     3036.480
       0.480        0.000      246.492     3055.953
       0.532        0.000      261.820     3073.336
       0.579        0.000      279.051     3100.184
       0.627        0.000      297.605     3124.344
       0.680        0.000      313.395     3128.598
       0.752        0.000      321.309     3132.332
       0.802        0.000      331.934     3135.352
       0.848        0.000      346.031     3158.266
       0.913        0.000      359.648     3198.238
       0.959        0.000      367.566     3218.508
       1.020        0.000      389.410     3226.043
       1.091        0.000      239.543     2052.707
       1.152        0.000      179.215     2489.043
       1.217        0.000      224.680     3034.305
       1.268        0.000      242.613     3047.551
       1.317        0.000      255.602     3067.680
       1.371        0.000      278.145     3091.723
       1.424        0.000      293.652     3114.684
       1.478        0.000      311.809     3127.070
       1.551        0.000      322.215     3133.543
       1.624        0.000      340.867     3157.266
       1.699        0.000      350.855     3161.105
       1.751        0.000      366.461     3200.637
       1.800        0.000      293.637     2632.188
       1.849        0.000      340.781     3175.312
       1.920        0.000      279.707     2592.492
       1.995        0.000      182.543     2490.652
       2.057        0.000      239.918     3046.293
       2.130        0.000      256.172     3068.332
       2.186        0.000      282.176     3100.648
       2.255        0.000      299.062     3125.355
       2.321        0.000      314.453     3128.492
       2.391        0.000      325.996     3134.289
       2.464        0.000      346.309     3177.227
       2.529        0.000      355.289     3179.051
       2.587        0.000      370.406     3219.988
       2.647        0.000      393.074     3228.277
       2.720        0.000      196.449     2003.723
       2.793        0.000      187.391     2490.055
       2.845        0.000      240.492     3044.438
       2.920        0.000      270.273     3081.047
       2.997        0.000      283.707     3098.449
       3.047        0.000      300.156     3115.691
       3.099        0.000      310.266     3129.160
       3.152        0.000      323.484     3133.598
       3.201        0.000      330.910     3136.984
       3.250        0.000      340.203     3137.613
       3.297        0.000      358.434     3179.465
       3.364        0.000      375.102     3220.445
       3.438        0.000      312.020     2637.441
       3.512        0.000      276.816     2584.543
       3.580        0.000      181.137     2486.512
       3.626        0.000      226.480     3034.121
       3.672        0.000      241.730     3045.062
       3.721        0.000      256.465     3062.371
       3.773        0.000      272.945     3087.410
       3.827        0.000      292.430     3105.375
       3.878        0.000      306.848     3126.988
       3.926        0.000      319.891     3131.047
       3.981        0.000      331.641     3134.242
       4.035        0.000      342.844     3158.367
       4.087        0.000      357.469     3179.895
       4.159        0.000      368.441     3201.414
       4.220        0.000      384.609     3224.371
       4.272        0.000      310.559     2637.879
       4.311        0.000      354.855     3180.582
       4.362        0.000      199.082     2002.805
       4.395        0.000      275.621     3080.809
       4.440        0.000      290.859     3095.984
       4.489        0.000      222.145     2521.828
       4.545        0.000      262.383     3073.602
       4.594        0.000      279.000     3082.855
       4.645        0.000      292.301     3105.605
       4.697        0.000      306.340     3109.312
       4.752        0.000      321.984     3122.715
       4.824        0.000      342.543     3155.902
       4.895        0.000      360.215     3197.020
       4.968        0.000      374.570     3202.473
       5.042        0.000      309.785     2637.094
       5.114        0.000      349.195     3176.504
       5.161        0.000      275.984     2592.336
       5.207        0.000      233.094     2542.359
       5.252        0.000      197.758     2502.465
       5.303        0.000      244.906     3044.801
       5.353        0.000      261.289     3069.414
       5.406        0.000      281.680     3083.641
       5.471        0.000      296.191     3112.914
       5.538        0.000      308.629     3118.672
       5.588        0.000      320.836     3131.730
       5.639        0.000      329.512     3134.164
       5.686        0.000      341.688     3156.645
       5.734        0.000      349.148     3159.508
       5.783        0.000      369.141     3202.496
       5.843        0.000      297.730     2615.418
       5.915        0.000      347.859     3176.617
       5.986        0.000      286.258     2595.930
       6.062        0.000      165.301     1967.012
       6.117        0.000      248.156     3058.309
       6.191        0.000      270.367     3075.562
       6.268        0.000      297.152     3108.066
       6.342        0.000      314.109     3130.094
       6.404        0.000      329.098     3150.707
       6.456        0.000      337.625     3155.867
       6.509        0.000      346.137     3158.520
       6.560        0.000      359.242     3180.676
       6.606        0.000      369.312     3185.309
       6.661        0.000      298.352     2616.219
       6.702        0.000      342.633     3175.785
       6.749        0.000      353.551     3179.305
       6.797        0.000      284.234     2599.434
       6.846        0.000      332.973     3143.020
       6.894        0.000      176.402     1977.730
       6.933        0.000      251.328     3055.742
       6.982        0.000      260.203     3066.980
       7.030        0.000      275.617     3076.031
       7.076        0.000      293.789     3102.527
       7.134        0.000      307.492     3108.512
       7.184        0.000      321.227     3131.883
       7.236        0.000      336.137     3151.828
       7.284        0.000      347.730     3162.965
       7.342        0.000      353.988     3164.305
       7.391        0.000      369.328     3217.719
       7.447        0.000      296.883     2630.422
       7.498        0.000      340.832     3171.352
       7.545        0.000      356.418     3174.941
       7.594        0.000      372.504     3183.598
       7.645        0.000      215.949     2016.672
       7.687        0.000      206.383     2513.375
       7.734        0.000      248.285     3053.891
       7.781        0.000      264.148     3062.852
       7.834        0.000      284.969     3086.957
       7.909        0.000      306.391     3117.559
       7.975        0.000      328.152     3150.703
       8.046        0.000      340.793     3157.160
       8.118        0.000      362.496     3162.902
       8.194        0.000      292.344     2595.965
       8.256        0.000      346.555     3176.859
       8.331        0.000      332.711     3188.539
       8.405        0.000      265.258     2612.285
       8.466        0.000      272.191     3105.688
       8.542        0.000      203.199     2523.090
       8.601        0.000      245.922     3070.477
       8.649        0.000      261.996     3110.281
       8.709        0.000      280.902     3125.488
       8.781        0.000      293.379     3133.285
       8.828        0.000      308.973     3143.781
       8.883        0.000      330.879     3179.207
       8.951        0.000      257.680     2604.777
       9.023        0.000      307.941     3148.543
       9.097        0.000      245.723     2569.352
       9.172        0.000      206.684     2547.113
       9.244        0.000      257.000     3099.758
       9.319        0.000      278.121     3113.648
       9.394        0.000      217.758     2540.977
       9.466        0.000      272.836     3120.480
       9.535        0.000      288.035     3127.422
       9.607        0.000      307.473     3141.090
       9.677        0.000      324.375     3156.887
       9.741        0.000      257.789     2605.848
       9.786        0.000      297.375     3147.684
       9.840        0.000      307.367     3149.949
       9.887        0.000      321.695     3156.453
       9.933        0.000      249.082     2569.355
       9.984        0.000      214.250     2546.035
      10.033        0.000      256.473     3086.926
      10.085        0.000      269.711     3103.164
      10.134        0.000      285.914     3115.152
      10.185        0.000      249.062     3081.168
      10.259        0.000      269.566     3093.625
      10.330        0.000      287.355     3131.242
      10.400        0.000      310.668     3150.484
      10.473        0.000      331.180     3174.805
      10.548        0.000      257.605     2588.781
      10.621        0.000      311.605     3132.480
      10.695        0.000      244.488     2590.164
      10.769        0.000      298.770     3147.430
      10.842        0.000      239.621     2567.109
      10.918        0.000      210.578     2527.078
      10.983        0.000      259.859     3081.004
      11.049        0.000      281.602     3114.758
      11.119        0.000      293.836     3121.238
      11.168        0.000      313.016     3138.988
      11.228        0.000      331.699     3171.000
      11.287        0.000      257.496     2586.473
      11.345        0.000      298.145     3124.602
      11.391        0.000      310.066     3131.359
      11.438        0.000      328.668     3171.984
      11.492        0.000      254.672     2585.504
      11.547        0.000      302.891     3133.246
      11.599        0.000      318.609     3149.914
      11.650        0.000      238.402     2564.664
      11.709        0.000      199.586     2522.527
      11.765        0.000      248.383     3068.121
      11.816        0.000      263.945     3090.000
      11.865        0.000      280.734     3103.848
      11.926        0.000      299.961     3135.113
      11.996        0.000      316.137     3152.160
      12.067        0.000      325.383     3154.297
      12.116        0.000      340.176     3193.562
      12.170        0.000      299.188     3142.695
      12.244        0.000      318.559     3150.730
      12.317        0.000      246.672     2564.977
      12.370        0.000      294.043     3134.902
      12.419        0.000      307.992     3140.766
      12.468        0.000      234.219     2569.445
      12.519        0.000      276.312     3112.293
      12.568        0.000      203.301     2526.852
      12.620        0.000      247.484     3077.770
      12.670        0.000      266.285     3092.863
      12.740        0.000      283.910     3124.645
      12.806        0.000      293.078     3135.715
      12.853        0.000      304.723     3148.078
      12.908        0.000      318.855     3170.645
      12.961        0.000      325.941     3174.816
      13.009        0.000      335.570     3178.902
      13.060        0.000      263.203     2591.973
      13.101        0.000      230.703     2562.723
      13.175        0.000      276.570     3123.582
      13.246        0.000      291.973     3135.156
      13.316        0.000      318.141     3153.844
      13.388        0.000      170.078     1996.176
      13.446        0.000      238.449     3070.293
      13.494        0.000      249.414     3079.039
      13.544        0.000      263.297     3083.270
      13.593        0.000      275.797     3096.414
      13.642        0.000      293.242     3132.637
      13.692        0.000      310.641     3156.953
      13.748        0.000      320.715     3170.719
      13.799        0.000      339.859     3175.801
      13.869        0.000      263.984     2591.125
      13.929        0.000      234.160     2564.793
      14.005        0.000      284.359     3115.703
      14.080        0.000      307.055     3150.312
      14.152        0.000      276.172     3110.488
      14.224        0.000      293.914     3125.754
      14.293        0.000      305.203     3132.375
      14.344        0.000      230.699     2549.477
      14.394        0.000      276.020     3111.410
      14.442        0.000      290.508     3126.480
      14.497        0.000      310.926     3156.191
      14.563        0.000      241.141     2573.629
      14.613        0.000      279.051     3120.652
      14.663        0.000      292.523     3124.895
      14.711        0.000      304.121     3130.551
      14.763        0.000      232.641     2562.789
      14.814        0.000      276.527     3112.910
      14.880        0.000      302.504     3148.148
      14.949        0.000      315.312     3159.168
      14.997        0.000      245.148     2575.609
      15.054        0.000      295.473     3128.117
      15.129        0.000      230.820     2563.574
      15.201        0.000      277.852     3112.527
      15.270        0.000      291.066     3117.188
      15.319        0.000      305.516     3131.543
      15.373        0.000      234.430     2569.203
      15.421        0.000      285.320     3114.273
      15.491        0.000      302.156     3130.523
      15.553        0.000      238.020     2572.254
      15.624        0.000      286.734     3124.484
      15.691        0.000      306.535     3129.715
      15.760        0.000      316.156     3157.105
      15.809        0.000      274.887     3108.969
      15.857        0.000      291.531     3124.750
      15.911        0.000      302.922     3127.625
      15.958        0.000      315.418     3155.949
      16.010        0.000      246.781     2573.777
      16.059        0.000      287.734     3123.832
      16.115        0.000      300.398     3146.977
      16.165        0.000      311.125     3150.859
      16.217        0.000      323.156     3155.484
      16.268        0.000      257.863     2597.719
      16.330        0.000      221.680     2559.062
      16.407        0.000      279.629     3106.953
      16.483        0.000      212.578     2536.977
      16.557        0.000      260.934     3098.441
      16.622        0.000      281.512     3122.160
      16.687        0.000      297.203     3133.344
      16.752        0.000      310.809     3146.559
      16.807        0.000      324.465     3150.625
      16.862        0.000      336.664     3157.656
      16.914        0.000      259.953     2588.359
      16.964        0.000      301.520     3130.215
      17.018        0.000      313.586     3152.141
      17.069        0.000      323.875     3171.711
      17.117        0.000      252.559     2594.992
      17.167        0.000      298.910     3147.430
      17.223        0.000      311.453     3150.969
      17.273        0.000      236.879     2566.926
      17.324        0.000      202.293     2524.488
      17.373        0.000      241.930     3075.258
      17.427        0.000      263.926     3082.160
      17.504        0.000      287.273     3121.754
      17.582        0.000      309.137     3139.789
      17.659        0.000      327.773     3172.406
      17.733        0.000      259.309     2588.965
      17.804        0.000      312.594     3151.461
      17.882        0.000      246.605     2583.633
      17.959        0.000      293.211     3133.445
      18.034        0.000      221.270     2550.402
      18.083        0.000      265.305     3098.344
      18.129        0.000      277.613     3112.949
      18.176        0.000      206.367     2527.828
      18.224        0.000      244.168     3075.070
      18.274        0.000      264.176     3089.125
      18.323        0.000      276.168     3096.875
      18.374        0.000      291.742     3117.953
      18.437        0.000      310.633     3165.918
      18.504        0.000      320.516     3168.348
      18.558        0.000      336.207     3171.730
      18.607        0.000      344.422     3176.789
      18.654        0.000      273.922     2593.348
      18.705        0.000      230.285     2559.914
      18.756        0.000      267.340     3099.215
      18.804        0.000      284.398     3125.773
      18.852        0.000      293.980     3134.066
      18.903        0.000      225.566     2552.664
      18.954        0.000      269.723     3107.535
      19.002        0.000      286.332     3116.133
      19.056        0.000      218.785     2545.367
      19.111        0.000      264.754     3087.242
      19.158        0.000      279.688     3119.398
      19.216        0.000      294.348     3125.691
      19.268        0.000      304.207     3135.441
      19.319        0.000      317.227     3141.723
      19.367        0.000      330.812     3154.840
      19.414        0.000      258.426     2601.863
      19.458        0.000      303.512     3148.137
      19.508        0.000      310.180     3150.227
      19.557        0.000      323.508     3155.398
      19.607        0.000      254.570     2592.168
      19.657        0.000      213.496     2543.496
      19.714        0.000      267.578     3098.188
      19.790        0.000      287.508     3108.207
      19.863        0.000      223.039     2541.477
      19.934        0.000      278.965     3120.184
      20.002        0.000      293.348     3125.281
      20.075        0.000      311.785     3139.629
      20.146        0.000      336.812     3174.051
      20.220        0.000      269.121     2610.824
      20.290        0.000      306.645     3148.289
      20.339        0.000      317.082     3153.176
      20.387        0.000      330.863     3174.730
      20.437        0.000      178.195     2005.625
      20.484        0.000      254.121     3085.434
      20.538        0.000      270.516     3097.859
      20.588        0.000      287.023     3107.020
      20.640        0.000      213.105     2535.215
      20.694        0.000      256.922     3074.707
      20.741        0.000      272.273     3101.172
      20.794        0.000      286.859     3105.523
      20.864        0.000      304.223     3138.035
      20.933        0.000      323.215     3161.129
      21.000        0.000      339.719     3174.879
      21.067        0.000      271.016     2608.562
      21.120        0.000      313.168     3150.164
      21.167        0.000      243.406     2563.418
      21.211        0.000      288.953     3105.684
      21.257        0.000      211.539     2524.035
      21.315        0.000      268.223     3096.141
      21.390        0.000      294.715     3115.340
      21.467        0.000      231.383     2549.262
      21.541        0.000      280.168     3094.340
      21.612        0.000      299.801     3126.719
      21.674        0.000      309.867     3136.262
      21.749        0.000      325.863     3161.410
      21.803        0.000      340.367     3174.598
      21.852        0.000      354.086     3181.523
      21.904        0.000      194.840     2005.285
      21.949        0.000      266.996     3097.363
      21.994        0.000      277.957     3120.070
      22.049        0.000      293.215     3125.859
      22.097        0.000      304.801     3135.355
      22.148        0.000      321.441     3150.238
      22.197        0.000      252.465     2575.027
      22.246        0.000      297.715     3125.227
      22.299        0.000      223.480     2540.578
      22.345        0.000      262.133     3083.066
      22.396        0.000      273.023     3093.020
      22.443        0.000      292.289     3124.418
      22.517        0.000      309.008     3155.512
      22.570        0.000      322.051     3167.418
      22.622        0.000      339.711     3173.918
      22.695        0.000      191.273     2003.168
      22.770        0.000      269.875     3100.730
      22.846        0.000      286.543     3123.910
      22.919        0.000      301.496     3136.699
      22.991        0.000      238.230     2562.113
      23.056        0.000      291.113     3124.758
      23.124        0.000      219.746     2540.090
      23.177        0.000      266.742     3091.133
      23.250        0.000      288.102     3108.355
      23.325        0.000      311.293     3140.543
      23.402        0.000      327.000     3172.332
      23.454        0.000      335.430     3175.105
      23.509        0.000      348.098     3197.074
      23.556        0.000      277.812     2611.887
      23.605        0.000      320.992     3153.043
      23.655        0.000      253.543     2585.852
      23.703        0.000      208.273     2535.074
      23.754        0.000      254.422     3084.785
      23.802        0.000      269.730     3091.676
      23.847        0.000      282.926     3097.609
      23.897        0.000      217.586     2536.348
      23.951        0.000      269.809     3098.281
      24.005        0.000      283.961     3102.859
      24.060        0.000      298.969     3118.031
      24.124        0.000      308.738     3118.422
      24.175        0.000      322.195     3151.500
      24.229        0.000      343.352     3193.863
      24.301        0.000      354.676     3196.551
      24.371        0.000      372.254     3203.965
      24.438        0.000      211.508     2026.926
      24.477        0.000      288.918     3124.426
      24.526        0.000      219.488     2540.680
      24.587        0.000      272.582     3102.055
      24.659        0.000      295.609     3132.445
      24.737        0.000      232.664     2551.617
      24.812        0.000      278.457     3101.781
      24.888        0.000      295.250     3110.887
      24.967        0.000      313.594     3157.883
      25.044        0.000      328.496     3179.484
      25.115        0.000      347.012     3193.539
      25.172        0.000      360.090     3197.941
      25.220        0.000      371.805     3203.523
      25.266        0.000      128.320     1437.711
      25.305        0.000      228.535     3048.332
      25.352        0.000      248.430     3075.082
      25.404        0.000      260.910     3080.633
      25.455        0.000      274.355     3093.918
      25.506        0.000      296.020     3126.273
      25.556        0.000      227.445     2548.672
      25.613        0.000      274.957     3098.117
      25.684        0.000      289.262     3107.000
      25.754        0.000      308.270     3130.316
      25.828        0.000      323.805     3143.758
      25.900        0.000      345.199     3195.645
      25.959        0.000      268.879     2607.328
      26.008        0.000      311.844     3147.199
      26.070        0.000      330.480     3155.539
      26.146        0.000      173.371     1986.359
      26.208        0.000      179.238     1989.430
      26.242        0.000      188.113     2018.062
      26.273        0.000      191.824     2019.754
      26.304        0.000      196.949     2021.328
      26.335        0.000      200.809     2024.113
      26.365        0.000      205.180     2025.125
      26.392        0.000      210.934     2027.688
      26.420        0.000      129.766     1438.617
      26.446        0.000      130.789     1438.617
      26.466        0.000      132.848     1438.867
      26.485        0.000      136.191     1458.234
      26.506        0.000      136.449     1458.234
      26.526        0.000      136.949     1458.480
      26.545        0.000      138.223     1458.730
      26.563        0.000      140.543     1459.461
      26.580        0.000      142.539     1460.480
      26.596        0.000      145.262     1461.266
      26.613        0.000      146.031     1461.516
      26.630        0.000       43.828      699.660
      26.642        0.000        1.906        6.688
